Starting Single Run, Sweeps and Corners...

Current time: Wed Apr 15 16:43:19 2026 
Best design point: 1
Design specs: 
	wakeup	corner	CMOS_CAP_VDD_TEMP_RAMP_0 - 
	OUT NOISE		Error	No
	total noise		Error	No
	wakeup	corner	CMOS_CAP_VDD_TEMP_RAMP_1 - 
	OUT NOISE		Error	No
	total noise		Error	No
	wakeup	corner	CMOS_CAP_VDD_TEMP_RAMP_2 - 
	OUT NOISE		Error	No
	total noise		Error	No
	wakeup	corner	CMOS_CAP_VDD_TEMP_RAMP_3 - 
	OUT NOISE		Error	No
	total noise		Error	No
	wakeup	corner	CMOS_CAP_VDD_TEMP_RAMP_4 - 
	OUT NOISE		Error	No
	total noise		Error	No
	wakeup	corner	CMOS_CAP_VDD_TEMP_RAMP_5 - 
	OUT NOISE		Error	No
	total noise		Error	No
	wakeup	corner	CMOS_CAP_VDD_TEMP_RAMP_6 - 
	OUT NOISE		Error	No
	total noise		Error	No
	wakeup	corner	CMOS_CAP_VDD_TEMP_RAMP_7 - 
	OUT NOISE		Error	No
	total noise		Error	No
	wakeup	corner	CMOS_CAP_VDD_TEMP_RAMP_8 - 
	OUT NOISE		Error	No
	total noise		Error	No
	wakeup	corner	CMOS_CAP_VDD_TEMP_RAMP_9 - 
	OUT NOISE		Error	No
	total noise		Error	No
	wakeup	corner	CMOS_CAP_VDD_TEMP_RAMP_10 - 
	OUT NOISE		Error	No
	total noise		Error	No
	wakeup	corner	CMOS_CAP_VDD_TEMP_RAMP_11 - 
	OUT NOISE		Error	No
	total noise		Error	No
	wakeup	corner	CMOS_CAP_VDD_TEMP_RAMP_12 - 
	OUT NOISE		Error	No
	total noise		Error	No
	wakeup	corner	CMOS_CAP_VDD_TEMP_RAMP_13 - 
	OUT NOISE		Error	No
	total noise		Error	No
	wakeup	corner	CMOS_CAP_VDD_TEMP_RAMP_14 - 
	OUT NOISE		Error	No
	total noise		Error	No
	wakeup	corner	CMOS_CAP_VDD_TEMP_RAMP_15 - 
	OUT NOISE		Error	No
	total noise		Error	No
	wakeup	corner	Nominal - 
	OUT NOISE		Error	No
	total noise		Error	No
Design parameters: 
	S0		3.3
	S1		3.3
	S2		3.3
	S3		3.3
	VIN_PULSE		0
	TF		1u
	TR		1u

Interactive.107
Number of points completed: 1
Number of simulation errors: 0
Interactive.107 completed. 
Current time: Wed Apr 15 16:43:52 2026 
