Starting Monte Carlo Sampling...

Current time: Thu Apr 16 09:47:16 2026 

Variation: All
Sampling Method: Low-Discrepancy Sequence
Seed: 

MonteCarlo.3
Number of points completed: 100
Number of simulation errors: 0
MonteCarlo.3 completed. 
Current time: Thu Apr 16 09:48:00 2026 
Monte Carlo Sampling yield summary:
Number of spec values are in this yield data: 2
wakeup_MC	Nominal - 
	OUT NOISE:	Yield	0%
		Min 0	Max 0	Mean 0	Number of errors 0
wakeup_MC	Nominal - 
	total noise:	Yield	0%
		Min 0	Max 0	Mean 0	Number of errors 0

wakeup_MC
	Overall Yield	0%	Number of points passed	0	Total number of points	0

Estimated yield = 0% (0/0), 0 errors
Estimated yield (No opregions) = 0% (0/0)
