\o Loading monte.cxt 
\o 
\o 
\o 
\o 
\o 
\o *Info*    Run start for Point ID (2 26) on testbench [ wakeup_MC ].
\o 
\o Resetting statistical vars
\o 
\o *Info*    Setting parameter values ...
\o 
\o Setting var S0 = "3.3"
\o Setting var S1 = "3.3"
\o Setting var S2 = "3.3"
\o Setting var S3 = "3.3"
\o Setting var TF = "1u"
\o Setting var TR = "1u"
\o Setting var VDD = "0"
\o Setting var VIN_PULSE = "0"
\o Setting var V_AMP = "0"
\o Setting var V_FREQ = "0"
\o Setting var temperature = "27"
\o Setting temp(T) = 27
\o Setting var tf = "1u"
\o Setting var tr = "1u"
\o 
\o *Info*    Netlist Directory =
\o           /home/davidevi/Desktop/myproject/Sim/VGA/VGA_1_wakeup_tb/adexl/results/data/MonteCarlo.3/26/wakeup_MC/groupRunDataDir/netlist
\o 
\o 
\o *Info*    Data Directory    =
\o           /home/davidevi/Desktop/myproject/Sim/VGA/VGA_1_wakeup_tb/adexl/results/data/MonteCarlo.3/26/wakeup_MC/groupRunDataDir
\o 
\o 
\o *Info*    Creating Netlist for Point ID (2 26)
\o 
\o generate netlist...
\o Loading hnlInit.cxt 
\o Loading seCore.cxt 
\o function ansCdlCompPrim redefined
\o function ansCdlCompPrim redefined
\o Begin Incremental Netlisting Apr 16 09:47:25 2026
\o Loading json.cxt 
\o End netlisting Apr 16 09:47:25 2026
\o 
\o Netlisting Statistics:
\o 	Number of components:   39
\o 
\o 	Elapsed time:          0.0s
\o Errors: 0	Warnings: 0
\o       ...successful.
\o compose simulator input file...
\o       ...successful.
\o 
\o *Info*    Running simulation on testbench [ wakeup_MC ] for Point ID
\o           (2 26).
\o 
\o *Info*    Spectre controlMode is set "batch" due to monte carlo run.
\o 
\o Delete psf data in /home/davidevi/Desktop/myproject/Sim/VGA/VGA_1_wakeup_tb/adexl/results/data/MonteCarlo.3/26/wakeup_MC/groupRunDataDir/psf.
\o generate netlist...
\o function ansCdlCompPrim redefined
\o function ansCdlCompPrim redefined
\o Begin Incremental Netlisting Apr 16 09:47:25 2026
\o End netlisting Apr 16 09:47:25 2026
\o 
\o 	The netlist is up to date.
\o 	Time taken to compare the design with netlist:   0.0s
\o       ...successful.
\o compose simulator input file...
\o       ...successful.
\o start simulator if needed...
\o       ...successful.
\o simulate...
\o To view the simulator output, right-click on the test name, result 
\o name, or any value in the "Results" tab of the Outputs section and 
\o choose "Output Log" menu option.
\o WARNING (ADE-3080): Fast viewing extensions for PSF XL format (also known as RTSF) will be discontinued  
\o        and Virtuoso Visualization and Analysis XL will not use RTSF data to plot waveforms from IC6.1.8 ISR7 onward. 
\o        There will be no performance impact on data visualization due to this change.
\o Loading paraplot.cxt 
\o WARNING (OCN-6038): Results noise are not available for /home/davidevi/Desktop/myproject/Sim/VGA/VGA_1_wakeup_tb/adexl/results/data/MonteCarlo.3/26/wakeup_MC/groupRunDataDir/psf/mc1_separate/026/. Use results() for a list of available results.
\o WARNING (OCN-6038): Results noise are not available for /home/davidevi/Desktop/myproject/Sim/VGA/VGA_1_wakeup_tb/adexl/results/data/MonteCarlo.3/26/wakeup_MC/groupRunDataDir/psf/mc1_separate/026/. Use results() for a list of available results.
\o ERROR (ADE-2709): Evaluation of output 'OUT NOISE' returned 'nil' for point:'26' test:'wakeup_MC'
\o 	Expression:'getData("out" ?result "noise")'.
\o Ensure that the definition of output is correct.
\o 
\o WARNING (OCN-6038): Results noise are not available for /home/davidevi/Desktop/myproject/Sim/VGA/VGA_1_wakeup_tb/adexl/results/data/MonteCarlo.3/26/wakeup_MC/groupRunDataDir/psf/mc1_separate/026/. Use results() for a list of available results.
\o WARNING (OCN-6038): Results noise are not available for /home/davidevi/Desktop/myproject/Sim/VGA/VGA_1_wakeup_tb/adexl/results/data/MonteCarlo.3/26/wakeup_MC/groupRunDataDir/psf/mc1_separate/026/. Use results() for a list of available results.
\e *Error* ("expt" 0 t nil ("*Error* expt: can't handle (nil**2)"))
\e 
\e 
\o ERROR (ADE-2708): Evaluation of output 'total noise' failed for point:'26' test:'wakeup_MC'
\o 	Expression:'sqrt(totalNoise("noise" 0.01 100000000 nil))'
\o 	because of the following error(s)
\o 	*Error* expt: can't handle (nil**2).
\o Ensure that the definition of output is correct.
\o 
\o *Info*    Client has finished evaluating ... 
\o 
\o 
\o *Info*    Run complete for Point ID (2 26) on testbench [ wakeup_MC ].
\o 
\o 
\o 
\o 
\o 
