Starting Single Run, Sweeps and Corners...

Current time: Thu Apr 16 09:02:00 2026 
Best design point: 1
Design specs: 
	Linerity	corner	CMOS_CAP_VDD_TEMP_0 - 
	Linerity	corner	CMOS_CAP_VDD_TEMP_1 - 
	Linerity	corner	CMOS_CAP_VDD_TEMP_2 - 
	Linerity	corner	CMOS_CAP_VDD_TEMP_3 - 
	Linerity	corner	CMOS_CAP_VDD_TEMP_4 - 
	Linerity	corner	CMOS_CAP_VDD_TEMP_5 - 
	Linerity	corner	CMOS_CAP_VDD_TEMP_6 - 
	Linerity	corner	CMOS_CAP_VDD_TEMP_7 - 
	Linerity	corner	CMOS_CAP_VDD_TEMP_8 - 
	Linerity	corner	CMOS_CAP_VDD_TEMP_9 - 
	Linerity	corner	CMOS_CAP_VDD_TEMP_10 - 
	Linerity	corner	CMOS_CAP_VDD_TEMP_11 - 
	Linerity	corner	CMOS_CAP_VDD_TEMP_12 - 
	Linerity	corner	CMOS_CAP_VDD_TEMP_13 - 
	Linerity	corner	CMOS_CAP_VDD_TEMP_14 - 
	Linerity	corner	CMOS_CAP_VDD_TEMP_15 - 
	Linerity	corner	CMOS_CAP_VDD_TEMP_16 - 
	Linerity	corner	CMOS_CAP_VDD_TEMP_17 - 
	Linerity	corner	CMOS_CAP_VDD_TEMP_18 - 
	Linerity	corner	CMOS_CAP_VDD_TEMP_19 - 
	Linerity	corner	CMOS_CAP_VDD_TEMP_20 - 
	Linerity	corner	CMOS_CAP_VDD_TEMP_21 - 
	Linerity	corner	CMOS_CAP_VDD_TEMP_22 - 
	Linerity	corner	CMOS_CAP_VDD_TEMP_23 - 
	Linerity	corner	CMOS_CAP_VDD_TEMP_24 - 
	Linerity	corner	CMOS_CAP_VDD_TEMP_25 - 
	Linerity	corner	CMOS_CAP_VDD_TEMP_26 - 
	Linerity	corner	CMOS_CAP_VDD_TEMP_27 - 
	Linerity	corner	CMOS_CAP_VDD_TEMP_28 - 
	Linerity	corner	CMOS_CAP_VDD_TEMP_29 - 
	Linerity	corner	CMOS_CAP_VDD_TEMP_30 - 
	Linerity	corner	CMOS_CAP_VDD_TEMP_31 - 
	Linerity	corner	Nominal - 
Design parameters: 
	S0		3.3
	S1		3.3
	S2		3.3
	S3		3.3
	VDD		3.3
	V_FREQ		1K

Interactive.107
Number of points completed: 1
Number of simulation errors: 0
Interactive.107 completed. 
Current time: Thu Apr 16 09:02:51 2026 
