Starting Single Run, Sweeps and Corners...

Current time: Thu Apr 16 09:53:53 2026 
Best design point: 1
Design specs: 
	VGA:VGA_1_tb:1	corner	CMOS_CAP_VDD_TEMP_0 - 
	total noise		65.66u
	VGA:VGA_1_tb:1	corner	CMOS_CAP_VDD_TEMP_1 - 
	total noise		91.03u
	VGA:VGA_1_tb:1	corner	CMOS_CAP_VDD_TEMP_2 - 
	total noise		65.58u
	VGA:VGA_1_tb:1	corner	CMOS_CAP_VDD_TEMP_3 - 
	total noise		90.87u
	VGA:VGA_1_tb:1	corner	CMOS_CAP_VDD_TEMP_4 - 
	total noise		60.73u
	VGA:VGA_1_tb:1	corner	CMOS_CAP_VDD_TEMP_5 - 
	total noise		100.6u
	VGA:VGA_1_tb:1	corner	CMOS_CAP_VDD_TEMP_6 - 
	total noise		60.64u
	VGA:VGA_1_tb:1	corner	CMOS_CAP_VDD_TEMP_7 - 
	total noise		100.5u
	VGA:VGA_1_tb:1	corner	CMOS_CAP_VDD_TEMP_8 - 
	total noise		65.87u
	VGA:VGA_1_tb:1	corner	CMOS_CAP_VDD_TEMP_9 - 
	total noise		91.95u
	VGA:VGA_1_tb:1	corner	CMOS_CAP_VDD_TEMP_10 - 
	total noise		65.8u
	VGA:VGA_1_tb:1	corner	CMOS_CAP_VDD_TEMP_11 - 
	total noise		91.85u
	VGA:VGA_1_tb:1	corner	CMOS_CAP_VDD_TEMP_12 - 
	total noise		61.02u
	VGA:VGA_1_tb:1	corner	CMOS_CAP_VDD_TEMP_13 - 
	total noise		101.3u
	VGA:VGA_1_tb:1	corner	CMOS_CAP_VDD_TEMP_14 - 
	total noise		60.95u
	VGA:VGA_1_tb:1	corner	CMOS_CAP_VDD_TEMP_15 - 
	total noise		101.2u
	VGA:VGA_1_tb:1	corner	CMOS_CAP_VDD_TEMP_16 - 
	total noise		65.63u
	VGA:VGA_1_tb:1	corner	CMOS_CAP_VDD_TEMP_17 - 
	total noise		90.07u
	VGA:VGA_1_tb:1	corner	CMOS_CAP_VDD_TEMP_18 - 
	total noise		65.55u
	VGA:VGA_1_tb:1	corner	CMOS_CAP_VDD_TEMP_19 - 
	total noise		89.91u
	VGA:VGA_1_tb:1	corner	CMOS_CAP_VDD_TEMP_20 - 
	total noise		60.73u
	VGA:VGA_1_tb:1	corner	CMOS_CAP_VDD_TEMP_21 - 
	total noise		95.94u
	VGA:VGA_1_tb:1	corner	CMOS_CAP_VDD_TEMP_22 - 
	total noise		60.64u
	VGA:VGA_1_tb:1	corner	CMOS_CAP_VDD_TEMP_23 - 
	total noise		95.75u
	VGA:VGA_1_tb:1	corner	CMOS_CAP_VDD_TEMP_24 - 
	total noise		65.83u
	VGA:VGA_1_tb:1	corner	CMOS_CAP_VDD_TEMP_25 - 
	total noise		90.98u
	VGA:VGA_1_tb:1	corner	CMOS_CAP_VDD_TEMP_26 - 
	total noise		65.76u
	VGA:VGA_1_tb:1	corner	CMOS_CAP_VDD_TEMP_27 - 
	total noise		90.87u
	VGA:VGA_1_tb:1	corner	CMOS_CAP_VDD_TEMP_28 - 
	total noise		61.02u
	VGA:VGA_1_tb:1	corner	CMOS_CAP_VDD_TEMP_29 - 
	total noise		96.61u
	VGA:VGA_1_tb:1	corner	CMOS_CAP_VDD_TEMP_30 - 
	total noise		60.94u
	VGA:VGA_1_tb:1	corner	CMOS_CAP_VDD_TEMP_31 - 
	total noise		96.48u
	VGA:VGA_1_tb:1	corner	Nominal - 
	total noise		59.16u
Design parameters: 
	S0		3.3
	S1		3.3
	S2		3.3
	S3		3.3
	VDD		3.3
	V_FREQ		1K

Interactive.108
Number of points completed: 1
Number of simulation errors: 0
Interactive.108 completed. 
Current time: Thu Apr 16 09:54:40 2026 
