Starting Monte Carlo Sampling...

Current time: Thu Apr 16 08:27:54 2026 

Variation: All
Sampling Method: Low-Discrepancy Sequence
Seed: 

MonteCarlo.2
Number of points completed: 50
Number of simulation errors: 0
MonteCarlo.2 completed. 
Current time: Thu Apr 16 08:28:08 2026 
Monte Carlo Sampling yield summary:
Number of spec values are in this yield data: 2
xf_MC	Nominal - 
	V/V /V0; xf dB20(V/V):	Yield	0%
		Min 0	Max 0	Mean 0	Number of errors 0
xf_MC	Nominal - 
	V/V /V5; xf dB20(V/V):	Yield	0%
		Min 0	Max 0	Mean 0	Number of errors 0

xf_MC
	Overall Yield	0%	Number of points passed	0	Total number of points	0

Estimated yield = 0% (0/0), 0 errors
Estimated yield (No opregions) = 0% (0/0)
