Starting Monte Carlo Sampling...

Current time: Mon Mar 23 16:24:38 2026 

Variation: All
Sampling Method: Low-Discrepancy Sequence
Seed: 

MonteCarlo.5
Number of points completed: 50
Number of simulation errors: 0
MonteCarlo.5 completed. 
Current time: Mon Mar 23 16:25:03 2026 
Monte Carlo Sampling yield summary:
Number of spec values are in this yield data: 2
MC	Nominal - 
	OUT NOISE:	Yield	0%
		Min 0	Max 0	Mean 0	Number of errors 0
MC	Nominal - 
	total noise:	Yield	100%
		Min 5.92223e-05	Max 5.92223e-05	Mean 5.92223e-05	Number of errors 0

MC
	Overall Yield	100%	Number of points passed	50	Total number of points	50

Estimated yield = 100% (50/50), 0 errors
Estimated yield (No opregions) = 100% (50/50)
