*Info*    Exporting services from client ... 

*Info*    Client has finished starting ... 



*Info*    Configuring the session ...

	Library      = VGA
	Cell         = VGA_1_tb
	View         = schematic
	Simulator    = spectre
	State Path   = $AXL_SETUPDB_DIR/test_states
	State Name   = VGA:VGA_1_tb:1_none_Interactive.47
	Results DB   = /home/davidevi/Desktop/myproject/VGA/VGA_1_tb/adexl/results/data/Interactive.47.rdb
	Results Dir  = /home/davidevi/Desktop/myproject/Sim/VGA/VGA_1_tb/adexl/results/data/Interactive.47/1/VGA:VGA_1_tb:1
	Results Loc  = /home/davidevi/Desktop/myproject/Sim/VGA/VGA_1_tb/adexl/results/data
	Project Dir  = /home/davidevi/Desktop/myproject/Sim
	Setup DB loc = /home/davidevi/Desktop/myproject/VGA/VGA_1_tb/adexl
	File Encoding = 0



*Info*    The auto suspension is disabled.






*Info*    Run start for Point ID (39 1) on testbench [ VGA:VGA_1_tb:1
          ].

Resetting statistical vars

*Info*    Setting parameter values ...

Setting var S0 = "3.3"
Setting var S1 = "3.3"
Setting var S2 = "3.3"
Setting var S3 = "3.3"
Setting var VDD = "3.3"
Setting var VIN_PULSE = "0"
Setting var V_AMP = "80m"
Setting var bias = "200n"
Setting var temperature = "27"
Setting temp(T) = 27

*Info*    Netlist Directory =
          /home/davidevi/Desktop/myproject/Sim/VGA/VGA_1_tb/adexl/results/data/Interactive.47/1/VGA:VGA_1_tb:1/netlist


*Info*    Data Directory    =
          /home/davidevi/Desktop/myproject/Sim/VGA/VGA_1_tb/adexl/results/data/Interactive.47/1/VGA:VGA_1_tb:1


*Info*    Creating Netlist for Point ID (39 1)

generate netlist...
function ansCdlCompPrim redefined
function ansCdlCompPrim redefined
Begin Incremental Netlisting Mar 21 15:28:50 2026
WARNING (OSSHNL-941): Failed to open the sameCellNamesInMultipleLibs file '/home/davidevi/Desktop/myproject/Sim/VGA/VGA_1_tb/adexl/results/data/Interactive.8/1/VGA:VGA_1_tb:1/netlist/ihnl/sameCellNamesInMultipleLibs', in the append mode.
Ensure that you have the write permission for the mentioned file.

End netlisting Mar 21 15:28:50 2026

Netlisting Statistics:
	Number of components:   12

	Elapsed time:          0.0s
Errors: 0	Warnings: 0
      ...successful.
compose simulator input file...
      ...successful.

*Info*    Running simulation on testbench [ VGA:VGA_1_tb:1 ] for
          Point ID (39 1).

Delete psf data in /home/davidevi/Desktop/myproject/Sim/VGA/VGA_1_tb/adexl/results/data/Interactive.47/1/VGA:VGA_1_tb:1/psf.
compose simulator input file...
      ...successful.
start simulator if needed...
      ...successful.
simulate...
To view the simulator output, right-click on the test name, result 
name, or any value in the "Results" tab of the Outputs section and 
choose "Output Log" menu option.
WARNING (ADE-3080): Fast viewing extensions for PSF XL format (also known as RTSF) will be discontinued  
       and Virtuoso Visualization and Analysis XL will not use RTSF data to plot waveforms from IC6.1.8 ISR7 onward. 
       There will be no performance impact on data visualization due to this change.
INFO (ADE-3071): Simulation completed successfully.
reading simulation data...
      ...successful.
*Info*    Client has finished evaluating ... 


*Info*    Run complete for Point ID (39 1) on testbench [
          VGA:VGA_1_tb:1 ].





Simulation design variables differ from those on the cellView,
they have been saved in the file "/tmp/saved-design-variables".
To save future changes, copy variables to cellView before exiting.
