\# Program start time:     UTC 2026.04.08 12:29:38.575
\# Local time: UTC (UTC+00:00) 2026.04.08 12:29:38.575
\o Program:		@(#)$CDS: virtuoso version 6.1.8-64b 09/03/2024 19:11 (sjfhw316) $
\o Hierarchy:		/opt/tools/cadence/installs/IC618/tools.lnx86/dfII/
\o Sub version:		sub-version  IC6.1.8-64b.500.36  (64-bit addresses)
\# Command line:	/opt/tools/cadence/installs/IC618/tools.lnx86/dfII/bin/64bit/virtuoso -noautostart -mpssession virtuoso483270 -mpshost il2244vt26_davidevi -davinciService DaVinciService_483270_1773683810 -log /home/davidevi/Desktop/myproject/logs_davidevi/logs0/Job272.log -licenseLockFileName /home/davidevi/Desktop/myproject/.tmp_davidevi/.il2244vt26_davidevi_483270 -interactiveA -interactiveE -interactiveRTT -nostdin -nographE -axlChildIdFlag 272
\# Host name (type):	il2244vt26_davidevi (x86_64)
\# Operating system:	Linux 5.15.0-164-generic #174-Ubuntu SMP Fri Nov 14 20:25:16 UTC 2025
\# Linux /etc/issue:	\S
\# Linux /etc/issue:	Kernel \r on an \m
\# X display name (WxH):	:4679 (1024x868)
\# Available geometry:			TL(0:0) BR(1023:867)
\# X server:			The X.Org Foundation
\# Depth of Visual (Root):	24 (24)
\# Number of Planes Used:	24
\# X version:		11.0 (vendor release 12011000)
\# X resource pool:	base 0x400000, mask 0x1fffff (2097151), shift 0
\# 			current id 0x0, current max 0x1ffffa (2097146)
\# Max data seg size:	     unlimited
\# Max process size:	     unlimited
\# Initial sbrk value:	        737 MB
\# Available memory:	  2,373,979 MB
\# System memory:	  3,104,512 MB
\# Maximum memory size:	  3,103,896 MB
\# Max mem available:	  2,374,100 MB
\# Initial memory used:	        121 MB
\#        process size:	      1,677 MB
\# Thread usage limits (effective/default):	maxthreads 4294967295/4294967295 maxload 48.00/48.00
\# Qt version:		5.9.1
\# Window Manager:	other
\# User Name:		davidevi
\o Working Directory:	il2244vt26_davidevi:/home/davidevi/Desktop/myproject
\# Process Id:		739441
\o 
\o COPYRIGHT (C) 1992-2024  CADENCE DESIGN SYSTEMS INC.  ALL RIGHTS RESERVED.
\o           (C) 1992-2024  UNIX SYSTEMS Laboratories INC.,
\o                          Reproduced with permission.
\o 
\o This Cadence Design Systems program and online documentation are
\o proprietary/confidential information and may be disclosed/used only
\o as authorized in a license agreement controlling such use and disclosure.
\o 
\o           RESTRICTED RIGHTS NOTICE (SHORT FORM)
\o Use/reproduction/disclosure is subject to restriction
\o set forth at FAR 1252.227-19 or its equivalent.
\o Loading geView.cxt 
\o Loading menuBuilder.cxt 
\o Loading schView.cxt 
\o Loading selectSv.cxt 
\o Loading wireEdit.cxt 
\o Loading pte2.cxt 
\o Loading xlUI.cxt 
\o Loading auCore.cxt 
\o Loading vhdl.cxt 
\o Loading seismic.cxt 
\o Loading ci.cxt 
\o Loading ams.cxt 
\o Loading oasis.cxt 
\o Loading analog.cxt 
\o Loading asimenv.cxt 
\o Loading dal.cxt 
\o Loading awv.cxt 
\o Loading socket.cxt 
\o Loading par.cxt 
\o Loading alvs.cxt 
\o Loading caa.cxt 
\o Loading amps.cxt 
\o Loading adexlCore.cxt 
\# Memory report: using         231 MB, process size 1,873 MB at UTC 2026.04.08 12:29:40.227
\o Loading adexl.cxt 
\o *Info*    Exporting services from client ... 
\o 
\o Loading adexlDM.cxt 
\o Loading cpf.cxt 
\o Loading cli.cxt 
\o Loading lp.cxt 
\o INFO (ELI-00302) Connecting to parent process (session=virtuoso483270, host=il2244vt26_davidevi). Connection mode is ICRP. Total timeout is 180 seconds. Connection timeout is 90 seconds.
\o INFO (ELI-00303) Step 1: Connecting to parent. Time spent is 0 seconds.
\o INFO (ELI-00304) The registration of the child 739441 within 90 seconds is being processed...
\o INFO (ELI-00305) The result of registration is true. Time spent is 0 seconds.
\o INFO (ELI-00308) The connection has ended. Result is true. Total time spent is 0 seconds.
\# [12:29:38.445386] Configured Lic search path (22.01-s002): 3000@lic08.ug.kth.se:29000@lic06.ug.kth.se
\o ......................................................................................
\o            ams AG HIT-Kit v.ams_4.10
\o ......................................................................................
\o COPYRIGHT (c) 2012 Full Service Foundry @ ams AG.  ALL RIGHTS RESERVED
\o This HIT-Kit and attached documentation are confidential information and may 
\o only be used as authorized by the HIT-Kit license agreement.
\o ......................................................................................
\# Current Window: window(2)
\o Loading simulator default settings.
\o Loading simulator default settings.
\o *Info*    Client has finished starting ... 
\o 
\o Loading vdsil.cxt 
\p hitkit: ams_4.10  Tech: c35b4c3  User: davidevi 
\w *WARNING* could not load font "-*-courier-medium-r-*-*-12-*", using font "fixed"
\# Loading perfDiag...
\# (PerfDiag): Set GDB path to environment variable 'gdbPath' (gdb).
\# Performance Diagnostic tool is installed. You can access PerfDiag from CIW Tools or use the shell command 'cdsPerfDiag -p 739441' to open it when Virtuoso freezes.
\# (PerfDiag): Use backtrace from GLIBC.
\w *WARNING* _perfPstackCheck: Cannot find pstack/gstack. Please setup PATH environment variable to pstack/gstack executable.
\o Loading vqp.cxt 
\o Loading hdlPkg.cxt 
\o 
\o 
\o *Info*    Configuring the session ...
\o 
\o Loading simui.cxt 
\o 	Library      = VGA
\o 	Cell         = VGA_1_tb
\o 	View         = schematic
\o 	Simulator    = spectre
\o 	State Path   = $AXL_SETUPDB_DIR/test_states
\o 	State Name   = wakeup_VGA:VGA_1_tb:1:1_state_MonteCarlo.13
\o 	Results DB   = /home/davidevi/Desktop/myproject/VGA/VGA_1_tb/adexl/results/data/MonteCarlo.13.rdb
\o 	Results Dir  = /home/davidevi/Desktop/myproject/Sim/VGA/VGA_1_tb/adexl/results/data/MonteCarlo.13/1/wakeup
\o 	Results Loc  = /home/davidevi/Desktop/myproject/Sim/VGA/VGA_1_tb/adexl/results/data
\o 	Project Dir  = /home/davidevi/Desktop/myproject/Sim
\o 	Setup DB loc = /home/davidevi/Desktop/myproject/VGA/VGA_1_tb/adexl
\o 	File Encoding = 0
\o 
\o 
\o Loading viva.cxt 
\o Loading spectrei.cxt 
\# Memory report: using         351 MB, process size 2,046 MB at UTC 2026.04.08 12:29:43.094
\o Loading devCheck.cxt 
\o Loading relXpert.cxt 
\o Loading hspiceD.cxt 
\o Loading spectreinl.cxt 
\o Loading msgHandler.cxt 
\o Loading UltraSim.cxt 
\o Loading AMSOSS.cxt 
\o Loading AMS.cxt 
\o 
\o *Info*    The auto suspension is disabled.
\o 
\o Loading monte.cxt 
\o 
\o 
\o 
\o 
\o 
\o *Info*    Run start for Point ID (43 1) on testbench [ wakeup ].
\o 
\o Resetting statistical vars
\o 
\o *Info*    Setting parameter values ...
\o 
\o Setting var S0 = "3.3"
\o Setting var S1 = "3.3"
\o Setting var S2 = "3.3"
\o Setting var S3 = "3.3"
\o Setting var VDD = "3.3"
\o Setting var VIN_PULSE = "3.3"
\o Setting var V_AMP = "0"
\o Setting var V_FREQ = "1k"
\o Setting var temperature = "27"
\o Setting temp(T) = 27
\o Setting var tf = "1n"
\o Setting var tr = "1n"
\o 
\o *Info*    Netlist Directory =
\o           /home/davidevi/Desktop/myproject/Sim/VGA/VGA_1_tb/adexl/results/data/MonteCarlo.13/1/wakeup/groupRunDataDir/netlist
\o 
\o 
\o *Info*    Data Directory    =
\o           /home/davidevi/Desktop/myproject/Sim/VGA/VGA_1_tb/adexl/results/data/MonteCarlo.13/1/wakeup/groupRunDataDir
\o 
\o 
\o *Info*    Creating Netlist for Point ID (43 1)
\o 
\o generate netlist...
\o Loading hnlInit.cxt 
\o Loading seCore.cxt 
\o function ansCdlCompPrim redefined
\o function ansCdlCompPrim redefined
\# [12:29:44.461771] Periodic Lic check successful
\# [12:29:44.461777] Feature usage summary:
\o Begin Incremental Netlisting Apr  8 12:29:44 2026
\o WARNING (OSSHNL-226): There are more design variables used in the current netlisting session as
\o compared to the last session in the current run directory. The netlist(s)
\o generated in the last netlisting session cannot be reused for incremental
\o netlisting. Therefore re-netlisting the design.
\o 
\o Loading json.cxt 
\o End netlisting Apr  8 12:29:45 2026
\o 
\o Netlisting Statistics:
\o 	Number of components:   64
\o 
\o 	Elapsed time:          1.0s (64.00/s)
\o Errors: 0	Warnings: 0
\o       ...successful.
\o compose simulator input file...
\o       ...successful.
\o 
\o *Info*    Running simulation on testbench [ wakeup ] for Point ID (43
\o           1).
\o 
\o *Info*    Spectre controlMode is set "batch" due to monte carlo run.
\o 
\o Delete psf data in /home/davidevi/Desktop/myproject/Sim/VGA/VGA_1_tb/adexl/results/data/MonteCarlo.13/1/wakeup/groupRunDataDir/psf.
\o generate netlist...
\o function ansCdlCompPrim redefined
\o function ansCdlCompPrim redefined
\o Begin Incremental Netlisting Apr  8 12:29:46 2026
\o End netlisting Apr  8 12:29:46 2026
\o 
\o 	The netlist is up to date.
\o 	Time taken to compare the design with netlist:   0.0s
\o       ...successful.
\o compose simulator input file...
\o       ...successful.
\o start simulator if needed...
\o       ...successful.
\o simulate...
\o To view the simulator output, right-click on the test name, result 
\o name, or any value in the "Results" tab of the Outputs section and 
\o choose "Output Log" menu option.
\o WARNING (ADE-3080): Fast viewing extensions for PSF XL format (also known as RTSF) will be discontinued  
\o        and Virtuoso Visualization and Analysis XL will not use RTSF data to plot waveforms from IC6.1.8 ISR7 onward. 
\o        There will be no performance impact on data visualization due to this change.
\o Loading paraplot.cxt 
\# Available memory:      2,373,579 MB at UTC 2026.04.08 12:29:49.491
\# Memory report: Maximum memory size now 2,374,027 MB at UTC 2026.04.08 12:29:49.492
\# Thread usage report: 54 active threads, active load 1.40 at UTC 2026.04.08 12:29:49.492
\o *Info*    Client has finished evaluating ... 
\o 
\o 
\o *Info*    Run complete for Point ID (43 1) on testbench [ wakeup ].
\o 
\o 
\o 
\o 
\o 
\o *Info*    Client has finished evaluating ... 
\o 
\o 
\o *Info*    Run complete for Point ID (43 2) on testbench [ wakeup ].
\o 
\o 
\o 
\o 
\o 
\o *Info*    Client has finished evaluating ... 
\o 
\o 
\o *Info*    Run complete for Point ID (43 3) on testbench [ wakeup ].
\o 
\o 
\o 
\o 
\o 
\o *Info*    Client has finished evaluating ... 
\o 
\o 
\o *Info*    Run complete for Point ID (43 4) on testbench [ wakeup ].
\o 
\o 
\o 
\o 
\o 
\o *Info*    Client has finished evaluating ... 
\o 
\o 
\o *Info*    Run complete for Point ID (43 5) on testbench [ wakeup ].
\o 
\o 
\o 
\o 
\o 
\o *Info*    Client has finished evaluating ... 
\o 
\o 
\o *Info*    Run complete for Point ID (43 6) on testbench [ wakeup ].
\o 
\o 
\o 
\o 
\o 
\o *Info*    Client has finished evaluating ... 
\o 
\o 
\o *Info*    Run complete for Point ID (43 7) on testbench [ wakeup ].
\o 
\o 
\o 
\o 
\o 
\o *Info*    Client has finished evaluating ... 
\o 
\o 
\o *Info*    Run complete for Point ID (43 8) on testbench [ wakeup ].
\o 
\o 
\o 
\o 
\o 
\o *Info*    Client has finished evaluating ... 
\o 
\o 
\o *Info*    Run complete for Point ID (43 9) on testbench [ wakeup ].
\o 
\o 
\o 
\o 
\o 
\o *Info*    Client has finished evaluating ... 
\o 
\o 
\o *Info*    Run complete for Point ID (43 10) on testbench [ wakeup ].
\o 
\o 
\o 
\o 
\o 
\o *Info*    Client has finished evaluating ... 
\o 
\o 
\o *Info*    Run complete for Point ID (43 11) on testbench [ wakeup ].
\o 
\o 
\o 
\o 
\o 
\o *Info*    Client has finished evaluating ... 
\o 
\o 
\o *Info*    Run complete for Point ID (43 12) on testbench [ wakeup ].
\o 
\o 
\o 
\o 
\o 
\o INFO (ADE-3071): Simulation completed successfully.
\o reading simulation data...
\o       ...successful.
\o *Info*    Client has finished evaluating ... 
\o 
\o 
\o *Info*    Run complete for Point ID (43 13) on testbench [ wakeup ].
\o 
\o 
\o 
\o 
\o 
\o *Info*    Monte Carlo Simulation completed successfully...
\o Simulation design variables differ from those on the cellView,
\o they have been saved in the file "/tmp/saved-design-variables".
\o To save future changes, copy variables to cellView before exiting.
\o 
\o 
\o *Info*    Configuring the session ...
\o 
\o 	Library      = VGA
\o 	Cell         = VGA_1_tb
\o 	View         = schematic
\o 	Simulator    = spectre
\o 	State Path   = $AXL_SETUPDB_DIR/test_states
\o 	State Name   = MC_VGA:VGA_1_tb:1:1_state_MonteCarlo.14
\o 	Results DB   = /home/davidevi/Desktop/myproject/VGA/VGA_1_tb/adexl/results/data/MonteCarlo.14.rdb
\o 	Results Dir  = /home/davidevi/Desktop/myproject/Sim/VGA/VGA_1_tb/adexl/results/data/MonteCarlo.14/1/MC
\o 	Results Loc  = /home/davidevi/Desktop/myproject/Sim/VGA/VGA_1_tb/adexl/results/data
\o 	Project Dir  = /home/davidevi/Desktop/myproject/Sim
\o 	Setup DB loc = /home/davidevi/Desktop/myproject/VGA/VGA_1_tb/adexl
\o 	File Encoding = 0
\o 
\o 
\o 
\o *Info*    The auto suspension is disabled.
\o 
\o 
\o 
\o 
\o 
\o 
\o *Info*    Run start for Point ID (44 14) on testbench [ MC ].
\o 
\o Resetting statistical vars
\o 
\o *Info*    Setting parameter values ...
\o 
\o Setting var S0 = "3.3"
\o Setting var S1 = "3.3"
\o Setting var S2 = "3.3"
\o Setting var S3 = "3.3"
\o Setting var VDD = "3.3"
\o Setting var VIN_PULSE = "10m"
\o Setting var V_AMP = "0"
\o Setting var V_FREQ = "1k"
\o Setting var temperature = "27"
\o Setting temp(T) = 27
\o Setting var tf = "1n"
\o Setting var tr = "1n"
\o 
\o *Info*    Netlist Directory =
\o           /home/davidevi/Desktop/myproject/Sim/VGA/VGA_1_tb/adexl/results/data/MonteCarlo.14/14/MC/groupRunDataDir/netlist
\o 
\o 
\o *Info*    Data Directory    =
\o           /home/davidevi/Desktop/myproject/Sim/VGA/VGA_1_tb/adexl/results/data/MonteCarlo.14/14/MC/groupRunDataDir
\o 
\o 
\o *Info*    Creating Netlist for Point ID (44 14)
\o 
\o generate netlist...
\o function ansCdlCompPrim redefined
\o function ansCdlCompPrim redefined
\o Begin Incremental Netlisting Apr  8 12:30:21 2026
\o End netlisting Apr  8 12:30:21 2026
\o 
\o 	The netlist is up to date.
\o 	Time taken to compare the design with netlist:   0.0s
\o       ...successful.
\o compose simulator input file...
\o       ...successful.
\# Memory report: using         461 MB, process size 2,270 MB at UTC 2026.04.08 12:30:22.165
\o 
\o *Info*    Running simulation on testbench [ MC ] for Point ID (44 14).
\o 
\o *Info*    Spectre controlMode is set "batch" due to monte carlo run.
\o 
\o Delete psf data in /home/davidevi/Desktop/myproject/Sim/VGA/VGA_1_tb/adexl/results/data/MonteCarlo.14/14/MC/groupRunDataDir/psf.
\o generate netlist...
\o function ansCdlCompPrim redefined
\o function ansCdlCompPrim redefined
\o Begin Incremental Netlisting Apr  8 12:30:22 2026
\o End netlisting Apr  8 12:30:22 2026
\o 
\o 	The netlist is up to date.
\o 	Time taken to compare the design with netlist:   0.0s
\o       ...successful.
\o compose simulator input file...
\o       ...successful.
\o start simulator if needed...
\o       ...successful.
\o simulate...
\o To view the simulator output, right-click on the test name, result 
\o name, or any value in the "Results" tab of the Outputs section and 
\o choose "Output Log" menu option.
\o WARNING (ADE-3080): Fast viewing extensions for PSF XL format (also known as RTSF) will be discontinued  
\o        and Virtuoso Visualization and Analysis XL will not use RTSF data to plot waveforms from IC6.1.8 ISR7 onward. 
\o        There will be no performance impact on data visualization due to this change.
\o *Info*    Client has finished evaluating ... 
\o 
\o 
\o *Info*    Run complete for Point ID (44 14) on testbench [ MC ].
\o 
\o 
\o 
\o 
\o 
\o *Info*    Client has finished evaluating ... 
\o 
\o 
\o *Info*    Run complete for Point ID (44 15) on testbench [ MC ].
\o 
\o 
\o 
\o 
\o 
\o *Info*    Client has finished evaluating ... 
\o 
\o 
\o *Info*    Run complete for Point ID (44 16) on testbench [ MC ].
\o 
\o 
\o 
\o 
\o 
\o *Info*    Client has finished evaluating ... 
\o 
\o 
\o *Info*    Run complete for Point ID (44 17) on testbench [ MC ].
\o 
\o 
\o 
\o 
\o 
\o *Info*    Client has finished evaluating ... 
\o 
\o 
\o *Info*    Run complete for Point ID (44 18) on testbench [ MC ].
\o 
\o 
\o 
\o 
\o 
\o *Info*    Client has finished evaluating ... 
\o 
\o 
\o *Info*    Run complete for Point ID (44 19) on testbench [ MC ].
\o 
\o 
\o 
\o 
\o 
\o INFO (ADE-3071): Simulation completed successfully.
\o reading simulation data...
\o       ...successful.
\o *Info*    Client has finished evaluating ... 
\o 
\o 
\o *Info*    Run complete for Point ID (44 20) on testbench [ MC ].
\o 
\o 
\o 
\o 
\o 
\o *Info*    Client has finished evaluating ... 
\o 
\o 
\o *Info*    Run complete for Point ID (44 21) on testbench [ MC ].
\o 
\o 
\o 
\o 
\o 
\o *Info*    Client has finished evaluating ... 
\o 
\o 
\o *Info*    Run complete for Point ID (44 22) on testbench [ MC ].
\o 
\o 
\o 
\o 
\o 
\o *Info*    Client has finished evaluating ... 
\o 
\o 
\o *Info*    Run complete for Point ID (44 23) on testbench [ MC ].
\o 
\o 
\o 
\o 
\o 
\o *Info*    Client has finished evaluating ... 
\o 
\o 
\o *Info*    Run complete for Point ID (44 24) on testbench [ MC ].
\o 
\o 
\o 
\o 
\o 
\o *Info*    Client has finished evaluating ... 
\o 
\o 
\o *Info*    Run complete for Point ID (44 25) on testbench [ MC ].
\o 
\o 
\o 
\o 
\o 
\o *Info*    Client has finished evaluating ... 
\o 
\o 
\o *Info*    Run complete for Point ID (44 26) on testbench [ MC ].
\o 
\o 
\o 
\o 
\o 
\o *Info*    Monte Carlo Simulation completed successfully...
\o Simulation design variables differ from those on the cellView,
\o they have been saved in the file "/tmp/saved-design-variables".
\o To save future changes, copy variables to cellView before exiting.
\o 
\o 
\o *Info*    Configuring the session ...
\o 
\o 	Library      = VGA
\o 	Cell         = VGA_1_tb
\o 	View         = schematic
\o 	Simulator    = spectre
\o 	State Path   = $AXL_SETUPDB_DIR/test_states
\o 	State Name   = VGA:VGA_1_tb:1_none_Interactive.87
\o 	Results DB   = /home/davidevi/Desktop/myproject/VGA/VGA_1_tb/adexl/results/data/Interactive.87.rdb
\o 	Results Dir  = /home/davidevi/Desktop/myproject/Sim/VGA/VGA_1_tb/adexl/results/data/Interactive.87/1/VGA:VGA_1_tb:1
\o 	Results Loc  = /home/davidevi/Desktop/myproject/Sim/VGA/VGA_1_tb/adexl/results/data
\o 	Project Dir  = /home/davidevi/Desktop/myproject/Sim
\o 	Setup DB loc = /home/davidevi/Desktop/myproject/VGA/VGA_1_tb/adexl
\o 	File Encoding = 0
\o 
\o 
\o 
\o *Info*    The auto suspension is disabled.
\o 
\o 
\o 
\o 
\o 
\o 
\o *Info*    Run start for Point ID (45 2) on testbench [ VGA:VGA_1_tb:1
\o           ].
\o 
\o Resetting statistical vars
\o 
\o *Info*    Setting parameter values ...
\o 
\o Setting var S0 = "3.3"
\o Setting var S1 = "3.3"
\o Setting var S2 = "3.3"
\o Setting var S3 = "3.3"
\o Setting var VDD = "3.3"
\o Setting var VIN_PULSE = "10m"
\o Setting var V_AMP = "0"
\o Setting var V_FREQ = "1k"
\o Setting var temperature = "27"
\o Setting temp(T) = 27
\o Setting var tf = "1n"
\o Setting var tr = "1n"
\o 
\o *Info*    Netlist Directory =
\o           /home/davidevi/Desktop/myproject/Sim/VGA/VGA_1_tb/adexl/results/data/Interactive.87/2/VGA:VGA_1_tb:1/netlist
\o 
\o 
\o *Info*    Data Directory    =
\o           /home/davidevi/Desktop/myproject/Sim/VGA/VGA_1_tb/adexl/results/data/Interactive.87/2/VGA:VGA_1_tb:1
\o 
\o 
\o *Info*    Creating Netlist for Point ID (45 2)
\o 
\o generate netlist...
\o function ansCdlCompPrim redefined
\o function ansCdlCompPrim redefined
\o Begin Incremental Netlisting Apr  8 12:31:19 2026
\o End netlisting Apr  8 12:31:19 2026
\o 
\o 	The netlist is up to date.
\o 	Time taken to compare the design with netlist:   0.0s
\o       ...successful.
\o compose simulator input file...
\o       ...successful.
\o 
\o *Info*    Running simulation on testbench [ VGA:VGA_1_tb:1 ] for
\o           Point ID (45 2).
\o 
\o Delete psf data in /home/davidevi/Desktop/myproject/Sim/VGA/VGA_1_tb/adexl/results/data/Interactive.87/2/VGA:VGA_1_tb:1/psf.
\o compose simulator input file...
\o       ...successful.
\o start simulator if needed...
\o       ...successful.
\o simulate...
\o To view the simulator output, right-click on the test name, result 
\o name, or any value in the "Results" tab of the Outputs section and 
\o choose "Output Log" menu option.
\o WARNING (ADE-3080): Fast viewing extensions for PSF XL format (also known as RTSF) will be discontinued  
\o        and Virtuoso Visualization and Analysis XL will not use RTSF data to plot waveforms from IC6.1.8 ISR7 onward. 
\o        There will be no performance impact on data visualization due to this change.
\o INFO (ADE-3067): Errors encountered during simulation. For more information, right-click
\o         on a test name in the 'Results' tab of the Outputs pane and choose 'Output Log'
\o         to view the simulation run log.
\o reading simulation data...
\o       ...successful.
\o 
\o *Error*   Error ID  = 5011
\o *Error*   Error Msg = Simulator failed to complete the simulation.
\o 
\o           Error found by spectre during periodic steady state
\o           analysis `pss'.
\o Error found by spectre during periodic
\o           steady state analysis `pss'.
\o ERROR (SPCRTRF-15177): PSS
\o           analysis doesn't support behavioral module components with
\o           hidden states found in component 'cpoly_ahdl'. 
\o           Skipped.
\o ERROR (SPCRTRF-15177): PSS analysis doesn't
\o           support behavioral module components with hidden states
\o           found in component 'modn_ahdl'.  Skipped.
\o ERROR
\o           (SPCRTRF-15177): PSS analysis doesn't support behavioral
\o           module components with hidden states found in component
\o           'modp_ahdl'.  Skipped.
\o ERROR (SPCRTRF-15177): PSS analysis
\o           doesn't support behavioral module components with hidden
\o           states found in component 'rpolyh_ahdl'.  Skipped.
\o Error
\o           found by spectre.
\o Error found by spectre.
\o ERROR
\o           (SPCRTRF-15024): The pac analysis was skipped because a PSS
\o           analysis must be run first.
\o 
\o 
\o 
\o 
\o 
\o *Info*    Client has finished evaluating ... 
\o 
\o ERROR (ADE-2709): Evaluation of output 'VOUT_PSS_time' returned 'nil' for point:'2' test:'VGA:VGA_1_tb:1'
\o 	Expression:'vtime('pss "/vout")'.
\o Ensure that the definition of output is correct.
\o 
\o ERROR (ADE-2709): Evaluation of output 'VOUT_PAC' returned 'nil' for point:'2' test:'VGA:VGA_1_tb:1'
\o 	Expression:'vh('pac "/vout")'.
\o Ensure that the definition of output is correct.
\o 
\o ERROR (ADE-2709): Evaluation of output 'VOUT_PSS' returned 'nil' for point:'2' test:'VGA:VGA_1_tb:1'
\o 	Expression:'vh('pss "/vout")'.
\o Ensure that the definition of output is correct.
\o 
\o 
\o *Info*    Run complete for Point ID (45 2) on testbench [
\o           VGA:VGA_1_tb:1 ].
\o 
\o 
\o 
\o 
\o 
\o 
\o 
\o 
\o 
\o 
\o *Info*    Run start for Point ID (45 54) on testbench [
\o           VGA:VGA_1_tb:1 ].
\o 
\o Resetting statistical vars
\o 
\o *Info*    Setting parameter values ...
\o 
\o Setting var VDD = "2.97"
\o 
\o *Info*    Netlist Directory =
\o           /home/davidevi/Desktop/myproject/Sim/VGA/VGA_1_tb/adexl/results/data/Interactive.87/54/VGA:VGA_1_tb:1/netlist
\o 
\o 
\o *Info*    Data Directory    =
\o           /home/davidevi/Desktop/myproject/Sim/VGA/VGA_1_tb/adexl/results/data/Interactive.87/54/VGA:VGA_1_tb:1
\o 
\o 
\o *Info*    Creating Netlist for Point ID (45 54)
\o 
\o generate netlist...
\o function ansCdlCompPrim redefined
\o function ansCdlCompPrim redefined
\o Begin Incremental Netlisting Apr  8 12:31:23 2026
\o End netlisting Apr  8 12:31:23 2026
\o 
\o 	The netlist is up to date.
\o 	Time taken to compare the design with netlist:   0.0s
\o       ...successful.
\o compose simulator input file...
\o       ...successful.
\o 
\o *Info*    Running simulation on testbench [ VGA:VGA_1_tb:1 ] for
\o           Point ID (45 54).
\o 
\o Delete psf data in /home/davidevi/Desktop/myproject/Sim/VGA/VGA_1_tb/adexl/results/data/Interactive.87/54/VGA:VGA_1_tb:1/psf.
\o compose simulator input file...
\o       ...successful.
\o start simulator if needed...
\o       ...successful.
\o simulate...
\o To view the simulator output, right-click on the test name, result 
\o name, or any value in the "Results" tab of the Outputs section and 
\o choose "Output Log" menu option.
\o WARNING (ADE-3080): Fast viewing extensions for PSF XL format (also known as RTSF) will be discontinued  
\o        and Virtuoso Visualization and Analysis XL will not use RTSF data to plot waveforms from IC6.1.8 ISR7 onward. 
\o        There will be no performance impact on data visualization due to this change.
\o INFO (ADE-3067): Errors encountered during simulation. For more information, right-click
\o         on a test name in the 'Results' tab of the Outputs pane and choose 'Output Log'
\o         to view the simulation run log.
\o reading simulation data...
\o       ...successful.
\o 
\o *Error*   Error ID  = 5011
\o *Error*   Error Msg = Simulator failed to complete the simulation.
\o 
\o           Error found by spectre during periodic steady state
\o           analysis `pss'.
\o Error found by spectre during periodic
\o           steady state analysis `pss'.
\o ERROR (SPCRTRF-15177): PSS
\o           analysis doesn't support behavioral module components with
\o           hidden states found in component 'cpoly_ahdl'. 
\o           Skipped.
\o ERROR (SPCRTRF-15177): PSS analysis doesn't
\o           support behavioral module components with hidden states
\o           found in component 'modn_ahdl'.  Skipped.
\o ERROR
\o           (SPCRTRF-15177): PSS analysis doesn't support behavioral
\o           module components with hidden states found in component
\o           'modp_ahdl'.  Skipped.
\o ERROR (SPCRTRF-15177): PSS analysis
\o           doesn't support behavioral module components with hidden
\o           states found in component 'rpolyh_ahdl'.  Skipped.
\o Error
\o           found by spectre.
\o Error found by spectre.
\o ERROR
\o           (SPCRTRF-15024): The pac analysis was skipped because a PSS
\o           analysis must be run first.
\o 
\o 
\o 
\o 
\o 
\o *Info*    Client has finished evaluating ... 
\o 
\o ERROR (ADE-2709): Evaluation of output 'VOUT_PSS_time' returned 'nil' for point:'54' test:'VGA:VGA_1_tb:1'
\o 	Expression:'vtime('pss "/vout")'.
\o Ensure that the definition of output is correct.
\o 
\o ERROR (ADE-2709): Evaluation of output 'VOUT_PAC' returned 'nil' for point:'54' test:'VGA:VGA_1_tb:1'
\o 	Expression:'vh('pac "/vout")'.
\o Ensure that the definition of output is correct.
\o 
\o ERROR (ADE-2709): Evaluation of output 'VOUT_PSS' returned 'nil' for point:'54' test:'VGA:VGA_1_tb:1'
\o 	Expression:'vh('pss "/vout")'.
\o Ensure that the definition of output is correct.
\o 
\o 
\o *Info*    Run complete for Point ID (45 54) on testbench [
\o           VGA:VGA_1_tb:1 ].
\o 
\o 
\o 
\o 
\o 
\o 
\o 
\o 
\o 
\o 
\o *Info*    Run start for Point ID (45 58) on testbench [
\o           VGA:VGA_1_tb:1 ].
\o 
\o Resetting statistical vars
\o 
\o *Info*    Setting parameter values ...
\o 
\o 
\o *Info*    Netlist Directory =
\o           /home/davidevi/Desktop/myproject/Sim/VGA/VGA_1_tb/adexl/results/data/Interactive.87/58/VGA:VGA_1_tb:1/netlist
\o 
\o 
\o *Info*    Data Directory    =
\o           /home/davidevi/Desktop/myproject/Sim/VGA/VGA_1_tb/adexl/results/data/Interactive.87/58/VGA:VGA_1_tb:1
\o 
\o 
\o *Info*    Creating Netlist for Point ID (45 58)
\o 
\o generate netlist...
\o function ansCdlCompPrim redefined
\o function ansCdlCompPrim redefined
\o Begin Incremental Netlisting Apr  8 12:31:27 2026
\o End netlisting Apr  8 12:31:27 2026
\o 
\o 	The netlist is up to date.
\o 	Time taken to compare the design with netlist:   0.0s
\o       ...successful.
\o compose simulator input file...
\o       ...successful.
\o 
\o *Info*    Running simulation on testbench [ VGA:VGA_1_tb:1 ] for
\o           Point ID (45 58).
\o 
\o Delete psf data in /home/davidevi/Desktop/myproject/Sim/VGA/VGA_1_tb/adexl/results/data/Interactive.87/58/VGA:VGA_1_tb:1/psf.
\o compose simulator input file...
\o       ...successful.
\o start simulator if needed...
\o       ...successful.
\o simulate...
\o To view the simulator output, right-click on the test name, result 
\o name, or any value in the "Results" tab of the Outputs section and 
\o choose "Output Log" menu option.
\o WARNING (ADE-3080): Fast viewing extensions for PSF XL format (also known as RTSF) will be discontinued  
\o        and Virtuoso Visualization and Analysis XL will not use RTSF data to plot waveforms from IC6.1.8 ISR7 onward. 
\o        There will be no performance impact on data visualization due to this change.
\o INFO (ADE-3067): Errors encountered during simulation. For more information, right-click
\o         on a test name in the 'Results' tab of the Outputs pane and choose 'Output Log'
\o         to view the simulation run log.
\o reading simulation data...
\o       ...successful.
\o 
\o *Error*   Error ID  = 5011
\o *Error*   Error Msg = Simulator failed to complete the simulation.
\o 
\o           Error found by spectre during periodic steady state
\o           analysis `pss'.
\o Error found by spectre during periodic
\o           steady state analysis `pss'.
\o ERROR (SPCRTRF-15177): PSS
\o           analysis doesn't support behavioral module components with
\o           hidden states found in component 'cpoly_ahdl'. 
\o           Skipped.
\o ERROR (SPCRTRF-15177): PSS analysis doesn't
\o           support behavioral module components with hidden states
\o           found in component 'modn_ahdl'.  Skipped.
\o ERROR
\o           (SPCRTRF-15177): PSS analysis doesn't support behavioral
\o           module components with hidden states found in component
\o           'modp_ahdl'.  Skipped.
\o ERROR (SPCRTRF-15177): PSS analysis
\o           doesn't support behavioral module components with hidden
\o           states found in component 'rpolyh_ahdl'.  Skipped.
\o Error
\o           found by spectre.
\o Error found by spectre.
\o ERROR
\o           (SPCRTRF-15024): The pac analysis was skipped because a PSS
\o           analysis must be run first.
\o 
\o 
\o 
\o 
\o 
\o *Info*    Client has finished evaluating ... 
\o 
\o ERROR (ADE-2709): Evaluation of output 'VOUT_PSS_time' returned 'nil' for point:'58' test:'VGA:VGA_1_tb:1'
\o 	Expression:'vtime('pss "/vout")'.
\o Ensure that the definition of output is correct.
\o 
\o ERROR (ADE-2709): Evaluation of output 'VOUT_PAC' returned 'nil' for point:'58' test:'VGA:VGA_1_tb:1'
\o 	Expression:'vh('pac "/vout")'.
\o Ensure that the definition of output is correct.
\o 
\o ERROR (ADE-2709): Evaluation of output 'VOUT_PSS' returned 'nil' for point:'58' test:'VGA:VGA_1_tb:1'
\o 	Expression:'vh('pss "/vout")'.
\o Ensure that the definition of output is correct.
\o 
\o 
\o *Info*    Run complete for Point ID (45 58) on testbench [
\o           VGA:VGA_1_tb:1 ].
\o 
\o 
\o 
\o 
\o 
\o 
\o 
\o 
\o 
\o 
\o *Info*    Run start for Point ID (45 6) on testbench [ VGA:VGA_1_tb:1
\o           ].
\o 
\o Resetting statistical vars
\o 
\o *Info*    Setting parameter values ...
\o 
\o 
\o *Info*    Netlist Directory =
\o           /home/davidevi/Desktop/myproject/Sim/VGA/VGA_1_tb/adexl/results/data/Interactive.87/6/VGA:VGA_1_tb:1/netlist
\o 
\o 
\o *Info*    Data Directory    =
\o           /home/davidevi/Desktop/myproject/Sim/VGA/VGA_1_tb/adexl/results/data/Interactive.87/6/VGA:VGA_1_tb:1
\o 
\o 
\o *Info*    Creating Netlist for Point ID (45 6)
\o 
\o generate netlist...
\o function ansCdlCompPrim redefined
\o function ansCdlCompPrim redefined
\o Begin Incremental Netlisting Apr  8 12:31:30 2026
\o End netlisting Apr  8 12:31:30 2026
\o 
\o 	The netlist is up to date.
\o 	Time taken to compare the design with netlist:   0.0s
\o       ...successful.
\o compose simulator input file...
\o       ...successful.
\o 
\o *Info*    Running simulation on testbench [ VGA:VGA_1_tb:1 ] for
\o           Point ID (45 6).
\o 
\o Delete psf data in /home/davidevi/Desktop/myproject/Sim/VGA/VGA_1_tb/adexl/results/data/Interactive.87/6/VGA:VGA_1_tb:1/psf.
\o compose simulator input file...
\o       ...successful.
\o start simulator if needed...
\o       ...successful.
\o simulate...
\o To view the simulator output, right-click on the test name, result 
\o name, or any value in the "Results" tab of the Outputs section and 
\o choose "Output Log" menu option.
\o WARNING (ADE-3080): Fast viewing extensions for PSF XL format (also known as RTSF) will be discontinued  
\o        and Virtuoso Visualization and Analysis XL will not use RTSF data to plot waveforms from IC6.1.8 ISR7 onward. 
\o        There will be no performance impact on data visualization due to this change.
\o INFO (ADE-3067): Errors encountered during simulation. For more information, right-click
\o         on a test name in the 'Results' tab of the Outputs pane and choose 'Output Log'
\o         to view the simulation run log.
\o reading simulation data...
\o       ...successful.
\o 
\o *Error*   Error ID  = 5011
\o *Error*   Error Msg = Simulator failed to complete the simulation.
\o 
\o           Error found by spectre during periodic steady state
\o           analysis `pss'.
\o Error found by spectre during periodic
\o           steady state analysis `pss'.
\o ERROR (SPCRTRF-15177): PSS
\o           analysis doesn't support behavioral module components with
\o           hidden states found in component 'cpoly_ahdl'. 
\o           Skipped.
\o ERROR (SPCRTRF-15177): PSS analysis doesn't
\o           support behavioral module components with hidden states
\o           found in component 'modn_ahdl'.  Skipped.
\o ERROR
\o           (SPCRTRF-15177): PSS analysis doesn't support behavioral
\o           module components with hidden states found in component
\o           'modp_ahdl'.  Skipped.
\o ERROR (SPCRTRF-15177): PSS analysis
\o           doesn't support behavioral module components with hidden
\o           states found in component 'rpolyh_ahdl'.  Skipped.
\o Error
\o           found by spectre.
\o Error found by spectre.
\o ERROR
\o           (SPCRTRF-15024): The pac analysis was skipped because a PSS
\o           analysis must be run first.
\o 
\o 
\o 
\o 
\o 
\o *Info*    Client has finished evaluating ... 
\o 
\o ERROR (ADE-2709): Evaluation of output 'VOUT_PSS_time' returned 'nil' for point:'6' test:'VGA:VGA_1_tb:1'
\o 	Expression:'vtime('pss "/vout")'.
\o Ensure that the definition of output is correct.
\o 
\o ERROR (ADE-2709): Evaluation of output 'VOUT_PAC' returned 'nil' for point:'6' test:'VGA:VGA_1_tb:1'
\o 	Expression:'vh('pac "/vout")'.
\o Ensure that the definition of output is correct.
\o 
\o ERROR (ADE-2709): Evaluation of output 'VOUT_PSS' returned 'nil' for point:'6' test:'VGA:VGA_1_tb:1'
\o 	Expression:'vh('pss "/vout")'.
\o Ensure that the definition of output is correct.
\o 
\o 
\o *Info*    Run complete for Point ID (45 6) on testbench [
\o           VGA:VGA_1_tb:1 ].
\o 
\o 
\o 
\o 
\o 
\o 
\o 
\o 
\o 
\o 
\o *Info*    Run start for Point ID (45 10) on testbench [
\o           VGA:VGA_1_tb:1 ].
\o 
\o Resetting statistical vars
\o 
\o *Info*    Setting parameter values ...
\o 
\o 
\o *Info*    Netlist Directory =
\o           /home/davidevi/Desktop/myproject/Sim/VGA/VGA_1_tb/adexl/results/data/Interactive.87/10/VGA:VGA_1_tb:1/netlist
\o 
\o 
\o *Info*    Data Directory    =
\o           /home/davidevi/Desktop/myproject/Sim/VGA/VGA_1_tb/adexl/results/data/Interactive.87/10/VGA:VGA_1_tb:1
\o 
\o 
\o *Info*    Creating Netlist for Point ID (45 10)
\o 
\o generate netlist...
\o function ansCdlCompPrim redefined
\o function ansCdlCompPrim redefined
\o Begin Incremental Netlisting Apr  8 12:31:34 2026
\o End netlisting Apr  8 12:31:34 2026
\o 
\o 	The netlist is up to date.
\o 	Time taken to compare the design with netlist:   0.0s
\o       ...successful.
\o compose simulator input file...
\o       ...successful.
\o 
\o *Info*    Running simulation on testbench [ VGA:VGA_1_tb:1 ] for
\o           Point ID (45 10).
\o 
\o Delete psf data in /home/davidevi/Desktop/myproject/Sim/VGA/VGA_1_tb/adexl/results/data/Interactive.87/10/VGA:VGA_1_tb:1/psf.
\o compose simulator input file...
\o       ...successful.
\o start simulator if needed...
\o       ...successful.
\o simulate...
\o To view the simulator output, right-click on the test name, result 
\o name, or any value in the "Results" tab of the Outputs section and 
\o choose "Output Log" menu option.
\o WARNING (ADE-3080): Fast viewing extensions for PSF XL format (also known as RTSF) will be discontinued  
\o        and Virtuoso Visualization and Analysis XL will not use RTSF data to plot waveforms from IC6.1.8 ISR7 onward. 
\o        There will be no performance impact on data visualization due to this change.
\o INFO (ADE-3067): Errors encountered during simulation. For more information, right-click
\o         on a test name in the 'Results' tab of the Outputs pane and choose 'Output Log'
\o         to view the simulation run log.
\o reading simulation data...
\o       ...successful.
\o 
\o *Error*   Error ID  = 5011
\o *Error*   Error Msg = Simulator failed to complete the simulation.
\o 
\o           Error found by spectre during periodic steady state
\o           analysis `pss'.
\o Error found by spectre during periodic
\o           steady state analysis `pss'.
\o ERROR (SPCRTRF-15177): PSS
\o           analysis doesn't support behavioral module components with
\o           hidden states found in component 'cpoly_ahdl'. 
\o           Skipped.
\o ERROR (SPCRTRF-15177): PSS analysis doesn't
\o           support behavioral module components with hidden states
\o           found in component 'modn_ahdl'.  Skipped.
\o ERROR
\o           (SPCRTRF-15177): PSS analysis doesn't support behavioral
\o           module components with hidden states found in component
\o           'modp_ahdl'.  Skipped.
\o ERROR (SPCRTRF-15177): PSS analysis
\o           doesn't support behavioral module components with hidden
\o           states found in component 'rpolyh_ahdl'.  Skipped.
\o Error
\o           found by spectre.
\o Error found by spectre.
\o ERROR
\o           (SPCRTRF-15024): The pac analysis was skipped because a PSS
\o           analysis must be run first.
\o 
\o 
\o 
\o 
\o 
\o *Info*    Client has finished evaluating ... 
\o 
\o ERROR (ADE-2709): Evaluation of output 'VOUT_PSS_time' returned 'nil' for point:'10' test:'VGA:VGA_1_tb:1'
\o 	Expression:'vtime('pss "/vout")'.
\o Ensure that the definition of output is correct.
\o 
\o ERROR (ADE-2709): Evaluation of output 'VOUT_PAC' returned 'nil' for point:'10' test:'VGA:VGA_1_tb:1'
\o 	Expression:'vh('pac "/vout")'.
\o Ensure that the definition of output is correct.
\o 
\o ERROR (ADE-2709): Evaluation of output 'VOUT_PSS' returned 'nil' for point:'10' test:'VGA:VGA_1_tb:1'
\o 	Expression:'vh('pss "/vout")'.
\o Ensure that the definition of output is correct.
\o 
\o 
\o *Info*    Run complete for Point ID (45 10) on testbench [
\o           VGA:VGA_1_tb:1 ].
\o 
\o 
\o 
\o 
\o 
\o 
\o 
\o 
\o 
\o 
\o *Info*    Run start for Point ID (45 14) on testbench [
\o           VGA:VGA_1_tb:1 ].
\o 
\o Resetting statistical vars
\o 
\o *Info*    Setting parameter values ...
\o 
\o 
\o *Info*    Netlist Directory =
\o           /home/davidevi/Desktop/myproject/Sim/VGA/VGA_1_tb/adexl/results/data/Interactive.87/14/VGA:VGA_1_tb:1/netlist
\o 
\o 
\o *Info*    Data Directory    =
\o           /home/davidevi/Desktop/myproject/Sim/VGA/VGA_1_tb/adexl/results/data/Interactive.87/14/VGA:VGA_1_tb:1
\o 
\o 
\o *Info*    Creating Netlist for Point ID (45 14)
\o 
\o generate netlist...
\o function ansCdlCompPrim redefined
\o function ansCdlCompPrim redefined
\o Begin Incremental Netlisting Apr  8 12:31:37 2026
\o End netlisting Apr  8 12:31:37 2026
\o 
\o 	The netlist is up to date.
\o 	Time taken to compare the design with netlist:   0.0s
\o       ...successful.
\o compose simulator input file...
\o       ...successful.
\o 
\o *Info*    Running simulation on testbench [ VGA:VGA_1_tb:1 ] for
\o           Point ID (45 14).
\o 
\o Delete psf data in /home/davidevi/Desktop/myproject/Sim/VGA/VGA_1_tb/adexl/results/data/Interactive.87/14/VGA:VGA_1_tb:1/psf.
\o compose simulator input file...
\o       ...successful.
\o start simulator if needed...
\o       ...successful.
\o simulate...
\o To view the simulator output, right-click on the test name, result 
\o name, or any value in the "Results" tab of the Outputs section and 
\o choose "Output Log" menu option.
\o WARNING (ADE-3080): Fast viewing extensions for PSF XL format (also known as RTSF) will be discontinued  
\o        and Virtuoso Visualization and Analysis XL will not use RTSF data to plot waveforms from IC6.1.8 ISR7 onward. 
\o        There will be no performance impact on data visualization due to this change.
\o INFO (ADE-3067): Errors encountered during simulation. For more information, right-click
\o         on a test name in the 'Results' tab of the Outputs pane and choose 'Output Log'
\o         to view the simulation run log.
\o reading simulation data...
\o       ...successful.
\o 
\o *Error*   Error ID  = 5011
\o *Error*   Error Msg = Simulator failed to complete the simulation.
\o 
\o           Error found by spectre during periodic steady state
\o           analysis `pss'.
\o Error found by spectre during periodic
\o           steady state analysis `pss'.
\o ERROR (SPCRTRF-15177): PSS
\o           analysis doesn't support behavioral module components with
\o           hidden states found in component 'cpoly_ahdl'. 
\o           Skipped.
\o ERROR (SPCRTRF-15177): PSS analysis doesn't
\o           support behavioral module components with hidden states
\o           found in component 'modn_ahdl'.  Skipped.
\o ERROR
\o           (SPCRTRF-15177): PSS analysis doesn't support behavioral
\o           module components with hidden states found in component
\o           'modp_ahdl'.  Skipped.
\o ERROR (SPCRTRF-15177): PSS analysis
\o           doesn't support behavioral module components with hidden
\o           states found in component 'rpolyh_ahdl'.  Skipped.
\o Error
\o           found by spectre.
\o Error found by spectre.
\o ERROR
\o           (SPCRTRF-15024): The pac analysis was skipped because a PSS
\o           analysis must be run first.
\o 
\o 
\o 
\o 
\o 
\o *Info*    Client has finished evaluating ... 
\o 
\o ERROR (ADE-2709): Evaluation of output 'VOUT_PSS_time' returned 'nil' for point:'14' test:'VGA:VGA_1_tb:1'
\o 	Expression:'vtime('pss "/vout")'.
\o Ensure that the definition of output is correct.
\o 
\o ERROR (ADE-2709): Evaluation of output 'VOUT_PAC' returned 'nil' for point:'14' test:'VGA:VGA_1_tb:1'
\o 	Expression:'vh('pac "/vout")'.
\o Ensure that the definition of output is correct.
\o 
\o ERROR (ADE-2709): Evaluation of output 'VOUT_PSS' returned 'nil' for point:'14' test:'VGA:VGA_1_tb:1'
\o 	Expression:'vh('pss "/vout")'.
\o Ensure that the definition of output is correct.
\o 
\o 
\o *Info*    Run complete for Point ID (45 14) on testbench [
\o           VGA:VGA_1_tb:1 ].
\o 
\o 
\o 
\o 
\o 
\o 
\o 
\o 
\o 
\o 
\o *Info*    Run start for Point ID (45 19) on testbench [
\o           VGA:VGA_1_tb:1 ].
\o 
\o Resetting statistical vars
\o 
\o *Info*    Setting parameter values ...
\o 
\o Setting var VDD = "3.63"
\o 
\o *Info*    Netlist Directory =
\o           /home/davidevi/Desktop/myproject/Sim/VGA/VGA_1_tb/adexl/results/data/Interactive.87/19/VGA:VGA_1_tb:1/netlist
\o 
\o 
\o *Info*    Data Directory    =
\o           /home/davidevi/Desktop/myproject/Sim/VGA/VGA_1_tb/adexl/results/data/Interactive.87/19/VGA:VGA_1_tb:1
\o 
\o 
\o *Info*    Creating Netlist for Point ID (45 19)
\o 
\o generate netlist...
\o function ansCdlCompPrim redefined
\o function ansCdlCompPrim redefined
\o Begin Incremental Netlisting Apr  8 12:31:41 2026
\o End netlisting Apr  8 12:31:41 2026
\o 
\o 	The netlist is up to date.
\o 	Time taken to compare the design with netlist:   0.0s
\o       ...successful.
\o compose simulator input file...
\o       ...successful.
\o 
\o *Info*    Running simulation on testbench [ VGA:VGA_1_tb:1 ] for
\o           Point ID (45 19).
\o 
\o Delete psf data in /home/davidevi/Desktop/myproject/Sim/VGA/VGA_1_tb/adexl/results/data/Interactive.87/19/VGA:VGA_1_tb:1/psf.
\o compose simulator input file...
\o       ...successful.
\o start simulator if needed...
\o       ...successful.
\o simulate...
\o To view the simulator output, right-click on the test name, result 
\o name, or any value in the "Results" tab of the Outputs section and 
\o choose "Output Log" menu option.
\o WARNING (ADE-3080): Fast viewing extensions for PSF XL format (also known as RTSF) will be discontinued  
\o        and Virtuoso Visualization and Analysis XL will not use RTSF data to plot waveforms from IC6.1.8 ISR7 onward. 
\o        There will be no performance impact on data visualization due to this change.
\o INFO (ADE-3067): Errors encountered during simulation. For more information, right-click
\o         on a test name in the 'Results' tab of the Outputs pane and choose 'Output Log'
\o         to view the simulation run log.
\o reading simulation data...
\o       ...successful.
\o 
\o *Error*   Error ID  = 5011
\o *Error*   Error Msg = Simulator failed to complete the simulation.
\o 
\o           Error found by spectre during periodic steady state
\o           analysis `pss'.
\o Error found by spectre during periodic
\o           steady state analysis `pss'.
\o ERROR (SPCRTRF-15177): PSS
\o           analysis doesn't support behavioral module components with
\o           hidden states found in component 'cpoly_ahdl'. 
\o           Skipped.
\o ERROR (SPCRTRF-15177): PSS analysis doesn't
\o           support behavioral module components with hidden states
\o           found in component 'modn_ahdl'.  Skipped.
\o ERROR
\o           (SPCRTRF-15177): PSS analysis doesn't support behavioral
\o           module components with hidden states found in component
\o           'modp_ahdl'.  Skipped.
\o ERROR (SPCRTRF-15177): PSS analysis
\o           doesn't support behavioral module components with hidden
\o           states found in component 'rpolyh_ahdl'.  Skipped.
\o Error
\o           found by spectre.
\o Error found by spectre.
\o ERROR
\o           (SPCRTRF-15024): The pac analysis was skipped because a PSS
\o           analysis must be run first.
\o 
\o 
\o 
\o 
\o 
\o *Info*    Client has finished evaluating ... 
\o 
\o ERROR (ADE-2709): Evaluation of output 'VOUT_PSS_time' returned 'nil' for point:'19' test:'VGA:VGA_1_tb:1'
\o 	Expression:'vtime('pss "/vout")'.
\o Ensure that the definition of output is correct.
\o 
\o ERROR (ADE-2709): Evaluation of output 'VOUT_PAC' returned 'nil' for point:'19' test:'VGA:VGA_1_tb:1'
\o 	Expression:'vh('pac "/vout")'.
\o Ensure that the definition of output is correct.
\o 
\o ERROR (ADE-2709): Evaluation of output 'VOUT_PSS' returned 'nil' for point:'19' test:'VGA:VGA_1_tb:1'
\o 	Expression:'vh('pss "/vout")'.
\o Ensure that the definition of output is correct.
\o 
\o 
\o *Info*    Run complete for Point ID (45 19) on testbench [
\o           VGA:VGA_1_tb:1 ].
\o 
\o 
\o 
\o 
\o 
\o Simulation design variables differ from those on the cellView,
\o they have been saved in the file "/tmp/saved-design-variables".
\o To save future changes, copy variables to cellView before exiting.
\o 
\o 
\o *Info*    Configuring the session ...
\o 
\o 	Library      = VGA
\o 	Cell         = VGA_1_tb
\o 	View         = schematic
\o 	Simulator    = spectre
\o 	State Path   = $AXL_SETUPDB_DIR/test_states
\o 	State Name   = VGA:VGA_1_tb:1_none_Interactive.88
\o 	Results DB   = /home/davidevi/Desktop/myproject/VGA/VGA_1_tb/adexl/results/data/Interactive.88.rdb
\o 	Results Dir  = /home/davidevi/Desktop/myproject/Sim/VGA/VGA_1_tb/adexl/results/data/Interactive.88/1/VGA:VGA_1_tb:1
\o 	Results Loc  = /home/davidevi/Desktop/myproject/Sim/VGA/VGA_1_tb/adexl/results/data
\o 	Project Dir  = /home/davidevi/Desktop/myproject/Sim
\o 	Setup DB loc = /home/davidevi/Desktop/myproject/VGA/VGA_1_tb/adexl
\o 	File Encoding = 0
\o 
\o 
\o 
\o *Info*    The auto suspension is disabled.
\o 
\o 
\o 
\o 
\o 
\o 
\o *Info*    Run start for Point ID (46 2) on testbench [ VGA:VGA_1_tb:1
\o           ].
\o 
\o Resetting statistical vars
\o 
\o *Info*    Setting parameter values ...
\o 
\o Setting var S0 = "3.3"
\o Setting var S1 = "3.3"
\o Setting var S2 = "3.3"
\o Setting var S3 = "3.3"
\o Setting var VDD = "3.3"
\o Setting var VIN_PULSE = "10m"
\o Setting var V_AMP = "0"
\o Setting var V_FREQ = "1k"
\o Setting var temperature = "27"
\o Setting temp(T) = 27
\o Setting var tf = "1n"
\o Setting var tr = "1n"
\o 
\o *Info*    Netlist Directory =
\o           /home/davidevi/Desktop/myproject/Sim/VGA/VGA_1_tb/adexl/results/data/Interactive.88/2/VGA:VGA_1_tb:1/netlist
\o 
\o 
\o *Info*    Data Directory    =
\o           /home/davidevi/Desktop/myproject/Sim/VGA/VGA_1_tb/adexl/results/data/Interactive.88/2/VGA:VGA_1_tb:1
\o 
\o 
\o *Info*    Creating Netlist for Point ID (46 2)
\o 
\o generate netlist...
\o function ansCdlCompPrim redefined
\o function ansCdlCompPrim redefined
\o Begin Incremental Netlisting Apr  8 12:32:12 2026
\o End netlisting Apr  8 12:32:12 2026
\o 
\o 	The netlist is up to date.
\o 	Time taken to compare the design with netlist:   0.0s
\o       ...successful.
\o compose simulator input file...
\o       ...successful.
\o 
\o *Info*    Running simulation on testbench [ VGA:VGA_1_tb:1 ] for
\o           Point ID (46 2).
\o 
\o Delete psf data in /home/davidevi/Desktop/myproject/Sim/VGA/VGA_1_tb/adexl/results/data/Interactive.88/2/VGA:VGA_1_tb:1/psf.
\o compose simulator input file...
\o       ...successful.
\o start simulator if needed...
\o       ...successful.
\o simulate...
\o To view the simulator output, right-click on the test name, result 
\o name, or any value in the "Results" tab of the Outputs section and 
\o choose "Output Log" menu option.
\o WARNING (ADE-3080): Fast viewing extensions for PSF XL format (also known as RTSF) will be discontinued  
\o        and Virtuoso Visualization and Analysis XL will not use RTSF data to plot waveforms from IC6.1.8 ISR7 onward. 
\o        There will be no performance impact on data visualization due to this change.
\o INFO (ADE-3071): Simulation completed successfully.
\o reading simulation data...
\o       ...successful.
\o *Info*    Client has finished evaluating ... 
\o 
\o 
\o *Info*    Run complete for Point ID (46 2) on testbench [
\o           VGA:VGA_1_tb:1 ].
\o 
\o 
\o 
\o 
\o 
\o 
\o 
\o 
\o 
\o 
\o *Info*    Run start for Point ID (46 54) on testbench [
\o           VGA:VGA_1_tb:1 ].
\o 
\o Resetting statistical vars
\o 
\o *Info*    Setting parameter values ...
\o 
\o Setting var VDD = "2.97"
\o 
\o *Info*    Netlist Directory =
\o           /home/davidevi/Desktop/myproject/Sim/VGA/VGA_1_tb/adexl/results/data/Interactive.88/54/VGA:VGA_1_tb:1/netlist
\o 
\o 
\o *Info*    Data Directory    =
\o           /home/davidevi/Desktop/myproject/Sim/VGA/VGA_1_tb/adexl/results/data/Interactive.88/54/VGA:VGA_1_tb:1
\o 
\o 
\o *Info*    Creating Netlist for Point ID (46 54)
\o 
\o generate netlist...
\o function ansCdlCompPrim redefined
\o function ansCdlCompPrim redefined
\o Begin Incremental Netlisting Apr  8 12:32:17 2026
\o End netlisting Apr  8 12:32:17 2026
\o 
\o 	The netlist is up to date.
\o 	Time taken to compare the design with netlist:   0.0s
\o       ...successful.
\o compose simulator input file...
\o       ...successful.
\o 
\o *Info*    Running simulation on testbench [ VGA:VGA_1_tb:1 ] for
\o           Point ID (46 54).
\o 
\o Delete psf data in /home/davidevi/Desktop/myproject/Sim/VGA/VGA_1_tb/adexl/results/data/Interactive.88/54/VGA:VGA_1_tb:1/psf.
\o compose simulator input file...
\o       ...successful.
\o start simulator if needed...
\o       ...successful.
\o simulate...
\o To view the simulator output, right-click on the test name, result 
\o name, or any value in the "Results" tab of the Outputs section and 
\o choose "Output Log" menu option.
\o WARNING (ADE-3080): Fast viewing extensions for PSF XL format (also known as RTSF) will be discontinued  
\o        and Virtuoso Visualization and Analysis XL will not use RTSF data to plot waveforms from IC6.1.8 ISR7 onward. 
\o        There will be no performance impact on data visualization due to this change.
\o INFO (ADE-3071): Simulation completed successfully.
\o reading simulation data...
\o       ...successful.
\o *Info*    Client has finished evaluating ... 
\o 
\o 
\o *Info*    Run complete for Point ID (46 54) on testbench [
\o           VGA:VGA_1_tb:1 ].
\o 
\o 
\o 
\o 
\o 
\o 
\o 
\o 
\o 
\o 
\o *Info*    Run start for Point ID (46 58) on testbench [
\o           VGA:VGA_1_tb:1 ].
\o 
\o Resetting statistical vars
\o 
\o *Info*    Setting parameter values ...
\o 
\o 
\o *Info*    Netlist Directory =
\o           /home/davidevi/Desktop/myproject/Sim/VGA/VGA_1_tb/adexl/results/data/Interactive.88/58/VGA:VGA_1_tb:1/netlist
\o 
\o 
\o *Info*    Data Directory    =
\o           /home/davidevi/Desktop/myproject/Sim/VGA/VGA_1_tb/adexl/results/data/Interactive.88/58/VGA:VGA_1_tb:1
\o 
\o 
\o *Info*    Creating Netlist for Point ID (46 58)
\o 
\o generate netlist...
\o function ansCdlCompPrim redefined
\o function ansCdlCompPrim redefined
\o Begin Incremental Netlisting Apr  8 12:32:21 2026
\o End netlisting Apr  8 12:32:21 2026
\o 
\o 	The netlist is up to date.
\o 	Time taken to compare the design with netlist:   0.0s
\o       ...successful.
\o compose simulator input file...
\o       ...successful.
\o 
\o *Info*    Running simulation on testbench [ VGA:VGA_1_tb:1 ] for
\o           Point ID (46 58).
\o 
\o Delete psf data in /home/davidevi/Desktop/myproject/Sim/VGA/VGA_1_tb/adexl/results/data/Interactive.88/58/VGA:VGA_1_tb:1/psf.
\o compose simulator input file...
\o       ...successful.
\o start simulator if needed...
\o       ...successful.
\o simulate...
\o To view the simulator output, right-click on the test name, result 
\o name, or any value in the "Results" tab of the Outputs section and 
\o choose "Output Log" menu option.
\o WARNING (ADE-3080): Fast viewing extensions for PSF XL format (also known as RTSF) will be discontinued  
\o        and Virtuoso Visualization and Analysis XL will not use RTSF data to plot waveforms from IC6.1.8 ISR7 onward. 
\o        There will be no performance impact on data visualization due to this change.
\# Memory report: using         563 MB, process size 2,372 MB at UTC 2026.04.08 12:32:22.227
\o INFO (ADE-3071): Simulation completed successfully.
\o reading simulation data...
\o       ...successful.
\o *Info*    Client has finished evaluating ... 
\o 
\o 
\o *Info*    Run complete for Point ID (46 58) on testbench [
\o           VGA:VGA_1_tb:1 ].
\o 
\o 
\o 
\o 
\o 
\o 
\o 
\o 
\o 
\o 
\o *Info*    Run start for Point ID (46 6) on testbench [ VGA:VGA_1_tb:1
\o           ].
\o 
\o Resetting statistical vars
\o 
\o *Info*    Setting parameter values ...
\o 
\o 
\o *Info*    Netlist Directory =
\o           /home/davidevi/Desktop/myproject/Sim/VGA/VGA_1_tb/adexl/results/data/Interactive.88/6/VGA:VGA_1_tb:1/netlist
\o 
\o 
\o *Info*    Data Directory    =
\o           /home/davidevi/Desktop/myproject/Sim/VGA/VGA_1_tb/adexl/results/data/Interactive.88/6/VGA:VGA_1_tb:1
\o 
\o 
\o *Info*    Creating Netlist for Point ID (46 6)
\o 
\o generate netlist...
\o function ansCdlCompPrim redefined
\o function ansCdlCompPrim redefined
\o Begin Incremental Netlisting Apr  8 12:32:25 2026
\o End netlisting Apr  8 12:32:25 2026
\o 
\o 	The netlist is up to date.
\o 	Time taken to compare the design with netlist:   0.0s
\o       ...successful.
\o compose simulator input file...
\o       ...successful.
\o 
\o *Info*    Running simulation on testbench [ VGA:VGA_1_tb:1 ] for
\o           Point ID (46 6).
\o 
\o Delete psf data in /home/davidevi/Desktop/myproject/Sim/VGA/VGA_1_tb/adexl/results/data/Interactive.88/6/VGA:VGA_1_tb:1/psf.
\o compose simulator input file...
\o       ...successful.
\o start simulator if needed...
\o       ...successful.
\o simulate...
\o To view the simulator output, right-click on the test name, result 
\o name, or any value in the "Results" tab of the Outputs section and 
\o choose "Output Log" menu option.
\o WARNING (ADE-3080): Fast viewing extensions for PSF XL format (also known as RTSF) will be discontinued  
\o        and Virtuoso Visualization and Analysis XL will not use RTSF data to plot waveforms from IC6.1.8 ISR7 onward. 
\o        There will be no performance impact on data visualization due to this change.
\o INFO (ADE-3071): Simulation completed successfully.
\o reading simulation data...
\o       ...successful.
\o *Info*    Client has finished evaluating ... 
\o 
\o 
\o *Info*    Run complete for Point ID (46 6) on testbench [
\o           VGA:VGA_1_tb:1 ].
\o 
\o 
\o 
\o 
\o 
\o 
\o 
\o 
\o 
\o 
\o *Info*    Run start for Point ID (46 10) on testbench [
\o           VGA:VGA_1_tb:1 ].
\o 
\o Resetting statistical vars
\o 
\o *Info*    Setting parameter values ...
\o 
\o 
\o *Info*    Netlist Directory =
\o           /home/davidevi/Desktop/myproject/Sim/VGA/VGA_1_tb/adexl/results/data/Interactive.88/10/VGA:VGA_1_tb:1/netlist
\o 
\o 
\o *Info*    Data Directory    =
\o           /home/davidevi/Desktop/myproject/Sim/VGA/VGA_1_tb/adexl/results/data/Interactive.88/10/VGA:VGA_1_tb:1
\o 
\o 
\o *Info*    Creating Netlist for Point ID (46 10)
\o 
\o generate netlist...
\o function ansCdlCompPrim redefined
\o function ansCdlCompPrim redefined
\o Begin Incremental Netlisting Apr  8 12:32:30 2026
\o End netlisting Apr  8 12:32:30 2026
\o 
\o 	The netlist is up to date.
\o 	Time taken to compare the design with netlist:   0.0s
\o       ...successful.
\o compose simulator input file...
\o       ...successful.
\o 
\o *Info*    Running simulation on testbench [ VGA:VGA_1_tb:1 ] for
\o           Point ID (46 10).
\o 
\o Delete psf data in /home/davidevi/Desktop/myproject/Sim/VGA/VGA_1_tb/adexl/results/data/Interactive.88/10/VGA:VGA_1_tb:1/psf.
\o compose simulator input file...
\o       ...successful.
\o start simulator if needed...
\o       ...successful.
\o simulate...
\o To view the simulator output, right-click on the test name, result 
\o name, or any value in the "Results" tab of the Outputs section and 
\o choose "Output Log" menu option.
\o WARNING (ADE-3080): Fast viewing extensions for PSF XL format (also known as RTSF) will be discontinued  
\o        and Virtuoso Visualization and Analysis XL will not use RTSF data to plot waveforms from IC6.1.8 ISR7 onward. 
\o        There will be no performance impact on data visualization due to this change.
\o INFO (ADE-3071): Simulation completed successfully.
\o reading simulation data...
\o       ...successful.
\o *Info*    Client has finished evaluating ... 
\o 
\o 
\o *Info*    Run complete for Point ID (46 10) on testbench [
\o           VGA:VGA_1_tb:1 ].
\o 
\o 
\o 
\o 
\o 
\o 
\o 
\o 
\o 
\o 
\o *Info*    Run start for Point ID (46 13) on testbench [
\o           VGA:VGA_1_tb:1 ].
\o 
\o Resetting statistical vars
\o 
\o *Info*    Setting parameter values ...
\o 
\o Setting var VDD = "3.63"
\o 
\o *Info*    Netlist Directory =
\o           /home/davidevi/Desktop/myproject/Sim/VGA/VGA_1_tb/adexl/results/data/Interactive.88/13/VGA:VGA_1_tb:1/netlist
\o 
\o 
\o *Info*    Data Directory    =
\o           /home/davidevi/Desktop/myproject/Sim/VGA/VGA_1_tb/adexl/results/data/Interactive.88/13/VGA:VGA_1_tb:1
\o 
\o 
\o *Info*    Creating Netlist for Point ID (46 13)
\o 
\o generate netlist...
\o function ansCdlCompPrim redefined
\o function ansCdlCompPrim redefined
\o Begin Incremental Netlisting Apr  8 12:32:34 2026
\o End netlisting Apr  8 12:32:34 2026
\o 
\o 	The netlist is up to date.
\o 	Time taken to compare the design with netlist:   0.0s
\o       ...successful.
\o compose simulator input file...
\o       ...successful.
\o 
\o *Info*    Running simulation on testbench [ VGA:VGA_1_tb:1 ] for
\o           Point ID (46 13).
\o 
\o Delete psf data in /home/davidevi/Desktop/myproject/Sim/VGA/VGA_1_tb/adexl/results/data/Interactive.88/13/VGA:VGA_1_tb:1/psf.
\o compose simulator input file...
\o       ...successful.
\o start simulator if needed...
\o       ...successful.
\o simulate...
\o To view the simulator output, right-click on the test name, result 
\o name, or any value in the "Results" tab of the Outputs section and 
\o choose "Output Log" menu option.
\o WARNING (ADE-3080): Fast viewing extensions for PSF XL format (also known as RTSF) will be discontinued  
\o        and Virtuoso Visualization and Analysis XL will not use RTSF data to plot waveforms from IC6.1.8 ISR7 onward. 
\o        There will be no performance impact on data visualization due to this change.
\o INFO (ADE-3071): Simulation completed successfully.
\o reading simulation data...
\o       ...successful.
\o *Info*    Client has finished evaluating ... 
\o 
\o 
\o *Info*    Run complete for Point ID (46 13) on testbench [
\o           VGA:VGA_1_tb:1 ].
\o 
\o 
\o 
\o 
\o 
\o 
\o 
\o 
\o 
\o 
\o *Info*    Run start for Point ID (46 18) on testbench [
\o           VGA:VGA_1_tb:1 ].
\o 
\o Resetting statistical vars
\o 
\o *Info*    Setting parameter values ...
\o 
\o Setting var VDD = "2.97"
\o 
\o *Info*    Netlist Directory =
\o           /home/davidevi/Desktop/myproject/Sim/VGA/VGA_1_tb/adexl/results/data/Interactive.88/18/VGA:VGA_1_tb:1/netlist
\o 
\o 
\o *Info*    Data Directory    =
\o           /home/davidevi/Desktop/myproject/Sim/VGA/VGA_1_tb/adexl/results/data/Interactive.88/18/VGA:VGA_1_tb:1
\o 
\o 
\o *Info*    Creating Netlist for Point ID (46 18)
\o 
\o generate netlist...
\o function ansCdlCompPrim redefined
\o function ansCdlCompPrim redefined
\o Begin Incremental Netlisting Apr  8 12:32:38 2026
\o End netlisting Apr  8 12:32:38 2026
\o 
\o 	The netlist is up to date.
\o 	Time taken to compare the design with netlist:   0.0s
\o       ...successful.
\o compose simulator input file...
\o       ...successful.
\o 
\o *Info*    Running simulation on testbench [ VGA:VGA_1_tb:1 ] for
\o           Point ID (46 18).
\o 
\o Delete psf data in /home/davidevi/Desktop/myproject/Sim/VGA/VGA_1_tb/adexl/results/data/Interactive.88/18/VGA:VGA_1_tb:1/psf.
\o compose simulator input file...
\o       ...successful.
\o start simulator if needed...
\o       ...successful.
\o simulate...
\o To view the simulator output, right-click on the test name, result 
\o name, or any value in the "Results" tab of the Outputs section and 
\o choose "Output Log" menu option.
\o WARNING (ADE-3080): Fast viewing extensions for PSF XL format (also known as RTSF) will be discontinued  
\o        and Virtuoso Visualization and Analysis XL will not use RTSF data to plot waveforms from IC6.1.8 ISR7 onward. 
\o        There will be no performance impact on data visualization due to this change.
\o INFO (ADE-3071): Simulation completed successfully.
\o reading simulation data...
\o       ...successful.
\o *Info*    Client has finished evaluating ... 
\o 
\o 
\o *Info*    Run complete for Point ID (46 18) on testbench [
\o           VGA:VGA_1_tb:1 ].
\o 
\o 
\o 
\o 
\o 
\o 
\o 
\o 
\o 
\o 
\o *Info*    Run start for Point ID (46 22) on testbench [
\o           VGA:VGA_1_tb:1 ].
\o 
\o Resetting statistical vars
\o 
\o *Info*    Setting parameter values ...
\o 
\o Setting var temperature = "-40"
\o Setting temp(T) = -40
\o 
\o *Info*    Netlist Directory =
\o           /home/davidevi/Desktop/myproject/Sim/VGA/VGA_1_tb/adexl/results/data/Interactive.88/22/VGA:VGA_1_tb:1/netlist
\o 
\o 
\o *Info*    Data Directory    =
\o           /home/davidevi/Desktop/myproject/Sim/VGA/VGA_1_tb/adexl/results/data/Interactive.88/22/VGA:VGA_1_tb:1
\o 
\o 
\o *Info*    Creating Netlist for Point ID (46 22)
\o 
\o generate netlist...
\o function ansCdlCompPrim redefined
\o function ansCdlCompPrim redefined
\o Begin Incremental Netlisting Apr  8 12:32:43 2026
\o End netlisting Apr  8 12:32:43 2026
\o 
\o 	The netlist is up to date.
\o 	Time taken to compare the design with netlist:   1.0s
\o       ...successful.
\o compose simulator input file...
\o       ...successful.
\o 
\o *Info*    Running simulation on testbench [ VGA:VGA_1_tb:1 ] for
\o           Point ID (46 22).
\o 
\o Delete psf data in /home/davidevi/Desktop/myproject/Sim/VGA/VGA_1_tb/adexl/results/data/Interactive.88/22/VGA:VGA_1_tb:1/psf.
\o compose simulator input file...
\o       ...successful.
\o start simulator if needed...
\o       ...successful.
\o simulate...
\o To view the simulator output, right-click on the test name, result 
\o name, or any value in the "Results" tab of the Outputs section and 
\o choose "Output Log" menu option.
\o WARNING (ADE-3080): Fast viewing extensions for PSF XL format (also known as RTSF) will be discontinued  
\o        and Virtuoso Visualization and Analysis XL will not use RTSF data to plot waveforms from IC6.1.8 ISR7 onward. 
\o        There will be no performance impact on data visualization due to this change.
\o INFO (ADE-3071): Simulation completed successfully.
\o reading simulation data...
\o       ...successful.
\o *Info*    Client has finished evaluating ... 
\o 
\o 
\o *Info*    Run complete for Point ID (46 22) on testbench [
\o           VGA:VGA_1_tb:1 ].
\o 
\o 
\o 
\o 
\o 
\o 
\o 
\o 
\o 
\o 
\o *Info*    Run start for Point ID (46 26) on testbench [
\o           VGA:VGA_1_tb:1 ].
\o 
\o Resetting statistical vars
\o 
\o *Info*    Setting parameter values ...
\o 
\o 
\o *Info*    Netlist Directory =
\o           /home/davidevi/Desktop/myproject/Sim/VGA/VGA_1_tb/adexl/results/data/Interactive.88/26/VGA:VGA_1_tb:1/netlist
\o 
\o 
\o *Info*    Data Directory    =
\o           /home/davidevi/Desktop/myproject/Sim/VGA/VGA_1_tb/adexl/results/data/Interactive.88/26/VGA:VGA_1_tb:1
\o 
\o 
\o *Info*    Creating Netlist for Point ID (46 26)
\o 
\o generate netlist...
\o function ansCdlCompPrim redefined
\o function ansCdlCompPrim redefined
\o Begin Incremental Netlisting Apr  8 12:32:47 2026
\o End netlisting Apr  8 12:32:47 2026
\o 
\o 	The netlist is up to date.
\o 	Time taken to compare the design with netlist:   0.0s
\o       ...successful.
\o compose simulator input file...
\o       ...successful.
\o 
\o *Info*    Running simulation on testbench [ VGA:VGA_1_tb:1 ] for
\o           Point ID (46 26).
\o 
\o Delete psf data in /home/davidevi/Desktop/myproject/Sim/VGA/VGA_1_tb/adexl/results/data/Interactive.88/26/VGA:VGA_1_tb:1/psf.
\o compose simulator input file...
\o       ...successful.
\o start simulator if needed...
\o       ...successful.
\o simulate...
\o To view the simulator output, right-click on the test name, result 
\o name, or any value in the "Results" tab of the Outputs section and 
\o choose "Output Log" menu option.
\o WARNING (ADE-3080): Fast viewing extensions for PSF XL format (also known as RTSF) will be discontinued  
\o        and Virtuoso Visualization and Analysis XL will not use RTSF data to plot waveforms from IC6.1.8 ISR7 onward. 
\o        There will be no performance impact on data visualization due to this change.
\o INFO (ADE-3071): Simulation completed successfully.
\o reading simulation data...
\o       ...successful.
\o *Info*    Client has finished evaluating ... 
\o 
\o 
\o *Info*    Run complete for Point ID (46 26) on testbench [
\o           VGA:VGA_1_tb:1 ].
\o 
\o 
\o 
\o 
\o 
\o 
\o 
\o 
\o 
\o 
\o *Info*    Run start for Point ID (46 30) on testbench [
\o           VGA:VGA_1_tb:1 ].
\o 
\o Resetting statistical vars
\o 
\o *Info*    Setting parameter values ...
\o 
\o 
\o *Info*    Netlist Directory =
\o           /home/davidevi/Desktop/myproject/Sim/VGA/VGA_1_tb/adexl/results/data/Interactive.88/30/VGA:VGA_1_tb:1/netlist
\o 
\o 
\o *Info*    Data Directory    =
\o           /home/davidevi/Desktop/myproject/Sim/VGA/VGA_1_tb/adexl/results/data/Interactive.88/30/VGA:VGA_1_tb:1
\o 
\o 
\o *Info*    Creating Netlist for Point ID (46 30)
\o 
\o generate netlist...
\o function ansCdlCompPrim redefined
\o function ansCdlCompPrim redefined
\o Begin Incremental Netlisting Apr  8 12:32:51 2026
\o End netlisting Apr  8 12:32:51 2026
\o 
\o 	The netlist is up to date.
\o 	Time taken to compare the design with netlist:   0.0s
\o       ...successful.
\o compose simulator input file...
\o       ...successful.
\o 
\o *Info*    Running simulation on testbench [ VGA:VGA_1_tb:1 ] for
\o           Point ID (46 30).
\o 
\o Delete psf data in /home/davidevi/Desktop/myproject/Sim/VGA/VGA_1_tb/adexl/results/data/Interactive.88/30/VGA:VGA_1_tb:1/psf.
\o compose simulator input file...
\o       ...successful.
\o start simulator if needed...
\o       ...successful.
\o simulate...
\o To view the simulator output, right-click on the test name, result 
\o name, or any value in the "Results" tab of the Outputs section and 
\o choose "Output Log" menu option.
\o WARNING (ADE-3080): Fast viewing extensions for PSF XL format (also known as RTSF) will be discontinued  
\o        and Virtuoso Visualization and Analysis XL will not use RTSF data to plot waveforms from IC6.1.8 ISR7 onward. 
\o        There will be no performance impact on data visualization due to this change.
\o INFO (ADE-3071): Simulation completed successfully.
\o reading simulation data...
\o       ...successful.
\o *Info*    Client has finished evaluating ... 
\o 
\o 
\o *Info*    Run complete for Point ID (46 30) on testbench [
\o           VGA:VGA_1_tb:1 ].
\o 
\o 
\o 
\o 
\o 
\o 
\o 
\o 
\o 
\o 
\o *Info*    Run start for Point ID (46 34) on testbench [
\o           VGA:VGA_1_tb:1 ].
\o 
\o Resetting statistical vars
\o 
\o *Info*    Setting parameter values ...
\o 
\o 
\o *Info*    Netlist Directory =
\o           /home/davidevi/Desktop/myproject/Sim/VGA/VGA_1_tb/adexl/results/data/Interactive.88/34/VGA:VGA_1_tb:1/netlist
\o 
\o 
\o *Info*    Data Directory    =
\o           /home/davidevi/Desktop/myproject/Sim/VGA/VGA_1_tb/adexl/results/data/Interactive.88/34/VGA:VGA_1_tb:1
\o 
\o 
\o *Info*    Creating Netlist for Point ID (46 34)
\o 
\o generate netlist...
\o function ansCdlCompPrim redefined
\o function ansCdlCompPrim redefined
\o Begin Incremental Netlisting Apr  8 12:32:55 2026
\o End netlisting Apr  8 12:32:55 2026
\o 
\o 	The netlist is up to date.
\o 	Time taken to compare the design with netlist:   0.0s
\o       ...successful.
\o compose simulator input file...
\o       ...successful.
\o 
\o *Info*    Running simulation on testbench [ VGA:VGA_1_tb:1 ] for
\o           Point ID (46 34).
\o 
\o Delete psf data in /home/davidevi/Desktop/myproject/Sim/VGA/VGA_1_tb/adexl/results/data/Interactive.88/34/VGA:VGA_1_tb:1/psf.
\o compose simulator input file...
\o       ...successful.
\o start simulator if needed...
\o       ...successful.
\o simulate...
\o To view the simulator output, right-click on the test name, result 
\o name, or any value in the "Results" tab of the Outputs section and 
\o choose "Output Log" menu option.
\o WARNING (ADE-3080): Fast viewing extensions for PSF XL format (also known as RTSF) will be discontinued  
\o        and Virtuoso Visualization and Analysis XL will not use RTSF data to plot waveforms from IC6.1.8 ISR7 onward. 
\o        There will be no performance impact on data visualization due to this change.
\o INFO (ADE-3071): Simulation completed successfully.
\o reading simulation data...
\o       ...successful.
\o *Info*    Client has finished evaluating ... 
\o 
\o 
\o *Info*    Run complete for Point ID (46 34) on testbench [
\o           VGA:VGA_1_tb:1 ].
\o 
\o 
\o 
\o 
\o 
\o 
\o 
\o 
\o 
\o 
\o *Info*    Run start for Point ID (46 38) on testbench [
\o           VGA:VGA_1_tb:1 ].
\o 
\o Resetting statistical vars
\o 
\o *Info*    Setting parameter values ...
\o 
\o 
\o *Info*    Netlist Directory =
\o           /home/davidevi/Desktop/myproject/Sim/VGA/VGA_1_tb/adexl/results/data/Interactive.88/38/VGA:VGA_1_tb:1/netlist
\o 
\o 
\o *Info*    Data Directory    =
\o           /home/davidevi/Desktop/myproject/Sim/VGA/VGA_1_tb/adexl/results/data/Interactive.88/38/VGA:VGA_1_tb:1
\o 
\o 
\o *Info*    Creating Netlist for Point ID (46 38)
\o 
\o generate netlist...
\o function ansCdlCompPrim redefined
\o function ansCdlCompPrim redefined
\o Begin Incremental Netlisting Apr  8 12:32:59 2026
\o End netlisting Apr  8 12:32:59 2026
\o 
\o 	The netlist is up to date.
\o 	Time taken to compare the design with netlist:   0.0s
\o       ...successful.
\o compose simulator input file...
\o       ...successful.
\o 
\o *Info*    Running simulation on testbench [ VGA:VGA_1_tb:1 ] for
\o           Point ID (46 38).
\o 
\o Delete psf data in /home/davidevi/Desktop/myproject/Sim/VGA/VGA_1_tb/adexl/results/data/Interactive.88/38/VGA:VGA_1_tb:1/psf.
\o compose simulator input file...
\o       ...successful.
\o start simulator if needed...
\o       ...successful.
\o simulate...
\o To view the simulator output, right-click on the test name, result 
\o name, or any value in the "Results" tab of the Outputs section and 
\o choose "Output Log" menu option.
\o WARNING (ADE-3080): Fast viewing extensions for PSF XL format (also known as RTSF) will be discontinued  
\o        and Virtuoso Visualization and Analysis XL will not use RTSF data to plot waveforms from IC6.1.8 ISR7 onward. 
\o        There will be no performance impact on data visualization due to this change.
\o INFO (ADE-3071): Simulation completed successfully.
\o reading simulation data...
\o       ...successful.
\o *Info*    Client has finished evaluating ... 
\o 
\o 
\o *Info*    Run complete for Point ID (46 38) on testbench [
\o           VGA:VGA_1_tb:1 ].
\o 
\o 
\o 
\o 
\o 
\o 
\o 
\o 
\o 
\o 
\o *Info*    Run start for Point ID (46 41) on testbench [
\o           VGA:VGA_1_tb:1 ].
\o 
\o Resetting statistical vars
\o 
\o *Info*    Setting parameter values ...
\o 
\o Setting var VDD = "3.63"
\o Setting var temperature = "85"
\o Setting temp(T) = 85
\o 
\o *Info*    Netlist Directory =
\o           /home/davidevi/Desktop/myproject/Sim/VGA/VGA_1_tb/adexl/results/data/Interactive.88/41/VGA:VGA_1_tb:1/netlist
\o 
\o 
\o *Info*    Data Directory    =
\o           /home/davidevi/Desktop/myproject/Sim/VGA/VGA_1_tb/adexl/results/data/Interactive.88/41/VGA:VGA_1_tb:1
\o 
\o 
\o *Info*    Creating Netlist for Point ID (46 41)
\o 
\o generate netlist...
\o function ansCdlCompPrim redefined
\o function ansCdlCompPrim redefined
\o Begin Incremental Netlisting Apr  8 12:33:07 2026
\o End netlisting Apr  8 12:33:07 2026
\o 
\o 	The netlist is up to date.
\o 	Time taken to compare the design with netlist:   0.0s
\o       ...successful.
\o compose simulator input file...
\o       ...successful.
\o 
\o *Info*    Running simulation on testbench [ VGA:VGA_1_tb:1 ] for
\o           Point ID (46 41).
\o 
\o Delete psf data in /home/davidevi/Desktop/myproject/Sim/VGA/VGA_1_tb/adexl/results/data/Interactive.88/41/VGA:VGA_1_tb:1/psf.
\o compose simulator input file...
\o       ...successful.
\o start simulator if needed...
\o       ...successful.
\o simulate...
\o To view the simulator output, right-click on the test name, result 
\o name, or any value in the "Results" tab of the Outputs section and 
\o choose "Output Log" menu option.
\o WARNING (ADE-3080): Fast viewing extensions for PSF XL format (also known as RTSF) will be discontinued  
\o        and Virtuoso Visualization and Analysis XL will not use RTSF data to plot waveforms from IC6.1.8 ISR7 onward. 
\o        There will be no performance impact on data visualization due to this change.
\o INFO (ADE-3071): Simulation completed successfully.
\o reading simulation data...
\o       ...successful.
\o *Info*    Client has finished evaluating ... 
\o 
\o 
\o *Info*    Run complete for Point ID (46 41) on testbench [
\o           VGA:VGA_1_tb:1 ].
\o 
\o 
\o 
\o 
\o 
\o 
\o 
\o 
\o 
\o 
\o *Info*    Run start for Point ID (46 45) on testbench [
\o           VGA:VGA_1_tb:1 ].
\o 
\o Resetting statistical vars
\o 
\o *Info*    Setting parameter values ...
\o 
\o 
\o *Info*    Netlist Directory =
\o           /home/davidevi/Desktop/myproject/Sim/VGA/VGA_1_tb/adexl/results/data/Interactive.88/45/VGA:VGA_1_tb:1/netlist
\o 
\o 
\o *Info*    Data Directory    =
\o           /home/davidevi/Desktop/myproject/Sim/VGA/VGA_1_tb/adexl/results/data/Interactive.88/45/VGA:VGA_1_tb:1
\o 
\o 
\o *Info*    Creating Netlist for Point ID (46 45)
\o 
\o generate netlist...
\o function ansCdlCompPrim redefined
\o function ansCdlCompPrim redefined
\o Begin Incremental Netlisting Apr  8 12:33:12 2026
\o End netlisting Apr  8 12:33:12 2026
\o 
\o 	The netlist is up to date.
\o 	Time taken to compare the design with netlist:   0.0s
\o       ...successful.
\o compose simulator input file...
\o       ...successful.
\o 
\o *Info*    Running simulation on testbench [ VGA:VGA_1_tb:1 ] for
\o           Point ID (46 45).
\o 
\o Delete psf data in /home/davidevi/Desktop/myproject/Sim/VGA/VGA_1_tb/adexl/results/data/Interactive.88/45/VGA:VGA_1_tb:1/psf.
\o compose simulator input file...
\o       ...successful.
\o start simulator if needed...
\o       ...successful.
\o simulate...
\o To view the simulator output, right-click on the test name, result 
\o name, or any value in the "Results" tab of the Outputs section and 
\o choose "Output Log" menu option.
\o WARNING (ADE-3080): Fast viewing extensions for PSF XL format (also known as RTSF) will be discontinued  
\o        and Virtuoso Visualization and Analysis XL will not use RTSF data to plot waveforms from IC6.1.8 ISR7 onward. 
\o        There will be no performance impact on data visualization due to this change.
\o INFO (ADE-3071): Simulation completed successfully.
\o reading simulation data...
\o       ...successful.
\o *Info*    Client has finished evaluating ... 
\o 
\o 
\o *Info*    Run complete for Point ID (46 45) on testbench [
\o           VGA:VGA_1_tb:1 ].
\o 
\o 
\o 
\o 
\o 
\o 
\o 
\o 
\o 
\o 
\o *Info*    Run start for Point ID (46 49) on testbench [
\o           VGA:VGA_1_tb:1 ].
\o 
\o Resetting statistical vars
\o 
\o *Info*    Setting parameter values ...
\o 
\o 
\o *Info*    Netlist Directory =
\o           /home/davidevi/Desktop/myproject/Sim/VGA/VGA_1_tb/adexl/results/data/Interactive.88/49/VGA:VGA_1_tb:1/netlist
\o 
\o 
\o *Info*    Data Directory    =
\o           /home/davidevi/Desktop/myproject/Sim/VGA/VGA_1_tb/adexl/results/data/Interactive.88/49/VGA:VGA_1_tb:1
\o 
\o 
\o *Info*    Creating Netlist for Point ID (46 49)
\o 
\o generate netlist...
\o function ansCdlCompPrim redefined
\o function ansCdlCompPrim redefined
\o Begin Incremental Netlisting Apr  8 12:33:16 2026
\o End netlisting Apr  8 12:33:16 2026
\o 
\o 	The netlist is up to date.
\o 	Time taken to compare the design with netlist:   0.0s
\o       ...successful.
\o compose simulator input file...
\o       ...successful.
\o 
\o *Info*    Running simulation on testbench [ VGA:VGA_1_tb:1 ] for
\o           Point ID (46 49).
\o 
\o Delete psf data in /home/davidevi/Desktop/myproject/Sim/VGA/VGA_1_tb/adexl/results/data/Interactive.88/49/VGA:VGA_1_tb:1/psf.
\o compose simulator input file...
\o       ...successful.
\o start simulator if needed...
\o       ...successful.
\o simulate...
\o To view the simulator output, right-click on the test name, result 
\o name, or any value in the "Results" tab of the Outputs section and 
\o choose "Output Log" menu option.
\o WARNING (ADE-3080): Fast viewing extensions for PSF XL format (also known as RTSF) will be discontinued  
\o        and Virtuoso Visualization and Analysis XL will not use RTSF data to plot waveforms from IC6.1.8 ISR7 onward. 
\o        There will be no performance impact on data visualization due to this change.
\o INFO (ADE-3071): Simulation completed successfully.
\o reading simulation data...
\o       ...successful.
\o *Info*    Client has finished evaluating ... 
\o 
\o 
\o *Info*    Run complete for Point ID (46 49) on testbench [
\o           VGA:VGA_1_tb:1 ].
\o 
\o 
\o 
\o 
\o 
\o 
\o 
\o 
\o 
\o 
\o *Info*    Run start for Point ID (46 53) on testbench [
\o           VGA:VGA_1_tb:1 ].
\o 
\o Resetting statistical vars
\o 
\o *Info*    Setting parameter values ...
\o 
\o 
\o *Info*    Netlist Directory =
\o           /home/davidevi/Desktop/myproject/Sim/VGA/VGA_1_tb/adexl/results/data/Interactive.88/53/VGA:VGA_1_tb:1/netlist
\o 
\o 
\o *Info*    Data Directory    =
\o           /home/davidevi/Desktop/myproject/Sim/VGA/VGA_1_tb/adexl/results/data/Interactive.88/53/VGA:VGA_1_tb:1
\o 
\o 
\o *Info*    Creating Netlist for Point ID (46 53)
\o 
\o generate netlist...
\o function ansCdlCompPrim redefined
\o function ansCdlCompPrim redefined
\o Begin Incremental Netlisting Apr  8 12:33:20 2026
\o End netlisting Apr  8 12:33:20 2026
\o 
\o 	The netlist is up to date.
\o 	Time taken to compare the design with netlist:   0.0s
\o       ...successful.
\o compose simulator input file...
\o       ...successful.
\o 
\o *Info*    Running simulation on testbench [ VGA:VGA_1_tb:1 ] for
\o           Point ID (46 53).
\o 
\o Delete psf data in /home/davidevi/Desktop/myproject/Sim/VGA/VGA_1_tb/adexl/results/data/Interactive.88/53/VGA:VGA_1_tb:1/psf.
\o compose simulator input file...
\o       ...successful.
\o start simulator if needed...
\o       ...successful.
\o simulate...
\o To view the simulator output, right-click on the test name, result 
\o name, or any value in the "Results" tab of the Outputs section and 
\o choose "Output Log" menu option.
\o WARNING (ADE-3080): Fast viewing extensions for PSF XL format (also known as RTSF) will be discontinued  
\o        and Virtuoso Visualization and Analysis XL will not use RTSF data to plot waveforms from IC6.1.8 ISR7 onward. 
\o        There will be no performance impact on data visualization due to this change.
\o INFO (ADE-3071): Simulation completed successfully.
\o reading simulation data...
\o       ...successful.
\o *Info*    Client has finished evaluating ... 
\o 
\o 
\o *Info*    Run complete for Point ID (46 53) on testbench [
\o           VGA:VGA_1_tb:1 ].
\o 
\o 
\o 
\o 
\o 
\o Job 272 timed out after no activity in 300 seconds.
\o Simulation design variables differ from those on the cellView,
\o they have been saved in the file "/tmp/saved-design-variables".
\o To save future changes, copy variables to cellView before exiting.
\o 
\o *Info*    Received signal SIGTERM.
\o 
\o 
