*Info*    Exporting services from client ... 

*Info*    Client has finished starting ... 



*Info*    Configuring the session ...

	Library      = FECG
	Cell         = fecg_tb
	View         = schematic
	Simulator    = spectre
	State Path   = $AXL_SETUPDB_DIR/test_states
	State Name   = VIN_none_Interactive.40
	Results DB   = /home/davidevi/Desktop/IL2244_VT26_DAVIDE/FECG/fecg_tb/adexl/results/data/Interactive.40.rdb
	Results Dir  = /home/davidevi/Desktop/myproject/Sim/FECG/fecg_tb/adexl/results/data/Interactive.40/1/VIN
	Results Loc  = /home/davidevi/Desktop/myproject/Sim/FECG/fecg_tb/adexl/results/data
	Project Dir  = /home/davidevi/Desktop/myproject/Sim
	Setup DB loc = /home/davidevi/Desktop/IL2244_VT26_DAVIDE/FECG/fecg_tb/adexl
	File Encoding = 0



*Info*    The auto suspension is disabled.






*Info*    Run start for Point ID (0 1) on testbench [ VIN ].

Resetting statistical vars

*Info*    Setting parameter values ...

Setting var F0 = "1"
Setting var F1 = "1"
Setting var F2 = "0"
Setting var FC = "2K"
Setting var S0 = "3.3"
Setting var S1 = "0"
Setting var S2 = "0"
Setting var T0 = "0"
Setting var T1 = "0"
Setting var T2 = "0"
Setting var VCM_AC = "1"
Setting var VCM_DC = "1.6"
Setting var VDD = "3.3"
Setting var VDD_STEP = "0"
Setting var VIN_AC = "1"
Setting var VIN_AMP = "10m"
Setting var VIN_DC = "10m"
Setting var VIN_FREQ = "50"
Setting var VIN_STEP = "0"
Setting var temperature = "27"
Setting temp(T) = 27

*Info*    Netlist Directory =
          /home/davidevi/Desktop/myproject/Sim/FECG/fecg_tb/adexl/results/data/Interactive.40/1/VIN/netlist


*Info*    Data Directory    =
          /home/davidevi/Desktop/myproject/Sim/FECG/fecg_tb/adexl/results/data/Interactive.40/1/VIN


*Info*    Creating Netlist for Point ID (0 1)

generate netlist...
function ansCdlCompPrim redefined
function ansCdlCompPrim redefined
Initializing the control file using cp:
    cp /opt/tools/cadence/installs/IC618/tools.lnx86/dfII/etc/si/control.spectre /home/davidevi/Desktop/myproject/Sim/FECG/fecg_tb/adexl/results/data/Interactive.40/1/VIN/netlist/control
Copying Spectre source file 'spectre.inp'
Copying Spectre command file 'spectre.sim'
Begin Incremental Netlisting Apr  3 10:29:00 2026
WARNING (OSSHNL-940): Same Cell name 'chopper' is present in multiple libraries -  ECG_IA and FECG.

WARNING (OSSHNL-941): Failed to open the sameCellNamesInMultipleLibs file '/home/davidevi/Desktop/myproject/Sim/VGA/VGA_1_tb/adexl/results/data/Interactive.8/1/VGA:VGA_1_tb:1/netlist/ihnl/sameCellNamesInMultipleLibs', in the append mode.
Ensure that you have the write permission for the mentioned file.

End netlisting Apr  3 10:29:00 2026

Netlisting Statistics:
	Number of components:  220

	Elapsed time:          1.0s (220.00/s)
Errors: 0	Warnings: 0
      ...successful.
compose simulator input file...
      ...successful.

*Info*    Running simulation on testbench [ VIN ] for Point ID (0 1).

Delete psf data in /home/davidevi/Desktop/myproject/Sim/FECG/fecg_tb/adexl/results/data/Interactive.40/1/VIN/psf.
compose simulator input file...
      ...successful.
start simulator if needed...
      ...successful.
simulate...
To view the simulator output, right-click on the test name, result 
name, or any value in the "Results" tab of the Outputs section and 
choose "Output Log" menu option.
WARNING (ADE-3080): Fast viewing extensions for PSF XL format (also known as RTSF) will be discontinued  
       and Virtuoso Visualization and Analysis XL will not use RTSF data to plot waveforms from IC6.1.8 ISR7 onward. 
       There will be no performance impact on data visualization due to this change.
INFO (ADE-3071): Simulation completed successfully.
reading simulation data...
      ...successful.
*Info*    Client has finished evaluating ... 

ERROR (ADEXL-2708): Evaluation of output 'total_out_noise_pss' failed for point:'1' test:'VIN'
	Expression:'sqrt(totalNoise("pnoiseOut1" 0.01 100000 nil))'
	because of the following error(s)
	*Error* sqrt: can't handle sqrt(nil).
Ensure that the definition of output is correct.

WARNING (OCN-6054): The output '/VOUT3' you selected does not exist.  Type outputs() to see the list
        of available outputs or type help('v) for more information on the 'v' command.
ERROR (ADEXL-2709): Evaluation of output 'v /VOUT3; pss (V)' returned 'nil' for point:'1' test:'VIN'
	Expression:'vtime('pss "/VOUT3")'.
Ensure that the definition of output is correct.

WARNING (OCN-6054): The output '/VOUT1' you selected does not exist.  Type outputs() to see the list
        of available outputs or type help('v) for more information on the 'v' command.
ERROR (ADEXL-2709): Evaluation of output 'v /VOUT1; pss (V)' returned 'nil' for point:'1' test:'VIN'
	Expression:'vtime('pss "/VOUT1")'.
Ensure that the definition of output is correct.

WARNING (OCN-6054): The output '/VOUT2' you selected does not exist.  Type outputs() to see the list
        of available outputs or type help('v) for more information on the 'v' command.
ERROR (ADEXL-2709): Evaluation of output 'v /VOUT2; pss (V)' returned 'nil' for point:'1' test:'VIN'
	Expression:'vtime('pss "/VOUT2")'.
Ensure that the definition of output is correct.

WARNING (OCN-6054): The output '/VOUT1' you selected does not exist.  Type outputs() to see the list
        of available outputs or type help('v) for more information on the 'v' command.
ERROR (ADEXL-2709): Evaluation of output 'v /VOUT1; pac mag(V)' returned 'nil' for point:'1' test:'VIN'
	Expression:'vh('pac "/VOUT1")'.
Ensure that the definition of output is correct.

WARNING (OCN-6038): Results pz are not available for /home/davidevi/Desktop/myproject/Sim/FECG/fecg_tb/adexl/results/data/Interactive.40/1/VIN. Use results() for a list of available results.
WARNING (OCN-6038): Results pz are not available for /home/davidevi/Desktop/myproject/Sim/FECG/fecg_tb/adexl/results/data/Interactive.40/1/VIN. Use results() for a list of available results.
ERROR (ADEXL-2709): Evaluation of output 'Zeros' returned 'nil' for point:'1' test:'VIN'
	Expression:'pzFrequencyAndRealFilter(getData("zeros" ?result "pz"))'.
Ensure that the definition of output is correct.

WARNING (OCN-6038): Results xf are not available for /home/davidevi/Desktop/myproject/Sim/FECG/fecg_tb/adexl/results/data/Interactive.40/1/VIN. Use results() for a list of available results.
WARNING (OCN-6038): Results xf are not available for /home/davidevi/Desktop/myproject/Sim/FECG/fecg_tb/adexl/results/data/Interactive.40/1/VIN. Use results() for a list of available results.
ERROR (ADEXL-2709): Evaluation of output 'GAIN_CM' returned 'nil' for point:'1' test:'VIN'
	Expression:'db(getData("/V2" ?result "xf"))'.
Ensure that the definition of output is correct.

WARNING (OCN-6038): Results xf are not available for /home/davidevi/Desktop/myproject/Sim/FECG/fecg_tb/adexl/results/data/Interactive.40/1/VIN. Use results() for a list of available results.
WARNING (OCN-6038): Results xf are not available for /home/davidevi/Desktop/myproject/Sim/FECG/fecg_tb/adexl/results/data/Interactive.40/1/VIN. Use results() for a list of available results.
ERROR (ADEXL-2709): Evaluation of output 'GAIN_DIF' returned 'nil' for point:'1' test:'VIN'
	Expression:'db(getData("/V7" ?result "xf"))'.
Ensure that the definition of output is correct.

WARNING (OCN-6054): The output '/VOUT3' you selected does not exist.  Type outputs() to see the list
        of available outputs or type help('v) for more information on the 'v' command.
ERROR (ADEXL-2709): Evaluation of output 'v /VOUT3; pac mag(V)' returned 'nil' for point:'1' test:'VIN'
	Expression:'vh('pac "/VOUT3")'.
Ensure that the definition of output is correct.

WARNING (OCN-6038): Results pz are not available for /home/davidevi/Desktop/myproject/Sim/FECG/fecg_tb/adexl/results/data/Interactive.40/1/VIN. Use results() for a list of available results.
WARNING (OCN-6038): Results pz are not available for /home/davidevi/Desktop/myproject/Sim/FECG/fecg_tb/adexl/results/data/Interactive.40/1/VIN. Use results() for a list of available results.
ERROR (ADEXL-2709): Evaluation of output 'Poles' returned 'nil' for point:'1' test:'VIN'
	Expression:'pzFrequencyAndRealFilter(getData("poles" ?result "pz"))'.
Ensure that the definition of output is correct.

WARNING (OCN-6054): The output '/VOUT2' you selected does not exist.  Type outputs() to see the list
        of available outputs or type help('v) for more information on the 'v' command.
ERROR (ADEXL-2709): Evaluation of output 'v /VOUT2; pac mag(V)' returned 'nil' for point:'1' test:'VIN'
	Expression:'vh('pac "/VOUT2")'.
Ensure that the definition of output is correct.

WARNING (OCN-6054): The output '/VOUT2' you selected does not exist.  Type outputs() to see the list
        of available outputs or type help('v) for more information on the 'v' command.
ERROR (ADEXL-2709): Evaluation of output 'v /VOUT2; pss dB20(V)' returned 'nil' for point:'1' test:'VIN'
	Expression:'db(vh('pss "/VOUT2"))'.
Ensure that the definition of output is correct.

WARNING (OCN-6038): Results pnoiseOut1 are not available for /home/davidevi/Desktop/myproject/Sim/FECG/fecg_tb/adexl/results/data/Interactive.40/1/VIN. Use results() for a list of available results.
WARNING (OCN-6038): Results pnoiseOut1 are not available for /home/davidevi/Desktop/myproject/Sim/FECG/fecg_tb/adexl/results/data/Interactive.40/1/VIN. Use results() for a list of available results.
ERROR (ADEXL-2708): Evaluation of output 'output noise-(VOUT 0); V/sqrt(Hz)' failed for point:'1' test:'VIN'
	Expression:'rfOutputNoise("V/sqrt(Hz)" ?result "pnoiseOut1")'
	because of the following error(s)
	*Error* expt: can't handle (nil**2).
Ensure that the definition of output is correct.


*Info*    Run complete for Point ID (0 1) on testbench [ VIN ].





Simulation design variables differ from those on the cellView,
they have been saved in the file "/tmp/saved-design-variables".
To save future changes, copy variables to cellView before exiting.
