[Simulation Monitor: 286]
[2026-04-08 13:38:53.764 Z] [PROCESS] [cadence.virtuoso.ade.simulationMonitor] - Simulation Monitor has successfully started up. Trying to set up communication channels to other components ... {"hostname": "il2244vt26_davidevi", "processid": 775006, "logfile": "/home/davidevi/Desktop/myproject/logs_davidevi/logs0/Job286.log"}
[2026-04-08 13:38:53.764 Z] [PROCESS] [cadence.virtuoso.ade.simulationMonitor] - Communication channels have been successfully set up. Start processing events ... {"hostname": "il2244vt26_davidevi", "processid": 775006, "logfile": "/home/davidevi/Desktop/myproject/logs_davidevi/logs0/Job286.log"}
[2026-04-08 13:38:53.765 Z] [PROCESS] [cadence.virtuoso.ade.simulationMonitor] - Considering to start history {"hostname": "il2244vt26_davidevi", "processid": 775006, "history": "Interactive.89", "logfile": "/home/davidevi/Desktop/myproject/logs_davidevi/logs0/Job286.log"}
[2026-04-08 13:38:53.767 Z] [PROCESS] [cadence.virtuoso.ade.simulationMonitor] - Started History {"hostname": "il2244vt26_davidevi", "processid": 775006, "history": "Interactive.0", "logfile": "/home/davidevi/Desktop/myproject/logs_davidevi/logs0/Job286.log"}
[2026-04-08 13:38:53.768 Z] [PROCESS] [cadence.virtuoso.ade.simulationMonitor] - HostInfo:
Host name (type):	il2244vt26_davidevi (x86_64)
Operating system:	Linux 5.15.0-164-generic #174-Ubuntu SMP Fri Nov 14 20:25:16 UTC 2025 {"hostname": "il2244vt26_davidevi", "processid": 775006, "history": "Interactive.0", "logfile": "/home/davidevi/Desktop/myproject/logs_davidevi/logs0/Job286.log", "nodename": "il2244vt26_davidevi", "domainname": "(none)", "machine": "x86_64", "sysname": "Linux", "release": "5.15.0-164-generic", "version": "#174-Ubuntu SMP Fri Nov 14 20:25:16 UTC 2025"}
[2026-04-08 13:38:53.768 Z] [PROCESS] [cadence.virtuoso.ade.simulationMonitor] - UsageInfo:
pid=775006
totalPhysicalMemory=3023.749672GB,Used=1538.984921GB,totalVirtualMemory=3031.749668GB,Used=1539.007870GB
Cpu: Cores=48, Load average:9.470000,10.720000,15.400000 {"hostname": "il2244vt26_davidevi", "processid": 775006, "history": "Interactive.0", "logfile": "/home/davidevi/Desktop/myproject/logs_davidevi/logs0/Job286.log", "pid": "775006", "totalPhysicalMemory": "3023.749672", "physicalMemoryUsed": "1538.984921", "totalVirtualMemory": "3031.749668", "virtualMemoryUsed": "1539.007870", "cpuCores": "48", "processes": "29607", "loadAverage1": "9.470000", "loadAverage5": "10.720000", "loadAverage15": "15.400000", "loadAverage1Percent": "0.197292"}
[2026-04-08 13:38:53.770 Z] [EVENT] [cadence.virtuoso.ade.simulationMonitor] - NewPoint {"history": "Interactive.0", "point": 1, "testname": "VGA_VGA_1_pss_tb_1", "cornername": "Nominal", "event": "NewPoint", "EventSource": "Simulation Monitor", "HistoryName": "Interactive.0", "logFile": "/home/davidevi/Desktop/myproject/logs_davidevi/logs0/Job286.log", "logFileSize": "2522"}
[2026-04-08 13:38:53.872 Z] [EVENT] [cadence.virtuoso.ade.simulationMonitor] - NewPoint {"history": "Interactive.0", "point": 1, "testname": "VGA_VGA_1_pss_tb_1", "cornername": "Nominal", "event": "NewPoint", "EventSource": "spectre", "HistoryName": "Interactive.0", "logFile": "/home/davidevi/Desktop/myproject/Sim/VGA/VGA_1_pss_tb/maestro/results/maestro/Interactive.0/1/VGA_VGA_1_pss_tb_1/psf/spectre.out", "logFileSize": "-1"}
[2026-04-08 13:38:53.884 Z] [PROCESS] [cadence.virtuoso.ade.simulationMonitor] - Simulator launched {"hostname": "il2244vt26_davidevi", "processid": 775006, "history": "Interactive.0", "testname": "VGA_VGA_1_pss_tb_1", "cornername": "Nominal", "point": 1, "logfile": "/home/davidevi/Desktop/myproject/logs_davidevi/logs0/Job286.log", "simid": "1"}
[2026-04-08 13:38:53.887 Z] [PROCESS] [cadence.virtuoso.ade.simulationMonitor] - Expression evaluator launched {"hostname": "il2244vt26_davidevi", "processid": 775006, "history": "Interactive.0", "testname": "VGA_VGA_1_pss_tb_1", "cornername": "Nominal", "point": 1, "logfile": "/home/davidevi/Desktop/myproject/logs_davidevi/logs0/Job286.log"}
[2026-04-08 13:38:53.931 Z] [PROCESS] [cadence.virtuoso.ade.simulationMonitor] - Started Simulation {"hostname": "il2244vt26_davidevi", "processid": 775006, "history": "Interactive.0", "testname": "VGA_VGA_1_pss_tb_1", "cornername": "Nominal", "point": 1, "logfile": "/home/davidevi/Desktop/myproject/logs_davidevi/logs0/Job286.log", "event": "started", "task": "simulation"}
[2026-04-08 13:38:54.931 Z] [WARN] [cadence.virtuoso.ade.simulationMonitor] -     WARNING (SPECTRE-691): This CPU processor does not support x86 advanced vector extensions instructions. This may affect math operations and slow down the simulation. {"history": "Interactive.0", "point": 1, "testname": "VGA_VGA_1_pss_tb_1", "cornername": "Nominal"}
[2026-04-08 13:38:54.932 Z] [INFO] [cadence.virtuoso.ade.simulationMonitor] - Notice from spectre during circuit read-in.
    Pre_Configuration file used: /opt/tools/cadence/installs/SPECTRE241/tools.lnx86/spectre/etc/configs/preset.precfg
    Configuration file used: `/opt/tools/cadence/installs/SPECTRE241/tools.lnx86/spectre/etc/configs/preset.cfg'. {"history": "Interactive.0", "point": 1, "testname": "VGA_VGA_1_pss_tb_1", "cornername": "Nominal"}
[2026-04-08 13:38:54.932 Z] [WARN] [cadence.virtuoso.ade.simulationMonitor] -     WARNING (SPECTRE-8360): line 1511: `ac' is an undefined primitive device. {"history": "Interactive.0", "point": 1, "testname": "VGA_VGA_1_pss_tb_1", "cornername": "Nominal"}
[2026-04-08 13:38:54.932 Z] [WARN] [cadence.virtuoso.ade.simulationMonitor] -     WARNING (SPECTRE-8360): line 1512: `ac' is an undefined primitive device. {"history": "Interactive.0", "point": 1, "testname": "VGA_VGA_1_pss_tb_1", "cornername": "Nominal"}
[2026-04-08 13:38:54.932 Z] [WARN] [cadence.virtuoso.ade.simulationMonitor] -     WARNING (SPECTRE-8360): line 1513: `ac' is an undefined primitive device. {"history": "Interactive.0", "point": 1, "testname": "VGA_VGA_1_pss_tb_1", "cornername": "Nominal"}
[2026-04-08 13:38:54.932 Z] [WARN] [cadence.virtuoso.ade.simulationMonitor] -     WARNING (SPECTRE-8360): line 1514: `ac' is an undefined primitive device. {"history": "Interactive.0", "point": 1, "testname": "VGA_VGA_1_pss_tb_1", "cornername": "Nominal"}
[2026-04-08 13:38:54.932 Z] [WARN] [cadence.virtuoso.ade.simulationMonitor] -     WARNING (SPECTRE-8360): line 1515: `ac' is an undefined primitive device.
        Further occurrences of this warning will be suppressed. {"history": "Interactive.0", "point": 1, "testname": "VGA_VGA_1_pss_tb_1", "cornername": "Nominal"}
[2026-04-08 13:38:54.933 Z] [INFO] [cadence.virtuoso.ade.simulationMonitor] - Peak resident memory used = 178 Mbytes. {"history": "Interactive.0", "point": 1, "testname": "VGA_VGA_1_pss_tb_1", "cornername": "Nominal"}
[2026-04-08 13:38:54.933 Z] [WARN] [cadence.virtuoso.ade.simulationMonitor] -     WARNING (VACOMP-2435): The environment variable CDS_AHDLCMI_ENABLE is no longer supported. Therefore, the simulator will use the default compiled C code flow. {"history": "Interactive.0", "point": 1, "testname": "VGA_VGA_1_pss_tb_1", "cornername": "Nominal"}
[2026-04-08 13:38:55.433 Z] [WARN] [cadence.virtuoso.ade.simulationMonitor] -     WARNING (SFE-3016): The floating node net6 is removed. {"history": "Interactive.0", "point": 1, "testname": "VGA_VGA_1_pss_tb_1", "cornername": "Nominal"}
[2026-04-08 13:38:55.433 Z] [INFO] [cadence.virtuoso.ade.simulationMonitor] - Peak resident memory used = 194 Mbytes. {"history": "Interactive.0", "point": 1, "testname": "VGA_VGA_1_pss_tb_1", "cornername": "Nominal"}
[2026-04-08 13:38:55.434 Z] [INFO] [cadence.virtuoso.ade.simulationMonitor] - Notice from spectre during hierarchy flattening.
    The value 'psf' specified for the 'checklimitdest' option will no longer be supported in future releases. Use 'spectre -h' to see other recommended values for the 'checklimitdest' option. {"history": "Interactive.0", "point": 1, "testname": "VGA_VGA_1_pss_tb_1", "cornername": "Nominal"}
[2026-04-08 13:38:55.434 Z] [INFO] [cadence.virtuoso.ade.simulationMonitor] - Peak resident memory used = 196 Mbytes. {"history": "Interactive.0", "point": 1, "testname": "VGA_VGA_1_pss_tb_1", "cornername": "Nominal"}
[2026-04-08 13:38:55.434 Z] [WARN] [cadence.virtuoso.ade.simulationMonitor] -     WARNING (SPECTRE-17607): Assert `SOAC_rpolyh_vminuspsub' is ignored because it contains an expression which is invalid or not supported by native evaluator.  {"history": "Interactive.0", "point": 1, "testname": "VGA_VGA_1_pss_tb_1", "cornername": "Nominal"}
[2026-04-08 13:38:55.434 Z] [WARN] [cadence.virtuoso.ade.simulationMonitor] -     WARNING (SPECTRE-17607): Assert `SOAC_rpolyh_vpluspsub' is ignored because it contains an expression which is invalid or not supported by native evaluator.  {"history": "Interactive.0", "point": 1, "testname": "VGA_VGA_1_pss_tb_1", "cornername": "Nominal"}
[2026-04-08 13:38:55.434 Z] [WARN] [cadence.virtuoso.ade.simulationMonitor] -     WARNING (SPECTRE-16460): SOAC_cvarm_vspsub:Specified subcircuit master `cvarm' was not found. {"history": "Interactive.0", "point": 1, "testname": "VGA_VGA_1_pss_tb_1", "cornername": "Nominal"}
[2026-04-08 13:38:55.434 Z] [WARN] [cadence.virtuoso.ade.simulationMonitor] -     WARNING (SPECTRE-16462): SOAC_cvarm_vspsub:Error in specification of subcircuit master. Assert is ignored. {"history": "Interactive.0", "point": 1, "testname": "VGA_VGA_1_pss_tb_1", "cornername": "Nominal"}
[2026-04-08 13:38:55.435 Z] [WARN] [cadence.virtuoso.ade.simulationMonitor] -     WARNING (SPECTRE-16460): SOAC_cvarm_vbs:Specified subcircuit master `cvarm' was not found. {"history": "Interactive.0", "point": 1, "testname": "VGA_VGA_1_pss_tb_1", "cornername": "Nominal"}
[2026-04-08 13:38:55.435 Z] [WARN] [cadence.virtuoso.ade.simulationMonitor] -     WARNING (SPECTRE-16462): SOAC_cvarm_vbs:Error in specification of subcircuit master. Assert is ignored. {"history": "Interactive.0", "point": 1, "testname": "VGA_VGA_1_pss_tb_1", "cornername": "Nominal"}
[2026-04-08 13:38:55.435 Z] [WARN] [cadence.virtuoso.ade.simulationMonitor] -     WARNING (SPECTRE-16460): SOAC_cvarm_vgb:Specified subcircuit master `cvarm' was not found. {"history": "Interactive.0", "point": 1, "testname": "VGA_VGA_1_pss_tb_1", "cornername": "Nominal"}
[2026-04-08 13:38:55.435 Z] [WARN] [cadence.virtuoso.ade.simulationMonitor] -     WARNING (SPECTRE-16462): SOAC_cvarm_vgb:Error in specification of subcircuit master. Assert is ignored. {"history": "Interactive.0", "point": 1, "testname": "VGA_VGA_1_pss_tb_1", "cornername": "Nominal"}
[2026-04-08 13:38:55.435 Z] [WARN] [cadence.virtuoso.ade.simulationMonitor] -     WARNING (SPECTRE-16460): SOAC_cvart_vspsub:Specified subcircuit master `cvart' was not found. {"history": "Interactive.0", "point": 1, "testname": "VGA_VGA_1_pss_tb_1", "cornername": "Nominal"}
[2026-04-08 13:38:55.435 Z] [WARN] [cadence.virtuoso.ade.simulationMonitor] -     WARNING (SPECTRE-16462): SOAC_cvart_vspsub:Error in specification of subcircuit master. Assert is ignored. {"history": "Interactive.0", "point": 1, "testname": "VGA_VGA_1_pss_tb_1", "cornername": "Nominal"}
[2026-04-08 13:38:55.435 Z] [WARN] [cadence.virtuoso.ade.simulationMonitor] -     WARNING (SPECTRE-16460): SOAC_cvart_vbs:Specified subcircuit master `cvart' was not found.
        Further occurrences of this warning will be suppressed. {"history": "Interactive.0", "point": 1, "testname": "VGA_VGA_1_pss_tb_1", "cornername": "Nominal"}
[2026-04-08 13:38:55.436 Z] [WARN] [cadence.virtuoso.ade.simulationMonitor] -     WARNING (SPECTRE-16462): SOAC_cvart_vbs:Error in specification of subcircuit master. Assert is ignored.
        Further occurrences of this warning will be suppressed. {"history": "Interactive.0", "point": 1, "testname": "VGA_VGA_1_pss_tb_1", "cornername": "Nominal"}
[2026-04-08 13:38:55.436 Z] [WARN] [cadence.virtuoso.ade.simulationMonitor] -     WARNING (SPECTRE-17607): Assert `SOAC_cpoly_vminuspsub' is ignored because it contains an expression which is invalid or not supported by native evaluator.  {"history": "Interactive.0", "point": 1, "testname": "VGA_VGA_1_pss_tb_1", "cornername": "Nominal"}
[2026-04-08 13:38:55.436 Z] [WARN] [cadence.virtuoso.ade.simulationMonitor] -     WARNING (SPECTRE-17607): Assert `SOAC_cpoly_vpluspsub' is ignored because it contains an expression which is invalid or not supported by native evaluator.  {"history": "Interactive.0", "point": 1, "testname": "VGA_VGA_1_pss_tb_1", "cornername": "Nominal"}
[2026-04-08 13:38:55.436 Z] [WARN] [cadence.virtuoso.ade.simulationMonitor] -     WARNING (SPECTRE-17607): Assert `SOAC_modp_vbpsub' is ignored because it contains an expression which is invalid or not supported by native evaluator. 
        Further occurrences of this warning will be suppressed. {"history": "Interactive.0", "point": 1, "testname": "VGA_VGA_1_pss_tb_1", "cornername": "Nominal"}
[2026-04-08 13:38:55.936 Z] [INFO] [cadence.virtuoso.ade.simulationMonitor] - Notice from spectre during initial setup.
    Multithreading is disabled due to the size of the design being too small. {"history": "Interactive.0", "point": 1, "testname": "VGA_VGA_1_pss_tb_1", "cornername": "Nominal"}
[2026-04-08 13:38:55.937 Z] [WARN] [cadence.virtuoso.ade.simulationMonitor] -     WARNING (SPECTRE-592): Following parameters are disabled because they are ignored or redefined in Spectre X:
        
        
        PSS Parameters:
          errpreset {"history": "Interactive.0", "point": 1, "testname": "VGA_VGA_1_pss_tb_1", "cornername": "Nominal"}
[2026-04-08 13:38:55.939 Z] [INFO] [cadence.virtuoso.ade.simulationMonitor] -               nodes 33 {"history": "Interactive.0", "point": 1, "testname": "VGA_VGA_1_pss_tb_1", "cornername": "Nominal"}
[2026-04-08 13:38:55.939 Z] [INFO] [cadence.virtuoso.ade.simulationMonitor] - Notice from spectre during initial setup.
    Spectre X preset=cx enabled.
    73 warnings suppressed. {"history": "Interactive.0", "point": 1, "testname": "VGA_VGA_1_pss_tb_1", "cornername": "Nominal"}
[2026-04-08 13:38:55.939 Z] [INFO] [cadence.virtuoso.ade.simulationMonitor] - Peak resident memory used = 202 Mbytes. {"history": "Interactive.0", "point": 1, "testname": "VGA_VGA_1_pss_tb_1", "cornername": "Nominal"}
[2026-04-08 13:38:55.939 Z] [INFO] [cadence.virtuoso.ade.simulationMonitor] -    -   (Spectre X) Multi-threading. The recommended number of threads is 1, consider adding +mt=1 on command line. {"history": "Interactive.0", "point": 1, "testname": "VGA_VGA_1_pss_tb_1", "cornername": "Nominal"}
[2026-04-08 13:38:55.939 Z] [INFO] [cadence.virtuoso.ade.simulationMonitor] - Notice from spectre during transient analysis `tran'.
    No checklimit analysis defined for asserts. A default checklimit analysis 'SpectreChecklimitAnal' has been created with all asserts enabled. {"history": "Interactive.0", "point": 1, "testname": "VGA_VGA_1_pss_tb_1", "cornername": "Nominal"}
[2026-04-08 13:38:55.939 Z] [INFO] [cadence.virtuoso.ade.simulationMonitor] - Notice from spectre during IC analysis, during transient analysis `tran'.
    Bad pivoting is found during DC analysis. Option dc_pivot_check=yes is recommended for possible improvement of convergence. {"history": "Interactive.0", "point": 1, "testname": "VGA_VGA_1_pss_tb_1", "cornername": "Nominal"}
[2026-04-08 13:38:55.940 Z] [WARN] [cadence.virtuoso.ade.simulationMonitor] -     WARNING (CMI-2943): Parameter checks have been ignored because the valid value for parameter 'trise' could not be found in 'C1'. {"history": "Interactive.0", "point": 1, "testname": "VGA_VGA_1_pss_tb_1", "cornername": "Nominal"}
[2026-04-08 13:38:55.940 Z] [WARN] [cadence.virtuoso.ade.simulationMonitor] -     WARNING (CMI-2943): Parameter checks have been ignored because the valid value for parameter 'trise' could not be found in 'I0.C7<0>_turbo_m2.C1'. {"history": "Interactive.0", "point": 1, "testname": "VGA_VGA_1_pss_tb_1", "cornername": "Nominal"}
[2026-04-08 13:38:55.940 Z] [WARN] [cadence.virtuoso.ade.simulationMonitor] -     WARNING (CMI-2943): Parameter checks have been ignored because the valid value for parameter 'trise' could not be found in 'I0.C8<0>_turbo_m4.C1'. {"history": "Interactive.0", "point": 1, "testname": "VGA_VGA_1_pss_tb_1", "cornername": "Nominal"}
[2026-04-08 13:38:55.940 Z] [WARN] [cadence.virtuoso.ade.simulationMonitor] -     WARNING (CMI-2943): Parameter checks have been ignored because the valid value for parameter 'trise' could not be found in 'I0.C9<0>_turbo_m8.C1'. {"history": "Interactive.0", "point": 1, "testname": "VGA_VGA_1_pss_tb_1", "cornername": "Nominal"}
[2026-04-08 13:38:55.940 Z] [WARN] [cadence.virtuoso.ade.simulationMonitor] -     WARNING (CMI-2943): Parameter checks have been ignored because the valid value for parameter 'trise' could not be found in 'I0.R2.CM'.
        Further occurrences of this warning will be suppressed. {"history": "Interactive.0", "point": 1, "testname": "VGA_VGA_1_pss_tb_1", "cornername": "Nominal"}
[2026-04-08 13:38:55.940 Z] [INFO] [cadence.virtuoso.ade.simulationMonitor] - Notice from spectre during transient analysis `tran'.
    Multithreading is disabled due to the size of the design being too small. {"history": "Interactive.0", "point": 1, "testname": "VGA_VGA_1_pss_tb_1", "cornername": "Nominal"}
[2026-04-08 13:38:55.940 Z] [INFO] [cadence.virtuoso.ade.simulationMonitor] - Total time required for tran analysis `tran': CPU = 111.62 ms, elapsed = 117.252 ms, util. = 95.2%. {"history": "Interactive.0", "point": 1, "testname": "VGA_VGA_1_pss_tb_1", "cornername": "Nominal"}
[2026-04-08 13:38:55.941 Z] [INFO] [cadence.virtuoso.ade.simulationMonitor] - Peak resident memory used = 213 Mbytes. {"history": "Interactive.0", "point": 1, "testname": "VGA_VGA_1_pss_tb_1", "cornername": "Nominal"}
[2026-04-08 13:38:55.941 Z] [INFO] [cadence.virtuoso.ade.simulationMonitor] - Notice from spectre.
    12 warnings suppressed. {"history": "Interactive.0", "point": 1, "testname": "VGA_VGA_1_pss_tb_1", "cornername": "Nominal"}
[2026-04-08 13:38:55.941 Z] [WARN] [cadence.virtuoso.ade.simulationMonitor] -     WARNING (CMI-2943): Parameter checks have been ignored because the valid value for parameter 'trise' could not be found in 'C1'. {"history": "Interactive.0", "point": 1, "testname": "VGA_VGA_1_pss_tb_1", "cornername": "Nominal"}
[2026-04-08 13:38:55.941 Z] [WARN] [cadence.virtuoso.ade.simulationMonitor] -     WARNING (CMI-2943): Parameter checks have been ignored because the valid value for parameter 'trise' could not be found in 'I0.C7<0>_turbo_m2.C1'. {"history": "Interactive.0", "point": 1, "testname": "VGA_VGA_1_pss_tb_1", "cornername": "Nominal"}
[2026-04-08 13:38:55.941 Z] [WARN] [cadence.virtuoso.ade.simulationMonitor] -     WARNING (CMI-2943): Parameter checks have been ignored because the valid value for parameter 'trise' could not be found in 'I0.C8<0>_turbo_m4.C1'. {"history": "Interactive.0", "point": 1, "testname": "VGA_VGA_1_pss_tb_1", "cornername": "Nominal"}
[2026-04-08 13:38:55.941 Z] [WARN] [cadence.virtuoso.ade.simulationMonitor] -     WARNING (CMI-2943): Parameter checks have been ignored because the valid value for parameter 'trise' could not be found in 'I0.C9<0>_turbo_m8.C1'. {"history": "Interactive.0", "point": 1, "testname": "VGA_VGA_1_pss_tb_1", "cornername": "Nominal"}
[2026-04-08 13:38:55.941 Z] [WARN] [cadence.virtuoso.ade.simulationMonitor] -     WARNING (CMI-2943): Parameter checks have been ignored because the valid value for parameter 'trise' could not be found in 'I0.R2.CM'.
        Further occurrences of this warning will be suppressed. {"history": "Interactive.0", "point": 1, "testname": "VGA_VGA_1_pss_tb_1", "cornername": "Nominal"}
[2026-04-08 13:38:55.942 Z] [INFO] [cadence.virtuoso.ade.simulationMonitor] - Total time required for tstab analysis `pss': CPU = 6.822 ms, elapsed = 6.82092 ms. {"history": "Interactive.0", "point": 1, "testname": "VGA_VGA_1_pss_tb_1", "cornername": "Nominal"}
[2026-04-08 13:38:55.942 Z] [INFO] [cadence.virtuoso.ade.simulationMonitor] - Peak resident memory used = 215 Mbytes. {"history": "Interactive.0", "point": 1, "testname": "VGA_VGA_1_pss_tb_1", "cornername": "Nominal"}
[2026-04-08 13:38:55.942 Z] [INFO] [cadence.virtuoso.ade.simulationMonitor] - Notice from spectre during periodic steady state analysis `pss'.
    12 warnings suppressed. {"history": "Interactive.0", "point": 1, "testname": "VGA_VGA_1_pss_tb_1", "cornername": "Nominal"}
[2026-04-08 13:38:56.943 Z] [INFO] [cadence.virtuoso.ade.simulationMonitor] - Total time required for pss analysis `pss': CPU = 863.626 ms, elapsed = 883.865 ms, util. = 97.7%. {"history": "Interactive.0", "point": 1, "testname": "VGA_VGA_1_pss_tb_1", "cornername": "Nominal"}
[2026-04-08 13:38:56.943 Z] [INFO] [cadence.virtuoso.ade.simulationMonitor] - Peak resident memory used = 220 Mbytes. {"history": "Interactive.0", "point": 1, "testname": "VGA_VGA_1_pss_tb_1", "cornername": "Nominal"}
[2026-04-08 13:38:56.943 Z] [INFO] [cadence.virtuoso.ade.simulationMonitor] - Time used: CPU = 1.61 s, elapsed = 2.45 s, util. = 65.8%. {"history": "Interactive.0", "point": 1, "testname": "VGA_VGA_1_pss_tb_1", "cornername": "Nominal"}
[2026-04-08 13:38:56.943 Z] [INFO] [cadence.virtuoso.ade.simulationMonitor] - Time spent in licensing: elapsed = 163 ms, percentage of total = 6.65%. {"history": "Interactive.0", "point": 1, "testname": "VGA_VGA_1_pss_tb_1", "cornername": "Nominal"}
[2026-04-08 13:38:56.944 Z] [INFO] [cadence.virtuoso.ade.simulationMonitor] - Peak memory used = 220 Mbytes. {"history": "Interactive.0", "point": 1, "testname": "VGA_VGA_1_pss_tb_1", "cornername": "Nominal"}
[2026-04-08 13:38:56.946 Z] [PROCESS] [cadence.virtuoso.ade.simulationMonitor] - Simulation started at: 1:38:54 PM, Wed Apr 8, 2026, ended at: 1:38:56 PM, Wed Apr 8, 2026, with elapsed time (wall clock): 2.45 s. {"history": "Interactive.0", "point": 1, "testname": "VGA_VGA_1_pss_tb_1", "cornername": "Nominal"}
[2026-04-08 13:38:56.946 Z] [PROCESS] [cadence.virtuoso.ade.simulationMonitor] - spectre completes with 0 errors, 34 warnings, and 13 notices. {"history": "Interactive.0", "point": 1, "testname": "VGA_VGA_1_pss_tb_1", "cornername": "Nominal"}
[2026-04-08 13:38:56.946 Z] [PROCESS] [cadence.virtuoso.ade.simulationMonitor] - Finished simulating for one point {"hostname": "il2244vt26_davidevi", "processid": 775006, "history": "Interactive.0", "testname": "VGA_VGA_1_pss_tb_1", "cornername": "Nominal", "point": 1, "logfile": "/home/davidevi/Desktop/myproject/logs_davidevi/logs0/Job286.log", "simid": "1"}
[2026-04-08 13:38:56.946 Z] [PROCESS] [cadence.virtuoso.ade.simulationMonitor] - Simulator exited {"hostname": "il2244vt26_davidevi", "processid": 775006, "history": "Interactive.0", "testname": "VGA_VGA_1_pss_tb_1", "cornername": "Nominal", "point": 1, "logfile": "/home/davidevi/Desktop/myproject/logs_davidevi/logs0/Job286.log", "exitStatus": "0"}
[2026-04-08 13:38:56.946 Z] [PROCESS] [cadence.virtuoso.ade.simulationMonitor] - Finished Simulation {"hostname": "il2244vt26_davidevi", "processid": 775006, "history": "Interactive.0", "testname": "VGA_VGA_1_pss_tb_1", "cornername": "Nominal", "point": 1, "logfile": "/home/davidevi/Desktop/myproject/logs_davidevi/logs0/Job286.log", "simid": "1"}
[2026-04-08 13:39:00.961 Z] [PROCESS] [cadence.virtuoso.ade.simulationMonitor] - Point Finished {"hostname": "il2244vt26_davidevi", "processid": 775006, "history": "Interactive.0", "testname": "VGA_VGA_1_pss_tb_1", "cornername": "Nominal", "point": 1, "logfile": "/home/davidevi/Desktop/myproject/logs_davidevi/logs0/Job286.log"}
[2026-04-08 13:39:01.964 Z] [PROCESS] [cadence.virtuoso.ade.simulationMonitor] - Stay with the runId '4', Linger time '300', currentRunSyn '9', currentTestSyn '10' {"hostname": "il2244vt26_davidevi", "processid": 775006, "history": "Interactive.0", "testname": "VGA_VGA_1_pss_tb_1", "cornername": "Nominal", "point": 1, "logfile": "/home/davidevi/Desktop/myproject/logs_davidevi/logs0/Job286.log"}
[2026-04-08 13:44:01.714 Z] [PROCESS] [cadence.virtuoso.ade.simulationMonitor] - Current memory used: 52.9336 MBytes, peak memory used: 52.9336 MBytes {"hostname": "il2244vt26_davidevi", "processid": 775006, "history": "Interactive.0", "testname": "VGA_VGA_1_pss_tb_1", "cornername": "Nominal", "point": 1, "logfile": "/home/davidevi/Desktop/myproject/logs_davidevi/logs0/Job286.log"}
[2026-04-08 13:44:01.714 Z] [PROCESS] [cadence.virtuoso.ade.simulationMonitor] - Simulation Monitor process exit. {"hostname": "il2244vt26_davidevi", "processid": 775006, "history": "Interactive.0", "testname": "VGA_VGA_1_pss_tb_1", "cornername": "Nominal", "point": 1, "logfile": "/home/davidevi/Desktop/myproject/logs_davidevi/logs0/Job286.log"}
