\# Program start time:     UTC 2026.03.31 13:42:07.563
\# Local time: UTC (UTC+00:00) 2026.03.31 13:42:07.563
\o Program:		@(#)$CDS: virtuoso version 6.1.8-64b 09/03/2024 19:11 (sjfhw316) $
\o Hierarchy:		/opt/tools/cadence/installs/IC618/tools.lnx86/dfII/
\o Sub version:		sub-version  IC6.1.8-64b.500.36  (64-bit addresses)
\# Command line:	/opt/tools/cadence/installs/IC618/tools.lnx86/dfII/bin/64bit/virtuoso -noautostart -mpssession virtuoso483270 -mpshost il2244vt26_davidevi -davinciService DaVinciService_483270_1773683810 -log /home/davidevi/Desktop/myproject/logs_davidevi/logs0/Job203.log -licenseLockFileName /home/davidevi/Desktop/myproject/.tmp_davidevi/.il2244vt26_davidevi_483270 -interactiveA -interactiveE -interactiveRTT -nostdin -nographE -axlChildIdFlag 203
\# Host name (type):	il2244vt26_davidevi (x86_64)
\# Operating system:	Linux 5.15.0-164-generic #174-Ubuntu SMP Fri Nov 14 20:25:16 UTC 2025
\# Linux /etc/issue:	\S
\# Linux /etc/issue:	Kernel \r on an \m
\# X display name (WxH):	:6935 (1024x868)
\# Available geometry:			TL(0:0) BR(1023:867)
\# X server:			The X.Org Foundation
\# Depth of Visual (Root):	24 (24)
\# Number of Planes Used:	24
\# X version:		11.0 (vendor release 12011000)
\# X resource pool:	base 0x400000, mask 0x1fffff (2097151), shift 0
\# 			current id 0x0, current max 0x1ffffa (2097146)
\# Max data seg size:	     unlimited
\# Max process size:	     unlimited
\# Initial sbrk value:	        646 MB
\# Available memory:	  2,463,173 MB
\# System memory:	  3,104,512 MB
\# Maximum memory size:	  3,103,987 MB
\# Max mem available:	  2,463,294 MB
\# Initial memory used:	        121 MB
\#        process size:	      1,677 MB
\# Thread usage limits (effective/default):	maxthreads 4294967295/4294967295 maxload 48.00/48.00
\# Qt version:		5.9.1
\# Window Manager:	other
\# User Name:		davidevi
\o Working Directory:	il2244vt26_davidevi:/home/davidevi/Desktop/myproject
\# Process Id:		667117
\o 
\o COPYRIGHT (C) 1992-2024  CADENCE DESIGN SYSTEMS INC.  ALL RIGHTS RESERVED.
\o           (C) 1992-2024  UNIX SYSTEMS Laboratories INC.,
\o                          Reproduced with permission.
\o 
\o This Cadence Design Systems program and online documentation are
\o proprietary/confidential information and may be disclosed/used only
\o as authorized in a license agreement controlling such use and disclosure.
\o 
\o           RESTRICTED RIGHTS NOTICE (SHORT FORM)
\o Use/reproduction/disclosure is subject to restriction
\o set forth at FAR 1252.227-19 or its equivalent.
