[Simulation Monitor: 287]
[2026-04-08 13:44:16.762 Z] [PROCESS] [cadence.virtuoso.ade.simulationMonitor] - Simulation Monitor has successfully started up. Trying to set up communication channels to other components ... {"hostname": "il2244vt26_davidevi", "processid": 776025, "logfile": "/home/davidevi/Desktop/myproject/logs_davidevi/logs0/Job287.log"}
[2026-04-08 13:44:16.763 Z] [PROCESS] [cadence.virtuoso.ade.simulationMonitor] - Communication channels have been successfully set up. Start processing events ... {"hostname": "il2244vt26_davidevi", "processid": 776025, "logfile": "/home/davidevi/Desktop/myproject/logs_davidevi/logs0/Job287.log"}
[2026-04-08 13:44:16.763 Z] [PROCESS] [cadence.virtuoso.ade.simulationMonitor] - Considering to start history {"hostname": "il2244vt26_davidevi", "processid": 776025, "history": "Interactive.89", "logfile": "/home/davidevi/Desktop/myproject/logs_davidevi/logs0/Job287.log"}
[2026-04-08 13:44:16.766 Z] [PROCESS] [cadence.virtuoso.ade.simulationMonitor] - Started History {"hostname": "il2244vt26_davidevi", "processid": 776025, "history": "ExplorerRun.0", "logfile": "/home/davidevi/Desktop/myproject/logs_davidevi/logs0/Job287.log"}
[2026-04-08 13:44:16.766 Z] [PROCESS] [cadence.virtuoso.ade.simulationMonitor] - HostInfo:
Host name (type):	il2244vt26_davidevi (x86_64)
Operating system:	Linux 5.15.0-164-generic #174-Ubuntu SMP Fri Nov 14 20:25:16 UTC 2025 {"hostname": "il2244vt26_davidevi", "processid": 776025, "history": "ExplorerRun.0", "logfile": "/home/davidevi/Desktop/myproject/logs_davidevi/logs0/Job287.log", "nodename": "il2244vt26_davidevi", "domainname": "(none)", "machine": "x86_64", "sysname": "Linux", "release": "5.15.0-164-generic", "version": "#174-Ubuntu SMP Fri Nov 14 20:25:16 UTC 2025"}
[2026-04-08 13:44:16.767 Z] [PROCESS] [cadence.virtuoso.ade.simulationMonitor] - UsageInfo:
pid=776025
totalPhysicalMemory=3023.749672GB,Used=1540.922184GB,totalVirtualMemory=3031.749668GB,Used=1540.945133GB
Cpu: Cores=48, Load average:9.570000,8.820000,13.130000 {"hostname": "il2244vt26_davidevi", "processid": 776025, "history": "ExplorerRun.0", "logfile": "/home/davidevi/Desktop/myproject/logs_davidevi/logs0/Job287.log", "pid": "776025", "totalPhysicalMemory": "3023.749672", "physicalMemoryUsed": "1540.922184", "totalVirtualMemory": "3031.749668", "virtualMemoryUsed": "1540.945133", "cpuCores": "48", "processes": "29612", "loadAverage1": "9.570000", "loadAverage5": "8.820000", "loadAverage15": "13.130000", "loadAverage1Percent": "0.199375"}
[2026-04-08 13:44:16.768 Z] [EVENT] [cadence.virtuoso.ade.simulationMonitor] - NewPoint {"history": "ExplorerRun.0", "point": 1, "testname": "VGA_VGA_1_pss_tb_1", "cornername": "Nominal", "event": "NewPoint", "EventSource": "Simulation Monitor", "HistoryName": "ExplorerRun.0", "logFile": "/home/davidevi/Desktop/myproject/logs_davidevi/logs0/Job287.log", "logFileSize": "2520"}
[2026-04-08 13:44:16.870 Z] [EVENT] [cadence.virtuoso.ade.simulationMonitor] - NewPoint {"history": "ExplorerRun.0", "point": 1, "testname": "VGA_VGA_1_pss_tb_1", "cornername": "Nominal", "event": "NewPoint", "EventSource": "spectre", "HistoryName": "ExplorerRun.0", "logFile": "/home/davidevi/Desktop/myproject/Sim/VGA/VGA_1_pss_tb/maestro/results/maestro/ExplorerRun.0/1/VGA_VGA_1_pss_tb_1/psf/spectre.out", "logFileSize": "-1"}
[2026-04-08 13:44:16.885 Z] [PROCESS] [cadence.virtuoso.ade.simulationMonitor] - Simulator launched {"hostname": "il2244vt26_davidevi", "processid": 776025, "history": "ExplorerRun.0", "testname": "VGA_VGA_1_pss_tb_1", "cornername": "Nominal", "point": 1, "logfile": "/home/davidevi/Desktop/myproject/logs_davidevi/logs0/Job287.log", "simid": "1"}
[2026-04-08 13:44:16.888 Z] [PROCESS] [cadence.virtuoso.ade.simulationMonitor] - Expression evaluator launched {"hostname": "il2244vt26_davidevi", "processid": 776025, "history": "ExplorerRun.0", "testname": "VGA_VGA_1_pss_tb_1", "cornername": "Nominal", "point": 1, "logfile": "/home/davidevi/Desktop/myproject/logs_davidevi/logs0/Job287.log"}
[2026-04-08 13:44:16.930 Z] [PROCESS] [cadence.virtuoso.ade.simulationMonitor] - Started Simulation {"hostname": "il2244vt26_davidevi", "processid": 776025, "history": "ExplorerRun.0", "testname": "VGA_VGA_1_pss_tb_1", "cornername": "Nominal", "point": 1, "logfile": "/home/davidevi/Desktop/myproject/logs_davidevi/logs0/Job287.log", "event": "started", "task": "simulation"}
[2026-04-08 13:44:17.931 Z] [WARN] [cadence.virtuoso.ade.simulationMonitor] -     WARNING (SPECTRE-691): This CPU processor does not support x86 advanced vector extensions instructions. This may affect math operations and slow down the simulation. {"history": "ExplorerRun.0", "point": 1, "testname": "VGA_VGA_1_pss_tb_1", "cornername": "Nominal"}
[2026-04-08 13:44:17.931 Z] [INFO] [cadence.virtuoso.ade.simulationMonitor] - Notice from spectre during circuit read-in.
    Pre_Configuration file used: /opt/tools/cadence/installs/SPECTRE241/tools.lnx86/spectre/etc/configs/preset.precfg
    Configuration file used: `/opt/tools/cadence/installs/SPECTRE241/tools.lnx86/spectre/etc/configs/preset.cfg'. {"history": "ExplorerRun.0", "point": 1, "testname": "VGA_VGA_1_pss_tb_1", "cornername": "Nominal"}
[2026-04-08 13:44:17.932 Z] [WARN] [cadence.virtuoso.ade.simulationMonitor] -     WARNING (SPECTRE-8360): line 1511: `ac' is an undefined primitive device. {"history": "ExplorerRun.0", "point": 1, "testname": "VGA_VGA_1_pss_tb_1", "cornername": "Nominal"}
[2026-04-08 13:44:17.932 Z] [WARN] [cadence.virtuoso.ade.simulationMonitor] -     WARNING (SPECTRE-8360): line 1512: `ac' is an undefined primitive device. {"history": "ExplorerRun.0", "point": 1, "testname": "VGA_VGA_1_pss_tb_1", "cornername": "Nominal"}
[2026-04-08 13:44:17.932 Z] [WARN] [cadence.virtuoso.ade.simulationMonitor] -     WARNING (SPECTRE-8360): line 1513: `ac' is an undefined primitive device. {"history": "ExplorerRun.0", "point": 1, "testname": "VGA_VGA_1_pss_tb_1", "cornername": "Nominal"}
[2026-04-08 13:44:17.932 Z] [WARN] [cadence.virtuoso.ade.simulationMonitor] -     WARNING (SPECTRE-8360): line 1514: `ac' is an undefined primitive device. {"history": "ExplorerRun.0", "point": 1, "testname": "VGA_VGA_1_pss_tb_1", "cornername": "Nominal"}
[2026-04-08 13:44:17.932 Z] [WARN] [cadence.virtuoso.ade.simulationMonitor] -     WARNING (SPECTRE-8360): line 1515: `ac' is an undefined primitive device.
        Further occurrences of this warning will be suppressed. {"history": "ExplorerRun.0", "point": 1, "testname": "VGA_VGA_1_pss_tb_1", "cornername": "Nominal"}
[2026-04-08 13:44:17.932 Z] [INFO] [cadence.virtuoso.ade.simulationMonitor] - Peak resident memory used = 178 Mbytes. {"history": "ExplorerRun.0", "point": 1, "testname": "VGA_VGA_1_pss_tb_1", "cornername": "Nominal"}
[2026-04-08 13:44:17.932 Z] [WARN] [cadence.virtuoso.ade.simulationMonitor] -     WARNING (VACOMP-2435): The environment variable CDS_AHDLCMI_ENABLE is no longer supported. Therefore, the simulator will use the default compiled C code flow. {"history": "ExplorerRun.0", "point": 1, "testname": "VGA_VGA_1_pss_tb_1", "cornername": "Nominal"}
[2026-04-08 13:44:17.933 Z] [WARN] [cadence.virtuoso.ade.simulationMonitor] -     WARNING (SFE-3016): The floating node net6 is removed. {"history": "ExplorerRun.0", "point": 1, "testname": "VGA_VGA_1_pss_tb_1", "cornername": "Nominal"}
[2026-04-08 13:44:17.933 Z] [INFO] [cadence.virtuoso.ade.simulationMonitor] - Peak resident memory used = 190 Mbytes. {"history": "ExplorerRun.0", "point": 1, "testname": "VGA_VGA_1_pss_tb_1", "cornername": "Nominal"}
[2026-04-08 13:44:17.933 Z] [INFO] [cadence.virtuoso.ade.simulationMonitor] - Notice from spectre during hierarchy flattening.
    The value 'psf' specified for the 'checklimitdest' option will no longer be supported in future releases. Use 'spectre -h' to see other recommended values for the 'checklimitdest' option. {"history": "ExplorerRun.0", "point": 1, "testname": "VGA_VGA_1_pss_tb_1", "cornername": "Nominal"}
[2026-04-08 13:44:17.933 Z] [INFO] [cadence.virtuoso.ade.simulationMonitor] - Peak resident memory used = 193 Mbytes. {"history": "ExplorerRun.0", "point": 1, "testname": "VGA_VGA_1_pss_tb_1", "cornername": "Nominal"}
[2026-04-08 13:44:17.933 Z] [WARN] [cadence.virtuoso.ade.simulationMonitor] -     WARNING (SPECTRE-17607): Assert `SOAC_rpolyh_vminuspsub' is ignored because it contains an expression which is invalid or not supported by native evaluator.  {"history": "ExplorerRun.0", "point": 1, "testname": "VGA_VGA_1_pss_tb_1", "cornername": "Nominal"}
[2026-04-08 13:44:17.933 Z] [WARN] [cadence.virtuoso.ade.simulationMonitor] -     WARNING (SPECTRE-17607): Assert `SOAC_rpolyh_vpluspsub' is ignored because it contains an expression which is invalid or not supported by native evaluator.  {"history": "ExplorerRun.0", "point": 1, "testname": "VGA_VGA_1_pss_tb_1", "cornername": "Nominal"}
[2026-04-08 13:44:17.933 Z] [WARN] [cadence.virtuoso.ade.simulationMonitor] -     WARNING (SPECTRE-16460): SOAC_cvarm_vspsub:Specified subcircuit master `cvarm' was not found. {"history": "ExplorerRun.0", "point": 1, "testname": "VGA_VGA_1_pss_tb_1", "cornername": "Nominal"}
[2026-04-08 13:44:17.933 Z] [WARN] [cadence.virtuoso.ade.simulationMonitor] -     WARNING (SPECTRE-16462): SOAC_cvarm_vspsub:Error in specification of subcircuit master. Assert is ignored. {"history": "ExplorerRun.0", "point": 1, "testname": "VGA_VGA_1_pss_tb_1", "cornername": "Nominal"}
[2026-04-08 13:44:17.934 Z] [WARN] [cadence.virtuoso.ade.simulationMonitor] -     WARNING (SPECTRE-16460): SOAC_cvarm_vbs:Specified subcircuit master `cvarm' was not found. {"history": "ExplorerRun.0", "point": 1, "testname": "VGA_VGA_1_pss_tb_1", "cornername": "Nominal"}
[2026-04-08 13:44:17.934 Z] [WARN] [cadence.virtuoso.ade.simulationMonitor] -     WARNING (SPECTRE-16462): SOAC_cvarm_vbs:Error in specification of subcircuit master. Assert is ignored. {"history": "ExplorerRun.0", "point": 1, "testname": "VGA_VGA_1_pss_tb_1", "cornername": "Nominal"}
[2026-04-08 13:44:17.934 Z] [WARN] [cadence.virtuoso.ade.simulationMonitor] -     WARNING (SPECTRE-16460): SOAC_cvarm_vgb:Specified subcircuit master `cvarm' was not found. {"history": "ExplorerRun.0", "point": 1, "testname": "VGA_VGA_1_pss_tb_1", "cornername": "Nominal"}
[2026-04-08 13:44:17.934 Z] [WARN] [cadence.virtuoso.ade.simulationMonitor] -     WARNING (SPECTRE-16462): SOAC_cvarm_vgb:Error in specification of subcircuit master. Assert is ignored. {"history": "ExplorerRun.0", "point": 1, "testname": "VGA_VGA_1_pss_tb_1", "cornername": "Nominal"}
[2026-04-08 13:44:17.934 Z] [WARN] [cadence.virtuoso.ade.simulationMonitor] -     WARNING (SPECTRE-16460): SOAC_cvart_vspsub:Specified subcircuit master `cvart' was not found. {"history": "ExplorerRun.0", "point": 1, "testname": "VGA_VGA_1_pss_tb_1", "cornername": "Nominal"}
[2026-04-08 13:44:17.934 Z] [WARN] [cadence.virtuoso.ade.simulationMonitor] -     WARNING (SPECTRE-16462): SOAC_cvart_vspsub:Error in specification of subcircuit master. Assert is ignored. {"history": "ExplorerRun.0", "point": 1, "testname": "VGA_VGA_1_pss_tb_1", "cornername": "Nominal"}
[2026-04-08 13:44:17.934 Z] [WARN] [cadence.virtuoso.ade.simulationMonitor] -     WARNING (SPECTRE-16460): SOAC_cvart_vbs:Specified subcircuit master `cvart' was not found.
        Further occurrences of this warning will be suppressed. {"history": "ExplorerRun.0", "point": 1, "testname": "VGA_VGA_1_pss_tb_1", "cornername": "Nominal"}
[2026-04-08 13:44:17.934 Z] [WARN] [cadence.virtuoso.ade.simulationMonitor] -     WARNING (SPECTRE-16462): SOAC_cvart_vbs:Error in specification of subcircuit master. Assert is ignored.
        Further occurrences of this warning will be suppressed. {"history": "ExplorerRun.0", "point": 1, "testname": "VGA_VGA_1_pss_tb_1", "cornername": "Nominal"}
[2026-04-08 13:44:17.935 Z] [WARN] [cadence.virtuoso.ade.simulationMonitor] -     WARNING (SPECTRE-17607): Assert `SOAC_cpoly_vminuspsub' is ignored because it contains an expression which is invalid or not supported by native evaluator.  {"history": "ExplorerRun.0", "point": 1, "testname": "VGA_VGA_1_pss_tb_1", "cornername": "Nominal"}
[2026-04-08 13:44:17.935 Z] [WARN] [cadence.virtuoso.ade.simulationMonitor] -     WARNING (SPECTRE-17607): Assert `SOAC_cpoly_vpluspsub' is ignored because it contains an expression which is invalid or not supported by native evaluator.  {"history": "ExplorerRun.0", "point": 1, "testname": "VGA_VGA_1_pss_tb_1", "cornername": "Nominal"}
[2026-04-08 13:44:17.935 Z] [WARN] [cadence.virtuoso.ade.simulationMonitor] -     WARNING (SPECTRE-17607): Assert `SOAC_modp_vbpsub' is ignored because it contains an expression which is invalid or not supported by native evaluator. 
        Further occurrences of this warning will be suppressed. {"history": "ExplorerRun.0", "point": 1, "testname": "VGA_VGA_1_pss_tb_1", "cornername": "Nominal"}
[2026-04-08 13:44:18.435 Z] [INFO] [cadence.virtuoso.ade.simulationMonitor] - Notice from spectre during initial setup.
    Multithreading is disabled due to the size of the design being too small. {"history": "ExplorerRun.0", "point": 1, "testname": "VGA_VGA_1_pss_tb_1", "cornername": "Nominal"}
[2026-04-08 13:44:18.436 Z] [WARN] [cadence.virtuoso.ade.simulationMonitor] -     WARNING (SPECTRE-592): Following parameters are disabled because they are ignored or redefined in Spectre X:
        
        
        PSS Parameters:
          errpreset {"history": "ExplorerRun.0", "point": 1, "testname": "VGA_VGA_1_pss_tb_1", "cornername": "Nominal"}
[2026-04-08 13:44:18.438 Z] [INFO] [cadence.virtuoso.ade.simulationMonitor] -               nodes 33 {"history": "ExplorerRun.0", "point": 1, "testname": "VGA_VGA_1_pss_tb_1", "cornername": "Nominal"}
[2026-04-08 13:44:18.438 Z] [INFO] [cadence.virtuoso.ade.simulationMonitor] - Notice from spectre during initial setup.
    Spectre X preset=cx enabled.
    73 warnings suppressed. {"history": "ExplorerRun.0", "point": 1, "testname": "VGA_VGA_1_pss_tb_1", "cornername": "Nominal"}
[2026-04-08 13:44:18.438 Z] [INFO] [cadence.virtuoso.ade.simulationMonitor] - Peak resident memory used = 199 Mbytes. {"history": "ExplorerRun.0", "point": 1, "testname": "VGA_VGA_1_pss_tb_1", "cornername": "Nominal"}
[2026-04-08 13:44:18.438 Z] [INFO] [cadence.virtuoso.ade.simulationMonitor] -    -   (Spectre X) Multi-threading. The recommended number of threads is 1, consider adding +mt=1 on command line. {"history": "ExplorerRun.0", "point": 1, "testname": "VGA_VGA_1_pss_tb_1", "cornername": "Nominal"}
[2026-04-08 13:44:18.438 Z] [INFO] [cadence.virtuoso.ade.simulationMonitor] - Notice from spectre during transient analysis `tran'.
    No checklimit analysis defined for asserts. A default checklimit analysis 'SpectreChecklimitAnal' has been created with all asserts enabled. {"history": "ExplorerRun.0", "point": 1, "testname": "VGA_VGA_1_pss_tb_1", "cornername": "Nominal"}
[2026-04-08 13:44:18.439 Z] [INFO] [cadence.virtuoso.ade.simulationMonitor] - Notice from spectre during IC analysis, during transient analysis `tran'.
    Bad pivoting is found during DC analysis. Option dc_pivot_check=yes is recommended for possible improvement of convergence. {"history": "ExplorerRun.0", "point": 1, "testname": "VGA_VGA_1_pss_tb_1", "cornername": "Nominal"}
[2026-04-08 13:44:18.439 Z] [WARN] [cadence.virtuoso.ade.simulationMonitor] -     WARNING (CMI-2943): Parameter checks have been ignored because the valid value for parameter 'trise' could not be found in 'C1'. {"history": "ExplorerRun.0", "point": 1, "testname": "VGA_VGA_1_pss_tb_1", "cornername": "Nominal"}
[2026-04-08 13:44:18.439 Z] [WARN] [cadence.virtuoso.ade.simulationMonitor] -     WARNING (CMI-2943): Parameter checks have been ignored because the valid value for parameter 'trise' could not be found in 'I0.C7<0>_turbo_m2.C1'. {"history": "ExplorerRun.0", "point": 1, "testname": "VGA_VGA_1_pss_tb_1", "cornername": "Nominal"}
[2026-04-08 13:44:18.439 Z] [WARN] [cadence.virtuoso.ade.simulationMonitor] -     WARNING (CMI-2943): Parameter checks have been ignored because the valid value for parameter 'trise' could not be found in 'I0.C8<0>_turbo_m4.C1'. {"history": "ExplorerRun.0", "point": 1, "testname": "VGA_VGA_1_pss_tb_1", "cornername": "Nominal"}
[2026-04-08 13:44:18.439 Z] [WARN] [cadence.virtuoso.ade.simulationMonitor] -     WARNING (CMI-2943): Parameter checks have been ignored because the valid value for parameter 'trise' could not be found in 'I0.C9<0>_turbo_m8.C1'. {"history": "ExplorerRun.0", "point": 1, "testname": "VGA_VGA_1_pss_tb_1", "cornername": "Nominal"}
[2026-04-08 13:44:18.439 Z] [WARN] [cadence.virtuoso.ade.simulationMonitor] -     WARNING (CMI-2943): Parameter checks have been ignored because the valid value for parameter 'trise' could not be found in 'I0.R2.CM'.
        Further occurrences of this warning will be suppressed. {"history": "ExplorerRun.0", "point": 1, "testname": "VGA_VGA_1_pss_tb_1", "cornername": "Nominal"}
[2026-04-08 13:44:18.439 Z] [INFO] [cadence.virtuoso.ade.simulationMonitor] - Notice from spectre during transient analysis `tran'.
    Multithreading is disabled due to the size of the design being too small. {"history": "ExplorerRun.0", "point": 1, "testname": "VGA_VGA_1_pss_tb_1", "cornername": "Nominal"}
[2026-04-08 13:44:18.940 Z] [INFO] [cadence.virtuoso.ade.simulationMonitor] - Total time required for tran analysis `tran': CPU = 112.749 ms, elapsed = 117.822 ms, util. = 95.7%. {"history": "ExplorerRun.0", "point": 1, "testname": "VGA_VGA_1_pss_tb_1", "cornername": "Nominal"}
[2026-04-08 13:44:18.940 Z] [INFO] [cadence.virtuoso.ade.simulationMonitor] - Peak resident memory used = 210 Mbytes. {"history": "ExplorerRun.0", "point": 1, "testname": "VGA_VGA_1_pss_tb_1", "cornername": "Nominal"}
[2026-04-08 13:44:18.940 Z] [INFO] [cadence.virtuoso.ade.simulationMonitor] - Notice from spectre.
    12 warnings suppressed. {"history": "ExplorerRun.0", "point": 1, "testname": "VGA_VGA_1_pss_tb_1", "cornername": "Nominal"}
[2026-04-08 13:44:18.940 Z] [WARN] [cadence.virtuoso.ade.simulationMonitor] -     WARNING (CMI-2943): Parameter checks have been ignored because the valid value for parameter 'trise' could not be found in 'C1'. {"history": "ExplorerRun.0", "point": 1, "testname": "VGA_VGA_1_pss_tb_1", "cornername": "Nominal"}
[2026-04-08 13:44:18.940 Z] [WARN] [cadence.virtuoso.ade.simulationMonitor] -     WARNING (CMI-2943): Parameter checks have been ignored because the valid value for parameter 'trise' could not be found in 'I0.C7<0>_turbo_m2.C1'. {"history": "ExplorerRun.0", "point": 1, "testname": "VGA_VGA_1_pss_tb_1", "cornername": "Nominal"}
[2026-04-08 13:44:18.941 Z] [WARN] [cadence.virtuoso.ade.simulationMonitor] -     WARNING (CMI-2943): Parameter checks have been ignored because the valid value for parameter 'trise' could not be found in 'I0.C8<0>_turbo_m4.C1'. {"history": "ExplorerRun.0", "point": 1, "testname": "VGA_VGA_1_pss_tb_1", "cornername": "Nominal"}
[2026-04-08 13:44:18.941 Z] [WARN] [cadence.virtuoso.ade.simulationMonitor] -     WARNING (CMI-2943): Parameter checks have been ignored because the valid value for parameter 'trise' could not be found in 'I0.C9<0>_turbo_m8.C1'. {"history": "ExplorerRun.0", "point": 1, "testname": "VGA_VGA_1_pss_tb_1", "cornername": "Nominal"}
[2026-04-08 13:44:18.941 Z] [WARN] [cadence.virtuoso.ade.simulationMonitor] -     WARNING (CMI-2943): Parameter checks have been ignored because the valid value for parameter 'trise' could not be found in 'I0.R2.CM'.
        Further occurrences of this warning will be suppressed. {"history": "ExplorerRun.0", "point": 1, "testname": "VGA_VGA_1_pss_tb_1", "cornername": "Nominal"}
[2026-04-08 13:44:18.941 Z] [INFO] [cadence.virtuoso.ade.simulationMonitor] - Total time required for tstab analysis `pss': CPU = 6.662 ms, elapsed = 6.66904 ms. {"history": "ExplorerRun.0", "point": 1, "testname": "VGA_VGA_1_pss_tb_1", "cornername": "Nominal"}
[2026-04-08 13:44:18.941 Z] [INFO] [cadence.virtuoso.ade.simulationMonitor] - Peak resident memory used = 211 Mbytes. {"history": "ExplorerRun.0", "point": 1, "testname": "VGA_VGA_1_pss_tb_1", "cornername": "Nominal"}
[2026-04-08 13:44:18.941 Z] [INFO] [cadence.virtuoso.ade.simulationMonitor] - Notice from spectre during periodic steady state analysis `pss'.
    12 warnings suppressed. {"history": "ExplorerRun.0", "point": 1, "testname": "VGA_VGA_1_pss_tb_1", "cornername": "Nominal"}
[2026-04-08 13:44:19.442 Z] [INFO] [cadence.virtuoso.ade.simulationMonitor] - Total time required for pss analysis `pss': CPU = 850.444 ms, elapsed = 874.261 ms, util. = 97.3%. {"history": "ExplorerRun.0", "point": 1, "testname": "VGA_VGA_1_pss_tb_1", "cornername": "Nominal"}
[2026-04-08 13:44:19.442 Z] [INFO] [cadence.virtuoso.ade.simulationMonitor] - Peak resident memory used = 217 Mbytes. {"history": "ExplorerRun.0", "point": 1, "testname": "VGA_VGA_1_pss_tb_1", "cornername": "Nominal"}
[2026-04-08 13:44:19.943 Z] [INFO] [cadence.virtuoso.ade.simulationMonitor] - Time used: CPU = 1.48 s, elapsed = 2.12 s, util. = 69.9%. {"history": "ExplorerRun.0", "point": 1, "testname": "VGA_VGA_1_pss_tb_1", "cornername": "Nominal"}
[2026-04-08 13:44:19.943 Z] [INFO] [cadence.virtuoso.ade.simulationMonitor] - Time spent in licensing: elapsed = 81.7 ms. {"history": "ExplorerRun.0", "point": 1, "testname": "VGA_VGA_1_pss_tb_1", "cornername": "Nominal"}
[2026-04-08 13:44:19.944 Z] [INFO] [cadence.virtuoso.ade.simulationMonitor] - Peak memory used = 217 Mbytes. {"history": "ExplorerRun.0", "point": 1, "testname": "VGA_VGA_1_pss_tb_1", "cornername": "Nominal"}
[2026-04-08 13:44:19.945 Z] [PROCESS] [cadence.virtuoso.ade.simulationMonitor] - Simulation started at: 1:44:17 PM, Wed Apr 8, 2026, ended at: 1:44:19 PM, Wed Apr 8, 2026, with elapsed time (wall clock): 2.12 s. {"history": "ExplorerRun.0", "point": 1, "testname": "VGA_VGA_1_pss_tb_1", "cornername": "Nominal"}
[2026-04-08 13:44:19.945 Z] [PROCESS] [cadence.virtuoso.ade.simulationMonitor] - spectre completes with 0 errors, 34 warnings, and 13 notices. {"history": "ExplorerRun.0", "point": 1, "testname": "VGA_VGA_1_pss_tb_1", "cornername": "Nominal"}
[2026-04-08 13:44:19.946 Z] [PROCESS] [cadence.virtuoso.ade.simulationMonitor] - Finished simulating for one point {"hostname": "il2244vt26_davidevi", "processid": 776025, "history": "ExplorerRun.0", "testname": "VGA_VGA_1_pss_tb_1", "cornername": "Nominal", "point": 1, "logfile": "/home/davidevi/Desktop/myproject/logs_davidevi/logs0/Job287.log", "simid": "1"}
[2026-04-08 13:44:19.946 Z] [PROCESS] [cadence.virtuoso.ade.simulationMonitor] - Simulator exited {"hostname": "il2244vt26_davidevi", "processid": 776025, "history": "ExplorerRun.0", "testname": "VGA_VGA_1_pss_tb_1", "cornername": "Nominal", "point": 1, "logfile": "/home/davidevi/Desktop/myproject/logs_davidevi/logs0/Job287.log", "exitStatus": "0"}
[2026-04-08 13:44:19.946 Z] [PROCESS] [cadence.virtuoso.ade.simulationMonitor] - Finished Simulation {"hostname": "il2244vt26_davidevi", "processid": 776025, "history": "ExplorerRun.0", "testname": "VGA_VGA_1_pss_tb_1", "cornername": "Nominal", "point": 1, "logfile": "/home/davidevi/Desktop/myproject/logs_davidevi/logs0/Job287.log", "simid": "1"}
[2026-04-08 13:44:23.961 Z] [PROCESS] [cadence.virtuoso.ade.simulationMonitor] - Point Finished {"hostname": "il2244vt26_davidevi", "processid": 776025, "history": "ExplorerRun.0", "testname": "VGA_VGA_1_pss_tb_1", "cornername": "Nominal", "point": 1, "logfile": "/home/davidevi/Desktop/myproject/logs_davidevi/logs0/Job287.log"}
[2026-04-08 13:44:24.964 Z] [PROCESS] [cadence.virtuoso.ade.simulationMonitor] - Stay with the runId '5', Linger time '300', currentRunSyn '11', currentTestSyn '12' {"hostname": "il2244vt26_davidevi", "processid": 776025, "history": "ExplorerRun.0", "testname": "VGA_VGA_1_pss_tb_1", "cornername": "Nominal", "point": 1, "logfile": "/home/davidevi/Desktop/myproject/logs_davidevi/logs0/Job287.log"}
[2026-04-08 13:44:25.965 Z] [PROCESS] [cadence.virtuoso.ade.simulationMonitor] - Stay with the runId '5', Linger time '300', currentRunSyn '11', currentTestSyn '12' {"hostname": "il2244vt26_davidevi", "processid": 776025, "history": "ExplorerRun.0", "testname": "VGA_VGA_1_pss_tb_1", "cornername": "Nominal", "point": 1, "logfile": "/home/davidevi/Desktop/myproject/logs_davidevi/logs0/Job287.log"}
[2026-04-08 13:44:26.968 Z] [PROCESS] [cadence.virtuoso.ade.simulationMonitor] - Stay with the runId '5', Linger time '300', currentRunSyn '11', currentTestSyn '12' {"hostname": "il2244vt26_davidevi", "processid": 776025, "history": "ExplorerRun.0", "testname": "VGA_VGA_1_pss_tb_1", "cornername": "Nominal", "point": 1, "logfile": "/home/davidevi/Desktop/myproject/logs_davidevi/logs0/Job287.log"}
[2026-04-08 13:49:24.746 Z] [PROCESS] [cadence.virtuoso.ade.simulationMonitor] - Current memory used: 53.4023 MBytes, peak memory used: 53.4023 MBytes {"hostname": "il2244vt26_davidevi", "processid": 776025, "history": "ExplorerRun.0", "testname": "VGA_VGA_1_pss_tb_1", "cornername": "Nominal", "point": 1, "logfile": "/home/davidevi/Desktop/myproject/logs_davidevi/logs0/Job287.log"}
[2026-04-08 13:49:24.746 Z] [PROCESS] [cadence.virtuoso.ade.simulationMonitor] - Simulation Monitor process exit. {"hostname": "il2244vt26_davidevi", "processid": 776025, "history": "ExplorerRun.0", "testname": "VGA_VGA_1_pss_tb_1", "cornername": "Nominal", "point": 1, "logfile": "/home/davidevi/Desktop/myproject/logs_davidevi/logs0/Job287.log"}
