[Simulation Monitor: 281]
[2026-04-08 13:21:01.746 Z] [PROCESS] [cadence.virtuoso.ade.simulationMonitor] - Simulation Monitor has successfully started up. Trying to set up communication channels to other components ... {"hostname": "il2244vt26_davidevi", "processid": 760133, "logfile": "/home/davidevi/Desktop/myproject/logs_davidevi/logs0/Job281.log"}
[2026-04-08 13:21:01.747 Z] [PROCESS] [cadence.virtuoso.ade.simulationMonitor] - Communication channels have been successfully set up. Start processing events ... {"hostname": "il2244vt26_davidevi", "processid": 760133, "logfile": "/home/davidevi/Desktop/myproject/logs_davidevi/logs0/Job281.log"}
[2026-04-08 13:21:01.747 Z] [PROCESS] [cadence.virtuoso.ade.simulationMonitor] - Considering to start history {"hostname": "il2244vt26_davidevi", "processid": 760133, "history": "ExplorerRun.0", "logfile": "/home/davidevi/Desktop/myproject/logs_davidevi/logs0/Job281.log"}
[2026-04-08 13:21:01.752 Z] [PROCESS] [cadence.virtuoso.ade.simulationMonitor] - HostInfo:
Host name (type):	il2244vt26_davidevi (x86_64)
Operating system:	Linux 5.15.0-164-generic #174-Ubuntu SMP Fri Nov 14 20:25:16 UTC 2025 {"hostname": "il2244vt26_davidevi", "processid": 760133, "history": "ExplorerRun.0", "logfile": "/home/davidevi/Desktop/myproject/logs_davidevi/logs0/Job281.log", "nodename": "il2244vt26_davidevi", "domainname": "(none)", "machine": "x86_64", "sysname": "Linux", "release": "5.15.0-164-generic", "version": "#174-Ubuntu SMP Fri Nov 14 20:25:16 UTC 2025"}
[2026-04-08 13:21:01.752 Z] [PROCESS] [cadence.virtuoso.ade.simulationMonitor] - UsageInfo:
pid=760133
totalPhysicalMemory=3023.749672GB,Used=1544.648449GB,totalVirtualMemory=3031.749668GB,Used=1544.671398GB
Cpu: Cores=48, Load average:24.560000,30.150000,28.140000 {"hostname": "il2244vt26_davidevi", "processid": 760133, "history": "ExplorerRun.0", "logfile": "/home/davidevi/Desktop/myproject/logs_davidevi/logs0/Job281.log", "pid": "760133", "totalPhysicalMemory": "3023.749672", "physicalMemoryUsed": "1544.648449", "totalVirtualMemory": "3031.749668", "virtualMemoryUsed": "1544.671398", "cpuCores": "48", "processes": "29922", "loadAverage1": "24.560000", "loadAverage5": "30.150000", "loadAverage15": "28.140000", "loadAverage1Percent": "0.511667"}
[2026-04-08 13:21:01.755 Z] [EVENT] [cadence.virtuoso.ade.simulationMonitor] - NewPoint {"history": "ExplorerRun.0", "point": 1, "testname": "VGA_VGA_1_pss_tb_1", "cornername": "Nominal", "event": "NewPoint", "EventSource": "Simulation Monitor", "HistoryName": "ExplorerRun.0", "logFile": "/home/davidevi/Desktop/myproject/logs_davidevi/logs0/Job281.log", "logFileSize": "2263"}
[2026-04-08 13:21:01.857 Z] [EVENT] [cadence.virtuoso.ade.simulationMonitor] - NewPoint {"history": "ExplorerRun.0", "point": 1, "testname": "VGA_VGA_1_pss_tb_1", "cornername": "Nominal", "event": "NewPoint", "EventSource": "spectre", "HistoryName": "ExplorerRun.0", "logFile": "/home/davidevi/Desktop/myproject/Sim/VGA/VGA_1_pss_tb/maestro/results/maestro/ExplorerRun.0/1/VGA_VGA_1_pss_tb_1/psf/spectre.out", "logFileSize": "-1"}
[2026-04-08 13:21:01.872 Z] [PROCESS] [cadence.virtuoso.ade.simulationMonitor] - Simulator launched {"hostname": "il2244vt26_davidevi", "processid": 760133, "history": "ExplorerRun.0", "testname": "VGA_VGA_1_pss_tb_1", "cornername": "Nominal", "point": 1, "logfile": "/home/davidevi/Desktop/myproject/logs_davidevi/logs0/Job281.log", "simid": "1"}
[2026-04-08 13:21:01.878 Z] [PROCESS] [cadence.virtuoso.ade.simulationMonitor] - Expression evaluator launched {"hostname": "il2244vt26_davidevi", "processid": 760133, "history": "ExplorerRun.0", "testname": "VGA_VGA_1_pss_tb_1", "cornername": "Nominal", "point": 1, "logfile": "/home/davidevi/Desktop/myproject/logs_davidevi/logs0/Job281.log"}
[2026-04-08 13:21:01.914 Z] [PROCESS] [cadence.virtuoso.ade.simulationMonitor] - Started Simulation {"hostname": "il2244vt26_davidevi", "processid": 760133, "history": "ExplorerRun.0", "testname": "VGA_VGA_1_pss_tb_1", "cornername": "Nominal", "point": 1, "logfile": "/home/davidevi/Desktop/myproject/logs_davidevi/logs0/Job281.log", "event": "started", "task": "simulation"}
[2026-04-08 13:21:02.915 Z] [WARN] [cadence.virtuoso.ade.simulationMonitor] -     WARNING (SPECTRE-691): This CPU processor does not support x86 advanced vector extensions instructions. This may affect math operations and slow down the simulation. {"history": "ExplorerRun.0", "point": 1, "testname": "VGA_VGA_1_pss_tb_1", "cornername": "Nominal"}
[2026-04-08 13:21:02.915 Z] [INFO] [cadence.virtuoso.ade.simulationMonitor] - Notice from spectre during circuit read-in.
    Pre_Configuration file used: /opt/tools/cadence/installs/SPECTRE241/tools.lnx86/spectre/etc/configs/preset.precfg
    Configuration file used: `/opt/tools/cadence/installs/SPECTRE241/tools.lnx86/spectre/etc/configs/preset.cfg'. {"history": "ExplorerRun.0", "point": 1, "testname": "VGA_VGA_1_pss_tb_1", "cornername": "Nominal"}
[2026-04-08 13:21:02.915 Z] [WARN] [cadence.virtuoso.ade.simulationMonitor] -     WARNING (SPECTRE-8360): line 1511: `ac' is an undefined primitive device. {"history": "ExplorerRun.0", "point": 1, "testname": "VGA_VGA_1_pss_tb_1", "cornername": "Nominal"}
[2026-04-08 13:21:02.915 Z] [WARN] [cadence.virtuoso.ade.simulationMonitor] -     WARNING (SPECTRE-8360): line 1512: `ac' is an undefined primitive device. {"history": "ExplorerRun.0", "point": 1, "testname": "VGA_VGA_1_pss_tb_1", "cornername": "Nominal"}
[2026-04-08 13:21:02.915 Z] [WARN] [cadence.virtuoso.ade.simulationMonitor] -     WARNING (SPECTRE-8360): line 1513: `ac' is an undefined primitive device. {"history": "ExplorerRun.0", "point": 1, "testname": "VGA_VGA_1_pss_tb_1", "cornername": "Nominal"}
[2026-04-08 13:21:02.915 Z] [WARN] [cadence.virtuoso.ade.simulationMonitor] -     WARNING (SPECTRE-8360): line 1514: `ac' is an undefined primitive device. {"history": "ExplorerRun.0", "point": 1, "testname": "VGA_VGA_1_pss_tb_1", "cornername": "Nominal"}
[2026-04-08 13:21:02.915 Z] [WARN] [cadence.virtuoso.ade.simulationMonitor] -     WARNING (SPECTRE-8360): line 1515: `ac' is an undefined primitive device.
        Further occurrences of this warning will be suppressed. {"history": "ExplorerRun.0", "point": 1, "testname": "VGA_VGA_1_pss_tb_1", "cornername": "Nominal"}
[2026-04-08 13:21:02.916 Z] [WARN] [cadence.virtuoso.ade.simulationMonitor] -     WARNING (VACOMP-2435): The environment variable CDS_AHDLCMI_ENABLE is no longer supported. Therefore, the simulator will use the default compiled C code flow. {"history": "ExplorerRun.0", "point": 1, "testname": "VGA_VGA_1_pss_tb_1", "cornername": "Nominal"}
[2026-04-08 13:21:02.916 Z] [INFO] [cadence.virtuoso.ade.simulationMonitor] - Peak resident memory used = 201 Mbytes. {"history": "ExplorerRun.0", "point": 1, "testname": "VGA_VGA_1_pss_tb_1", "cornername": "Nominal"}
[2026-04-08 13:21:03.416 Z] [WARN] [cadence.virtuoso.ade.simulationMonitor] -     WARNING (SFE-3016): The floating node net6 is removed. {"history": "ExplorerRun.0", "point": 1, "testname": "VGA_VGA_1_pss_tb_1", "cornername": "Nominal"}
[2026-04-08 13:21:03.416 Z] [INFO] [cadence.virtuoso.ade.simulationMonitor] - Peak resident memory used = 209 Mbytes. {"history": "ExplorerRun.0", "point": 1, "testname": "VGA_VGA_1_pss_tb_1", "cornername": "Nominal"}
[2026-04-08 13:21:03.416 Z] [INFO] [cadence.virtuoso.ade.simulationMonitor] - Notice from spectre during hierarchy flattening.
    The value 'psf' specified for the 'checklimitdest' option will no longer be supported in future releases. Use 'spectre -h' to see other recommended values for the 'checklimitdest' option. {"history": "ExplorerRun.0", "point": 1, "testname": "VGA_VGA_1_pss_tb_1", "cornername": "Nominal"}
[2026-04-08 13:21:03.417 Z] [INFO] [cadence.virtuoso.ade.simulationMonitor] - Peak resident memory used = 212 Mbytes. {"history": "ExplorerRun.0", "point": 1, "testname": "VGA_VGA_1_pss_tb_1", "cornername": "Nominal"}
[2026-04-08 13:21:03.417 Z] [WARN] [cadence.virtuoso.ade.simulationMonitor] -     WARNING (SPECTRE-16460): SOAC_cvarm_vspsub:Specified subcircuit master `cvarm' was not found. {"history": "ExplorerRun.0", "point": 1, "testname": "VGA_VGA_1_pss_tb_1", "cornername": "Nominal"}
[2026-04-08 13:21:03.417 Z] [WARN] [cadence.virtuoso.ade.simulationMonitor] -     WARNING (SPECTRE-16462): SOAC_cvarm_vspsub:Error in specification of subcircuit master. Assert is ignored. {"history": "ExplorerRun.0", "point": 1, "testname": "VGA_VGA_1_pss_tb_1", "cornername": "Nominal"}
[2026-04-08 13:21:03.417 Z] [WARN] [cadence.virtuoso.ade.simulationMonitor] -     WARNING (SPECTRE-16460): SOAC_cvarm_vbs:Specified subcircuit master `cvarm' was not found. {"history": "ExplorerRun.0", "point": 1, "testname": "VGA_VGA_1_pss_tb_1", "cornername": "Nominal"}
[2026-04-08 13:21:03.417 Z] [WARN] [cadence.virtuoso.ade.simulationMonitor] -     WARNING (SPECTRE-16462): SOAC_cvarm_vbs:Error in specification of subcircuit master. Assert is ignored. {"history": "ExplorerRun.0", "point": 1, "testname": "VGA_VGA_1_pss_tb_1", "cornername": "Nominal"}
[2026-04-08 13:21:03.417 Z] [WARN] [cadence.virtuoso.ade.simulationMonitor] -     WARNING (SPECTRE-16460): SOAC_cvarm_vgb:Specified subcircuit master `cvarm' was not found. {"history": "ExplorerRun.0", "point": 1, "testname": "VGA_VGA_1_pss_tb_1", "cornername": "Nominal"}
[2026-04-08 13:21:03.417 Z] [WARN] [cadence.virtuoso.ade.simulationMonitor] -     WARNING (SPECTRE-16462): SOAC_cvarm_vgb:Error in specification of subcircuit master. Assert is ignored. {"history": "ExplorerRun.0", "point": 1, "testname": "VGA_VGA_1_pss_tb_1", "cornername": "Nominal"}
[2026-04-08 13:21:03.417 Z] [WARN] [cadence.virtuoso.ade.simulationMonitor] -     WARNING (SPECTRE-16460): SOAC_cvart_vspsub:Specified subcircuit master `cvart' was not found. {"history": "ExplorerRun.0", "point": 1, "testname": "VGA_VGA_1_pss_tb_1", "cornername": "Nominal"}
[2026-04-08 13:21:03.418 Z] [WARN] [cadence.virtuoso.ade.simulationMonitor] -     WARNING (SPECTRE-16462): SOAC_cvart_vspsub:Error in specification of subcircuit master. Assert is ignored. {"history": "ExplorerRun.0", "point": 1, "testname": "VGA_VGA_1_pss_tb_1", "cornername": "Nominal"}
[2026-04-08 13:21:03.418 Z] [WARN] [cadence.virtuoso.ade.simulationMonitor] -     WARNING (SPECTRE-16460): SOAC_cvart_vbs:Specified subcircuit master `cvart' was not found.
        Further occurrences of this warning will be suppressed. {"history": "ExplorerRun.0", "point": 1, "testname": "VGA_VGA_1_pss_tb_1", "cornername": "Nominal"}
[2026-04-08 13:21:03.418 Z] [WARN] [cadence.virtuoso.ade.simulationMonitor] -     WARNING (SPECTRE-16462): SOAC_cvart_vbs:Error in specification of subcircuit master. Assert is ignored.
        Further occurrences of this warning will be suppressed. {"history": "ExplorerRun.0", "point": 1, "testname": "VGA_VGA_1_pss_tb_1", "cornername": "Nominal"}
[2026-04-08 13:21:03.918 Z] [INFO] [cadence.virtuoso.ade.simulationMonitor] - Notice from spectre during topology check.
    Only one connection to the following 43 nodes:
        I0.MN6.psub!
        I0.MN5.psub!
        I0.MN4.psub!
        I0.MN3.psub!
        I0.MN2.psub!
        Further occurrences of this notice will be suppressed. {"history": "ExplorerRun.0", "point": 1, "testname": "VGA_VGA_1_pss_tb_1", "cornername": "Nominal"}
[2026-04-08 13:21:03.919 Z] [INFO] [cadence.virtuoso.ade.simulationMonitor] - Notice from spectre during initial setup.
    Multithreading is disabled due to the size of the design being too small. {"history": "ExplorerRun.0", "point": 1, "testname": "VGA_VGA_1_pss_tb_1", "cornername": "Nominal"}
[2026-04-08 13:21:03.921 Z] [INFO] [cadence.virtuoso.ade.simulationMonitor] -               nodes 87 {"history": "ExplorerRun.0", "point": 1, "testname": "VGA_VGA_1_pss_tb_1", "cornername": "Nominal"}
[2026-04-08 13:21:03.921 Z] [INFO] [cadence.virtuoso.ade.simulationMonitor] - Notice from spectre during initial setup.
    Spectre X preset=cx enabled.
    1 notice suppressed.
    72 warnings suppressed. {"history": "ExplorerRun.0", "point": 1, "testname": "VGA_VGA_1_pss_tb_1", "cornername": "Nominal"}
[2026-04-08 13:21:03.921 Z] [INFO] [cadence.virtuoso.ade.simulationMonitor] - Peak resident memory used = 216 Mbytes. {"history": "ExplorerRun.0", "point": 1, "testname": "VGA_VGA_1_pss_tb_1", "cornername": "Nominal"}
[2026-04-08 13:21:03.921 Z] [INFO] [cadence.virtuoso.ade.simulationMonitor] -    -   (Spectre X) Multi-threading. The recommended number of threads is 1, consider adding +mt=1 on command line. {"history": "ExplorerRun.0", "point": 1, "testname": "VGA_VGA_1_pss_tb_1", "cornername": "Nominal"}
[2026-04-08 13:21:03.921 Z] [INFO] [cadence.virtuoso.ade.simulationMonitor] - Notice from spectre during transient analysis `tran'.
    No checklimit analysis defined for asserts. A default checklimit analysis 'SpectreChecklimitAnal' has been created with all asserts enabled. {"history": "ExplorerRun.0", "point": 1, "testname": "VGA_VGA_1_pss_tb_1", "cornername": "Nominal"}
[2026-04-08 13:21:03.922 Z] [INFO] [cadence.virtuoso.ade.simulationMonitor] - Notice from spectre during IC analysis, during transient analysis `tran'.
    Bad pivoting is found during DC analysis. Option dc_pivot_check=yes is recommended for possible improvement of convergence. {"history": "ExplorerRun.0", "point": 1, "testname": "VGA_VGA_1_pss_tb_1", "cornername": "Nominal"}
[2026-04-08 13:21:03.922 Z] [WARN] [cadence.virtuoso.ade.simulationMonitor] -     WARNING (CMI-2943): Parameter checks have been ignored because the valid value for parameter 'trise' could not be found in 'C1'. {"history": "ExplorerRun.0", "point": 1, "testname": "VGA_VGA_1_pss_tb_1", "cornername": "Nominal"}
[2026-04-08 13:21:03.922 Z] [WARN] [cadence.virtuoso.ade.simulationMonitor] -     WARNING (CMI-2943): Parameter checks have been ignored because the valid value for parameter 'trise' could not be found in 'I0.C7<0>_turbo_m2.C1'. {"history": "ExplorerRun.0", "point": 1, "testname": "VGA_VGA_1_pss_tb_1", "cornername": "Nominal"}
[2026-04-08 13:21:03.922 Z] [WARN] [cadence.virtuoso.ade.simulationMonitor] -     WARNING (CMI-2943): Parameter checks have been ignored because the valid value for parameter 'trise' could not be found in 'I0.C8<0>_turbo_m4.C1'. {"history": "ExplorerRun.0", "point": 1, "testname": "VGA_VGA_1_pss_tb_1", "cornername": "Nominal"}
[2026-04-08 13:21:03.922 Z] [WARN] [cadence.virtuoso.ade.simulationMonitor] -     WARNING (CMI-2943): Parameter checks have been ignored because the valid value for parameter 'trise' could not be found in 'I0.C9<0>_turbo_m8.C1'. {"history": "ExplorerRun.0", "point": 1, "testname": "VGA_VGA_1_pss_tb_1", "cornername": "Nominal"}
[2026-04-08 13:21:03.922 Z] [WARN] [cadence.virtuoso.ade.simulationMonitor] -     WARNING (CMI-2943): Parameter checks have been ignored because the valid value for parameter 'trise' could not be found in 'I0.R2.CM'.
        Further occurrences of this warning will be suppressed. {"history": "ExplorerRun.0", "point": 1, "testname": "VGA_VGA_1_pss_tb_1", "cornername": "Nominal"}
[2026-04-08 13:21:03.922 Z] [INFO] [cadence.virtuoso.ade.simulationMonitor] - Notice from spectre during transient analysis `tran'.
    Multithreading is disabled due to the size of the design being too small. {"history": "ExplorerRun.0", "point": 1, "testname": "VGA_VGA_1_pss_tb_1", "cornername": "Nominal"}
[2026-04-08 13:21:03.923 Z] [INFO] [cadence.virtuoso.ade.simulationMonitor] - Total time required for tran analysis `tran': CPU = 173.133 ms, elapsed = 178.774 ms, util. = 96.8%. {"history": "ExplorerRun.0", "point": 1, "testname": "VGA_VGA_1_pss_tb_1", "cornername": "Nominal"}
[2026-04-08 13:21:03.923 Z] [INFO] [cadence.virtuoso.ade.simulationMonitor] - Peak resident memory used = 226 Mbytes. {"history": "ExplorerRun.0", "point": 1, "testname": "VGA_VGA_1_pss_tb_1", "cornername": "Nominal"}
[2026-04-08 13:21:03.923 Z] [INFO] [cadence.virtuoso.ade.simulationMonitor] - Notice from spectre.
    12 warnings suppressed. {"history": "ExplorerRun.0", "point": 1, "testname": "VGA_VGA_1_pss_tb_1", "cornername": "Nominal"}
[2026-04-08 13:21:03.923 Z] [INFO] [cadence.virtuoso.ade.simulationMonitor] - Time used: CPU = 826 ms, elapsed = 1.56 s, util. = 52.8%. {"history": "ExplorerRun.0", "point": 1, "testname": "VGA_VGA_1_pss_tb_1", "cornername": "Nominal"}
[2026-04-08 13:21:03.923 Z] [INFO] [cadence.virtuoso.ade.simulationMonitor] - Time spent in licensing: elapsed = 61 ms. {"history": "ExplorerRun.0", "point": 1, "testname": "VGA_VGA_1_pss_tb_1", "cornername": "Nominal"}
[2026-04-08 13:21:03.924 Z] [INFO] [cadence.virtuoso.ade.simulationMonitor] - Peak memory used = 226 Mbytes. {"history": "ExplorerRun.0", "point": 1, "testname": "VGA_VGA_1_pss_tb_1", "cornername": "Nominal"}
[2026-04-08 13:21:03.925 Z] [PROCESS] [cadence.virtuoso.ade.simulationMonitor] - Simulation started at: 1:21:02 PM, Wed Apr 8, 2026, ended at: 1:21:03 PM, Wed Apr 8, 2026, with elapsed time (wall clock): 1.56 s. {"history": "ExplorerRun.0", "point": 1, "testname": "VGA_VGA_1_pss_tb_1", "cornername": "Nominal"}
[2026-04-08 13:21:03.925 Z] [PROCESS] [cadence.virtuoso.ade.simulationMonitor] - spectre completes with 0 errors, 23 warnings, and 13 notices. {"history": "ExplorerRun.0", "point": 1, "testname": "VGA_VGA_1_pss_tb_1", "cornername": "Nominal"}
[2026-04-08 13:21:03.925 Z] [PROCESS] [cadence.virtuoso.ade.simulationMonitor] - Finished simulating for one point {"hostname": "il2244vt26_davidevi", "processid": 760133, "history": "ExplorerRun.0", "testname": "VGA_VGA_1_pss_tb_1", "cornername": "Nominal", "point": 1, "logfile": "/home/davidevi/Desktop/myproject/logs_davidevi/logs0/Job281.log", "simid": "1"}
[2026-04-08 13:21:03.925 Z] [PROCESS] [cadence.virtuoso.ade.simulationMonitor] - Simulator exited {"hostname": "il2244vt26_davidevi", "processid": 760133, "history": "ExplorerRun.0", "testname": "VGA_VGA_1_pss_tb_1", "cornername": "Nominal", "point": 1, "logfile": "/home/davidevi/Desktop/myproject/logs_davidevi/logs0/Job281.log", "exitStatus": "0"}
[2026-04-08 13:21:03.925 Z] [PROCESS] [cadence.virtuoso.ade.simulationMonitor] - Finished Simulation {"hostname": "il2244vt26_davidevi", "processid": 760133, "history": "ExplorerRun.0", "testname": "VGA_VGA_1_pss_tb_1", "cornername": "Nominal", "point": 1, "logfile": "/home/davidevi/Desktop/myproject/logs_davidevi/logs0/Job281.log", "simid": "1"}
[2026-04-08 13:21:07.938 Z] [PROCESS] [cadence.virtuoso.ade.simulationMonitor] - Point Finished {"hostname": "il2244vt26_davidevi", "processid": 760133, "history": "ExplorerRun.0", "testname": "VGA_VGA_1_pss_tb_1", "cornername": "Nominal", "point": 1, "logfile": "/home/davidevi/Desktop/myproject/logs_davidevi/logs0/Job281.log"}
[2026-04-08 13:21:08.942 Z] [PROCESS] [cadence.virtuoso.ade.simulationMonitor] - Stay with the runId '0', Linger time '300', currentRunSyn '1', currentTestSyn '2' {"hostname": "il2244vt26_davidevi", "processid": 760133, "history": "ExplorerRun.0", "testname": "VGA_VGA_1_pss_tb_1", "cornername": "Nominal", "point": 1, "logfile": "/home/davidevi/Desktop/myproject/logs_davidevi/logs0/Job281.log"}
[2026-04-08 13:21:09.942 Z] [PROCESS] [cadence.virtuoso.ade.simulationMonitor] - Stay with the runId '0', Linger time '300', currentRunSyn '1', currentTestSyn '2' {"hostname": "il2244vt26_davidevi", "processid": 760133, "history": "ExplorerRun.0", "testname": "VGA_VGA_1_pss_tb_1", "cornername": "Nominal", "point": 1, "logfile": "/home/davidevi/Desktop/myproject/logs_davidevi/logs0/Job281.log"}
[2026-04-08 13:23:33.151 Z] [INFO] [cadence.virtuoso.ade.simulationMonitor] - SimulationMonitor has terminated the vds process '760170', reason: 'Force to stop the expression evalutor process because of new run' {"history": "ExplorerRun.0", "point": 1, "testname": "VGA_VGA_1_pss_tb_1", "cornername": "Nominal"}
[2026-04-08 13:23:33.152 Z] [PROCESS] [cadence.virtuoso.ade.simulationMonitor] - HostInfo:
Host name (type):	il2244vt26_davidevi (x86_64)
Operating system:	Linux 5.15.0-164-generic #174-Ubuntu SMP Fri Nov 14 20:25:16 UTC 2025 {"hostname": "il2244vt26_davidevi", "processid": 760133, "history": "ExplorerRun.0", "testname": "VGA_VGA_1_pss_tb_1", "cornername": "Nominal", "point": 1, "logfile": "/home/davidevi/Desktop/myproject/logs_davidevi/logs0/Job281.log", "nodename": "il2244vt26_davidevi", "domainname": "(none)", "machine": "x86_64", "sysname": "Linux", "release": "5.15.0-164-generic", "version": "#174-Ubuntu SMP Fri Nov 14 20:25:16 UTC 2025"}
[2026-04-08 13:23:33.153 Z] [PROCESS] [cadence.virtuoso.ade.simulationMonitor] - UsageInfo:
pid=760133
totalPhysicalMemory=3023.749672GB,Used=1543.397659GB,totalVirtualMemory=3031.749668GB,Used=1543.420609GB
Cpu: Cores=48, Load average:9.820000,22.080000,25.450000 {"hostname": "il2244vt26_davidevi", "processid": 760133, "history": "ExplorerRun.0", "testname": "VGA_VGA_1_pss_tb_1", "cornername": "Nominal", "point": 1, "logfile": "/home/davidevi/Desktop/myproject/logs_davidevi/logs0/Job281.log", "pid": "760133", "totalPhysicalMemory": "3023.749672", "physicalMemoryUsed": "1543.397659", "totalVirtualMemory": "3031.749668", "virtualMemoryUsed": "1543.420609", "cpuCores": "48", "processes": "29814", "loadAverage1": "9.820000", "loadAverage5": "22.080000", "loadAverage15": "25.450000", "loadAverage1Percent": "0.204583"}
[2026-04-08 13:23:33.154 Z] [EVENT] [cadence.virtuoso.ade.simulationMonitor] - NewPoint {"history": "ExplorerRun.0", "point": 1, "testname": "VGA_VGA_1_pss_tb_1", "cornername": "Nominal", "event": "NewPoint", "EventSource": "Simulation Monitor", "HistoryName": "ExplorerRun.0", "logFile": "/home/davidevi/Desktop/myproject/logs_davidevi/logs0/Job281.log", "logFileSize": "21297"}
[2026-04-08 13:23:33.255 Z] [EVENT] [cadence.virtuoso.ade.simulationMonitor] - NewPoint {"history": "ExplorerRun.0", "point": 1, "testname": "VGA_VGA_1_pss_tb_1", "cornername": "Nominal", "event": "NewPoint", "EventSource": "spectre", "HistoryName": "ExplorerRun.0", "logFile": "/home/davidevi/Desktop/myproject/Sim/VGA/VGA_1_pss_tb/maestro/results/maestro/ExplorerRun.0/1/VGA_VGA_1_pss_tb_1/psf/spectre.out", "logFileSize": "-1"}
[2026-04-08 13:23:33.268 Z] [PROCESS] [cadence.virtuoso.ade.simulationMonitor] - Simulator launched {"hostname": "il2244vt26_davidevi", "processid": 760133, "history": "ExplorerRun.0", "testname": "VGA_VGA_1_pss_tb_1", "cornername": "Nominal", "point": 1, "logfile": "/home/davidevi/Desktop/myproject/logs_davidevi/logs0/Job281.log", "simid": "2"}
[2026-04-08 13:23:33.272 Z] [PROCESS] [cadence.virtuoso.ade.simulationMonitor] - Expression evaluator launched {"hostname": "il2244vt26_davidevi", "processid": 760133, "history": "ExplorerRun.0", "testname": "VGA_VGA_1_pss_tb_1", "cornername": "Nominal", "point": 1, "logfile": "/home/davidevi/Desktop/myproject/logs_davidevi/logs0/Job281.log"}
[2026-04-08 13:23:33.315 Z] [PROCESS] [cadence.virtuoso.ade.simulationMonitor] - Started Simulation {"hostname": "il2244vt26_davidevi", "processid": 760133, "history": "ExplorerRun.0", "testname": "VGA_VGA_1_pss_tb_1", "cornername": "Nominal", "point": 1, "logfile": "/home/davidevi/Desktop/myproject/logs_davidevi/logs0/Job281.log", "event": "started", "task": "simulation"}
[2026-04-08 13:23:34.316 Z] [WARN] [cadence.virtuoso.ade.simulationMonitor] -     WARNING (SPECTRE-691): This CPU processor does not support x86 advanced vector extensions instructions. This may affect math operations and slow down the simulation. {"history": "ExplorerRun.0", "point": 1, "testname": "VGA_VGA_1_pss_tb_1", "cornername": "Nominal"}
[2026-04-08 13:23:34.316 Z] [INFO] [cadence.virtuoso.ade.simulationMonitor] - Notice from spectre during circuit read-in.
    Pre_Configuration file used: /opt/tools/cadence/installs/SPECTRE241/tools.lnx86/spectre/etc/configs/preset.precfg
    Configuration file used: `/opt/tools/cadence/installs/SPECTRE241/tools.lnx86/spectre/etc/configs/preset.cfg'. {"history": "ExplorerRun.0", "point": 1, "testname": "VGA_VGA_1_pss_tb_1", "cornername": "Nominal"}
[2026-04-08 13:23:34.317 Z] [WARN] [cadence.virtuoso.ade.simulationMonitor] -     WARNING (SPECTRE-8360): line 1511: `ac' is an undefined primitive device. {"history": "ExplorerRun.0", "point": 1, "testname": "VGA_VGA_1_pss_tb_1", "cornername": "Nominal"}
[2026-04-08 13:23:34.317 Z] [WARN] [cadence.virtuoso.ade.simulationMonitor] -     WARNING (SPECTRE-8360): line 1512: `ac' is an undefined primitive device. {"history": "ExplorerRun.0", "point": 1, "testname": "VGA_VGA_1_pss_tb_1", "cornername": "Nominal"}
[2026-04-08 13:23:34.317 Z] [WARN] [cadence.virtuoso.ade.simulationMonitor] -     WARNING (SPECTRE-8360): line 1513: `ac' is an undefined primitive device. {"history": "ExplorerRun.0", "point": 1, "testname": "VGA_VGA_1_pss_tb_1", "cornername": "Nominal"}
[2026-04-08 13:23:34.317 Z] [WARN] [cadence.virtuoso.ade.simulationMonitor] -     WARNING (SPECTRE-8360): line 1514: `ac' is an undefined primitive device. {"history": "ExplorerRun.0", "point": 1, "testname": "VGA_VGA_1_pss_tb_1", "cornername": "Nominal"}
[2026-04-08 13:23:34.317 Z] [WARN] [cadence.virtuoso.ade.simulationMonitor] -     WARNING (SPECTRE-8360): line 1515: `ac' is an undefined primitive device.
        Further occurrences of this warning will be suppressed. {"history": "ExplorerRun.0", "point": 1, "testname": "VGA_VGA_1_pss_tb_1", "cornername": "Nominal"}
[2026-04-08 13:23:34.317 Z] [INFO] [cadence.virtuoso.ade.simulationMonitor] - Peak resident memory used = 178 Mbytes. {"history": "ExplorerRun.0", "point": 1, "testname": "VGA_VGA_1_pss_tb_1", "cornername": "Nominal"}
[2026-04-08 13:23:34.317 Z] [WARN] [cadence.virtuoso.ade.simulationMonitor] -     WARNING (VACOMP-2435): The environment variable CDS_AHDLCMI_ENABLE is no longer supported. Therefore, the simulator will use the default compiled C code flow. {"history": "ExplorerRun.0", "point": 1, "testname": "VGA_VGA_1_pss_tb_1", "cornername": "Nominal"}
[2026-04-08 13:23:34.318 Z] [WARN] [cadence.virtuoso.ade.simulationMonitor] -     WARNING (SFE-3016): The floating node net6 is removed. {"history": "ExplorerRun.0", "point": 1, "testname": "VGA_VGA_1_pss_tb_1", "cornername": "Nominal"}
[2026-04-08 13:23:34.318 Z] [INFO] [cadence.virtuoso.ade.simulationMonitor] - Peak resident memory used = 191 Mbytes. {"history": "ExplorerRun.0", "point": 1, "testname": "VGA_VGA_1_pss_tb_1", "cornername": "Nominal"}
[2026-04-08 13:23:34.318 Z] [INFO] [cadence.virtuoso.ade.simulationMonitor] - Notice from spectre during hierarchy flattening.
    The value 'psf' specified for the 'checklimitdest' option will no longer be supported in future releases. Use 'spectre -h' to see other recommended values for the 'checklimitdest' option. {"history": "ExplorerRun.0", "point": 1, "testname": "VGA_VGA_1_pss_tb_1", "cornername": "Nominal"}
[2026-04-08 13:23:34.318 Z] [INFO] [cadence.virtuoso.ade.simulationMonitor] - Peak resident memory used = 194 Mbytes. {"history": "ExplorerRun.0", "point": 1, "testname": "VGA_VGA_1_pss_tb_1", "cornername": "Nominal"}
[2026-04-08 13:23:34.318 Z] [WARN] [cadence.virtuoso.ade.simulationMonitor] -     WARNING (SPECTRE-17607): Assert `SOAC_rpolyh_vminuspsub' is ignored because it contains an expression which is invalid or not supported by native evaluator.  {"history": "ExplorerRun.0", "point": 1, "testname": "VGA_VGA_1_pss_tb_1", "cornername": "Nominal"}
[2026-04-08 13:23:34.318 Z] [WARN] [cadence.virtuoso.ade.simulationMonitor] -     WARNING (SPECTRE-17607): Assert `SOAC_rpolyh_vpluspsub' is ignored because it contains an expression which is invalid or not supported by native evaluator.  {"history": "ExplorerRun.0", "point": 1, "testname": "VGA_VGA_1_pss_tb_1", "cornername": "Nominal"}
[2026-04-08 13:23:34.318 Z] [WARN] [cadence.virtuoso.ade.simulationMonitor] -     WARNING (SPECTRE-16460): SOAC_cvarm_vspsub:Specified subcircuit master `cvarm' was not found. {"history": "ExplorerRun.0", "point": 1, "testname": "VGA_VGA_1_pss_tb_1", "cornername": "Nominal"}
[2026-04-08 13:23:34.318 Z] [WARN] [cadence.virtuoso.ade.simulationMonitor] -     WARNING (SPECTRE-16462): SOAC_cvarm_vspsub:Error in specification of subcircuit master. Assert is ignored. {"history": "ExplorerRun.0", "point": 1, "testname": "VGA_VGA_1_pss_tb_1", "cornername": "Nominal"}
[2026-04-08 13:23:34.319 Z] [WARN] [cadence.virtuoso.ade.simulationMonitor] -     WARNING (SPECTRE-16460): SOAC_cvarm_vbs:Specified subcircuit master `cvarm' was not found. {"history": "ExplorerRun.0", "point": 1, "testname": "VGA_VGA_1_pss_tb_1", "cornername": "Nominal"}
[2026-04-08 13:23:34.319 Z] [WARN] [cadence.virtuoso.ade.simulationMonitor] -     WARNING (SPECTRE-16462): SOAC_cvarm_vbs:Error in specification of subcircuit master. Assert is ignored. {"history": "ExplorerRun.0", "point": 1, "testname": "VGA_VGA_1_pss_tb_1", "cornername": "Nominal"}
[2026-04-08 13:23:34.319 Z] [WARN] [cadence.virtuoso.ade.simulationMonitor] -     WARNING (SPECTRE-16460): SOAC_cvarm_vgb:Specified subcircuit master `cvarm' was not found. {"history": "ExplorerRun.0", "point": 1, "testname": "VGA_VGA_1_pss_tb_1", "cornername": "Nominal"}
[2026-04-08 13:23:34.319 Z] [WARN] [cadence.virtuoso.ade.simulationMonitor] -     WARNING (SPECTRE-16462): SOAC_cvarm_vgb:Error in specification of subcircuit master. Assert is ignored. {"history": "ExplorerRun.0", "point": 1, "testname": "VGA_VGA_1_pss_tb_1", "cornername": "Nominal"}
[2026-04-08 13:23:34.319 Z] [WARN] [cadence.virtuoso.ade.simulationMonitor] -     WARNING (SPECTRE-16460): SOAC_cvart_vspsub:Specified subcircuit master `cvart' was not found. {"history": "ExplorerRun.0", "point": 1, "testname": "VGA_VGA_1_pss_tb_1", "cornername": "Nominal"}
[2026-04-08 13:23:34.319 Z] [WARN] [cadence.virtuoso.ade.simulationMonitor] -     WARNING (SPECTRE-16462): SOAC_cvart_vspsub:Error in specification of subcircuit master. Assert is ignored. {"history": "ExplorerRun.0", "point": 1, "testname": "VGA_VGA_1_pss_tb_1", "cornername": "Nominal"}
[2026-04-08 13:23:34.319 Z] [WARN] [cadence.virtuoso.ade.simulationMonitor] -     WARNING (SPECTRE-16460): SOAC_cvart_vbs:Specified subcircuit master `cvart' was not found.
        Further occurrences of this warning will be suppressed. {"history": "ExplorerRun.0", "point": 1, "testname": "VGA_VGA_1_pss_tb_1", "cornername": "Nominal"}
[2026-04-08 13:23:34.319 Z] [WARN] [cadence.virtuoso.ade.simulationMonitor] -     WARNING (SPECTRE-16462): SOAC_cvart_vbs:Error in specification of subcircuit master. Assert is ignored.
        Further occurrences of this warning will be suppressed. {"history": "ExplorerRun.0", "point": 1, "testname": "VGA_VGA_1_pss_tb_1", "cornername": "Nominal"}
[2026-04-08 13:23:34.320 Z] [WARN] [cadence.virtuoso.ade.simulationMonitor] -     WARNING (SPECTRE-17607): Assert `SOAC_cpoly_vminuspsub' is ignored because it contains an expression which is invalid or not supported by native evaluator.  {"history": "ExplorerRun.0", "point": 1, "testname": "VGA_VGA_1_pss_tb_1", "cornername": "Nominal"}
[2026-04-08 13:23:34.320 Z] [WARN] [cadence.virtuoso.ade.simulationMonitor] -     WARNING (SPECTRE-17607): Assert `SOAC_cpoly_vpluspsub' is ignored because it contains an expression which is invalid or not supported by native evaluator.  {"history": "ExplorerRun.0", "point": 1, "testname": "VGA_VGA_1_pss_tb_1", "cornername": "Nominal"}
[2026-04-08 13:23:34.320 Z] [WARN] [cadence.virtuoso.ade.simulationMonitor] -     WARNING (SPECTRE-17607): Assert `SOAC_modp_vbpsub' is ignored because it contains an expression which is invalid or not supported by native evaluator. 
        Further occurrences of this warning will be suppressed. {"history": "ExplorerRun.0", "point": 1, "testname": "VGA_VGA_1_pss_tb_1", "cornername": "Nominal"}
[2026-04-08 13:23:34.820 Z] [INFO] [cadence.virtuoso.ade.simulationMonitor] - Notice from spectre during initial setup.
    Multithreading is disabled due to the size of the design being too small. {"history": "ExplorerRun.0", "point": 1, "testname": "VGA_VGA_1_pss_tb_1", "cornername": "Nominal"}
[2026-04-08 13:23:34.822 Z] [INFO] [cadence.virtuoso.ade.simulationMonitor] -               nodes 33 {"history": "ExplorerRun.0", "point": 1, "testname": "VGA_VGA_1_pss_tb_1", "cornername": "Nominal"}
[2026-04-08 13:23:34.822 Z] [INFO] [cadence.virtuoso.ade.simulationMonitor] - Notice from spectre during initial setup.
    Spectre X preset=cx enabled.
    73 warnings suppressed. {"history": "ExplorerRun.0", "point": 1, "testname": "VGA_VGA_1_pss_tb_1", "cornername": "Nominal"}
[2026-04-08 13:23:34.822 Z] [INFO] [cadence.virtuoso.ade.simulationMonitor] - Peak resident memory used = 199 Mbytes. {"history": "ExplorerRun.0", "point": 1, "testname": "VGA_VGA_1_pss_tb_1", "cornername": "Nominal"}
[2026-04-08 13:23:34.823 Z] [INFO] [cadence.virtuoso.ade.simulationMonitor] -    -   (Spectre X) Multi-threading. The recommended number of threads is 1, consider adding +mt=1 on command line. {"history": "ExplorerRun.0", "point": 1, "testname": "VGA_VGA_1_pss_tb_1", "cornername": "Nominal"}
[2026-04-08 13:23:34.823 Z] [INFO] [cadence.virtuoso.ade.simulationMonitor] - Notice from spectre during transient analysis `tran'.
    No checklimit analysis defined for asserts. A default checklimit analysis 'SpectreChecklimitAnal' has been created with all asserts enabled. {"history": "ExplorerRun.0", "point": 1, "testname": "VGA_VGA_1_pss_tb_1", "cornername": "Nominal"}
[2026-04-08 13:23:34.823 Z] [INFO] [cadence.virtuoso.ade.simulationMonitor] - Notice from spectre during IC analysis, during transient analysis `tran'.
    Bad pivoting is found during DC analysis. Option dc_pivot_check=yes is recommended for possible improvement of convergence. {"history": "ExplorerRun.0", "point": 1, "testname": "VGA_VGA_1_pss_tb_1", "cornername": "Nominal"}
[2026-04-08 13:23:34.823 Z] [WARN] [cadence.virtuoso.ade.simulationMonitor] -     WARNING (CMI-2943): Parameter checks have been ignored because the valid value for parameter 'trise' could not be found in 'C1'. {"history": "ExplorerRun.0", "point": 1, "testname": "VGA_VGA_1_pss_tb_1", "cornername": "Nominal"}
[2026-04-08 13:23:34.823 Z] [WARN] [cadence.virtuoso.ade.simulationMonitor] -     WARNING (CMI-2943): Parameter checks have been ignored because the valid value for parameter 'trise' could not be found in 'I0.C7<0>_turbo_m2.C1'. {"history": "ExplorerRun.0", "point": 1, "testname": "VGA_VGA_1_pss_tb_1", "cornername": "Nominal"}
[2026-04-08 13:23:34.823 Z] [WARN] [cadence.virtuoso.ade.simulationMonitor] -     WARNING (CMI-2943): Parameter checks have been ignored because the valid value for parameter 'trise' could not be found in 'I0.C8<0>_turbo_m4.C1'. {"history": "ExplorerRun.0", "point": 1, "testname": "VGA_VGA_1_pss_tb_1", "cornername": "Nominal"}
[2026-04-08 13:23:34.823 Z] [WARN] [cadence.virtuoso.ade.simulationMonitor] -     WARNING (CMI-2943): Parameter checks have been ignored because the valid value for parameter 'trise' could not be found in 'I0.C9<0>_turbo_m8.C1'. {"history": "ExplorerRun.0", "point": 1, "testname": "VGA_VGA_1_pss_tb_1", "cornername": "Nominal"}
[2026-04-08 13:23:34.824 Z] [WARN] [cadence.virtuoso.ade.simulationMonitor] -     WARNING (CMI-2943): Parameter checks have been ignored because the valid value for parameter 'trise' could not be found in 'I0.R2.CM'.
        Further occurrences of this warning will be suppressed. {"history": "ExplorerRun.0", "point": 1, "testname": "VGA_VGA_1_pss_tb_1", "cornername": "Nominal"}
[2026-04-08 13:23:34.824 Z] [INFO] [cadence.virtuoso.ade.simulationMonitor] - Notice from spectre during transient analysis `tran'.
    Multithreading is disabled due to the size of the design being too small. {"history": "ExplorerRun.0", "point": 1, "testname": "VGA_VGA_1_pss_tb_1", "cornername": "Nominal"}
[2026-04-08 13:23:35.324 Z] [INFO] [cadence.virtuoso.ade.simulationMonitor] - Total time required for tran analysis `tran': CPU = 109.808 ms, elapsed = 116.317 ms, util. = 94.4%. {"history": "ExplorerRun.0", "point": 1, "testname": "VGA_VGA_1_pss_tb_1", "cornername": "Nominal"}
[2026-04-08 13:23:35.325 Z] [INFO] [cadence.virtuoso.ade.simulationMonitor] - Peak resident memory used = 210 Mbytes. {"history": "ExplorerRun.0", "point": 1, "testname": "VGA_VGA_1_pss_tb_1", "cornername": "Nominal"}
[2026-04-08 13:23:35.325 Z] [INFO] [cadence.virtuoso.ade.simulationMonitor] - Notice from spectre.
    12 warnings suppressed. {"history": "ExplorerRun.0", "point": 1, "testname": "VGA_VGA_1_pss_tb_1", "cornername": "Nominal"}
[2026-04-08 13:23:35.325 Z] [INFO] [cadence.virtuoso.ade.simulationMonitor] - Time used: CPU = 626 ms, elapsed = 1.23 s, util. = 50.7%. {"history": "ExplorerRun.0", "point": 1, "testname": "VGA_VGA_1_pss_tb_1", "cornername": "Nominal"}
[2026-04-08 13:23:35.325 Z] [INFO] [cadence.virtuoso.ade.simulationMonitor] - Time spent in licensing: elapsed = 67.6 ms, percentage of total = 5.48%. {"history": "ExplorerRun.0", "point": 1, "testname": "VGA_VGA_1_pss_tb_1", "cornername": "Nominal"}
[2026-04-08 13:23:35.326 Z] [INFO] [cadence.virtuoso.ade.simulationMonitor] - Peak memory used = 211 Mbytes. {"history": "ExplorerRun.0", "point": 1, "testname": "VGA_VGA_1_pss_tb_1", "cornername": "Nominal"}
[2026-04-08 13:23:35.327 Z] [PROCESS] [cadence.virtuoso.ade.simulationMonitor] - Simulation started at: 1:23:33 PM, Wed Apr 8, 2026, ended at: 1:23:34 PM, Wed Apr 8, 2026, with elapsed time (wall clock): 1.23 s. {"history": "ExplorerRun.0", "point": 1, "testname": "VGA_VGA_1_pss_tb_1", "cornername": "Nominal"}
[2026-04-08 13:23:35.327 Z] [PROCESS] [cadence.virtuoso.ade.simulationMonitor] - spectre completes with 0 errors, 28 warnings, and 12 notices. {"history": "ExplorerRun.0", "point": 1, "testname": "VGA_VGA_1_pss_tb_1", "cornername": "Nominal"}
[2026-04-08 13:23:35.328 Z] [PROCESS] [cadence.virtuoso.ade.simulationMonitor] - Finished simulating for one point {"hostname": "il2244vt26_davidevi", "processid": 760133, "history": "ExplorerRun.0", "testname": "VGA_VGA_1_pss_tb_1", "cornername": "Nominal", "point": 1, "logfile": "/home/davidevi/Desktop/myproject/logs_davidevi/logs0/Job281.log", "simid": "2"}
[2026-04-08 13:23:35.328 Z] [PROCESS] [cadence.virtuoso.ade.simulationMonitor] - Simulator exited {"hostname": "il2244vt26_davidevi", "processid": 760133, "history": "ExplorerRun.0", "testname": "VGA_VGA_1_pss_tb_1", "cornername": "Nominal", "point": 1, "logfile": "/home/davidevi/Desktop/myproject/logs_davidevi/logs0/Job281.log", "exitStatus": "0"}
[2026-04-08 13:23:35.328 Z] [PROCESS] [cadence.virtuoso.ade.simulationMonitor] - Finished Simulation {"hostname": "il2244vt26_davidevi", "processid": 760133, "history": "ExplorerRun.0", "testname": "VGA_VGA_1_pss_tb_1", "cornername": "Nominal", "point": 1, "logfile": "/home/davidevi/Desktop/myproject/logs_davidevi/logs0/Job281.log", "simid": "2"}
[2026-04-08 13:23:39.845 Z] [PROCESS] [cadence.virtuoso.ade.simulationMonitor] - Point Finished {"hostname": "il2244vt26_davidevi", "processid": 760133, "history": "ExplorerRun.0", "testname": "VGA_VGA_1_pss_tb_1", "cornername": "Nominal", "point": 1, "logfile": "/home/davidevi/Desktop/myproject/logs_davidevi/logs0/Job281.log"}
[2026-04-08 13:23:40.849 Z] [PROCESS] [cadence.virtuoso.ade.simulationMonitor] - Stay with the runId '1', Linger time '300', currentRunSyn '3', currentTestSyn '4' {"hostname": "il2244vt26_davidevi", "processid": 760133, "history": "ExplorerRun.0", "testname": "VGA_VGA_1_pss_tb_1", "cornername": "Nominal", "point": 1, "logfile": "/home/davidevi/Desktop/myproject/logs_davidevi/logs0/Job281.log"}
[2026-04-08 13:23:41.851 Z] [PROCESS] [cadence.virtuoso.ade.simulationMonitor] - Stay with the runId '1', Linger time '300', currentRunSyn '3', currentTestSyn '4' {"hostname": "il2244vt26_davidevi", "processid": 760133, "history": "ExplorerRun.0", "testname": "VGA_VGA_1_pss_tb_1", "cornername": "Nominal", "point": 1, "logfile": "/home/davidevi/Desktop/myproject/logs_davidevi/logs0/Job281.log"}
[2026-04-08 13:24:32.848 Z] [INFO] [cadence.virtuoso.ade.simulationMonitor] - SimulationMonitor has terminated the vds process '760867', reason: 'Force to stop the expression evalutor process because of new run' {"history": "ExplorerRun.0", "point": 1, "testname": "VGA_VGA_1_pss_tb_1", "cornername": "Nominal"}
[2026-04-08 13:24:32.850 Z] [PROCESS] [cadence.virtuoso.ade.simulationMonitor] - HostInfo:
Host name (type):	il2244vt26_davidevi (x86_64)
Operating system:	Linux 5.15.0-164-generic #174-Ubuntu SMP Fri Nov 14 20:25:16 UTC 2025 {"hostname": "il2244vt26_davidevi", "processid": 760133, "history": "ExplorerRun.0", "testname": "VGA_VGA_1_pss_tb_1", "cornername": "Nominal", "point": 1, "logfile": "/home/davidevi/Desktop/myproject/logs_davidevi/logs0/Job281.log", "nodename": "il2244vt26_davidevi", "domainname": "(none)", "machine": "x86_64", "sysname": "Linux", "release": "5.15.0-164-generic", "version": "#174-Ubuntu SMP Fri Nov 14 20:25:16 UTC 2025"}
[2026-04-08 13:24:32.850 Z] [PROCESS] [cadence.virtuoso.ade.simulationMonitor] - UsageInfo:
pid=760133
totalPhysicalMemory=3023.749672GB,Used=1543.275188GB,totalVirtualMemory=3031.749668GB,Used=1543.298138GB
Cpu: Cores=48, Load average:6.850000,19.010000,24.180000 {"hostname": "il2244vt26_davidevi", "processid": 760133, "history": "ExplorerRun.0", "testname": "VGA_VGA_1_pss_tb_1", "cornername": "Nominal", "point": 1, "logfile": "/home/davidevi/Desktop/myproject/logs_davidevi/logs0/Job281.log", "pid": "760133", "totalPhysicalMemory": "3023.749672", "physicalMemoryUsed": "1543.275188", "totalVirtualMemory": "3031.749668", "virtualMemoryUsed": "1543.298138", "cpuCores": "48", "processes": "29767", "loadAverage1": "6.850000", "loadAverage5": "19.010000", "loadAverage15": "24.180000", "loadAverage1Percent": "0.142708"}
[2026-04-08 13:24:32.851 Z] [EVENT] [cadence.virtuoso.ade.simulationMonitor] - NewPoint {"history": "ExplorerRun.0", "point": 1, "testname": "VGA_VGA_1_pss_tb_1", "cornername": "Nominal", "event": "NewPoint", "EventSource": "Simulation Monitor", "HistoryName": "ExplorerRun.0", "logFile": "/home/davidevi/Desktop/myproject/logs_davidevi/logs0/Job281.log", "logFileSize": "41652"}
[2026-04-08 13:24:32.953 Z] [EVENT] [cadence.virtuoso.ade.simulationMonitor] - NewPoint {"history": "ExplorerRun.0", "point": 1, "testname": "VGA_VGA_1_pss_tb_1", "cornername": "Nominal", "event": "NewPoint", "EventSource": "spectre", "HistoryName": "ExplorerRun.0", "logFile": "/home/davidevi/Desktop/myproject/Sim/VGA/VGA_1_pss_tb/maestro/results/maestro/ExplorerRun.0/1/VGA_VGA_1_pss_tb_1/psf/spectre.out", "logFileSize": "-1"}
[2026-04-08 13:24:32.965 Z] [PROCESS] [cadence.virtuoso.ade.simulationMonitor] - Simulator launched {"hostname": "il2244vt26_davidevi", "processid": 760133, "history": "ExplorerRun.0", "testname": "VGA_VGA_1_pss_tb_1", "cornername": "Nominal", "point": 1, "logfile": "/home/davidevi/Desktop/myproject/logs_davidevi/logs0/Job281.log", "simid": "3"}
[2026-04-08 13:24:32.969 Z] [PROCESS] [cadence.virtuoso.ade.simulationMonitor] - Expression evaluator launched {"hostname": "il2244vt26_davidevi", "processid": 760133, "history": "ExplorerRun.0", "testname": "VGA_VGA_1_pss_tb_1", "cornername": "Nominal", "point": 1, "logfile": "/home/davidevi/Desktop/myproject/logs_davidevi/logs0/Job281.log"}
[2026-04-08 13:24:33.009 Z] [PROCESS] [cadence.virtuoso.ade.simulationMonitor] - Started Simulation {"hostname": "il2244vt26_davidevi", "processid": 760133, "history": "ExplorerRun.0", "testname": "VGA_VGA_1_pss_tb_1", "cornername": "Nominal", "point": 1, "logfile": "/home/davidevi/Desktop/myproject/logs_davidevi/logs0/Job281.log", "event": "started", "task": "simulation"}
[2026-04-08 13:24:34.010 Z] [WARN] [cadence.virtuoso.ade.simulationMonitor] -     WARNING (SPECTRE-691): This CPU processor does not support x86 advanced vector extensions instructions. This may affect math operations and slow down the simulation. {"history": "ExplorerRun.0", "point": 1, "testname": "VGA_VGA_1_pss_tb_1", "cornername": "Nominal"}
[2026-04-08 13:24:34.010 Z] [INFO] [cadence.virtuoso.ade.simulationMonitor] - Notice from spectre during circuit read-in.
    Pre_Configuration file used: /opt/tools/cadence/installs/SPECTRE241/tools.lnx86/spectre/etc/configs/preset.precfg
    Configuration file used: `/opt/tools/cadence/installs/SPECTRE241/tools.lnx86/spectre/etc/configs/preset.cfg'. {"history": "ExplorerRun.0", "point": 1, "testname": "VGA_VGA_1_pss_tb_1", "cornername": "Nominal"}
[2026-04-08 13:24:34.010 Z] [WARN] [cadence.virtuoso.ade.simulationMonitor] -     WARNING (SPECTRE-8360): line 1511: `ac' is an undefined primitive device. {"history": "ExplorerRun.0", "point": 1, "testname": "VGA_VGA_1_pss_tb_1", "cornername": "Nominal"}
[2026-04-08 13:24:34.010 Z] [WARN] [cadence.virtuoso.ade.simulationMonitor] -     WARNING (SPECTRE-8360): line 1512: `ac' is an undefined primitive device. {"history": "ExplorerRun.0", "point": 1, "testname": "VGA_VGA_1_pss_tb_1", "cornername": "Nominal"}
[2026-04-08 13:24:34.011 Z] [WARN] [cadence.virtuoso.ade.simulationMonitor] -     WARNING (SPECTRE-8360): line 1513: `ac' is an undefined primitive device. {"history": "ExplorerRun.0", "point": 1, "testname": "VGA_VGA_1_pss_tb_1", "cornername": "Nominal"}
[2026-04-08 13:24:34.011 Z] [WARN] [cadence.virtuoso.ade.simulationMonitor] -     WARNING (SPECTRE-8360): line 1514: `ac' is an undefined primitive device. {"history": "ExplorerRun.0", "point": 1, "testname": "VGA_VGA_1_pss_tb_1", "cornername": "Nominal"}
[2026-04-08 13:24:34.011 Z] [WARN] [cadence.virtuoso.ade.simulationMonitor] -     WARNING (SPECTRE-8360): line 1515: `ac' is an undefined primitive device.
        Further occurrences of this warning will be suppressed. {"history": "ExplorerRun.0", "point": 1, "testname": "VGA_VGA_1_pss_tb_1", "cornername": "Nominal"}
[2026-04-08 13:24:34.011 Z] [INFO] [cadence.virtuoso.ade.simulationMonitor] - Peak resident memory used = 178 Mbytes. {"history": "ExplorerRun.0", "point": 1, "testname": "VGA_VGA_1_pss_tb_1", "cornername": "Nominal"}
[2026-04-08 13:24:34.011 Z] [WARN] [cadence.virtuoso.ade.simulationMonitor] -     WARNING (VACOMP-2435): The environment variable CDS_AHDLCMI_ENABLE is no longer supported. Therefore, the simulator will use the default compiled C code flow. {"history": "ExplorerRun.0", "point": 1, "testname": "VGA_VGA_1_pss_tb_1", "cornername": "Nominal"}
[2026-04-08 13:24:34.011 Z] [WARN] [cadence.virtuoso.ade.simulationMonitor] -     WARNING (SFE-3016): The floating node net6 is removed. {"history": "ExplorerRun.0", "point": 1, "testname": "VGA_VGA_1_pss_tb_1", "cornername": "Nominal"}
[2026-04-08 13:24:34.011 Z] [INFO] [cadence.virtuoso.ade.simulationMonitor] - Peak resident memory used = 191 Mbytes. {"history": "ExplorerRun.0", "point": 1, "testname": "VGA_VGA_1_pss_tb_1", "cornername": "Nominal"}
[2026-04-08 13:24:34.011 Z] [INFO] [cadence.virtuoso.ade.simulationMonitor] - Notice from spectre during hierarchy flattening.
    The value 'psf' specified for the 'checklimitdest' option will no longer be supported in future releases. Use 'spectre -h' to see other recommended values for the 'checklimitdest' option. {"history": "ExplorerRun.0", "point": 1, "testname": "VGA_VGA_1_pss_tb_1", "cornername": "Nominal"}
[2026-04-08 13:24:34.012 Z] [INFO] [cadence.virtuoso.ade.simulationMonitor] - Peak resident memory used = 193 Mbytes. {"history": "ExplorerRun.0", "point": 1, "testname": "VGA_VGA_1_pss_tb_1", "cornername": "Nominal"}
[2026-04-08 13:24:34.012 Z] [WARN] [cadence.virtuoso.ade.simulationMonitor] -     WARNING (SPECTRE-17607): Assert `SOAC_rpolyh_vminuspsub' is ignored because it contains an expression which is invalid or not supported by native evaluator.  {"history": "ExplorerRun.0", "point": 1, "testname": "VGA_VGA_1_pss_tb_1", "cornername": "Nominal"}
[2026-04-08 13:24:34.012 Z] [WARN] [cadence.virtuoso.ade.simulationMonitor] -     WARNING (SPECTRE-17607): Assert `SOAC_rpolyh_vpluspsub' is ignored because it contains an expression which is invalid or not supported by native evaluator.  {"history": "ExplorerRun.0", "point": 1, "testname": "VGA_VGA_1_pss_tb_1", "cornername": "Nominal"}
[2026-04-08 13:24:34.012 Z] [WARN] [cadence.virtuoso.ade.simulationMonitor] -     WARNING (SPECTRE-16460): SOAC_cvarm_vspsub:Specified subcircuit master `cvarm' was not found. {"history": "ExplorerRun.0", "point": 1, "testname": "VGA_VGA_1_pss_tb_1", "cornername": "Nominal"}
[2026-04-08 13:24:34.012 Z] [WARN] [cadence.virtuoso.ade.simulationMonitor] -     WARNING (SPECTRE-16462): SOAC_cvarm_vspsub:Error in specification of subcircuit master. Assert is ignored. {"history": "ExplorerRun.0", "point": 1, "testname": "VGA_VGA_1_pss_tb_1", "cornername": "Nominal"}
[2026-04-08 13:24:34.012 Z] [WARN] [cadence.virtuoso.ade.simulationMonitor] -     WARNING (SPECTRE-16460): SOAC_cvarm_vbs:Specified subcircuit master `cvarm' was not found. {"history": "ExplorerRun.0", "point": 1, "testname": "VGA_VGA_1_pss_tb_1", "cornername": "Nominal"}
[2026-04-08 13:24:34.012 Z] [WARN] [cadence.virtuoso.ade.simulationMonitor] -     WARNING (SPECTRE-16462): SOAC_cvarm_vbs:Error in specification of subcircuit master. Assert is ignored. {"history": "ExplorerRun.0", "point": 1, "testname": "VGA_VGA_1_pss_tb_1", "cornername": "Nominal"}
[2026-04-08 13:24:34.012 Z] [WARN] [cadence.virtuoso.ade.simulationMonitor] -     WARNING (SPECTRE-16460): SOAC_cvarm_vgb:Specified subcircuit master `cvarm' was not found. {"history": "ExplorerRun.0", "point": 1, "testname": "VGA_VGA_1_pss_tb_1", "cornername": "Nominal"}
[2026-04-08 13:24:34.013 Z] [WARN] [cadence.virtuoso.ade.simulationMonitor] -     WARNING (SPECTRE-16462): SOAC_cvarm_vgb:Error in specification of subcircuit master. Assert is ignored. {"history": "ExplorerRun.0", "point": 1, "testname": "VGA_VGA_1_pss_tb_1", "cornername": "Nominal"}
[2026-04-08 13:24:34.013 Z] [WARN] [cadence.virtuoso.ade.simulationMonitor] -     WARNING (SPECTRE-16460): SOAC_cvart_vspsub:Specified subcircuit master `cvart' was not found. {"history": "ExplorerRun.0", "point": 1, "testname": "VGA_VGA_1_pss_tb_1", "cornername": "Nominal"}
[2026-04-08 13:24:34.013 Z] [WARN] [cadence.virtuoso.ade.simulationMonitor] -     WARNING (SPECTRE-16462): SOAC_cvart_vspsub:Error in specification of subcircuit master. Assert is ignored. {"history": "ExplorerRun.0", "point": 1, "testname": "VGA_VGA_1_pss_tb_1", "cornername": "Nominal"}
[2026-04-08 13:24:34.013 Z] [WARN] [cadence.virtuoso.ade.simulationMonitor] -     WARNING (SPECTRE-16460): SOAC_cvart_vbs:Specified subcircuit master `cvart' was not found.
        Further occurrences of this warning will be suppressed. {"history": "ExplorerRun.0", "point": 1, "testname": "VGA_VGA_1_pss_tb_1", "cornername": "Nominal"}
[2026-04-08 13:24:34.013 Z] [WARN] [cadence.virtuoso.ade.simulationMonitor] -     WARNING (SPECTRE-16462): SOAC_cvart_vbs:Error in specification of subcircuit master. Assert is ignored.
        Further occurrences of this warning will be suppressed. {"history": "ExplorerRun.0", "point": 1, "testname": "VGA_VGA_1_pss_tb_1", "cornername": "Nominal"}
[2026-04-08 13:24:34.013 Z] [WARN] [cadence.virtuoso.ade.simulationMonitor] -     WARNING (SPECTRE-17607): Assert `SOAC_cpoly_vminuspsub' is ignored because it contains an expression which is invalid or not supported by native evaluator.  {"history": "ExplorerRun.0", "point": 1, "testname": "VGA_VGA_1_pss_tb_1", "cornername": "Nominal"}
[2026-04-08 13:24:34.013 Z] [WARN] [cadence.virtuoso.ade.simulationMonitor] -     WARNING (SPECTRE-17607): Assert `SOAC_cpoly_vpluspsub' is ignored because it contains an expression which is invalid or not supported by native evaluator.  {"history": "ExplorerRun.0", "point": 1, "testname": "VGA_VGA_1_pss_tb_1", "cornername": "Nominal"}
[2026-04-08 13:24:34.013 Z] [WARN] [cadence.virtuoso.ade.simulationMonitor] -     WARNING (SPECTRE-17607): Assert `SOAC_modp_vbpsub' is ignored because it contains an expression which is invalid or not supported by native evaluator. 
        Further occurrences of this warning will be suppressed. {"history": "ExplorerRun.0", "point": 1, "testname": "VGA_VGA_1_pss_tb_1", "cornername": "Nominal"}
[2026-04-08 13:24:34.514 Z] [INFO] [cadence.virtuoso.ade.simulationMonitor] - Notice from spectre during initial setup.
    Multithreading is disabled due to the size of the design being too small. {"history": "ExplorerRun.0", "point": 1, "testname": "VGA_VGA_1_pss_tb_1", "cornername": "Nominal"}
[2026-04-08 13:24:34.514 Z] [WARN] [cadence.virtuoso.ade.simulationMonitor] -     WARNING (SPECTRE-592): Following parameters are disabled because they are ignored or redefined in Spectre X:
        
        
        PSS Parameters:
          errpreset {"history": "ExplorerRun.0", "point": 1, "testname": "VGA_VGA_1_pss_tb_1", "cornername": "Nominal"}
[2026-04-08 13:24:34.516 Z] [INFO] [cadence.virtuoso.ade.simulationMonitor] -               nodes 33 {"history": "ExplorerRun.0", "point": 1, "testname": "VGA_VGA_1_pss_tb_1", "cornername": "Nominal"}
[2026-04-08 13:24:34.517 Z] [INFO] [cadence.virtuoso.ade.simulationMonitor] - Notice from spectre during initial setup.
    Spectre X preset=cx enabled.
    73 warnings suppressed. {"history": "ExplorerRun.0", "point": 1, "testname": "VGA_VGA_1_pss_tb_1", "cornername": "Nominal"}
[2026-04-08 13:24:34.517 Z] [INFO] [cadence.virtuoso.ade.simulationMonitor] - Peak resident memory used = 199 Mbytes. {"history": "ExplorerRun.0", "point": 1, "testname": "VGA_VGA_1_pss_tb_1", "cornername": "Nominal"}
[2026-04-08 13:24:34.517 Z] [INFO] [cadence.virtuoso.ade.simulationMonitor] -    -   (Spectre X) Multi-threading. The recommended number of threads is 1, consider adding +mt=1 on command line. {"history": "ExplorerRun.0", "point": 1, "testname": "VGA_VGA_1_pss_tb_1", "cornername": "Nominal"}
[2026-04-08 13:24:34.517 Z] [INFO] [cadence.virtuoso.ade.simulationMonitor] - Notice from spectre during transient analysis `tran'.
    No checklimit analysis defined for asserts. A default checklimit analysis 'SpectreChecklimitAnal' has been created with all asserts enabled. {"history": "ExplorerRun.0", "point": 1, "testname": "VGA_VGA_1_pss_tb_1", "cornername": "Nominal"}
[2026-04-08 13:24:34.517 Z] [INFO] [cadence.virtuoso.ade.simulationMonitor] - Notice from spectre during IC analysis, during transient analysis `tran'.
    Bad pivoting is found during DC analysis. Option dc_pivot_check=yes is recommended for possible improvement of convergence. {"history": "ExplorerRun.0", "point": 1, "testname": "VGA_VGA_1_pss_tb_1", "cornername": "Nominal"}
[2026-04-08 13:24:34.517 Z] [WARN] [cadence.virtuoso.ade.simulationMonitor] -     WARNING (CMI-2943): Parameter checks have been ignored because the valid value for parameter 'trise' could not be found in 'C1'. {"history": "ExplorerRun.0", "point": 1, "testname": "VGA_VGA_1_pss_tb_1", "cornername": "Nominal"}
[2026-04-08 13:24:34.518 Z] [WARN] [cadence.virtuoso.ade.simulationMonitor] -     WARNING (CMI-2943): Parameter checks have been ignored because the valid value for parameter 'trise' could not be found in 'I0.C7<0>_turbo_m2.C1'. {"history": "ExplorerRun.0", "point": 1, "testname": "VGA_VGA_1_pss_tb_1", "cornername": "Nominal"}
[2026-04-08 13:24:34.518 Z] [WARN] [cadence.virtuoso.ade.simulationMonitor] -     WARNING (CMI-2943): Parameter checks have been ignored because the valid value for parameter 'trise' could not be found in 'I0.C8<0>_turbo_m4.C1'. {"history": "ExplorerRun.0", "point": 1, "testname": "VGA_VGA_1_pss_tb_1", "cornername": "Nominal"}
[2026-04-08 13:24:34.518 Z] [WARN] [cadence.virtuoso.ade.simulationMonitor] -     WARNING (CMI-2943): Parameter checks have been ignored because the valid value for parameter 'trise' could not be found in 'I0.C9<0>_turbo_m8.C1'. {"history": "ExplorerRun.0", "point": 1, "testname": "VGA_VGA_1_pss_tb_1", "cornername": "Nominal"}
[2026-04-08 13:24:34.518 Z] [WARN] [cadence.virtuoso.ade.simulationMonitor] -     WARNING (CMI-2943): Parameter checks have been ignored because the valid value for parameter 'trise' could not be found in 'I0.R2.CM'.
        Further occurrences of this warning will be suppressed. {"history": "ExplorerRun.0", "point": 1, "testname": "VGA_VGA_1_pss_tb_1", "cornername": "Nominal"}
[2026-04-08 13:24:34.518 Z] [INFO] [cadence.virtuoso.ade.simulationMonitor] - Notice from spectre during transient analysis `tran'.
    Multithreading is disabled due to the size of the design being too small. {"history": "ExplorerRun.0", "point": 1, "testname": "VGA_VGA_1_pss_tb_1", "cornername": "Nominal"}
[2026-04-08 13:24:35.019 Z] [INFO] [cadence.virtuoso.ade.simulationMonitor] - Total time required for tran analysis `tran': CPU = 113.749 ms, elapsed = 118.807 ms, util. = 95.7%. {"history": "ExplorerRun.0", "point": 1, "testname": "VGA_VGA_1_pss_tb_1", "cornername": "Nominal"}
[2026-04-08 13:24:35.019 Z] [INFO] [cadence.virtuoso.ade.simulationMonitor] - Peak resident memory used = 210 Mbytes. {"history": "ExplorerRun.0", "point": 1, "testname": "VGA_VGA_1_pss_tb_1", "cornername": "Nominal"}
[2026-04-08 13:24:35.019 Z] [INFO] [cadence.virtuoso.ade.simulationMonitor] - Notice from spectre.
    12 warnings suppressed. {"history": "ExplorerRun.0", "point": 1, "testname": "VGA_VGA_1_pss_tb_1", "cornername": "Nominal"}
[2026-04-08 13:24:35.019 Z] [WARN] [cadence.virtuoso.ade.simulationMonitor] -     WARNING (CMI-2943): Parameter checks have been ignored because the valid value for parameter 'trise' could not be found in 'C1'. {"history": "ExplorerRun.0", "point": 1, "testname": "VGA_VGA_1_pss_tb_1", "cornername": "Nominal"}
[2026-04-08 13:24:35.019 Z] [WARN] [cadence.virtuoso.ade.simulationMonitor] -     WARNING (CMI-2943): Parameter checks have been ignored because the valid value for parameter 'trise' could not be found in 'I0.C7<0>_turbo_m2.C1'. {"history": "ExplorerRun.0", "point": 1, "testname": "VGA_VGA_1_pss_tb_1", "cornername": "Nominal"}
[2026-04-08 13:24:35.020 Z] [WARN] [cadence.virtuoso.ade.simulationMonitor] -     WARNING (CMI-2943): Parameter checks have been ignored because the valid value for parameter 'trise' could not be found in 'I0.C8<0>_turbo_m4.C1'. {"history": "ExplorerRun.0", "point": 1, "testname": "VGA_VGA_1_pss_tb_1", "cornername": "Nominal"}
[2026-04-08 13:24:35.020 Z] [WARN] [cadence.virtuoso.ade.simulationMonitor] -     WARNING (CMI-2943): Parameter checks have been ignored because the valid value for parameter 'trise' could not be found in 'I0.C9<0>_turbo_m8.C1'. {"history": "ExplorerRun.0", "point": 1, "testname": "VGA_VGA_1_pss_tb_1", "cornername": "Nominal"}
[2026-04-08 13:24:35.020 Z] [WARN] [cadence.virtuoso.ade.simulationMonitor] -     WARNING (CMI-2943): Parameter checks have been ignored because the valid value for parameter 'trise' could not be found in 'I0.R2.CM'.
        Further occurrences of this warning will be suppressed. {"history": "ExplorerRun.0", "point": 1, "testname": "VGA_VGA_1_pss_tb_1", "cornername": "Nominal"}
[2026-04-08 13:24:35.020 Z] [INFO] [cadence.virtuoso.ade.simulationMonitor] - Total time required for tstab analysis `pss': CPU = 7.179 ms, elapsed = 7.24602 ms. {"history": "ExplorerRun.0", "point": 1, "testname": "VGA_VGA_1_pss_tb_1", "cornername": "Nominal"}
[2026-04-08 13:24:35.020 Z] [INFO] [cadence.virtuoso.ade.simulationMonitor] - Peak resident memory used = 211 Mbytes. {"history": "ExplorerRun.0", "point": 1, "testname": "VGA_VGA_1_pss_tb_1", "cornername": "Nominal"}
[2026-04-08 13:24:35.020 Z] [INFO] [cadence.virtuoso.ade.simulationMonitor] - Notice from spectre during periodic steady state analysis `pss'.
    12 warnings suppressed. {"history": "ExplorerRun.0", "point": 1, "testname": "VGA_VGA_1_pss_tb_1", "cornername": "Nominal"}
[2026-04-08 13:24:36.021 Z] [INFO] [cadence.virtuoso.ade.simulationMonitor] - Total time required for pss analysis `pss': CPU = 858.394 ms, elapsed = 881.597 ms, util. = 97.4%. {"history": "ExplorerRun.0", "point": 1, "testname": "VGA_VGA_1_pss_tb_1", "cornername": "Nominal"}
[2026-04-08 13:24:36.021 Z] [INFO] [cadence.virtuoso.ade.simulationMonitor] - Peak resident memory used = 217 Mbytes. {"history": "ExplorerRun.0", "point": 1, "testname": "VGA_VGA_1_pss_tb_1", "cornername": "Nominal"}
[2026-04-08 13:24:36.022 Z] [INFO] [cadence.virtuoso.ade.simulationMonitor] - Time used: CPU = 1.51 s, elapsed = 2.12 s, util. = 71.5%. {"history": "ExplorerRun.0", "point": 1, "testname": "VGA_VGA_1_pss_tb_1", "cornername": "Nominal"}
[2026-04-08 13:24:36.022 Z] [INFO] [cadence.virtuoso.ade.simulationMonitor] - Time spent in licensing: elapsed = 77.7 ms. {"history": "ExplorerRun.0", "point": 1, "testname": "VGA_VGA_1_pss_tb_1", "cornername": "Nominal"}
[2026-04-08 13:24:36.023 Z] [INFO] [cadence.virtuoso.ade.simulationMonitor] - Peak memory used = 217 Mbytes. {"history": "ExplorerRun.0", "point": 1, "testname": "VGA_VGA_1_pss_tb_1", "cornername": "Nominal"}
[2026-04-08 13:24:36.023 Z] [PROCESS] [cadence.virtuoso.ade.simulationMonitor] - Simulation started at: 1:24:33 PM, Wed Apr 8, 2026, ended at: 1:24:35 PM, Wed Apr 8, 2026, with elapsed time (wall clock): 2.12 s. {"history": "ExplorerRun.0", "point": 1, "testname": "VGA_VGA_1_pss_tb_1", "cornername": "Nominal"}
[2026-04-08 13:24:36.024 Z] [PROCESS] [cadence.virtuoso.ade.simulationMonitor] - spectre completes with 0 errors, 34 warnings, and 13 notices. {"history": "ExplorerRun.0", "point": 1, "testname": "VGA_VGA_1_pss_tb_1", "cornername": "Nominal"}
[2026-04-08 13:24:36.024 Z] [PROCESS] [cadence.virtuoso.ade.simulationMonitor] - Finished simulating for one point {"hostname": "il2244vt26_davidevi", "processid": 760133, "history": "ExplorerRun.0", "testname": "VGA_VGA_1_pss_tb_1", "cornername": "Nominal", "point": 1, "logfile": "/home/davidevi/Desktop/myproject/logs_davidevi/logs0/Job281.log", "simid": "3"}
[2026-04-08 13:24:36.024 Z] [PROCESS] [cadence.virtuoso.ade.simulationMonitor] - Simulator exited {"hostname": "il2244vt26_davidevi", "processid": 760133, "history": "ExplorerRun.0", "testname": "VGA_VGA_1_pss_tb_1", "cornername": "Nominal", "point": 1, "logfile": "/home/davidevi/Desktop/myproject/logs_davidevi/logs0/Job281.log", "exitStatus": "0"}
[2026-04-08 13:24:36.024 Z] [PROCESS] [cadence.virtuoso.ade.simulationMonitor] - Finished Simulation {"hostname": "il2244vt26_davidevi", "processid": 760133, "history": "ExplorerRun.0", "testname": "VGA_VGA_1_pss_tb_1", "cornername": "Nominal", "point": 1, "logfile": "/home/davidevi/Desktop/myproject/logs_davidevi/logs0/Job281.log", "simid": "3"}
[2026-04-08 13:24:40.040 Z] [PROCESS] [cadence.virtuoso.ade.simulationMonitor] - Point Finished {"hostname": "il2244vt26_davidevi", "processid": 760133, "history": "ExplorerRun.0", "testname": "VGA_VGA_1_pss_tb_1", "cornername": "Nominal", "point": 1, "logfile": "/home/davidevi/Desktop/myproject/logs_davidevi/logs0/Job281.log"}
[2026-04-08 13:24:41.043 Z] [PROCESS] [cadence.virtuoso.ade.simulationMonitor] - Stay with the runId '2', Linger time '300', currentRunSyn '5', currentTestSyn '6' {"hostname": "il2244vt26_davidevi", "processid": 760133, "history": "ExplorerRun.0", "testname": "VGA_VGA_1_pss_tb_1", "cornername": "Nominal", "point": 1, "logfile": "/home/davidevi/Desktop/myproject/logs_davidevi/logs0/Job281.log"}
[2026-04-08 13:27:22.587 Z] [INFO] [cadence.virtuoso.ade.simulationMonitor] - SimulationMonitor has terminated the vds process '761366', reason: 'Force to stop the expression evalutor process because of new run' {"history": "ExplorerRun.0", "point": 1, "testname": "VGA_VGA_1_pss_tb_1", "cornername": "Nominal"}
[2026-04-08 13:27:22.589 Z] [PROCESS] [cadence.virtuoso.ade.simulationMonitor] - HostInfo:
Host name (type):	il2244vt26_davidevi (x86_64)
Operating system:	Linux 5.15.0-164-generic #174-Ubuntu SMP Fri Nov 14 20:25:16 UTC 2025 {"hostname": "il2244vt26_davidevi", "processid": 760133, "history": "ExplorerRun.0", "testname": "VGA_VGA_1_pss_tb_1", "cornername": "Nominal", "point": 1, "logfile": "/home/davidevi/Desktop/myproject/logs_davidevi/logs0/Job281.log", "nodename": "il2244vt26_davidevi", "domainname": "(none)", "machine": "x86_64", "sysname": "Linux", "release": "5.15.0-164-generic", "version": "#174-Ubuntu SMP Fri Nov 14 20:25:16 UTC 2025"}
[2026-04-08 13:27:22.589 Z] [PROCESS] [cadence.virtuoso.ade.simulationMonitor] - UsageInfo:
pid=760133
totalPhysicalMemory=3023.749672GB,Used=1543.268978GB,totalVirtualMemory=3031.749668GB,Used=1543.291927GB
Cpu: Cores=48, Load average:7.110000,14.330000,21.560000 {"hostname": "il2244vt26_davidevi", "processid": 760133, "history": "ExplorerRun.0", "testname": "VGA_VGA_1_pss_tb_1", "cornername": "Nominal", "point": 1, "logfile": "/home/davidevi/Desktop/myproject/logs_davidevi/logs0/Job281.log", "pid": "760133", "totalPhysicalMemory": "3023.749672", "physicalMemoryUsed": "1543.268978", "totalVirtualMemory": "3031.749668", "virtualMemoryUsed": "1543.291927", "cpuCores": "48", "processes": "29758", "loadAverage1": "7.110000", "loadAverage5": "14.330000", "loadAverage15": "21.560000", "loadAverage1Percent": "0.148125"}
[2026-04-08 13:27:22.590 Z] [EVENT] [cadence.virtuoso.ade.simulationMonitor] - NewPoint {"history": "ExplorerRun.0", "point": 1, "testname": "VGA_VGA_1_pss_tb_1", "cornername": "Nominal", "event": "NewPoint", "EventSource": "Simulation Monitor", "HistoryName": "ExplorerRun.0", "logFile": "/home/davidevi/Desktop/myproject/logs_davidevi/logs0/Job281.log", "logFileSize": "64859"}
[2026-04-08 13:27:22.692 Z] [EVENT] [cadence.virtuoso.ade.simulationMonitor] - NewPoint {"history": "ExplorerRun.0", "point": 1, "testname": "VGA_VGA_1_pss_tb_1", "cornername": "Nominal", "event": "NewPoint", "EventSource": "spectre", "HistoryName": "ExplorerRun.0", "logFile": "/home/davidevi/Desktop/myproject/Sim/VGA/VGA_1_pss_tb/maestro/results/maestro/ExplorerRun.0/1/VGA_VGA_1_pss_tb_1/psf/spectre.out", "logFileSize": "-1"}
[2026-04-08 13:27:22.705 Z] [PROCESS] [cadence.virtuoso.ade.simulationMonitor] - Simulator launched {"hostname": "il2244vt26_davidevi", "processid": 760133, "history": "ExplorerRun.0", "testname": "VGA_VGA_1_pss_tb_1", "cornername": "Nominal", "point": 1, "logfile": "/home/davidevi/Desktop/myproject/logs_davidevi/logs0/Job281.log", "simid": "4"}
[2026-04-08 13:27:22.708 Z] [PROCESS] [cadence.virtuoso.ade.simulationMonitor] - Expression evaluator launched {"hostname": "il2244vt26_davidevi", "processid": 760133, "history": "ExplorerRun.0", "testname": "VGA_VGA_1_pss_tb_1", "cornername": "Nominal", "point": 1, "logfile": "/home/davidevi/Desktop/myproject/logs_davidevi/logs0/Job281.log"}
[2026-04-08 13:27:22.751 Z] [PROCESS] [cadence.virtuoso.ade.simulationMonitor] - Started Simulation {"hostname": "il2244vt26_davidevi", "processid": 760133, "history": "ExplorerRun.0", "testname": "VGA_VGA_1_pss_tb_1", "cornername": "Nominal", "point": 1, "logfile": "/home/davidevi/Desktop/myproject/logs_davidevi/logs0/Job281.log", "event": "started", "task": "simulation"}
[2026-04-08 13:27:23.752 Z] [WARN] [cadence.virtuoso.ade.simulationMonitor] -     WARNING (SPECTRE-691): This CPU processor does not support x86 advanced vector extensions instructions. This may affect math operations and slow down the simulation. {"history": "ExplorerRun.0", "point": 1, "testname": "VGA_VGA_1_pss_tb_1", "cornername": "Nominal"}
[2026-04-08 13:27:23.753 Z] [INFO] [cadence.virtuoso.ade.simulationMonitor] - Notice from spectre during circuit read-in.
    Pre_Configuration file used: /opt/tools/cadence/installs/SPECTRE241/tools.lnx86/spectre/etc/configs/preset.precfg
    Configuration file used: `/opt/tools/cadence/installs/SPECTRE241/tools.lnx86/spectre/etc/configs/preset.cfg'. {"history": "ExplorerRun.0", "point": 1, "testname": "VGA_VGA_1_pss_tb_1", "cornername": "Nominal"}
[2026-04-08 13:27:23.753 Z] [WARN] [cadence.virtuoso.ade.simulationMonitor] -     WARNING (SPECTRE-8360): line 1511: `ac' is an undefined primitive device. {"history": "ExplorerRun.0", "point": 1, "testname": "VGA_VGA_1_pss_tb_1", "cornername": "Nominal"}
[2026-04-08 13:27:23.753 Z] [WARN] [cadence.virtuoso.ade.simulationMonitor] -     WARNING (SPECTRE-8360): line 1512: `ac' is an undefined primitive device. {"history": "ExplorerRun.0", "point": 1, "testname": "VGA_VGA_1_pss_tb_1", "cornername": "Nominal"}
[2026-04-08 13:27:23.753 Z] [WARN] [cadence.virtuoso.ade.simulationMonitor] -     WARNING (SPECTRE-8360): line 1513: `ac' is an undefined primitive device. {"history": "ExplorerRun.0", "point": 1, "testname": "VGA_VGA_1_pss_tb_1", "cornername": "Nominal"}
[2026-04-08 13:27:23.753 Z] [WARN] [cadence.virtuoso.ade.simulationMonitor] -     WARNING (SPECTRE-8360): line 1514: `ac' is an undefined primitive device. {"history": "ExplorerRun.0", "point": 1, "testname": "VGA_VGA_1_pss_tb_1", "cornername": "Nominal"}
[2026-04-08 13:27:23.753 Z] [WARN] [cadence.virtuoso.ade.simulationMonitor] -     WARNING (SPECTRE-8360): line 1515: `ac' is an undefined primitive device.
        Further occurrences of this warning will be suppressed. {"history": "ExplorerRun.0", "point": 1, "testname": "VGA_VGA_1_pss_tb_1", "cornername": "Nominal"}
[2026-04-08 13:27:23.753 Z] [INFO] [cadence.virtuoso.ade.simulationMonitor] - Peak resident memory used = 178 Mbytes. {"history": "ExplorerRun.0", "point": 1, "testname": "VGA_VGA_1_pss_tb_1", "cornername": "Nominal"}
[2026-04-08 13:27:23.754 Z] [WARN] [cadence.virtuoso.ade.simulationMonitor] -     WARNING (VACOMP-2435): The environment variable CDS_AHDLCMI_ENABLE is no longer supported. Therefore, the simulator will use the default compiled C code flow. {"history": "ExplorerRun.0", "point": 1, "testname": "VGA_VGA_1_pss_tb_1", "cornername": "Nominal"}
[2026-04-08 13:27:23.754 Z] [WARN] [cadence.virtuoso.ade.simulationMonitor] -     WARNING (SFE-3016): The floating node net6 is removed. {"history": "ExplorerRun.0", "point": 1, "testname": "VGA_VGA_1_pss_tb_1", "cornername": "Nominal"}
[2026-04-08 13:27:23.754 Z] [INFO] [cadence.virtuoso.ade.simulationMonitor] - Peak resident memory used = 190 Mbytes. {"history": "ExplorerRun.0", "point": 1, "testname": "VGA_VGA_1_pss_tb_1", "cornername": "Nominal"}
[2026-04-08 13:27:23.754 Z] [INFO] [cadence.virtuoso.ade.simulationMonitor] - Notice from spectre during hierarchy flattening.
    The value 'psf' specified for the 'checklimitdest' option will no longer be supported in future releases. Use 'spectre -h' to see other recommended values for the 'checklimitdest' option. {"history": "ExplorerRun.0", "point": 1, "testname": "VGA_VGA_1_pss_tb_1", "cornername": "Nominal"}
[2026-04-08 13:27:23.754 Z] [INFO] [cadence.virtuoso.ade.simulationMonitor] - Peak resident memory used = 194 Mbytes. {"history": "ExplorerRun.0", "point": 1, "testname": "VGA_VGA_1_pss_tb_1", "cornername": "Nominal"}
[2026-04-08 13:27:23.754 Z] [WARN] [cadence.virtuoso.ade.simulationMonitor] -     WARNING (SPECTRE-17607): Assert `SOAC_rpolyh_vminuspsub' is ignored because it contains an expression which is invalid or not supported by native evaluator.  {"history": "ExplorerRun.0", "point": 1, "testname": "VGA_VGA_1_pss_tb_1", "cornername": "Nominal"}
[2026-04-08 13:27:23.755 Z] [WARN] [cadence.virtuoso.ade.simulationMonitor] -     WARNING (SPECTRE-17607): Assert `SOAC_rpolyh_vpluspsub' is ignored because it contains an expression which is invalid or not supported by native evaluator.  {"history": "ExplorerRun.0", "point": 1, "testname": "VGA_VGA_1_pss_tb_1", "cornername": "Nominal"}
[2026-04-08 13:27:23.755 Z] [WARN] [cadence.virtuoso.ade.simulationMonitor] -     WARNING (SPECTRE-16460): SOAC_cvarm_vspsub:Specified subcircuit master `cvarm' was not found. {"history": "ExplorerRun.0", "point": 1, "testname": "VGA_VGA_1_pss_tb_1", "cornername": "Nominal"}
[2026-04-08 13:27:23.755 Z] [WARN] [cadence.virtuoso.ade.simulationMonitor] -     WARNING (SPECTRE-16462): SOAC_cvarm_vspsub:Error in specification of subcircuit master. Assert is ignored. {"history": "ExplorerRun.0", "point": 1, "testname": "VGA_VGA_1_pss_tb_1", "cornername": "Nominal"}
[2026-04-08 13:27:23.755 Z] [WARN] [cadence.virtuoso.ade.simulationMonitor] -     WARNING (SPECTRE-16460): SOAC_cvarm_vbs:Specified subcircuit master `cvarm' was not found. {"history": "ExplorerRun.0", "point": 1, "testname": "VGA_VGA_1_pss_tb_1", "cornername": "Nominal"}
[2026-04-08 13:27:23.755 Z] [WARN] [cadence.virtuoso.ade.simulationMonitor] -     WARNING (SPECTRE-16462): SOAC_cvarm_vbs:Error in specification of subcircuit master. Assert is ignored. {"history": "ExplorerRun.0", "point": 1, "testname": "VGA_VGA_1_pss_tb_1", "cornername": "Nominal"}
[2026-04-08 13:27:23.755 Z] [WARN] [cadence.virtuoso.ade.simulationMonitor] -     WARNING (SPECTRE-16460): SOAC_cvarm_vgb:Specified subcircuit master `cvarm' was not found. {"history": "ExplorerRun.0", "point": 1, "testname": "VGA_VGA_1_pss_tb_1", "cornername": "Nominal"}
[2026-04-08 13:27:23.755 Z] [WARN] [cadence.virtuoso.ade.simulationMonitor] -     WARNING (SPECTRE-16462): SOAC_cvarm_vgb:Error in specification of subcircuit master. Assert is ignored. {"history": "ExplorerRun.0", "point": 1, "testname": "VGA_VGA_1_pss_tb_1", "cornername": "Nominal"}
[2026-04-08 13:27:23.755 Z] [WARN] [cadence.virtuoso.ade.simulationMonitor] -     WARNING (SPECTRE-16460): SOAC_cvart_vspsub:Specified subcircuit master `cvart' was not found. {"history": "ExplorerRun.0", "point": 1, "testname": "VGA_VGA_1_pss_tb_1", "cornername": "Nominal"}
[2026-04-08 13:27:23.756 Z] [WARN] [cadence.virtuoso.ade.simulationMonitor] -     WARNING (SPECTRE-16462): SOAC_cvart_vspsub:Error in specification of subcircuit master. Assert is ignored. {"history": "ExplorerRun.0", "point": 1, "testname": "VGA_VGA_1_pss_tb_1", "cornername": "Nominal"}
[2026-04-08 13:27:23.756 Z] [WARN] [cadence.virtuoso.ade.simulationMonitor] -     WARNING (SPECTRE-16460): SOAC_cvart_vbs:Specified subcircuit master `cvart' was not found.
        Further occurrences of this warning will be suppressed. {"history": "ExplorerRun.0", "point": 1, "testname": "VGA_VGA_1_pss_tb_1", "cornername": "Nominal"}
[2026-04-08 13:27:23.756 Z] [WARN] [cadence.virtuoso.ade.simulationMonitor] -     WARNING (SPECTRE-16462): SOAC_cvart_vbs:Error in specification of subcircuit master. Assert is ignored.
        Further occurrences of this warning will be suppressed. {"history": "ExplorerRun.0", "point": 1, "testname": "VGA_VGA_1_pss_tb_1", "cornername": "Nominal"}
[2026-04-08 13:27:23.756 Z] [WARN] [cadence.virtuoso.ade.simulationMonitor] -     WARNING (SPECTRE-17607): Assert `SOAC_cpoly_vminuspsub' is ignored because it contains an expression which is invalid or not supported by native evaluator.  {"history": "ExplorerRun.0", "point": 1, "testname": "VGA_VGA_1_pss_tb_1", "cornername": "Nominal"}
[2026-04-08 13:27:23.756 Z] [WARN] [cadence.virtuoso.ade.simulationMonitor] -     WARNING (SPECTRE-17607): Assert `SOAC_cpoly_vpluspsub' is ignored because it contains an expression which is invalid or not supported by native evaluator.  {"history": "ExplorerRun.0", "point": 1, "testname": "VGA_VGA_1_pss_tb_1", "cornername": "Nominal"}
[2026-04-08 13:27:23.756 Z] [WARN] [cadence.virtuoso.ade.simulationMonitor] -     WARNING (SPECTRE-17607): Assert `SOAC_modp_vbpsub' is ignored because it contains an expression which is invalid or not supported by native evaluator. 
        Further occurrences of this warning will be suppressed. {"history": "ExplorerRun.0", "point": 1, "testname": "VGA_VGA_1_pss_tb_1", "cornername": "Nominal"}
[2026-04-08 13:27:24.757 Z] [INFO] [cadence.virtuoso.ade.simulationMonitor] - Notice from spectre during initial setup.
    Multithreading is disabled due to the size of the design being too small. {"history": "ExplorerRun.0", "point": 1, "testname": "VGA_VGA_1_pss_tb_1", "cornername": "Nominal"}
[2026-04-08 13:27:24.757 Z] [WARN] [cadence.virtuoso.ade.simulationMonitor] -     WARNING (SPECTRE-592): Following parameters are disabled because they are ignored or redefined in Spectre X:
        
        
        PSS Parameters:
          errpreset {"history": "ExplorerRun.0", "point": 1, "testname": "VGA_VGA_1_pss_tb_1", "cornername": "Nominal"}
[2026-04-08 13:27:24.759 Z] [INFO] [cadence.virtuoso.ade.simulationMonitor] -               nodes 33 {"history": "ExplorerRun.0", "point": 1, "testname": "VGA_VGA_1_pss_tb_1", "cornername": "Nominal"}
[2026-04-08 13:27:24.759 Z] [INFO] [cadence.virtuoso.ade.simulationMonitor] - Notice from spectre during initial setup.
    Spectre X preset=cx enabled.
    73 warnings suppressed. {"history": "ExplorerRun.0", "point": 1, "testname": "VGA_VGA_1_pss_tb_1", "cornername": "Nominal"}
[2026-04-08 13:27:24.760 Z] [INFO] [cadence.virtuoso.ade.simulationMonitor] - Peak resident memory used = 199 Mbytes. {"history": "ExplorerRun.0", "point": 1, "testname": "VGA_VGA_1_pss_tb_1", "cornername": "Nominal"}
[2026-04-08 13:27:24.760 Z] [INFO] [cadence.virtuoso.ade.simulationMonitor] -    -   (Spectre X) Multi-threading. The recommended number of threads is 1, consider adding +mt=1 on command line. {"history": "ExplorerRun.0", "point": 1, "testname": "VGA_VGA_1_pss_tb_1", "cornername": "Nominal"}
[2026-04-08 13:27:24.760 Z] [INFO] [cadence.virtuoso.ade.simulationMonitor] - Notice from spectre during transient analysis `tran'.
    No checklimit analysis defined for asserts. A default checklimit analysis 'SpectreChecklimitAnal' has been created with all asserts enabled. {"history": "ExplorerRun.0", "point": 1, "testname": "VGA_VGA_1_pss_tb_1", "cornername": "Nominal"}
[2026-04-08 13:27:24.760 Z] [INFO] [cadence.virtuoso.ade.simulationMonitor] - Notice from spectre during IC analysis, during transient analysis `tran'.
    Bad pivoting is found during DC analysis. Option dc_pivot_check=yes is recommended for possible improvement of convergence. {"history": "ExplorerRun.0", "point": 1, "testname": "VGA_VGA_1_pss_tb_1", "cornername": "Nominal"}
[2026-04-08 13:27:24.760 Z] [WARN] [cadence.virtuoso.ade.simulationMonitor] -     WARNING (CMI-2943): Parameter checks have been ignored because the valid value for parameter 'trise' could not be found in 'C1'. {"history": "ExplorerRun.0", "point": 1, "testname": "VGA_VGA_1_pss_tb_1", "cornername": "Nominal"}
[2026-04-08 13:27:24.760 Z] [WARN] [cadence.virtuoso.ade.simulationMonitor] -     WARNING (CMI-2943): Parameter checks have been ignored because the valid value for parameter 'trise' could not be found in 'I0.C7<0>_turbo_m2.C1'. {"history": "ExplorerRun.0", "point": 1, "testname": "VGA_VGA_1_pss_tb_1", "cornername": "Nominal"}
[2026-04-08 13:27:24.760 Z] [WARN] [cadence.virtuoso.ade.simulationMonitor] -     WARNING (CMI-2943): Parameter checks have been ignored because the valid value for parameter 'trise' could not be found in 'I0.C8<0>_turbo_m4.C1'. {"history": "ExplorerRun.0", "point": 1, "testname": "VGA_VGA_1_pss_tb_1", "cornername": "Nominal"}
[2026-04-08 13:27:24.761 Z] [WARN] [cadence.virtuoso.ade.simulationMonitor] -     WARNING (CMI-2943): Parameter checks have been ignored because the valid value for parameter 'trise' could not be found in 'I0.C9<0>_turbo_m8.C1'. {"history": "ExplorerRun.0", "point": 1, "testname": "VGA_VGA_1_pss_tb_1", "cornername": "Nominal"}
[2026-04-08 13:27:24.761 Z] [WARN] [cadence.virtuoso.ade.simulationMonitor] -     WARNING (CMI-2943): Parameter checks have been ignored because the valid value for parameter 'trise' could not be found in 'I0.R2.CM'.
        Further occurrences of this warning will be suppressed. {"history": "ExplorerRun.0", "point": 1, "testname": "VGA_VGA_1_pss_tb_1", "cornername": "Nominal"}
[2026-04-08 13:27:24.761 Z] [INFO] [cadence.virtuoso.ade.simulationMonitor] - Notice from spectre during transient analysis `tran'.
    Multithreading is disabled due to the size of the design being too small. {"history": "ExplorerRun.0", "point": 1, "testname": "VGA_VGA_1_pss_tb_1", "cornername": "Nominal"}
[2026-04-08 13:27:24.761 Z] [INFO] [cadence.virtuoso.ade.simulationMonitor] - Total time required for tran analysis `tran': CPU = 114.284 ms, elapsed = 120.554 ms, util. = 94.8%. {"history": "ExplorerRun.0", "point": 1, "testname": "VGA_VGA_1_pss_tb_1", "cornername": "Nominal"}
[2026-04-08 13:27:24.761 Z] [INFO] [cadence.virtuoso.ade.simulationMonitor] - Peak resident memory used = 210 Mbytes. {"history": "ExplorerRun.0", "point": 1, "testname": "VGA_VGA_1_pss_tb_1", "cornername": "Nominal"}
[2026-04-08 13:27:24.761 Z] [INFO] [cadence.virtuoso.ade.simulationMonitor] - Notice from spectre.
    12 warnings suppressed. {"history": "ExplorerRun.0", "point": 1, "testname": "VGA_VGA_1_pss_tb_1", "cornername": "Nominal"}
[2026-04-08 13:27:24.761 Z] [WARN] [cadence.virtuoso.ade.simulationMonitor] -     WARNING (CMI-2943): Parameter checks have been ignored because the valid value for parameter 'trise' could not be found in 'C1'. {"history": "ExplorerRun.0", "point": 1, "testname": "VGA_VGA_1_pss_tb_1", "cornername": "Nominal"}
[2026-04-08 13:27:24.761 Z] [WARN] [cadence.virtuoso.ade.simulationMonitor] -     WARNING (CMI-2943): Parameter checks have been ignored because the valid value for parameter 'trise' could not be found in 'I0.C7<0>_turbo_m2.C1'. {"history": "ExplorerRun.0", "point": 1, "testname": "VGA_VGA_1_pss_tb_1", "cornername": "Nominal"}
[2026-04-08 13:27:24.762 Z] [WARN] [cadence.virtuoso.ade.simulationMonitor] -     WARNING (CMI-2943): Parameter checks have been ignored because the valid value for parameter 'trise' could not be found in 'I0.C8<0>_turbo_m4.C1'. {"history": "ExplorerRun.0", "point": 1, "testname": "VGA_VGA_1_pss_tb_1", "cornername": "Nominal"}
[2026-04-08 13:27:24.762 Z] [WARN] [cadence.virtuoso.ade.simulationMonitor] -     WARNING (CMI-2943): Parameter checks have been ignored because the valid value for parameter 'trise' could not be found in 'I0.C9<0>_turbo_m8.C1'. {"history": "ExplorerRun.0", "point": 1, "testname": "VGA_VGA_1_pss_tb_1", "cornername": "Nominal"}
[2026-04-08 13:27:24.762 Z] [WARN] [cadence.virtuoso.ade.simulationMonitor] -     WARNING (CMI-2943): Parameter checks have been ignored because the valid value for parameter 'trise' could not be found in 'I0.R2.CM'.
        Further occurrences of this warning will be suppressed. {"history": "ExplorerRun.0", "point": 1, "testname": "VGA_VGA_1_pss_tb_1", "cornername": "Nominal"}
[2026-04-08 13:27:24.762 Z] [INFO] [cadence.virtuoso.ade.simulationMonitor] - Total time required for tstab analysis `pss': CPU = 6.927 ms, elapsed = 6.92677 ms. {"history": "ExplorerRun.0", "point": 1, "testname": "VGA_VGA_1_pss_tb_1", "cornername": "Nominal"}
[2026-04-08 13:27:24.762 Z] [INFO] [cadence.virtuoso.ade.simulationMonitor] - Peak resident memory used = 211 Mbytes. {"history": "ExplorerRun.0", "point": 1, "testname": "VGA_VGA_1_pss_tb_1", "cornername": "Nominal"}
[2026-04-08 13:27:24.762 Z] [INFO] [cadence.virtuoso.ade.simulationMonitor] - Notice from spectre during periodic steady state analysis `pss'.
    12 warnings suppressed. {"history": "ExplorerRun.0", "point": 1, "testname": "VGA_VGA_1_pss_tb_1", "cornername": "Nominal"}
[2026-04-08 13:27:25.763 Z] [INFO] [cadence.virtuoso.ade.simulationMonitor] - Total time required for pss analysis `pss': CPU = 865.96 ms, elapsed = 886.061 ms, util. = 97.7%. {"history": "ExplorerRun.0", "point": 1, "testname": "VGA_VGA_1_pss_tb_1", "cornername": "Nominal"}
[2026-04-08 13:27:25.764 Z] [INFO] [cadence.virtuoso.ade.simulationMonitor] - Peak resident memory used = 217 Mbytes. {"history": "ExplorerRun.0", "point": 1, "testname": "VGA_VGA_1_pss_tb_1", "cornername": "Nominal"}
[2026-04-08 13:27:25.764 Z] [INFO] [cadence.virtuoso.ade.simulationMonitor] - Time used: CPU = 1.57 s, elapsed = 2.25 s, util. = 69.5%. {"history": "ExplorerRun.0", "point": 1, "testname": "VGA_VGA_1_pss_tb_1", "cornername": "Nominal"}
[2026-04-08 13:27:25.764 Z] [INFO] [cadence.virtuoso.ade.simulationMonitor] - Time spent in licensing: elapsed = 109 ms. {"history": "ExplorerRun.0", "point": 1, "testname": "VGA_VGA_1_pss_tb_1", "cornername": "Nominal"}
[2026-04-08 13:27:25.765 Z] [INFO] [cadence.virtuoso.ade.simulationMonitor] - Peak memory used = 217 Mbytes. {"history": "ExplorerRun.0", "point": 1, "testname": "VGA_VGA_1_pss_tb_1", "cornername": "Nominal"}
[2026-04-08 13:27:25.766 Z] [PROCESS] [cadence.virtuoso.ade.simulationMonitor] - Simulation started at: 1:27:23 PM, Wed Apr 8, 2026, ended at: 1:27:25 PM, Wed Apr 8, 2026, with elapsed time (wall clock): 2.25 s. {"history": "ExplorerRun.0", "point": 1, "testname": "VGA_VGA_1_pss_tb_1", "cornername": "Nominal"}
[2026-04-08 13:27:25.767 Z] [PROCESS] [cadence.virtuoso.ade.simulationMonitor] - spectre completes with 0 errors, 34 warnings, and 13 notices. {"history": "ExplorerRun.0", "point": 1, "testname": "VGA_VGA_1_pss_tb_1", "cornername": "Nominal"}
[2026-04-08 13:27:25.767 Z] [PROCESS] [cadence.virtuoso.ade.simulationMonitor] - Finished simulating for one point {"hostname": "il2244vt26_davidevi", "processid": 760133, "history": "ExplorerRun.0", "testname": "VGA_VGA_1_pss_tb_1", "cornername": "Nominal", "point": 1, "logfile": "/home/davidevi/Desktop/myproject/logs_davidevi/logs0/Job281.log", "simid": "4"}
[2026-04-08 13:27:25.767 Z] [PROCESS] [cadence.virtuoso.ade.simulationMonitor] - Simulator exited {"hostname": "il2244vt26_davidevi", "processid": 760133, "history": "ExplorerRun.0", "testname": "VGA_VGA_1_pss_tb_1", "cornername": "Nominal", "point": 1, "logfile": "/home/davidevi/Desktop/myproject/logs_davidevi/logs0/Job281.log", "exitStatus": "0"}
[2026-04-08 13:27:25.767 Z] [PROCESS] [cadence.virtuoso.ade.simulationMonitor] - Finished Simulation {"hostname": "il2244vt26_davidevi", "processid": 760133, "history": "ExplorerRun.0", "testname": "VGA_VGA_1_pss_tb_1", "cornername": "Nominal", "point": 1, "logfile": "/home/davidevi/Desktop/myproject/logs_davidevi/logs0/Job281.log", "simid": "4"}
[2026-04-08 13:27:29.786 Z] [PROCESS] [cadence.virtuoso.ade.simulationMonitor] - Point Finished {"hostname": "il2244vt26_davidevi", "processid": 760133, "history": "ExplorerRun.0", "testname": "VGA_VGA_1_pss_tb_1", "cornername": "Nominal", "point": 1, "logfile": "/home/davidevi/Desktop/myproject/logs_davidevi/logs0/Job281.log"}
[2026-04-08 13:27:30.789 Z] [PROCESS] [cadence.virtuoso.ade.simulationMonitor] - Stay with the runId '3', Linger time '300', currentRunSyn '7', currentTestSyn '8' {"hostname": "il2244vt26_davidevi", "processid": 760133, "history": "ExplorerRun.0", "testname": "VGA_VGA_1_pss_tb_1", "cornername": "Nominal", "point": 1, "logfile": "/home/davidevi/Desktop/myproject/logs_davidevi/logs0/Job281.log"}
[2026-04-08 13:27:31.790 Z] [PROCESS] [cadence.virtuoso.ade.simulationMonitor] - Stay with the runId '3', Linger time '300', currentRunSyn '7', currentTestSyn '8' {"hostname": "il2244vt26_davidevi", "processid": 760133, "history": "ExplorerRun.0", "testname": "VGA_VGA_1_pss_tb_1", "cornername": "Nominal", "point": 1, "logfile": "/home/davidevi/Desktop/myproject/logs_davidevi/logs0/Job281.log"}
[2026-04-08 13:32:30.603 Z] [PROCESS] [cadence.virtuoso.ade.simulationMonitor] - Current memory used: 52.7695 MBytes, peak memory used: 52.7695 MBytes {"hostname": "il2244vt26_davidevi", "processid": 760133, "history": "ExplorerRun.0", "testname": "VGA_VGA_1_pss_tb_1", "cornername": "Nominal", "point": 1, "logfile": "/home/davidevi/Desktop/myproject/logs_davidevi/logs0/Job281.log"}
[2026-04-08 13:32:30.604 Z] [PROCESS] [cadence.virtuoso.ade.simulationMonitor] - Simulation Monitor process exit. {"hostname": "il2244vt26_davidevi", "processid": 760133, "history": "ExplorerRun.0", "testname": "VGA_VGA_1_pss_tb_1", "cornername": "Nominal", "point": 1, "logfile": "/home/davidevi/Desktop/myproject/logs_davidevi/logs0/Job281.log"}
