[Simulation Monitor: 326]
[2026-04-09 12:24:39.794 Z] [PROCESS] [cadence.virtuoso.ade.simulationMonitor] - Simulation Monitor has successfully started up. Trying to set up communication channels to other components ... {"hostname": "il2244vt26_davidevi", "processid": 829153, "logfile": "/home/davidevi/Desktop/myproject/logs_davidevi/logs0/Job326.log"}
[2026-04-09 12:24:39.795 Z] [PROCESS] [cadence.virtuoso.ade.simulationMonitor] - Communication channels have been successfully set up. Start processing events ... {"hostname": "il2244vt26_davidevi", "processid": 829153, "logfile": "/home/davidevi/Desktop/myproject/logs_davidevi/logs0/Job326.log"}
[2026-04-09 12:24:39.795 Z] [PROCESS] [cadence.virtuoso.ade.simulationMonitor] - Considering to start history {"hostname": "il2244vt26_davidevi", "processid": 829153, "history": "MonteCarlo.0", "logfile": "/home/davidevi/Desktop/myproject/logs_davidevi/logs0/Job326.log"}
[2026-04-09 12:24:39.799 Z] [PROCESS] [cadence.virtuoso.ade.simulationMonitor] - HostInfo:
Host name (type):	il2244vt26_davidevi (x86_64)
Operating system:	Linux 5.15.0-164-generic #174-Ubuntu SMP Fri Nov 14 20:25:16 UTC 2025 {"hostname": "il2244vt26_davidevi", "processid": 829153, "history": "MonteCarlo.0", "testname": "MC", "cornername": "Nominal", "point": 100, "logfile": "/home/davidevi/Desktop/myproject/logs_davidevi/logs0/Job326.log", "nodename": "il2244vt26_davidevi", "domainname": "(none)", "machine": "x86_64", "sysname": "Linux", "release": "5.15.0-164-generic", "version": "#174-Ubuntu SMP Fri Nov 14 20:25:16 UTC 2025"}
[2026-04-09 12:24:39.800 Z] [PROCESS] [cadence.virtuoso.ade.simulationMonitor] - UsageInfo:
pid=829153
totalPhysicalMemory=3023.749672GB,Used=1549.555691GB,totalVirtualMemory=3031.749668GB,Used=1549.578640GB
Cpu: Cores=48, Load average:64.370000,28.980000,15.170000 {"hostname": "il2244vt26_davidevi", "processid": 829153, "history": "MonteCarlo.0", "testname": "MC", "cornername": "Nominal", "point": 100, "logfile": "/home/davidevi/Desktop/myproject/logs_davidevi/logs0/Job326.log", "pid": "829153", "totalPhysicalMemory": "3023.749672", "physicalMemoryUsed": "1549.555691", "totalVirtualMemory": "3031.749668", "virtualMemoryUsed": "1549.578640", "cpuCores": "48", "processes": "30426", "loadAverage1": "64.370000", "loadAverage5": "28.980000", "loadAverage15": "15.170000", "loadAverage1Percent": "1.341042"}
[2026-04-09 12:24:39.802 Z] [EVENT] [cadence.virtuoso.ade.simulationMonitor] - NewPoint {"history": "MonteCarlo.0", "point": 100, "testname": "MC", "cornername": "Nominal", "event": "NewPoint", "EventSource": "Simulation Monitor", "HistoryName": "MonteCarlo.0", "logFile": "/home/davidevi/Desktop/myproject/logs_davidevi/logs0/Job326.log", "logFileSize": "2374"}
[2026-04-09 12:24:39.903 Z] [EVENT] [cadence.virtuoso.ade.simulationMonitor] - NewPoint {"history": "MonteCarlo.0", "point": 100, "testname": "MC", "cornername": "Nominal", "event": "NewPoint", "EventSource": "spectre", "HistoryName": "MonteCarlo.0", "logFile": "/home/davidevi/Desktop/myproject/Sim/VGA/VGA_1_pss_tb/maestro/results/maestro/MonteCarlo.0/100/MC/groupRunDataDir/psf/spectre.out", "logFileSize": "-1"}
[2026-04-09 12:24:39.917 Z] [PROCESS] [cadence.virtuoso.ade.simulationMonitor] - Simulator launched {"hostname": "il2244vt26_davidevi", "processid": 829153, "history": "MonteCarlo.0", "testname": "MC", "cornername": "Nominal", "point": 100, "logfile": "/home/davidevi/Desktop/myproject/logs_davidevi/logs0/Job326.log", "simid": "1"}
[2026-04-09 12:24:39.920 Z] [PROCESS] [cadence.virtuoso.ade.simulationMonitor] - Expression evaluator launched {"hostname": "il2244vt26_davidevi", "processid": 829153, "history": "MonteCarlo.0", "testname": "MC", "cornername": "Nominal", "point": 100, "logfile": "/home/davidevi/Desktop/myproject/logs_davidevi/logs0/Job326.log"}
[2026-04-09 12:24:39.980 Z] [PROCESS] [cadence.virtuoso.ade.simulationMonitor] - Started Simulation {"hostname": "il2244vt26_davidevi", "processid": 829153, "history": "MonteCarlo.0", "testname": "MC", "cornername": "Nominal", "point": 100, "logfile": "/home/davidevi/Desktop/myproject/logs_davidevi/logs0/Job326.log", "event": "started", "task": "simulation"}
[2026-04-09 12:24:40.983 Z] [WARN] [cadence.virtuoso.ade.simulationMonitor] -     WARNING (SPECTRE-691): This CPU processor does not support x86 advanced vector extensions instructions. This may affect math operations and slow down the simulation. {"history": "MonteCarlo.0", "point": 100, "testname": "MC", "cornername": "Nominal"}
[2026-04-09 12:24:40.990 Z] [INFO] [cadence.virtuoso.ade.simulationMonitor] - Notice from spectre during circuit read-in.
    Pre_Configuration file used: /opt/tools/cadence/installs/SPECTRE241/tools.lnx86/spectre/etc/configs/preset.precfg
    Configuration file used: `/opt/tools/cadence/installs/SPECTRE241/tools.lnx86/spectre/etc/configs/preset.cfg'. {"history": "MonteCarlo.0", "point": 100, "testname": "MC", "cornername": "Nominal"}
[2026-04-09 12:24:40.992 Z] [WARN] [cadence.virtuoso.ade.simulationMonitor] -     WARNING (SPECTRE-8360): line 1511: `ac' is an undefined primitive device. {"history": "MonteCarlo.0", "point": 100, "testname": "MC", "cornername": "Nominal"}
[2026-04-09 12:24:40.992 Z] [WARN] [cadence.virtuoso.ade.simulationMonitor] -     WARNING (SPECTRE-8360): line 1512: `ac' is an undefined primitive device. {"history": "MonteCarlo.0", "point": 100, "testname": "MC", "cornername": "Nominal"}
[2026-04-09 12:24:40.993 Z] [WARN] [cadence.virtuoso.ade.simulationMonitor] -     WARNING (SPECTRE-8360): line 1513: `ac' is an undefined primitive device. {"history": "MonteCarlo.0", "point": 100, "testname": "MC", "cornername": "Nominal"}
[2026-04-09 12:24:40.993 Z] [WARN] [cadence.virtuoso.ade.simulationMonitor] -     WARNING (SPECTRE-8360): line 1514: `ac' is an undefined primitive device. {"history": "MonteCarlo.0", "point": 100, "testname": "MC", "cornername": "Nominal"}
[2026-04-09 12:24:40.993 Z] [WARN] [cadence.virtuoso.ade.simulationMonitor] -     WARNING (SPECTRE-8360): line 1515: `ac' is an undefined primitive device.
        Further occurrences of this warning will be suppressed. {"history": "MonteCarlo.0", "point": 100, "testname": "MC", "cornername": "Nominal"}
[2026-04-09 12:24:40.993 Z] [INFO] [cadence.virtuoso.ade.simulationMonitor] - Peak resident memory used = 179 Mbytes. {"history": "MonteCarlo.0", "point": 100, "testname": "MC", "cornername": "Nominal"}
[2026-04-09 12:24:40.993 Z] [WARN] [cadence.virtuoso.ade.simulationMonitor] -     WARNING (VACOMP-2435): The environment variable CDS_AHDLCMI_ENABLE is no longer supported. Therefore, the simulator will use the default compiled C code flow. {"history": "MonteCarlo.0", "point": 100, "testname": "MC", "cornername": "Nominal"}
[2026-04-09 12:24:40.996 Z] [WARN] [cadence.virtuoso.ade.simulationMonitor] -     WARNING (SFE-3016): The floating node net6 is removed. {"history": "MonteCarlo.0", "point": 100, "testname": "MC", "cornername": "Nominal"}
[2026-04-09 12:24:41.002 Z] [INFO] [cadence.virtuoso.ade.simulationMonitor] - Peak resident memory used = 197 Mbytes. {"history": "MonteCarlo.0", "point": 100, "testname": "MC", "cornername": "Nominal"}
[2026-04-09 12:24:41.003 Z] [INFO] [cadence.virtuoso.ade.simulationMonitor] - Notice from spectre during hierarchy flattening.
    The value 'psf' specified for the 'checklimitdest' option will no longer be supported in future releases. Use 'spectre -h' to see other recommended values for the 'checklimitdest' option. {"history": "MonteCarlo.0", "point": 100, "testname": "MC", "cornername": "Nominal"}
[2026-04-09 12:24:41.003 Z] [INFO] [cadence.virtuoso.ade.simulationMonitor] - Peak resident memory used = 199 Mbytes. {"history": "MonteCarlo.0", "point": 100, "testname": "MC", "cornername": "Nominal"}
[2026-04-09 12:24:41.004 Z] [WARN] [cadence.virtuoso.ade.simulationMonitor] -     WARNING (SPECTRE-17607): Assert `SOAC_rpolyh_vminuspsub' is ignored because it contains an expression which is invalid or not supported by native evaluator.  {"history": "MonteCarlo.0", "point": 100, "testname": "MC", "cornername": "Nominal"}
[2026-04-09 12:24:41.004 Z] [WARN] [cadence.virtuoso.ade.simulationMonitor] -     WARNING (SPECTRE-17607): Assert `SOAC_rpolyh_vpluspsub' is ignored because it contains an expression which is invalid or not supported by native evaluator.  {"history": "MonteCarlo.0", "point": 100, "testname": "MC", "cornername": "Nominal"}
[2026-04-09 12:24:41.004 Z] [WARN] [cadence.virtuoso.ade.simulationMonitor] -     WARNING (SPECTRE-16460): SOAC_cvarm_vspsub:Specified subcircuit master `cvarm' was not found. {"history": "MonteCarlo.0", "point": 100, "testname": "MC", "cornername": "Nominal"}
[2026-04-09 12:24:41.005 Z] [WARN] [cadence.virtuoso.ade.simulationMonitor] -     WARNING (SPECTRE-16462): SOAC_cvarm_vspsub:Error in specification of subcircuit master. Assert is ignored. {"history": "MonteCarlo.0", "point": 100, "testname": "MC", "cornername": "Nominal"}
[2026-04-09 12:24:41.005 Z] [WARN] [cadence.virtuoso.ade.simulationMonitor] -     WARNING (SPECTRE-16460): SOAC_cvarm_vbs:Specified subcircuit master `cvarm' was not found. {"history": "MonteCarlo.0", "point": 100, "testname": "MC", "cornername": "Nominal"}
[2026-04-09 12:24:41.005 Z] [WARN] [cadence.virtuoso.ade.simulationMonitor] -     WARNING (SPECTRE-16462): SOAC_cvarm_vbs:Error in specification of subcircuit master. Assert is ignored. {"history": "MonteCarlo.0", "point": 100, "testname": "MC", "cornername": "Nominal"}
[2026-04-09 12:24:41.006 Z] [WARN] [cadence.virtuoso.ade.simulationMonitor] -     WARNING (SPECTRE-16460): SOAC_cvarm_vgb:Specified subcircuit master `cvarm' was not found. {"history": "MonteCarlo.0", "point": 100, "testname": "MC", "cornername": "Nominal"}
[2026-04-09 12:24:41.006 Z] [WARN] [cadence.virtuoso.ade.simulationMonitor] -     WARNING (SPECTRE-16462): SOAC_cvarm_vgb:Error in specification of subcircuit master. Assert is ignored. {"history": "MonteCarlo.0", "point": 100, "testname": "MC", "cornername": "Nominal"}
[2026-04-09 12:24:41.006 Z] [WARN] [cadence.virtuoso.ade.simulationMonitor] -     WARNING (SPECTRE-16460): SOAC_cvart_vspsub:Specified subcircuit master `cvart' was not found. {"history": "MonteCarlo.0", "point": 100, "testname": "MC", "cornername": "Nominal"}
[2026-04-09 12:24:41.006 Z] [WARN] [cadence.virtuoso.ade.simulationMonitor] -     WARNING (SPECTRE-16462): SOAC_cvart_vspsub:Error in specification of subcircuit master. Assert is ignored. {"history": "MonteCarlo.0", "point": 100, "testname": "MC", "cornername": "Nominal"}
[2026-04-09 12:24:41.010 Z] [WARN] [cadence.virtuoso.ade.simulationMonitor] -     WARNING (SPECTRE-16460): SOAC_cvart_vbs:Specified subcircuit master `cvart' was not found.
        Further occurrences of this warning will be suppressed. {"history": "MonteCarlo.0", "point": 100, "testname": "MC", "cornername": "Nominal"}
[2026-04-09 12:24:41.014 Z] [WARN] [cadence.virtuoso.ade.simulationMonitor] -     WARNING (SPECTRE-16462): SOAC_cvart_vbs:Error in specification of subcircuit master. Assert is ignored.
        Further occurrences of this warning will be suppressed. {"history": "MonteCarlo.0", "point": 100, "testname": "MC", "cornername": "Nominal"}
[2026-04-09 12:24:41.015 Z] [WARN] [cadence.virtuoso.ade.simulationMonitor] -     WARNING (SPECTRE-17607): Assert `SOAC_cpoly_vminuspsub' is ignored because it contains an expression which is invalid or not supported by native evaluator.  {"history": "MonteCarlo.0", "point": 100, "testname": "MC", "cornername": "Nominal"}
[2026-04-09 12:24:41.015 Z] [WARN] [cadence.virtuoso.ade.simulationMonitor] -     WARNING (SPECTRE-17607): Assert `SOAC_cpoly_vpluspsub' is ignored because it contains an expression which is invalid or not supported by native evaluator.  {"history": "MonteCarlo.0", "point": 100, "testname": "MC", "cornername": "Nominal"}
[2026-04-09 12:24:41.015 Z] [WARN] [cadence.virtuoso.ade.simulationMonitor] -     WARNING (SPECTRE-17607): Assert `SOAC_modp_vbpsub' is ignored because it contains an expression which is invalid or not supported by native evaluator. 
        Further occurrences of this warning will be suppressed. {"history": "MonteCarlo.0", "point": 100, "testname": "MC", "cornername": "Nominal"}
[2026-04-09 12:24:42.016 Z] [INFO] [cadence.virtuoso.ade.simulationMonitor] - Notice from spectre during initial setup.
    Multithreading is disabled due to the size of the design being too small. {"history": "MonteCarlo.0", "point": 100, "testname": "MC", "cornername": "Nominal"}
[2026-04-09 12:24:42.021 Z] [WARN] [cadence.virtuoso.ade.simulationMonitor] -     WARNING (SPECTRE-592): Following parameters are disabled because they are ignored or redefined in Spectre X:
        
        
        PSS Parameters:
          errpreset {"history": "MonteCarlo.0", "point": 100, "testname": "MC", "cornername": "Nominal"}
[2026-04-09 12:24:42.048 Z] [INFO] [cadence.virtuoso.ade.simulationMonitor] -               nodes 33 {"history": "MonteCarlo.0", "point": 100, "testname": "MC", "cornername": "Nominal"}
[2026-04-09 12:24:42.048 Z] [INFO] [cadence.virtuoso.ade.simulationMonitor] - Notice from spectre during initial setup.
    Spectre X preset=cx enabled.
    73 warnings suppressed. {"history": "MonteCarlo.0", "point": 100, "testname": "MC", "cornername": "Nominal"}
[2026-04-09 12:24:42.048 Z] [INFO] [cadence.virtuoso.ade.simulationMonitor] - Peak resident memory used = 207 Mbytes. {"history": "MonteCarlo.0", "point": 100, "testname": "MC", "cornername": "Nominal"}
[2026-04-09 12:24:42.048 Z] [INFO] [cadence.virtuoso.ade.simulationMonitor] -    -   (Spectre X) Multi-threading. The recommended number of threads is 1, consider adding +mt=1 on command line. {"history": "MonteCarlo.0", "point": 100, "testname": "MC", "cornername": "Nominal"}
[2026-04-09 12:24:42.049 Z] [INFO] [cadence.virtuoso.ade.simulationMonitor] - Notice from spectre during DC analysis `dcOp', during Monte Carlo analysis `mc1'.
    No checklimit analysis defined for asserts. A default checklimit analysis 'SpectreChecklimitAnal' has been created with all asserts enabled. {"history": "MonteCarlo.0", "point": 100, "testname": "MC", "cornername": "Nominal"}
[2026-04-09 12:24:42.049 Z] [INFO] [cadence.virtuoso.ade.simulationMonitor] - Notice from spectre during DC analysis `dcOp', during Monte Carlo analysis `mc1'.
    Bad pivoting is found during DC analysis. Option dc_pivot_check=yes is recommended for possible improvement of convergence. {"history": "MonteCarlo.0", "point": 100, "testname": "MC", "cornername": "Nominal"}
[2026-04-09 12:24:42.049 Z] [WARN] [cadence.virtuoso.ade.simulationMonitor] -     WARNING (CMI-2943): Parameter checks have been ignored because the valid value for parameter 'trise' could not be found in 'C1'. {"history": "MonteCarlo.0", "point": 100, "testname": "MC", "cornername": "Nominal"}
[2026-04-09 12:24:42.049 Z] [WARN] [cadence.virtuoso.ade.simulationMonitor] -     WARNING (CMI-2943): Parameter checks have been ignored because the valid value for parameter 'trise' could not be found in 'I0.C8<0>_turbo_m4.C1'. {"history": "MonteCarlo.0", "point": 100, "testname": "MC", "cornername": "Nominal"}
[2026-04-09 12:24:42.049 Z] [WARN] [cadence.virtuoso.ade.simulationMonitor] -     WARNING (CMI-2943): Parameter checks have been ignored because the valid value for parameter 'trise' could not be found in 'I0.C9<0>_turbo_m8.C1'. {"history": "MonteCarlo.0", "point": 100, "testname": "MC", "cornername": "Nominal"}
[2026-04-09 12:24:42.050 Z] [WARN] [cadence.virtuoso.ade.simulationMonitor] -     WARNING (CMI-2943): Parameter checks have been ignored because the valid value for parameter 'trise' could not be found in 'I0.C7<0>_turbo_m2.C1'. {"history": "MonteCarlo.0", "point": 100, "testname": "MC", "cornername": "Nominal"}
[2026-04-09 12:24:42.050 Z] [WARN] [cadence.virtuoso.ade.simulationMonitor] -     WARNING (CMI-2943): Parameter checks have been ignored because the valid value for parameter 'trise' could not be found in 'I0.R2.CM'.
        Further occurrences of this warning will be suppressed. {"history": "MonteCarlo.0", "point": 100, "testname": "MC", "cornername": "Nominal"}
[2026-04-09 12:24:42.050 Z] [INFO] [cadence.virtuoso.ade.simulationMonitor] - Total time required for dc analysis `dcOp': CPU = 79.628 ms, elapsed = 89.3371 ms, util. = 89.1%. {"history": "MonteCarlo.0", "point": 100, "testname": "MC", "cornername": "Nominal"}
[2026-04-09 12:24:42.050 Z] [INFO] [cadence.virtuoso.ade.simulationMonitor] - Peak resident memory used = 216 Mbytes. {"history": "MonteCarlo.0", "point": 100, "testname": "MC", "cornername": "Nominal"}
[2026-04-09 12:24:42.050 Z] [INFO] [cadence.virtuoso.ade.simulationMonitor] - Notice from spectre during Monte Carlo analysis `mc1'.
    12 warnings suppressed. {"history": "MonteCarlo.0", "point": 100, "testname": "MC", "cornername": "Nominal"}
[2026-04-09 12:24:42.050 Z] [INFO] [cadence.virtuoso.ade.simulationMonitor] - Notice from spectre during IC analysis, during transient analysis `tran', during Monte Carlo analysis `mc1'.
    Bad pivoting is found during DC analysis. Option dc_pivot_check=yes is recommended for possible improvement of convergence. {"history": "MonteCarlo.0", "point": 100, "testname": "MC", "cornername": "Nominal"}
[2026-04-09 12:24:42.051 Z] [WARN] [cadence.virtuoso.ade.simulationMonitor] -     WARNING (CMI-2943): Parameter checks have been ignored because the valid value for parameter 'trise' could not be found in 'C1'. {"history": "MonteCarlo.0", "point": 100, "testname": "MC", "cornername": "Nominal"}
[2026-04-09 12:24:42.051 Z] [WARN] [cadence.virtuoso.ade.simulationMonitor] -     WARNING (CMI-2943): Parameter checks have been ignored because the valid value for parameter 'trise' could not be found in 'I0.C8<0>_turbo_m4.C1'. {"history": "MonteCarlo.0", "point": 100, "testname": "MC", "cornername": "Nominal"}
[2026-04-09 12:24:42.051 Z] [WARN] [cadence.virtuoso.ade.simulationMonitor] -     WARNING (CMI-2943): Parameter checks have been ignored because the valid value for parameter 'trise' could not be found in 'I0.C9<0>_turbo_m8.C1'. {"history": "MonteCarlo.0", "point": 100, "testname": "MC", "cornername": "Nominal"}
[2026-04-09 12:24:42.051 Z] [WARN] [cadence.virtuoso.ade.simulationMonitor] -     WARNING (CMI-2943): Parameter checks have been ignored because the valid value for parameter 'trise' could not be found in 'I0.C7<0>_turbo_m2.C1'. {"history": "MonteCarlo.0", "point": 100, "testname": "MC", "cornername": "Nominal"}
[2026-04-09 12:24:42.052 Z] [WARN] [cadence.virtuoso.ade.simulationMonitor] -     WARNING (CMI-2943): Parameter checks have been ignored because the valid value for parameter 'trise' could not be found in 'I0.R2.CM'.
        Further occurrences of this warning will be suppressed. {"history": "MonteCarlo.0", "point": 100, "testname": "MC", "cornername": "Nominal"}
[2026-04-09 12:24:42.052 Z] [INFO] [cadence.virtuoso.ade.simulationMonitor] - Notice from spectre during transient analysis `tran', during Monte Carlo analysis `mc1'.
    Multithreading is disabled due to the size of the design being too small. {"history": "MonteCarlo.0", "point": 100, "testname": "MC", "cornername": "Nominal"}
[2026-04-09 12:24:42.052 Z] [INFO] [cadence.virtuoso.ade.simulationMonitor] - Total time required for tran analysis `tran': CPU = 25.601 ms, elapsed = 28.07 ms, util. = 91.2%. {"history": "MonteCarlo.0", "point": 100, "testname": "MC", "cornername": "Nominal"}
[2026-04-09 12:24:42.052 Z] [INFO] [cadence.virtuoso.ade.simulationMonitor] - Peak resident memory used = 219 Mbytes. {"history": "MonteCarlo.0", "point": 100, "testname": "MC", "cornername": "Nominal"}
[2026-04-09 12:24:42.052 Z] [INFO] [cadence.virtuoso.ade.simulationMonitor] - Notice from spectre during transient analysis `tran', during Monte Carlo analysis `mc1'.
    12 warnings suppressed. {"history": "MonteCarlo.0", "point": 100, "testname": "MC", "cornername": "Nominal"}
[2026-04-09 12:24:42.052 Z] [WARN] [cadence.virtuoso.ade.simulationMonitor] -     WARNING (CMI-2943): Parameter checks have been ignored because the valid value for parameter 'trise' could not be found in 'C1'. {"history": "MonteCarlo.0", "point": 100, "testname": "MC", "cornername": "Nominal"}
[2026-04-09 12:24:42.053 Z] [WARN] [cadence.virtuoso.ade.simulationMonitor] -     WARNING (CMI-2943): Parameter checks have been ignored because the valid value for parameter 'trise' could not be found in 'I0.C8<0>_turbo_m4.C1'. {"history": "MonteCarlo.0", "point": 100, "testname": "MC", "cornername": "Nominal"}
[2026-04-09 12:24:42.053 Z] [WARN] [cadence.virtuoso.ade.simulationMonitor] -     WARNING (CMI-2943): Parameter checks have been ignored because the valid value for parameter 'trise' could not be found in 'I0.C9<0>_turbo_m8.C1'. {"history": "MonteCarlo.0", "point": 100, "testname": "MC", "cornername": "Nominal"}
[2026-04-09 12:24:42.053 Z] [WARN] [cadence.virtuoso.ade.simulationMonitor] -     WARNING (CMI-2943): Parameter checks have been ignored because the valid value for parameter 'trise' could not be found in 'I0.C7<0>_turbo_m2.C1'. {"history": "MonteCarlo.0", "point": 100, "testname": "MC", "cornername": "Nominal"}
[2026-04-09 12:24:42.053 Z] [WARN] [cadence.virtuoso.ade.simulationMonitor] -     WARNING (CMI-2943): Parameter checks have been ignored because the valid value for parameter 'trise' could not be found in 'I0.R2.CM'.
        Further occurrences of this warning will be suppressed. {"history": "MonteCarlo.0", "point": 100, "testname": "MC", "cornername": "Nominal"}
[2026-04-09 12:24:42.053 Z] [INFO] [cadence.virtuoso.ade.simulationMonitor] - Total time required for tstab analysis `pss': CPU = 5.957 ms, elapsed = 5.99694 ms. {"history": "MonteCarlo.0", "point": 100, "testname": "MC", "cornername": "Nominal"}
[2026-04-09 12:24:42.053 Z] [INFO] [cadence.virtuoso.ade.simulationMonitor] - Peak resident memory used = 220 Mbytes. {"history": "MonteCarlo.0", "point": 100, "testname": "MC", "cornername": "Nominal"}
[2026-04-09 12:24:42.054 Z] [INFO] [cadence.virtuoso.ade.simulationMonitor] - Notice from spectre during periodic steady state analysis `pss', during Monte Carlo analysis `mc1'.
    12 warnings suppressed. {"history": "MonteCarlo.0", "point": 100, "testname": "MC", "cornername": "Nominal"}
[2026-04-09 12:24:43.057 Z] [INFO] [cadence.virtuoso.ade.simulationMonitor] - Total time required for pss analysis `pss': CPU = 830.097 ms, elapsed = 899.052 ms, util. = 92.3%. {"history": "MonteCarlo.0", "point": 100, "testname": "MC", "cornername": "Nominal"}
[2026-04-09 12:24:43.058 Z] [INFO] [cadence.virtuoso.ade.simulationMonitor] - Peak resident memory used = 225 Mbytes. {"history": "MonteCarlo.0", "point": 100, "testname": "MC", "cornername": "Nominal"}
[2026-04-09 12:24:43.058 Z] [INFO] [cadence.virtuoso.ade.simulationMonitor] - Total time required for montecarlo analysis `mc1': CPU = 1.02153 s, elapsed = 1.22083 s, util. = 83.7%. {"history": "MonteCarlo.0", "point": 100, "testname": "MC", "cornername": "Nominal"}
[2026-04-09 12:24:43.058 Z] [INFO] [cadence.virtuoso.ade.simulationMonitor] - Peak resident memory used = 225 Mbytes. {"history": "MonteCarlo.0", "point": 100, "testname": "MC", "cornername": "Nominal"}
[2026-04-09 12:24:43.059 Z] [INFO] [cadence.virtuoso.ade.simulationMonitor] - Time used: CPU = 1.58 s, elapsed = 2.44 s, util. = 64.6%. {"history": "MonteCarlo.0", "point": 100, "testname": "MC", "cornername": "Nominal"}
[2026-04-09 12:24:43.059 Z] [INFO] [cadence.virtuoso.ade.simulationMonitor] - Time spent in licensing: elapsed = 99.8 ms. {"history": "MonteCarlo.0", "point": 100, "testname": "MC", "cornername": "Nominal"}
[2026-04-09 12:24:43.059 Z] [INFO] [cadence.virtuoso.ade.simulationMonitor] - Peak memory used = 225 Mbytes. {"history": "MonteCarlo.0", "point": 100, "testname": "MC", "cornername": "Nominal"}
[2026-04-09 12:24:43.061 Z] [PROCESS] [cadence.virtuoso.ade.simulationMonitor] - Simulation started at: 12:24:40 PM, Thur Apr 9, 2026, ended at: 12:24:42 PM, Thur Apr 9, 2026, with elapsed time (wall clock): 2.44 s. {"history": "MonteCarlo.0", "point": 100, "testname": "MC", "cornername": "Nominal", "Points": "100 "}
[2026-04-09 12:24:43.061 Z] [PROCESS] [cadence.virtuoso.ade.simulationMonitor] - spectre completes with 0 errors, 39 warnings, and 15 notices. {"history": "MonteCarlo.0", "point": 100, "testname": "MC", "cornername": "Nominal", "Points": "100 "}
[2026-04-09 12:24:43.061 Z] [PROCESS] [cadence.virtuoso.ade.simulationMonitor] - Finished simulating for one iteration {"hostname": "il2244vt26_davidevi", "processid": 829153, "history": "MonteCarlo.0", "testname": "MC", "cornername": "Nominal", "point": 100, "logfile": "/home/davidevi/Desktop/myproject/logs_davidevi/logs0/Job326.log", "simid": "1"}
[2026-04-09 12:24:43.062 Z] [PROCESS] [cadence.virtuoso.ade.simulationMonitor] - Simulator exited {"hostname": "il2244vt26_davidevi", "processid": 829153, "history": "MonteCarlo.0", "testname": "MC", "cornername": "Nominal", "point": 100, "logfile": "/home/davidevi/Desktop/myproject/logs_davidevi/logs0/Job326.log", "exitStatus": "0"}
[2026-04-09 12:24:43.062 Z] [PROCESS] [cadence.virtuoso.ade.simulationMonitor] - Finished Simulation {"hostname": "il2244vt26_davidevi", "processid": 829153, "history": "MonteCarlo.0", "testname": "MC", "cornername": "Nominal", "point": 100, "logfile": "/home/davidevi/Desktop/myproject/logs_davidevi/logs0/Job326.log", "simid": "1"}
[2026-04-09 12:24:46.090 Z] [PROCESS] [cadence.virtuoso.ade.simulationMonitor] - Point Finished {"hostname": "il2244vt26_davidevi", "processid": 829153, "history": "MonteCarlo.0", "testname": "MC", "cornername": "Nominal", "point": 100, "logfile": "/home/davidevi/Desktop/myproject/logs_davidevi/logs0/Job326.log"}
[2026-04-09 12:24:47.096 Z] [PROCESS] [cadence.virtuoso.ade.simulationMonitor] - Stay with the runId '8', Linger time '300', currentRunSyn '17', currentTestSyn '18' {"hostname": "il2244vt26_davidevi", "processid": 829153, "history": "MonteCarlo.0", "testname": "MC", "cornername": "Nominal", "point": 100, "logfile": "/home/davidevi/Desktop/myproject/logs_davidevi/logs0/Job326.log"}
[2026-04-09 12:24:48.099 Z] [PROCESS] [cadence.virtuoso.ade.simulationMonitor] - Stay with the runId '8', Linger time '300', currentRunSyn '17', currentTestSyn '18' {"hostname": "il2244vt26_davidevi", "processid": 829153, "history": "MonteCarlo.0", "testname": "MC", "cornername": "Nominal", "point": 100, "logfile": "/home/davidevi/Desktop/myproject/logs_davidevi/logs0/Job326.log"}
[2026-04-09 12:24:49.097 Z] [PROCESS] [cadence.virtuoso.ade.simulationMonitor] - Stay with the runId '8', Linger time '300', currentRunSyn '17', currentTestSyn '18' {"hostname": "il2244vt26_davidevi", "processid": 829153, "history": "MonteCarlo.0", "testname": "MC", "cornername": "Nominal", "point": 100, "logfile": "/home/davidevi/Desktop/myproject/logs_davidevi/logs0/Job326.log"}
[2026-04-09 12:24:50.097 Z] [PROCESS] [cadence.virtuoso.ade.simulationMonitor] - Stay with the runId '8', Linger time '300', currentRunSyn '17', currentTestSyn '18' {"hostname": "il2244vt26_davidevi", "processid": 829153, "history": "MonteCarlo.0", "testname": "MC", "cornername": "Nominal", "point": 100, "logfile": "/home/davidevi/Desktop/myproject/logs_davidevi/logs0/Job326.log"}
[2026-04-09 12:24:51.098 Z] [PROCESS] [cadence.virtuoso.ade.simulationMonitor] - Stay with the runId '8', Linger time '300', currentRunSyn '17', currentTestSyn '18' {"hostname": "il2244vt26_davidevi", "processid": 829153, "history": "MonteCarlo.0", "testname": "MC", "cornername": "Nominal", "point": 100, "logfile": "/home/davidevi/Desktop/myproject/logs_davidevi/logs0/Job326.log"}
[2026-04-09 12:24:52.098 Z] [PROCESS] [cadence.virtuoso.ade.simulationMonitor] - Stay with the runId '8', Linger time '300', currentRunSyn '17', currentTestSyn '18' {"hostname": "il2244vt26_davidevi", "processid": 829153, "history": "MonteCarlo.0", "testname": "MC", "cornername": "Nominal", "point": 100, "logfile": "/home/davidevi/Desktop/myproject/logs_davidevi/logs0/Job326.log"}
[2026-04-09 12:29:46.893 Z] [PROCESS] [cadence.virtuoso.ade.simulationMonitor] - Current memory used: 52.9844 MBytes, peak memory used: 52.9844 MBytes {"hostname": "il2244vt26_davidevi", "processid": 829153, "history": "MonteCarlo.0", "testname": "MC", "cornername": "Nominal", "point": 100, "logfile": "/home/davidevi/Desktop/myproject/logs_davidevi/logs0/Job326.log"}
[2026-04-09 12:29:46.893 Z] [PROCESS] [cadence.virtuoso.ade.simulationMonitor] - Simulation Monitor process exit. {"hostname": "il2244vt26_davidevi", "processid": 829153, "history": "MonteCarlo.0", "testname": "MC", "cornername": "Nominal", "point": 100, "logfile": "/home/davidevi/Desktop/myproject/logs_davidevi/logs0/Job326.log"}
