\# Program start time:     UTC 2026.04.10 12:10:12.505
\# Local time: UTC (UTC+00:00) 2026.04.10 12:10:12.505
\o Program:		@(#)$CDS: virtuoso version 6.1.8-64b 09/03/2024 19:11 (sjfhw316) $
\o Hierarchy:		/opt/tools/cadence/installs/IC618/tools.lnx86/dfII/
\o Sub version:		sub-version  IC6.1.8-64b.500.36  (64-bit addresses)
\# Command line:	/opt/tools/cadence/installs/IC618/tools.lnx86/dfII/bin/64bit/virtuoso -noautostart -mpssession virtuoso483270 -mpshost il2244vt26_davidevi -davinciService DaVinciService_483270_1773683810 -log /home/davidevi/Desktop/myproject/logs_davidevi/logs0/Job348.log -licenseLockFileName /home/davidevi/Desktop/myproject/.tmp_davidevi/.il2244vt26_davidevi_483270 -interactiveA -interactiveE -interactiveRTT -nostdin -nographE -axlChildIdFlag 348
\# Host name (type):	il2244vt26_davidevi (x86_64)
\# Operating system:	Linux 5.15.0-164-generic #174-Ubuntu SMP Fri Nov 14 20:25:16 UTC 2025
\# Linux /etc/issue:	\S
\# Linux /etc/issue:	Kernel \r on an \m
\# X display name (WxH):	:744 (1024x868)
\# Available geometry:			TL(0:0) BR(1023:867)
\# X server:			The X.Org Foundation
\# Depth of Visual (Root):	24 (24)
\# Number of Planes Used:	24
\# X version:		11.0 (vendor release 12011000)
\# X resource pool:	base 0x400000, mask 0x1fffff (2097151), shift 0
\# 			current id 0x0, current max 0x1ffffa (2097146)
\# Max data seg size:	     unlimited
\# Max process size:	     unlimited
\# Initial sbrk value:	      1,398 MB
\# Available memory:	  2,374,922 MB
\# System memory:	  3,104,512 MB
\# Maximum memory size:	  3,103,235 MB
\# Max mem available:	  2,375,043 MB
\# Initial memory used:	        121 MB
\#        process size:	      1,677 MB
\# Thread usage limits (effective/default):	maxthreads 4294967295/4294967295 maxload 48.00/48.00
\# Qt version:		5.9.1
\# Window Manager:	other
\# User Name:		davidevi
\o Working Directory:	il2244vt26_davidevi:/home/davidevi/Desktop/myproject
\# Process Id:		844589
\o 
\o COPYRIGHT (C) 1992-2024  CADENCE DESIGN SYSTEMS INC.  ALL RIGHTS RESERVED.
\o           (C) 1992-2024  UNIX SYSTEMS Laboratories INC.,
\o                          Reproduced with permission.
\o 
\o This Cadence Design Systems program and online documentation are
\o proprietary/confidential information and may be disclosed/used only
\o as authorized in a license agreement controlling such use and disclosure.
\o 
\o           RESTRICTED RIGHTS NOTICE (SHORT FORM)
\o Use/reproduction/disclosure is subject to restriction
\o set forth at FAR 1252.227-19 or its equivalent.
\o Loading geView.cxt 
\o Loading menuBuilder.cxt 
\o Loading schView.cxt 
\o Loading selectSv.cxt 
\o Loading wireEdit.cxt 
\o Loading pte2.cxt 
\w Qt Warning: setNativeLocks failed: "Resource temporarily unavailable"
\o Loading xlUI.cxt 
\o Loading auCore.cxt 
\o Loading vhdl.cxt 
\o Loading seismic.cxt 
\o Loading ci.cxt 
\o Loading ams.cxt 
\o Loading oasis.cxt 
\o Loading analog.cxt 
\o Loading asimenv.cxt 
\o Loading dal.cxt 
\o Loading awv.cxt 
\o Loading socket.cxt 
\o Loading par.cxt 
\o Loading alvs.cxt 
\o Loading caa.cxt 
\o Loading amps.cxt 
\o Loading adexlCore.cxt 
\# Memory report: using         231 MB, process size 1,873 MB at UTC 2026.04.10 12:10:15.320
\o Loading adexl.cxt 
\o *Info*    Exporting services from client ... 
\o 
\o Loading adexlDM.cxt 
\o Loading cpf.cxt 
\o Loading cli.cxt 
\o Loading lp.cxt 
\o INFO (ELI-00302) Connecting to parent process (session=virtuoso483270, host=il2244vt26_davidevi). Connection mode is ICRP. Total timeout is 180 seconds. Connection timeout is 90 seconds.
\o INFO (ELI-00303) Step 1: Connecting to parent. Time spent is 0 seconds.
\o INFO (ELI-00304) The registration of the child 844589 within 90 seconds is being processed...
\o INFO (ELI-00305) The result of registration is true. Time spent is 0 seconds.
\o INFO (ELI-00308) The connection has ended. Result is true. Total time spent is 1 seconds.
\# [12:10:13.445250] Configured Lic search path (22.01-s002): 3000@lic08.ug.kth.se:29000@lic06.ug.kth.se
\o ......................................................................................
\o            ams AG HIT-Kit v.ams_4.10
\o ......................................................................................
\o COPYRIGHT (c) 2012 Full Service Foundry @ ams AG.  ALL RIGHTS RESERVED
\o This HIT-Kit and attached documentation are confidential information and may 
\o only be used as authorized by the HIT-Kit license agreement.
\o ......................................................................................
\# Current Window: window(2)
\o Loading simulator default settings.
\o Loading simulator default settings.
\o *Info*    Client has finished starting ... 
\o 
\o Loading vdsil.cxt 
\p hitkit: ams_4.10  Tech: c35b4c3  User: davidevi 
\w *WARNING* could not load font "-*-courier-medium-r-*-*-12-*", using font "fixed"
\# Loading perfDiag...
\# (PerfDiag): Set GDB path to environment variable 'gdbPath' (gdb).
\# Performance Diagnostic tool is installed. You can access PerfDiag from CIW Tools or use the shell command 'cdsPerfDiag -p 844589' to open it when Virtuoso freezes.
\# (PerfDiag): Use backtrace from GLIBC.
\w *WARNING* _perfPstackCheck: Cannot find pstack/gstack. Please setup PATH environment variable to pstack/gstack executable.
\o Loading vqp.cxt 
\o Loading hdlPkg.cxt 
\o 
\o 
\o *Info*    Configuring the session ...
\o 
\o Loading simui.cxt 
\o 	Library      = VGA
\o 	Cell         = VGA_1_tb
\o 	View         = schematic
\o 	Simulator    = spectre
\o 	State Path   = $AXL_SETUPDB_DIR/test_states
\o 	State Name   = VGA:VGA_1_tb:1_none_Interactive.94
\o 	Results DB   = /home/davidevi/Desktop/myproject/VGA/VGA_1_tb/adexl/results/data/Interactive.94.rdb
\o 	Results Dir  = /home/davidevi/Desktop/myproject/Sim/VGA/VGA_1_tb/adexl/results/data/Interactive.94/1/VGA:VGA_1_tb:1
\o 	Results Loc  = /home/davidevi/Desktop/myproject/Sim/VGA/VGA_1_tb/adexl/results/data
\o 	Project Dir  = /home/davidevi/Desktop/myproject/Sim
\o 	Setup DB loc = /home/davidevi/Desktop/myproject/VGA/VGA_1_tb/adexl
\o 	File Encoding = 0
\o 
\o 
\o Loading viva.cxt 
\o Loading spectrei.cxt 
\o Loading devCheck.cxt 
\o Loading relXpert.cxt 
\# Memory report: using         361 MB, process size 2,057 MB at UTC 2026.04.10 12:10:19.075
\o Loading hspiceD.cxt 
\o Loading spectreinl.cxt 
\o Loading msgHandler.cxt 
\o Loading UltraSim.cxt 
\o Loading AMSOSS.cxt 
\o Loading AMS.cxt 
\o 
\o *Info*    The auto suspension is disabled.
\o 
\o Loading monte.cxt 
\o 
\o 
\o 
\o 
\o 
\o *Info*    Run start for Point ID (4 4) on testbench [ VGA:VGA_1_tb:1
\o           ].
\o 
\o Resetting statistical vars
\o 
\o *Info*    Setting parameter values ...
\o 
\o Setting var S0 = "3.3"
\o Setting var S1 = "3.3"
\o Setting var S2 = "3.3"
\o Setting var S3 = "3.3"
\o Setting var VDD = "3.3"
\o Setting var VIN_PULSE = "10m"
\o Setting var V_AMP = "0"
\o Setting var V_FREQ = "1k"
\o Setting var temperature = "27"
\o Setting temp(T) = 27
\o Setting var tf = "1n"
\o Setting var tr = "1n"
\o 
\o *Info*    Netlist Directory =
\o           /home/davidevi/Desktop/myproject/Sim/VGA/VGA_1_tb/adexl/results/data/Interactive.94/4/VGA:VGA_1_tb:1/netlist
\o 
\o 
\o *Info*    Data Directory    =
\o           /home/davidevi/Desktop/myproject/Sim/VGA/VGA_1_tb/adexl/results/data/Interactive.94/4/VGA:VGA_1_tb:1
\o 
\o 
\o *Info*    Creating Netlist for Point ID (4 4)
\o 
\o generate netlist...
\o Loading hnlInit.cxt 
\o Loading seCore.cxt 
\o function ansCdlCompPrim redefined
\o function ansCdlCompPrim redefined
\# [12:10:21.219656] Periodic Lic check successful
\# [12:10:21.219658] Feature usage summary:
\o Begin Incremental Netlisting Apr 10 12:10:21 2026
\o End netlisting Apr 10 12:10:21 2026
\o 
\o 	The netlist is up to date.
\o 	Time taken to compare the design with netlist:   0.0s
\o       ...successful.
\o compose simulator input file...
\o       ...successful.
\o 
\o *Info*    Running simulation on testbench [ VGA:VGA_1_tb:1 ] for
\o           Point ID (4 4).
\o 
\o Delete psf data in /home/davidevi/Desktop/myproject/Sim/VGA/VGA_1_tb/adexl/results/data/Interactive.94/4/VGA:VGA_1_tb:1/psf.
\o compose simulator input file...
\o       ...successful.
\o start simulator if needed...
\o       ...successful.
\o simulate...
\o To view the simulator output, right-click on the test name, result 
\o name, or any value in the "Results" tab of the Outputs section and 
\o choose "Output Log" menu option.
\o WARNING (ADE-3080): Fast viewing extensions for PSF XL format (also known as RTSF) will be discontinued  
\o        and Virtuoso Visualization and Analysis XL will not use RTSF data to plot waveforms from IC6.1.8 ISR7 onward. 
\o        There will be no performance impact on data visualization due to this change.
\o Loading paraplot.cxt 
\# Available memory:      2,374,831 MB at UTC 2026.04.10 12:10:23.491
\# Memory report: Maximum memory size now 2,375,276 MB at UTC 2026.04.10 12:10:23.491
\# Thread usage report: 54 active threads, active load 1.40 at UTC 2026.04.10 12:10:23.491
\o INFO (ADE-3067): Errors encountered during simulation. For more information, right-click
\o         on a test name in the 'Results' tab of the Outputs pane and choose 'Output Log'
\o         to view the simulation run log.
\o reading simulation data...
\o       ...successful.
\o 
\o *Error*   Error ID  = 5011
\o *Error*   Error Msg = Simulator failed to complete the simulation.
\o 
\o           Error found by spectre during periodic steady state
\o           analysis `pss'.
\o Error found by spectre during periodic
\o           steady state analysis `pss'.
\o ERROR (SPCRTRF-15177): PSS
\o           analysis doesn't support behavioral module components with
\o           hidden states found in component 'cpoly_ahdl'. 
\o           Skipped.
\o ERROR (SPCRTRF-15177): PSS analysis doesn't
\o           support behavioral module components with hidden states
\o           found in component 'modn_ahdl'.  Skipped.
\o ERROR
\o           (SPCRTRF-15177): PSS analysis doesn't support behavioral
\o           module components with hidden states found in component
\o           'modp_ahdl'.  Skipped.
\o ERROR (SPCRTRF-15177): PSS analysis
\o           doesn't support behavioral module components with hidden
\o           states found in component 'rpolyh_ahdl'.  Skipped.
\o Error
\o           found by spectre.
\o Error found by spectre.
\o ERROR
\o           (SPCRTRF-15024): The pac analysis was skipped because a PSS
\o           analysis must be run first.
\o 
\o 
\o 
\o 
\o 
\o *Info*    Client has finished evaluating ... 
\o 
\o 
\o *Info*    Run complete for Point ID (4 4) on testbench [
\o           VGA:VGA_1_tb:1 ].
\o 
\o 
\o 
\o 
\o 
\o 
\o 
\o 
\o 
\o 
\o *Info*    Run start for Point ID (4 54) on testbench [ VGA:VGA_1_tb:1
\o           ].
\o 
\o Resetting statistical vars
\o 
\o *Info*    Setting parameter values ...
\o 
\o Setting var VDD = "2.97"
\o 
\o *Info*    Netlist Directory =
\o           /home/davidevi/Desktop/myproject/Sim/VGA/VGA_1_tb/adexl/results/data/Interactive.94/54/VGA:VGA_1_tb:1/netlist
\o 
\o 
\o *Info*    Data Directory    =
\o           /home/davidevi/Desktop/myproject/Sim/VGA/VGA_1_tb/adexl/results/data/Interactive.94/54/VGA:VGA_1_tb:1
\o 
\o 
\o *Info*    Creating Netlist for Point ID (4 54)
\o 
\o generate netlist...
\o function ansCdlCompPrim redefined
\o function ansCdlCompPrim redefined
\o Begin Incremental Netlisting Apr 10 12:10:26 2026
\o End netlisting Apr 10 12:10:26 2026
\o 
\o 	The netlist is up to date.
\o 	Time taken to compare the design with netlist:   0.0s
\o       ...successful.
\o compose simulator input file...
\o       ...successful.
\o 
\o *Info*    Running simulation on testbench [ VGA:VGA_1_tb:1 ] for
\o           Point ID (4 54).
\o 
\o Delete psf data in /home/davidevi/Desktop/myproject/Sim/VGA/VGA_1_tb/adexl/results/data/Interactive.94/54/VGA:VGA_1_tb:1/psf.
\o compose simulator input file...
\o       ...successful.
\o start simulator if needed...
\o       ...successful.
\o simulate...
\o To view the simulator output, right-click on the test name, result 
\o name, or any value in the "Results" tab of the Outputs section and 
\o choose "Output Log" menu option.
\o WARNING (ADE-3080): Fast viewing extensions for PSF XL format (also known as RTSF) will be discontinued  
\o        and Virtuoso Visualization and Analysis XL will not use RTSF data to plot waveforms from IC6.1.8 ISR7 onward. 
\o        There will be no performance impact on data visualization due to this change.
\o INFO (ADE-3067): Errors encountered during simulation. For more information, right-click
\o         on a test name in the 'Results' tab of the Outputs pane and choose 'Output Log'
\o         to view the simulation run log.
\o reading simulation data...
\o       ...successful.
\o 
\o *Error*   Error ID  = 5011
\o *Error*   Error Msg = Simulator failed to complete the simulation.
\o 
\o           Error found by spectre during periodic steady state
\o           analysis `pss'.
\o Error found by spectre during periodic
\o           steady state analysis `pss'.
\o ERROR (SPCRTRF-15177): PSS
\o           analysis doesn't support behavioral module components with
\o           hidden states found in component 'cpoly_ahdl'. 
\o           Skipped.
\o ERROR (SPCRTRF-15177): PSS analysis doesn't
\o           support behavioral module components with hidden states
\o           found in component 'modn_ahdl'.  Skipped.
\o ERROR
\o           (SPCRTRF-15177): PSS analysis doesn't support behavioral
\o           module components with hidden states found in component
\o           'modp_ahdl'.  Skipped.
\o ERROR (SPCRTRF-15177): PSS analysis
\o           doesn't support behavioral module components with hidden
\o           states found in component 'rpolyh_ahdl'.  Skipped.
\o Error
\o           found by spectre.
\o Error found by spectre.
\o ERROR
\o           (SPCRTRF-15024): The pac analysis was skipped because a PSS
\o           analysis must be run first.
\o 
\o 
\o 
\o 
\o 
\o *Info*    Client has finished evaluating ... 
\o 
\o 
\o *Info*    Run complete for Point ID (4 54) on testbench [
\o           VGA:VGA_1_tb:1 ].
\o 
\o 
\o 
\o 
\o 
\o 
\o 
\o 
\o 
\o 
\o *Info*    Run start for Point ID (4 58) on testbench [ VGA:VGA_1_tb:1
\o           ].
\o 
\o Resetting statistical vars
\o 
\o *Info*    Setting parameter values ...
\o 
\o 
\o *Info*    Netlist Directory =
\o           /home/davidevi/Desktop/myproject/Sim/VGA/VGA_1_tb/adexl/results/data/Interactive.94/58/VGA:VGA_1_tb:1/netlist
\o 
\o 
\o *Info*    Data Directory    =
\o           /home/davidevi/Desktop/myproject/Sim/VGA/VGA_1_tb/adexl/results/data/Interactive.94/58/VGA:VGA_1_tb:1
\o 
\o 
\o *Info*    Creating Netlist for Point ID (4 58)
\o 
\o generate netlist...
\o function ansCdlCompPrim redefined
\o function ansCdlCompPrim redefined
\o Begin Incremental Netlisting Apr 10 12:10:30 2026
\o End netlisting Apr 10 12:10:30 2026
\o 
\o 	The netlist is up to date.
\o 	Time taken to compare the design with netlist:   0.0s
\o       ...successful.
\o compose simulator input file...
\o       ...successful.
\o 
\o *Info*    Running simulation on testbench [ VGA:VGA_1_tb:1 ] for
\o           Point ID (4 58).
\o 
\o Delete psf data in /home/davidevi/Desktop/myproject/Sim/VGA/VGA_1_tb/adexl/results/data/Interactive.94/58/VGA:VGA_1_tb:1/psf.
\o compose simulator input file...
\o       ...successful.
\o start simulator if needed...
\o       ...successful.
\o simulate...
\o To view the simulator output, right-click on the test name, result 
\o name, or any value in the "Results" tab of the Outputs section and 
\o choose "Output Log" menu option.
\o WARNING (ADE-3080): Fast viewing extensions for PSF XL format (also known as RTSF) will be discontinued  
\o        and Virtuoso Visualization and Analysis XL will not use RTSF data to plot waveforms from IC6.1.8 ISR7 onward. 
\o        There will be no performance impact on data visualization due to this change.
\# Memory report: using         467 MB, process size 2,277 MB at UTC 2026.04.10 12:10:31.496
\o INFO (ADE-3067): Errors encountered during simulation. For more information, right-click
\o         on a test name in the 'Results' tab of the Outputs pane and choose 'Output Log'
\o         to view the simulation run log.
\o reading simulation data...
\o       ...successful.
\o 
\o *Error*   Error ID  = 5011
\o *Error*   Error Msg = Simulator failed to complete the simulation.
\o 
\o           Error found by spectre during periodic steady state
\o           analysis `pss'.
\o Error found by spectre during periodic
\o           steady state analysis `pss'.
\o ERROR (SPCRTRF-15177): PSS
\o           analysis doesn't support behavioral module components with
\o           hidden states found in component 'cpoly_ahdl'. 
\o           Skipped.
\o ERROR (SPCRTRF-15177): PSS analysis doesn't
\o           support behavioral module components with hidden states
\o           found in component 'modn_ahdl'.  Skipped.
\o ERROR
\o           (SPCRTRF-15177): PSS analysis doesn't support behavioral
\o           module components with hidden states found in component
\o           'modp_ahdl'.  Skipped.
\o ERROR (SPCRTRF-15177): PSS analysis
\o           doesn't support behavioral module components with hidden
\o           states found in component 'rpolyh_ahdl'.  Skipped.
\o Error
\o           found by spectre.
\o Error found by spectre.
\o ERROR
\o           (SPCRTRF-15024): The pac analysis was skipped because a PSS
\o           analysis must be run first.
\o 
\o 
\o 
\o 
\o 
\o *Info*    Client has finished evaluating ... 
\o 
\o 
\o *Info*    Run complete for Point ID (4 58) on testbench [
\o           VGA:VGA_1_tb:1 ].
\o 
\o 
\o 
\o 
\o 
\o 
\o 
\o 
\o 
\o 
\o *Info*    Run start for Point ID (4 61) on testbench [ VGA:VGA_1_tb:1
\o           ].
\o 
\o Resetting statistical vars
\o 
\o *Info*    Setting parameter values ...
\o 
\o Setting var VDD = "3.63"
\o 
\o *Info*    Netlist Directory =
\o           /home/davidevi/Desktop/myproject/Sim/VGA/VGA_1_tb/adexl/results/data/Interactive.94/61/VGA:VGA_1_tb:1/netlist
\o 
\o 
\o *Info*    Data Directory    =
\o           /home/davidevi/Desktop/myproject/Sim/VGA/VGA_1_tb/adexl/results/data/Interactive.94/61/VGA:VGA_1_tb:1
\o 
\o 
\o *Info*    Creating Netlist for Point ID (4 61)
\o 
\o generate netlist...
\o function ansCdlCompPrim redefined
\o function ansCdlCompPrim redefined
\o Begin Incremental Netlisting Apr 10 12:10:34 2026
\o End netlisting Apr 10 12:10:34 2026
\o 
\o 	The netlist is up to date.
\o 	Time taken to compare the design with netlist:   0.0s
\o       ...successful.
\o compose simulator input file...
\o       ...successful.
\o 
\o *Info*    Running simulation on testbench [ VGA:VGA_1_tb:1 ] for
\o           Point ID (4 61).
\o 
\o Delete psf data in /home/davidevi/Desktop/myproject/Sim/VGA/VGA_1_tb/adexl/results/data/Interactive.94/61/VGA:VGA_1_tb:1/psf.
\o compose simulator input file...
\o       ...successful.
\o start simulator if needed...
\o       ...successful.
\o simulate...
\o To view the simulator output, right-click on the test name, result 
\o name, or any value in the "Results" tab of the Outputs section and 
\o choose "Output Log" menu option.
\o WARNING (ADE-3080): Fast viewing extensions for PSF XL format (also known as RTSF) will be discontinued  
\o        and Virtuoso Visualization and Analysis XL will not use RTSF data to plot waveforms from IC6.1.8 ISR7 onward. 
\o        There will be no performance impact on data visualization due to this change.
\o INFO (ADE-3067): Errors encountered during simulation. For more information, right-click
\o         on a test name in the 'Results' tab of the Outputs pane and choose 'Output Log'
\o         to view the simulation run log.
\o reading simulation data...
\o       ...successful.
\o 
\o *Error*   Error ID  = 5011
\o *Error*   Error Msg = Simulator failed to complete the simulation.
\o 
\o           Error found by spectre during periodic steady state
\o           analysis `pss'.
\o Error found by spectre during periodic
\o           steady state analysis `pss'.
\o ERROR (SPCRTRF-15177): PSS
\o           analysis doesn't support behavioral module components with
\o           hidden states found in component 'cpoly_ahdl'. 
\o           Skipped.
\o ERROR (SPCRTRF-15177): PSS analysis doesn't
\o           support behavioral module components with hidden states
\o           found in component 'modn_ahdl'.  Skipped.
\o ERROR
\o           (SPCRTRF-15177): PSS analysis doesn't support behavioral
\o           module components with hidden states found in component
\o           'modp_ahdl'.  Skipped.
\o ERROR (SPCRTRF-15177): PSS analysis
\o           doesn't support behavioral module components with hidden
\o           states found in component 'rpolyh_ahdl'.  Skipped.
\o Error
\o           found by spectre.
\o Error found by spectre.
\o ERROR
\o           (SPCRTRF-15024): The pac analysis was skipped because a PSS
\o           analysis must be run first.
\o 
\o 
\o 
\o 
\o 
\o *Info*    Client has finished evaluating ... 
\o 
\o 
\o *Info*    Run complete for Point ID (4 61) on testbench [
\o           VGA:VGA_1_tb:1 ].
\o 
\o 
\o 
\o 
\o 
\o 
\o 
\o 
\o 
\o 
\o *Info*    Run start for Point ID (4 9) on testbench [ VGA:VGA_1_tb:1
\o           ].
\o 
\o Resetting statistical vars
\o 
\o *Info*    Setting parameter values ...
\o 
\o 
\o *Info*    Netlist Directory =
\o           /home/davidevi/Desktop/myproject/Sim/VGA/VGA_1_tb/adexl/results/data/Interactive.94/9/VGA:VGA_1_tb:1/netlist
\o 
\o 
\o *Info*    Data Directory    =
\o           /home/davidevi/Desktop/myproject/Sim/VGA/VGA_1_tb/adexl/results/data/Interactive.94/9/VGA:VGA_1_tb:1
\o 
\o 
\o *Info*    Creating Netlist for Point ID (4 9)
\o 
\o generate netlist...
\o function ansCdlCompPrim redefined
\o function ansCdlCompPrim redefined
\o Begin Incremental Netlisting Apr 10 12:10:39 2026
\o End netlisting Apr 10 12:10:39 2026
\o 
\o 	The netlist is up to date.
\o 	Time taken to compare the design with netlist:   0.0s
\o       ...successful.
\o compose simulator input file...
\o       ...successful.
\o 
\o *Info*    Running simulation on testbench [ VGA:VGA_1_tb:1 ] for
\o           Point ID (4 9).
\o 
\o Delete psf data in /home/davidevi/Desktop/myproject/Sim/VGA/VGA_1_tb/adexl/results/data/Interactive.94/9/VGA:VGA_1_tb:1/psf.
\o compose simulator input file...
\o       ...successful.
\o start simulator if needed...
\o       ...successful.
\o simulate...
\o To view the simulator output, right-click on the test name, result 
\o name, or any value in the "Results" tab of the Outputs section and 
\o choose "Output Log" menu option.
\o WARNING (ADE-3080): Fast viewing extensions for PSF XL format (also known as RTSF) will be discontinued  
\o        and Virtuoso Visualization and Analysis XL will not use RTSF data to plot waveforms from IC6.1.8 ISR7 onward. 
\o        There will be no performance impact on data visualization due to this change.
\o INFO (ADE-3067): Errors encountered during simulation. For more information, right-click
\o         on a test name in the 'Results' tab of the Outputs pane and choose 'Output Log'
\o         to view the simulation run log.
\o reading simulation data...
\o       ...successful.
\o 
\o *Error*   Error ID  = 5011
\o *Error*   Error Msg = Simulator failed to complete the simulation.
\o 
\o           Error found by spectre during periodic steady state
\o           analysis `pss'.
\o Error found by spectre during periodic
\o           steady state analysis `pss'.
\o ERROR (SPCRTRF-15177): PSS
\o           analysis doesn't support behavioral module components with
\o           hidden states found in component 'cpoly_ahdl'. 
\o           Skipped.
\o ERROR (SPCRTRF-15177): PSS analysis doesn't
\o           support behavioral module components with hidden states
\o           found in component 'modn_ahdl'.  Skipped.
\o ERROR
\o           (SPCRTRF-15177): PSS analysis doesn't support behavioral
\o           module components with hidden states found in component
\o           'modp_ahdl'.  Skipped.
\o ERROR (SPCRTRF-15177): PSS analysis
\o           doesn't support behavioral module components with hidden
\o           states found in component 'rpolyh_ahdl'.  Skipped.
\o Error
\o           found by spectre.
\o Error found by spectre.
\o ERROR
\o           (SPCRTRF-15024): The pac analysis was skipped because a PSS
\o           analysis must be run first.
\o 
\o 
\o 
\o 
\o 
\o *Info*    Client has finished evaluating ... 
\o 
\o 
\o *Info*    Run complete for Point ID (4 9) on testbench [
\o           VGA:VGA_1_tb:1 ].
\o 
\o 
\o 
\o 
\o 
\o 
\o 
\o 
\o 
\o 
\o *Info*    Run start for Point ID (4 13) on testbench [ VGA:VGA_1_tb:1
\o           ].
\o 
\o Resetting statistical vars
\o 
\o *Info*    Setting parameter values ...
\o 
\o 
\o *Info*    Netlist Directory =
\o           /home/davidevi/Desktop/myproject/Sim/VGA/VGA_1_tb/adexl/results/data/Interactive.94/13/VGA:VGA_1_tb:1/netlist
\o 
\o 
\o *Info*    Data Directory    =
\o           /home/davidevi/Desktop/myproject/Sim/VGA/VGA_1_tb/adexl/results/data/Interactive.94/13/VGA:VGA_1_tb:1
\o 
\o 
\o *Info*    Creating Netlist for Point ID (4 13)
\o 
\o generate netlist...
\o function ansCdlCompPrim redefined
\o function ansCdlCompPrim redefined
\o Begin Incremental Netlisting Apr 10 12:10:43 2026
\o End netlisting Apr 10 12:10:43 2026
\o 
\o 	The netlist is up to date.
\o 	Time taken to compare the design with netlist:   0.0s
\o       ...successful.
\o compose simulator input file...
\o       ...successful.
\o 
\o *Info*    Running simulation on testbench [ VGA:VGA_1_tb:1 ] for
\o           Point ID (4 13).
\o 
\o Delete psf data in /home/davidevi/Desktop/myproject/Sim/VGA/VGA_1_tb/adexl/results/data/Interactive.94/13/VGA:VGA_1_tb:1/psf.
\o compose simulator input file...
\o       ...successful.
\o start simulator if needed...
\o       ...successful.
\o simulate...
\o To view the simulator output, right-click on the test name, result 
\o name, or any value in the "Results" tab of the Outputs section and 
\o choose "Output Log" menu option.
\o WARNING (ADE-3080): Fast viewing extensions for PSF XL format (also known as RTSF) will be discontinued  
\o        and Virtuoso Visualization and Analysis XL will not use RTSF data to plot waveforms from IC6.1.8 ISR7 onward. 
\o        There will be no performance impact on data visualization due to this change.
\o INFO (ADE-3067): Errors encountered during simulation. For more information, right-click
\o         on a test name in the 'Results' tab of the Outputs pane and choose 'Output Log'
\o         to view the simulation run log.
\o reading simulation data...
\o       ...successful.
\o 
\o *Error*   Error ID  = 5011
\o *Error*   Error Msg = Simulator failed to complete the simulation.
\o 
\o           Error found by spectre during periodic steady state
\o           analysis `pss'.
\o Error found by spectre during periodic
\o           steady state analysis `pss'.
\o ERROR (SPCRTRF-15177): PSS
\o           analysis doesn't support behavioral module components with
\o           hidden states found in component 'cpoly_ahdl'. 
\o           Skipped.
\o ERROR (SPCRTRF-15177): PSS analysis doesn't
\o           support behavioral module components with hidden states
\o           found in component 'modn_ahdl'.  Skipped.
\o ERROR
\o           (SPCRTRF-15177): PSS analysis doesn't support behavioral
\o           module components with hidden states found in component
\o           'modp_ahdl'.  Skipped.
\o ERROR (SPCRTRF-15177): PSS analysis
\o           doesn't support behavioral module components with hidden
\o           states found in component 'rpolyh_ahdl'.  Skipped.
\o Error
\o           found by spectre.
\o Error found by spectre.
\o ERROR
\o           (SPCRTRF-15024): The pac analysis was skipped because a PSS
\o           analysis must be run first.
\o 
\o 
\o 
\o 
\o 
\o *Info*    Client has finished evaluating ... 
\o 
\o 
\o *Info*    Run complete for Point ID (4 13) on testbench [
\o           VGA:VGA_1_tb:1 ].
\o 
\o 
\o 
\o 
\o 
\o 
\o 
\o 
\o 
\o 
\o *Info*    Run start for Point ID (4 17) on testbench [ VGA:VGA_1_tb:1
\o           ].
\o 
\o Resetting statistical vars
\o 
\o *Info*    Setting parameter values ...
\o 
\o 
\o *Info*    Netlist Directory =
\o           /home/davidevi/Desktop/myproject/Sim/VGA/VGA_1_tb/adexl/results/data/Interactive.94/17/VGA:VGA_1_tb:1/netlist
\o 
\o 
\o *Info*    Data Directory    =
\o           /home/davidevi/Desktop/myproject/Sim/VGA/VGA_1_tb/adexl/results/data/Interactive.94/17/VGA:VGA_1_tb:1
\o 
\o 
\o *Info*    Creating Netlist for Point ID (4 17)
\o 
\o generate netlist...
\o function ansCdlCompPrim redefined
\o function ansCdlCompPrim redefined
\o Begin Incremental Netlisting Apr 10 12:10:47 2026
\o End netlisting Apr 10 12:10:47 2026
\o 
\o 	The netlist is up to date.
\o 	Time taken to compare the design with netlist:   0.0s
\o       ...successful.
\o compose simulator input file...
\o       ...successful.
\o 
\o *Info*    Running simulation on testbench [ VGA:VGA_1_tb:1 ] for
\o           Point ID (4 17).
\o 
\o Delete psf data in /home/davidevi/Desktop/myproject/Sim/VGA/VGA_1_tb/adexl/results/data/Interactive.94/17/VGA:VGA_1_tb:1/psf.
\o compose simulator input file...
\o       ...successful.
\o start simulator if needed...
\o       ...successful.
\o simulate...
\o To view the simulator output, right-click on the test name, result 
\o name, or any value in the "Results" tab of the Outputs section and 
\o choose "Output Log" menu option.
\o WARNING (ADE-3080): Fast viewing extensions for PSF XL format (also known as RTSF) will be discontinued  
\o        and Virtuoso Visualization and Analysis XL will not use RTSF data to plot waveforms from IC6.1.8 ISR7 onward. 
\o        There will be no performance impact on data visualization due to this change.
\o INFO (ADE-3067): Errors encountered during simulation. For more information, right-click
\o         on a test name in the 'Results' tab of the Outputs pane and choose 'Output Log'
\o         to view the simulation run log.
\o reading simulation data...
\o       ...successful.
\o 
\o *Error*   Error ID  = 5011
\o *Error*   Error Msg = Simulator failed to complete the simulation.
\o 
\o           Error found by spectre during periodic steady state
\o           analysis `pss'.
\o Error found by spectre during periodic
\o           steady state analysis `pss'.
\o ERROR (SPCRTRF-15177): PSS
\o           analysis doesn't support behavioral module components with
\o           hidden states found in component 'cpoly_ahdl'. 
\o           Skipped.
\o ERROR (SPCRTRF-15177): PSS analysis doesn't
\o           support behavioral module components with hidden states
\o           found in component 'modn_ahdl'.  Skipped.
\o ERROR
\o           (SPCRTRF-15177): PSS analysis doesn't support behavioral
\o           module components with hidden states found in component
\o           'modp_ahdl'.  Skipped.
\o ERROR (SPCRTRF-15177): PSS analysis
\o           doesn't support behavioral module components with hidden
\o           states found in component 'rpolyh_ahdl'.  Skipped.
\o Error
\o           found by spectre.
\o Error found by spectre.
\o ERROR
\o           (SPCRTRF-15024): The pac analysis was skipped because a PSS
\o           analysis must be run first.
\o 
\o 
\o 
\o 
\o 
\o *Info*    Client has finished evaluating ... 
\o 
\o 
\o *Info*    Run complete for Point ID (4 17) on testbench [
\o           VGA:VGA_1_tb:1 ].
\o 
\o 
\o 
\o 
\o 
\o 
\o 
\o 
\o 
\o 
\o *Info*    Run start for Point ID (4 21) on testbench [ VGA:VGA_1_tb:1
\o           ].
\o 
\o Resetting statistical vars
\o 
\o *Info*    Setting parameter values ...
\o 
\o 
\o *Info*    Netlist Directory =
\o           /home/davidevi/Desktop/myproject/Sim/VGA/VGA_1_tb/adexl/results/data/Interactive.94/21/VGA:VGA_1_tb:1/netlist
\o 
\o 
\o *Info*    Data Directory    =
\o           /home/davidevi/Desktop/myproject/Sim/VGA/VGA_1_tb/adexl/results/data/Interactive.94/21/VGA:VGA_1_tb:1
\o 
\o 
\o *Info*    Creating Netlist for Point ID (4 21)
\o 
\o generate netlist...
\o function ansCdlCompPrim redefined
\o function ansCdlCompPrim redefined
\o Begin Incremental Netlisting Apr 10 12:10:51 2026
\o End netlisting Apr 10 12:10:52 2026
\o 
\o 	The netlist is up to date.
\o 	Time taken to compare the design with netlist:   1.0s
\o       ...successful.
\o compose simulator input file...
\o       ...successful.
\o 
\o *Info*    Running simulation on testbench [ VGA:VGA_1_tb:1 ] for
\o           Point ID (4 21).
\o 
\o Delete psf data in /home/davidevi/Desktop/myproject/Sim/VGA/VGA_1_tb/adexl/results/data/Interactive.94/21/VGA:VGA_1_tb:1/psf.
\o compose simulator input file...
\o       ...successful.
\o start simulator if needed...
\o       ...successful.
\o simulate...
\o To view the simulator output, right-click on the test name, result 
\o name, or any value in the "Results" tab of the Outputs section and 
\o choose "Output Log" menu option.
\o WARNING (ADE-3080): Fast viewing extensions for PSF XL format (also known as RTSF) will be discontinued  
\o        and Virtuoso Visualization and Analysis XL will not use RTSF data to plot waveforms from IC6.1.8 ISR7 onward. 
\o        There will be no performance impact on data visualization due to this change.
\o INFO (ADE-3067): Errors encountered during simulation. For more information, right-click
\o         on a test name in the 'Results' tab of the Outputs pane and choose 'Output Log'
\o         to view the simulation run log.
\o reading simulation data...
\o       ...successful.
\o 
\o *Error*   Error ID  = 5011
\o *Error*   Error Msg = Simulator failed to complete the simulation.
\o 
\o           Error found by spectre during periodic steady state
\o           analysis `pss'.
\o Error found by spectre during periodic
\o           steady state analysis `pss'.
\o ERROR (SPCRTRF-15177): PSS
\o           analysis doesn't support behavioral module components with
\o           hidden states found in component 'cpoly_ahdl'. 
\o           Skipped.
\o ERROR (SPCRTRF-15177): PSS analysis doesn't
\o           support behavioral module components with hidden states
\o           found in component 'modn_ahdl'.  Skipped.
\o ERROR
\o           (SPCRTRF-15177): PSS analysis doesn't support behavioral
\o           module components with hidden states found in component
\o           'modp_ahdl'.  Skipped.
\o ERROR (SPCRTRF-15177): PSS analysis
\o           doesn't support behavioral module components with hidden
\o           states found in component 'rpolyh_ahdl'.  Skipped.
\o Error
\o           found by spectre.
\o Error found by spectre.
\o ERROR
\o           (SPCRTRF-15024): The pac analysis was skipped because a PSS
\o           analysis must be run first.
\o 
\o 
\o 
\o 
\o 
\o *Info*    Client has finished evaluating ... 
\o 
\o 
\o *Info*    Run complete for Point ID (4 21) on testbench [
\o           VGA:VGA_1_tb:1 ].
\o 
\o 
\o 
\o 
\o 
\o 
\o 
\o 
\o 
\o 
\o *Info*    Run start for Point ID (4 25) on testbench [ VGA:VGA_1_tb:1
\o           ].
\o 
\o Resetting statistical vars
\o 
\o *Info*    Setting parameter values ...
\o 
\o Setting var temperature = "85"
\o Setting temp(T) = 85
\o 
\o *Info*    Netlist Directory =
\o           /home/davidevi/Desktop/myproject/Sim/VGA/VGA_1_tb/adexl/results/data/Interactive.94/25/VGA:VGA_1_tb:1/netlist
\o 
\o 
\o *Info*    Data Directory    =
\o           /home/davidevi/Desktop/myproject/Sim/VGA/VGA_1_tb/adexl/results/data/Interactive.94/25/VGA:VGA_1_tb:1
\o 
\o 
\o *Info*    Creating Netlist for Point ID (4 25)
\o 
\o generate netlist...
\o function ansCdlCompPrim redefined
\o function ansCdlCompPrim redefined
\o Begin Incremental Netlisting Apr 10 12:10:56 2026
\o End netlisting Apr 10 12:10:56 2026
\o 
\o 	The netlist is up to date.
\o 	Time taken to compare the design with netlist:   0.0s
\o       ...successful.
\o compose simulator input file...
\o       ...successful.
\o 
\o *Info*    Running simulation on testbench [ VGA:VGA_1_tb:1 ] for
\o           Point ID (4 25).
\o 
\o Delete psf data in /home/davidevi/Desktop/myproject/Sim/VGA/VGA_1_tb/adexl/results/data/Interactive.94/25/VGA:VGA_1_tb:1/psf.
\o compose simulator input file...
\o       ...successful.
\o start simulator if needed...
\o       ...successful.
\o simulate...
\o To view the simulator output, right-click on the test name, result 
\o name, or any value in the "Results" tab of the Outputs section and 
\o choose "Output Log" menu option.
\o WARNING (ADE-3080): Fast viewing extensions for PSF XL format (also known as RTSF) will be discontinued  
\o        and Virtuoso Visualization and Analysis XL will not use RTSF data to plot waveforms from IC6.1.8 ISR7 onward. 
\o        There will be no performance impact on data visualization due to this change.
\o INFO (ADE-3067): Errors encountered during simulation. For more information, right-click
\o         on a test name in the 'Results' tab of the Outputs pane and choose 'Output Log'
\o         to view the simulation run log.
\o reading simulation data...
\o       ...successful.
\o 
\o *Error*   Error ID  = 5011
\o *Error*   Error Msg = Simulator failed to complete the simulation.
\o 
\o           Error found by spectre during periodic steady state
\o           analysis `pss'.
\o Error found by spectre during periodic
\o           steady state analysis `pss'.
\o ERROR (SPCRTRF-15177): PSS
\o           analysis doesn't support behavioral module components with
\o           hidden states found in component 'cpoly_ahdl'. 
\o           Skipped.
\o ERROR (SPCRTRF-15177): PSS analysis doesn't
\o           support behavioral module components with hidden states
\o           found in component 'modn_ahdl'.  Skipped.
\o ERROR
\o           (SPCRTRF-15177): PSS analysis doesn't support behavioral
\o           module components with hidden states found in component
\o           'modp_ahdl'.  Skipped.
\o ERROR (SPCRTRF-15177): PSS analysis
\o           doesn't support behavioral module components with hidden
\o           states found in component 'rpolyh_ahdl'.  Skipped.
\o Error
\o           found by spectre.
\o Error found by spectre.
\o ERROR
\o           (SPCRTRF-15024): The pac analysis was skipped because a PSS
\o           analysis must be run first.
\o 
\o 
\o 
\o 
\o 
\o *Info*    Client has finished evaluating ... 
\o 
\o 
\o *Info*    Run complete for Point ID (4 25) on testbench [
\o           VGA:VGA_1_tb:1 ].
\o 
\o 
\o 
\o 
\o 
\o 
\o 
\o 
\o 
\o 
\o *Info*    Run start for Point ID (4 29) on testbench [ VGA:VGA_1_tb:1
\o           ].
\o 
\o Resetting statistical vars
\o 
\o *Info*    Setting parameter values ...
\o 
\o 
\o *Info*    Netlist Directory =
\o           /home/davidevi/Desktop/myproject/Sim/VGA/VGA_1_tb/adexl/results/data/Interactive.94/29/VGA:VGA_1_tb:1/netlist
\o 
\o 
\o *Info*    Data Directory    =
\o           /home/davidevi/Desktop/myproject/Sim/VGA/VGA_1_tb/adexl/results/data/Interactive.94/29/VGA:VGA_1_tb:1
\o 
\o 
\o *Info*    Creating Netlist for Point ID (4 29)
\o 
\o generate netlist...
\o function ansCdlCompPrim redefined
\o function ansCdlCompPrim redefined
\o Begin Incremental Netlisting Apr 10 12:11:00 2026
\o End netlisting Apr 10 12:11:00 2026
\o 
\o 	The netlist is up to date.
\o 	Time taken to compare the design with netlist:   0.0s
\o       ...successful.
\o compose simulator input file...
\o       ...successful.
\o 
\o *Info*    Running simulation on testbench [ VGA:VGA_1_tb:1 ] for
\o           Point ID (4 29).
\o 
\o Delete psf data in /home/davidevi/Desktop/myproject/Sim/VGA/VGA_1_tb/adexl/results/data/Interactive.94/29/VGA:VGA_1_tb:1/psf.
\o compose simulator input file...
\o       ...successful.
\o start simulator if needed...
\o       ...successful.
\o simulate...
\o To view the simulator output, right-click on the test name, result 
\o name, or any value in the "Results" tab of the Outputs section and 
\o choose "Output Log" menu option.
\o WARNING (ADE-3080): Fast viewing extensions for PSF XL format (also known as RTSF) will be discontinued  
\o        and Virtuoso Visualization and Analysis XL will not use RTSF data to plot waveforms from IC6.1.8 ISR7 onward. 
\o        There will be no performance impact on data visualization due to this change.
\o INFO (ADE-3067): Errors encountered during simulation. For more information, right-click
\o         on a test name in the 'Results' tab of the Outputs pane and choose 'Output Log'
\o         to view the simulation run log.
\o reading simulation data...
\o       ...successful.
\o 
\o *Error*   Error ID  = 5011
\o *Error*   Error Msg = Simulator failed to complete the simulation.
\o 
\o           Error found by spectre during periodic steady state
\o           analysis `pss'.
\o Error found by spectre during periodic
\o           steady state analysis `pss'.
\o ERROR (SPCRTRF-15177): PSS
\o           analysis doesn't support behavioral module components with
\o           hidden states found in component 'cpoly_ahdl'. 
\o           Skipped.
\o ERROR (SPCRTRF-15177): PSS analysis doesn't
\o           support behavioral module components with hidden states
\o           found in component 'modn_ahdl'.  Skipped.
\o ERROR
\o           (SPCRTRF-15177): PSS analysis doesn't support behavioral
\o           module components with hidden states found in component
\o           'modp_ahdl'.  Skipped.
\o ERROR (SPCRTRF-15177): PSS analysis
\o           doesn't support behavioral module components with hidden
\o           states found in component 'rpolyh_ahdl'.  Skipped.
\o Error
\o           found by spectre.
\o Error found by spectre.
\o ERROR
\o           (SPCRTRF-15024): The pac analysis was skipped because a PSS
\o           analysis must be run first.
\o 
\o 
\o 
\o 
\o 
\o *Info*    Client has finished evaluating ... 
\o 
\o 
\o *Info*    Run complete for Point ID (4 29) on testbench [
\o           VGA:VGA_1_tb:1 ].
\o 
\o 
\o 
\o 
\o 
\o 
\o 
\o 
\o 
\o 
\o *Info*    Run start for Point ID (4 33) on testbench [ VGA:VGA_1_tb:1
\o           ].
\o 
\o Resetting statistical vars
\o 
\o *Info*    Setting parameter values ...
\o 
\o 
\o *Info*    Netlist Directory =
\o           /home/davidevi/Desktop/myproject/Sim/VGA/VGA_1_tb/adexl/results/data/Interactive.94/33/VGA:VGA_1_tb:1/netlist
\o 
\o 
\o *Info*    Data Directory    =
\o           /home/davidevi/Desktop/myproject/Sim/VGA/VGA_1_tb/adexl/results/data/Interactive.94/33/VGA:VGA_1_tb:1
\o 
\o 
\o *Info*    Creating Netlist for Point ID (4 33)
\o 
\o generate netlist...
\o function ansCdlCompPrim redefined
\o function ansCdlCompPrim redefined
\o Begin Incremental Netlisting Apr 10 12:11:04 2026
\o End netlisting Apr 10 12:11:04 2026
\o 
\o 	The netlist is up to date.
\o 	Time taken to compare the design with netlist:   0.0s
\o       ...successful.
\o compose simulator input file...
\o       ...successful.
\o 
\o *Info*    Running simulation on testbench [ VGA:VGA_1_tb:1 ] for
\o           Point ID (4 33).
\o 
\o Delete psf data in /home/davidevi/Desktop/myproject/Sim/VGA/VGA_1_tb/adexl/results/data/Interactive.94/33/VGA:VGA_1_tb:1/psf.
\o compose simulator input file...
\o       ...successful.
\o start simulator if needed...
\o       ...successful.
\o simulate...
\o To view the simulator output, right-click on the test name, result 
\o name, or any value in the "Results" tab of the Outputs section and 
\o choose "Output Log" menu option.
\o WARNING (ADE-3080): Fast viewing extensions for PSF XL format (also known as RTSF) will be discontinued  
\o        and Virtuoso Visualization and Analysis XL will not use RTSF data to plot waveforms from IC6.1.8 ISR7 onward. 
\o        There will be no performance impact on data visualization due to this change.
\o INFO (ADE-3067): Errors encountered during simulation. For more information, right-click
\o         on a test name in the 'Results' tab of the Outputs pane and choose 'Output Log'
\o         to view the simulation run log.
\o reading simulation data...
\o       ...successful.
\o 
\o *Error*   Error ID  = 5011
\o *Error*   Error Msg = Simulator failed to complete the simulation.
\o 
\o           Error found by spectre during periodic steady state
\o           analysis `pss'.
\o Error found by spectre during periodic
\o           steady state analysis `pss'.
\o ERROR (SPCRTRF-15177): PSS
\o           analysis doesn't support behavioral module components with
\o           hidden states found in component 'cpoly_ahdl'. 
\o           Skipped.
\o ERROR (SPCRTRF-15177): PSS analysis doesn't
\o           support behavioral module components with hidden states
\o           found in component 'modn_ahdl'.  Skipped.
\o ERROR
\o           (SPCRTRF-15177): PSS analysis doesn't support behavioral
\o           module components with hidden states found in component
\o           'modp_ahdl'.  Skipped.
\o ERROR (SPCRTRF-15177): PSS analysis
\o           doesn't support behavioral module components with hidden
\o           states found in component 'rpolyh_ahdl'.  Skipped.
\o Error
\o           found by spectre.
\o Error found by spectre.
\o ERROR
\o           (SPCRTRF-15024): The pac analysis was skipped because a PSS
\o           analysis must be run first.
\o 
\o 
\o 
\o 
\o 
\o *Info*    Client has finished evaluating ... 
\o 
\o 
\o *Info*    Run complete for Point ID (4 33) on testbench [
\o           VGA:VGA_1_tb:1 ].
\o 
\o 
\o 
\o 
\o 
\o 
\o 
\o 
\o 
\o 
\o *Info*    Run start for Point ID (4 37) on testbench [ VGA:VGA_1_tb:1
\o           ].
\o 
\o Resetting statistical vars
\o 
\o *Info*    Setting parameter values ...
\o 
\o 
\o *Info*    Netlist Directory =
\o           /home/davidevi/Desktop/myproject/Sim/VGA/VGA_1_tb/adexl/results/data/Interactive.94/37/VGA:VGA_1_tb:1/netlist
\o 
\o 
\o *Info*    Data Directory    =
\o           /home/davidevi/Desktop/myproject/Sim/VGA/VGA_1_tb/adexl/results/data/Interactive.94/37/VGA:VGA_1_tb:1
\o 
\o 
\o *Info*    Creating Netlist for Point ID (4 37)
\o 
\o generate netlist...
\o function ansCdlCompPrim redefined
\o function ansCdlCompPrim redefined
\o Begin Incremental Netlisting Apr 10 12:11:08 2026
\o End netlisting Apr 10 12:11:09 2026
\o 
\o 	The netlist is up to date.
\o 	Time taken to compare the design with netlist:   1.0s
\o       ...successful.
\o compose simulator input file...
\o       ...successful.
\o 
\o *Info*    Running simulation on testbench [ VGA:VGA_1_tb:1 ] for
\o           Point ID (4 37).
\o 
\o Delete psf data in /home/davidevi/Desktop/myproject/Sim/VGA/VGA_1_tb/adexl/results/data/Interactive.94/37/VGA:VGA_1_tb:1/psf.
\o compose simulator input file...
\o       ...successful.
\o start simulator if needed...
\o       ...successful.
\o simulate...
\o To view the simulator output, right-click on the test name, result 
\o name, or any value in the "Results" tab of the Outputs section and 
\o choose "Output Log" menu option.
\o WARNING (ADE-3080): Fast viewing extensions for PSF XL format (also known as RTSF) will be discontinued  
\o        and Virtuoso Visualization and Analysis XL will not use RTSF data to plot waveforms from IC6.1.8 ISR7 onward. 
\o        There will be no performance impact on data visualization due to this change.
\o INFO (ADE-3067): Errors encountered during simulation. For more information, right-click
\o         on a test name in the 'Results' tab of the Outputs pane and choose 'Output Log'
\o         to view the simulation run log.
\o reading simulation data...
\o       ...successful.
\o 
\o *Error*   Error ID  = 5011
\o *Error*   Error Msg = Simulator failed to complete the simulation.
\o 
\o           Error found by spectre during periodic steady state
\o           analysis `pss'.
\o Error found by spectre during periodic
\o           steady state analysis `pss'.
\o ERROR (SPCRTRF-15177): PSS
\o           analysis doesn't support behavioral module components with
\o           hidden states found in component 'cpoly_ahdl'. 
\o           Skipped.
\o ERROR (SPCRTRF-15177): PSS analysis doesn't
\o           support behavioral module components with hidden states
\o           found in component 'modn_ahdl'.  Skipped.
\o ERROR
\o           (SPCRTRF-15177): PSS analysis doesn't support behavioral
\o           module components with hidden states found in component
\o           'modp_ahdl'.  Skipped.
\o ERROR (SPCRTRF-15177): PSS analysis
\o           doesn't support behavioral module components with hidden
\o           states found in component 'rpolyh_ahdl'.  Skipped.
\o Error
\o           found by spectre.
\o Error found by spectre.
\o ERROR
\o           (SPCRTRF-15024): The pac analysis was skipped because a PSS
\o           analysis must be run first.
\o 
\o 
\o 
\o 
\o 
\o *Info*    Client has finished evaluating ... 
\o 
\o 
\o *Info*    Run complete for Point ID (4 37) on testbench [
\o           VGA:VGA_1_tb:1 ].
\o 
\o 
\o 
\o 
\o 
\o 
\o 
\o 
\o 
\o 
\o *Info*    Run start for Point ID (4 41) on testbench [ VGA:VGA_1_tb:1
\o           ].
\o 
\o Resetting statistical vars
\o 
\o *Info*    Setting parameter values ...
\o 
\o 
\o *Info*    Netlist Directory =
\o           /home/davidevi/Desktop/myproject/Sim/VGA/VGA_1_tb/adexl/results/data/Interactive.94/41/VGA:VGA_1_tb:1/netlist
\o 
\o 
\o *Info*    Data Directory    =
\o           /home/davidevi/Desktop/myproject/Sim/VGA/VGA_1_tb/adexl/results/data/Interactive.94/41/VGA:VGA_1_tb:1
\o 
\o 
\o *Info*    Creating Netlist for Point ID (4 41)
\o 
\o generate netlist...
\o function ansCdlCompPrim redefined
\o function ansCdlCompPrim redefined
\o Begin Incremental Netlisting Apr 10 12:11:13 2026
\o End netlisting Apr 10 12:11:13 2026
\o 
\o 	The netlist is up to date.
\o 	Time taken to compare the design with netlist:   0.0s
\o       ...successful.
\o compose simulator input file...
\o       ...successful.
\o 
\o *Info*    Running simulation on testbench [ VGA:VGA_1_tb:1 ] for
\o           Point ID (4 41).
\o 
\o Delete psf data in /home/davidevi/Desktop/myproject/Sim/VGA/VGA_1_tb/adexl/results/data/Interactive.94/41/VGA:VGA_1_tb:1/psf.
\o compose simulator input file...
\o       ...successful.
\o start simulator if needed...
\o       ...successful.
\o simulate...
\o To view the simulator output, right-click on the test name, result 
\o name, or any value in the "Results" tab of the Outputs section and 
\o choose "Output Log" menu option.
\o WARNING (ADE-3080): Fast viewing extensions for PSF XL format (also known as RTSF) will be discontinued  
\o        and Virtuoso Visualization and Analysis XL will not use RTSF data to plot waveforms from IC6.1.8 ISR7 onward. 
\o        There will be no performance impact on data visualization due to this change.
\o INFO (ADE-3067): Errors encountered during simulation. For more information, right-click
\o         on a test name in the 'Results' tab of the Outputs pane and choose 'Output Log'
\o         to view the simulation run log.
\o reading simulation data...
\o       ...successful.
\o 
\o *Error*   Error ID  = 5011
\o *Error*   Error Msg = Simulator failed to complete the simulation.
\o 
\o           Error found by spectre during periodic steady state
\o           analysis `pss'.
\o Error found by spectre during periodic
\o           steady state analysis `pss'.
\o ERROR (SPCRTRF-15177): PSS
\o           analysis doesn't support behavioral module components with
\o           hidden states found in component 'cpoly_ahdl'. 
\o           Skipped.
\o ERROR (SPCRTRF-15177): PSS analysis doesn't
\o           support behavioral module components with hidden states
\o           found in component 'modn_ahdl'.  Skipped.
\o ERROR
\o           (SPCRTRF-15177): PSS analysis doesn't support behavioral
\o           module components with hidden states found in component
\o           'modp_ahdl'.  Skipped.
\o ERROR (SPCRTRF-15177): PSS analysis
\o           doesn't support behavioral module components with hidden
\o           states found in component 'rpolyh_ahdl'.  Skipped.
\o Error
\o           found by spectre.
\o Error found by spectre.
\o ERROR
\o           (SPCRTRF-15024): The pac analysis was skipped because a PSS
\o           analysis must be run first.
\o 
\o 
\o 
\o 
\o 
\o *Info*    Client has finished evaluating ... 
\o 
\o 
\o *Info*    Run complete for Point ID (4 41) on testbench [
\o           VGA:VGA_1_tb:1 ].
\o 
\o 
\o 
\o 
\o 
\o 
\o 
\o 
\o 
\o 
\o *Info*    Run start for Point ID (4 46) on testbench [ VGA:VGA_1_tb:1
\o           ].
\o 
\o Resetting statistical vars
\o 
\o *Info*    Setting parameter values ...
\o 
\o Setting var VDD = "2.97"
\o Setting var temperature = "-40"
\o Setting temp(T) = -40
\o 
\o *Info*    Netlist Directory =
\o           /home/davidevi/Desktop/myproject/Sim/VGA/VGA_1_tb/adexl/results/data/Interactive.94/46/VGA:VGA_1_tb:1/netlist
\o 
\o 
\o *Info*    Data Directory    =
\o           /home/davidevi/Desktop/myproject/Sim/VGA/VGA_1_tb/adexl/results/data/Interactive.94/46/VGA:VGA_1_tb:1
\o 
\o 
\o *Info*    Creating Netlist for Point ID (4 46)
\o 
\o generate netlist...
\o function ansCdlCompPrim redefined
\o function ansCdlCompPrim redefined
\o Begin Incremental Netlisting Apr 10 12:11:17 2026
\o End netlisting Apr 10 12:11:17 2026
\o 
\o 	The netlist is up to date.
\o 	Time taken to compare the design with netlist:   0.0s
\o       ...successful.
\o compose simulator input file...
\o       ...successful.
\o 
\o *Info*    Running simulation on testbench [ VGA:VGA_1_tb:1 ] for
\o           Point ID (4 46).
\o 
\o Delete psf data in /home/davidevi/Desktop/myproject/Sim/VGA/VGA_1_tb/adexl/results/data/Interactive.94/46/VGA:VGA_1_tb:1/psf.
\o compose simulator input file...
\o       ...successful.
\o start simulator if needed...
\o       ...successful.
\o simulate...
\o To view the simulator output, right-click on the test name, result 
\o name, or any value in the "Results" tab of the Outputs section and 
\o choose "Output Log" menu option.
\o WARNING (ADE-3080): Fast viewing extensions for PSF XL format (also known as RTSF) will be discontinued  
\o        and Virtuoso Visualization and Analysis XL will not use RTSF data to plot waveforms from IC6.1.8 ISR7 onward. 
\o        There will be no performance impact on data visualization due to this change.
\o INFO (ADE-3067): Errors encountered during simulation. For more information, right-click
\o         on a test name in the 'Results' tab of the Outputs pane and choose 'Output Log'
\o         to view the simulation run log.
\o reading simulation data...
\o       ...successful.
\o 
\o *Error*   Error ID  = 5011
\o *Error*   Error Msg = Simulator failed to complete the simulation.
\o 
\o           Error found by spectre during periodic steady state
\o           analysis `pss'.
\o Error found by spectre during periodic
\o           steady state analysis `pss'.
\o ERROR (SPCRTRF-15177): PSS
\o           analysis doesn't support behavioral module components with
\o           hidden states found in component 'cpoly_ahdl'. 
\o           Skipped.
\o ERROR (SPCRTRF-15177): PSS analysis doesn't
\o           support behavioral module components with hidden states
\o           found in component 'modn_ahdl'.  Skipped.
\o ERROR
\o           (SPCRTRF-15177): PSS analysis doesn't support behavioral
\o           module components with hidden states found in component
\o           'modp_ahdl'.  Skipped.
\o ERROR (SPCRTRF-15177): PSS analysis
\o           doesn't support behavioral module components with hidden
\o           states found in component 'rpolyh_ahdl'.  Skipped.
\o Error
\o           found by spectre.
\o Error found by spectre.
\o ERROR
\o           (SPCRTRF-15024): The pac analysis was skipped because a PSS
\o           analysis must be run first.
\o 
\o 
\o 
\o 
\o 
\o *Info*    Client has finished evaluating ... 
\o 
\o 
\o *Info*    Run complete for Point ID (4 46) on testbench [
\o           VGA:VGA_1_tb:1 ].
\o 
\o 
\o 
\o 
\o 
\o 
\o 
\o 
\o 
\o 
\o *Info*    Run start for Point ID (4 50) on testbench [ VGA:VGA_1_tb:1
\o           ].
\o 
\o Resetting statistical vars
\o 
\o *Info*    Setting parameter values ...
\o 
\o 
\o *Info*    Netlist Directory =
\o           /home/davidevi/Desktop/myproject/Sim/VGA/VGA_1_tb/adexl/results/data/Interactive.94/50/VGA:VGA_1_tb:1/netlist
\o 
\o 
\o *Info*    Data Directory    =
\o           /home/davidevi/Desktop/myproject/Sim/VGA/VGA_1_tb/adexl/results/data/Interactive.94/50/VGA:VGA_1_tb:1
\o 
\o 
\o *Info*    Creating Netlist for Point ID (4 50)
\o 
\o generate netlist...
\o function ansCdlCompPrim redefined
\o function ansCdlCompPrim redefined
\o Begin Incremental Netlisting Apr 10 12:11:21 2026
\o End netlisting Apr 10 12:11:21 2026
\o 
\o 	The netlist is up to date.
\o 	Time taken to compare the design with netlist:   0.0s
\o       ...successful.
\o compose simulator input file...
\o       ...successful.
\o 
\o *Info*    Running simulation on testbench [ VGA:VGA_1_tb:1 ] for
\o           Point ID (4 50).
\o 
\o Delete psf data in /home/davidevi/Desktop/myproject/Sim/VGA/VGA_1_tb/adexl/results/data/Interactive.94/50/VGA:VGA_1_tb:1/psf.
\o compose simulator input file...
\o       ...successful.
\o start simulator if needed...
\o       ...successful.
\o simulate...
\o To view the simulator output, right-click on the test name, result 
\o name, or any value in the "Results" tab of the Outputs section and 
\o choose "Output Log" menu option.
\o WARNING (ADE-3080): Fast viewing extensions for PSF XL format (also known as RTSF) will be discontinued  
\o        and Virtuoso Visualization and Analysis XL will not use RTSF data to plot waveforms from IC6.1.8 ISR7 onward. 
\o        There will be no performance impact on data visualization due to this change.
\o INFO (ADE-3067): Errors encountered during simulation. For more information, right-click
\o         on a test name in the 'Results' tab of the Outputs pane and choose 'Output Log'
\o         to view the simulation run log.
\o reading simulation data...
\o       ...successful.
\o 
\o *Error*   Error ID  = 5011
\o *Error*   Error Msg = Simulator failed to complete the simulation.
\o 
\o           Error found by spectre during periodic steady state
\o           analysis `pss'.
\o Error found by spectre during periodic
\o           steady state analysis `pss'.
\o ERROR (SPCRTRF-15177): PSS
\o           analysis doesn't support behavioral module components with
\o           hidden states found in component 'cpoly_ahdl'. 
\o           Skipped.
\o ERROR (SPCRTRF-15177): PSS analysis doesn't
\o           support behavioral module components with hidden states
\o           found in component 'modn_ahdl'.  Skipped.
\o ERROR
\o           (SPCRTRF-15177): PSS analysis doesn't support behavioral
\o           module components with hidden states found in component
\o           'modp_ahdl'.  Skipped.
\o ERROR (SPCRTRF-15177): PSS analysis
\o           doesn't support behavioral module components with hidden
\o           states found in component 'rpolyh_ahdl'.  Skipped.
\o Error
\o           found by spectre.
\o Error found by spectre.
\o ERROR
\o           (SPCRTRF-15024): The pac analysis was skipped because a PSS
\o           analysis must be run first.
\o 
\o 
\o 
\o 
\o 
\o *Info*    Client has finished evaluating ... 
\o 
\o 
\o *Info*    Run complete for Point ID (4 50) on testbench [
\o           VGA:VGA_1_tb:1 ].
\o 
\o 
\o 
\o 
\o 
\o Simulation design variables differ from those on the cellView,
\o they have been saved in the file "/tmp/saved-design-variables".
\o To save future changes, copy variables to cellView before exiting.
\# Lic Summary:
\# [12:16:31.021088] Cdslmd servers:3000@lic08.ug.kth.se:29000@lic06.ug.kth.se
\# [12:16:31.021106] Feature usage summary:
\# Memory report: on exit            536 MB, process size 2,343 MB at UTC 2026.04.10 12:16:31.545
\# Memory report: peak usage         536 MB, process size 2,345 MB
