[Simulation Monitor: 481]
[2026-04-16 09:31:28.983 Z] [PROCESS] [cadence.virtuoso.ade.simulationMonitor] - Simulation Monitor has successfully started up. Trying to set up communication channels to other components ... {"hostname": "il2244vt26_davidevi", "processid": 1062233, "logfile": "/home/davidevi/Desktop/myproject/logs_davidevi/logs0/Job481.log"}
[2026-04-16 09:31:28.984 Z] [PROCESS] [cadence.virtuoso.ade.simulationMonitor] - Communication channels have been successfully set up. Start processing events ... {"hostname": "il2244vt26_davidevi", "processid": 1062233, "logfile": "/home/davidevi/Desktop/myproject/logs_davidevi/logs0/Job481.log"}
[2026-04-16 09:31:29.987 Z] [PROCESS] [cadence.virtuoso.ade.simulationMonitor] - Stay with the runId '10', Linger time '300', currentRunSyn '44', currentTestSyn '37' {"hostname": "il2244vt26_davidevi", "processid": 1062233, "logfile": "/home/davidevi/Desktop/myproject/logs_davidevi/logs0/Job481.log"}
[2026-04-16 09:31:30.987 Z] [PROCESS] [cadence.virtuoso.ade.simulationMonitor] - Stay with the runId '10', Linger time '300', currentRunSyn '44', currentTestSyn '37' {"hostname": "il2244vt26_davidevi", "processid": 1062233, "logfile": "/home/davidevi/Desktop/myproject/logs_davidevi/logs0/Job481.log"}
[2026-04-16 09:31:31.987 Z] [PROCESS] [cadence.virtuoso.ade.simulationMonitor] - Stay with the runId '10', Linger time '300', currentRunSyn '44', currentTestSyn '37' {"hostname": "il2244vt26_davidevi", "processid": 1062233, "logfile": "/home/davidevi/Desktop/myproject/logs_davidevi/logs0/Job481.log"}
[2026-04-16 09:31:32.988 Z] [PROCESS] [cadence.virtuoso.ade.simulationMonitor] - Stay with the runId '10', Linger time '300', currentRunSyn '44', currentTestSyn '37' {"hostname": "il2244vt26_davidevi", "processid": 1062233, "logfile": "/home/davidevi/Desktop/myproject/logs_davidevi/logs0/Job481.log"}
[2026-04-16 09:31:33.988 Z] [PROCESS] [cadence.virtuoso.ade.simulationMonitor] - Stay with the runId '10', Linger time '300', currentRunSyn '44', currentTestSyn '37' {"hostname": "il2244vt26_davidevi", "processid": 1062233, "logfile": "/home/davidevi/Desktop/myproject/logs_davidevi/logs0/Job481.log"}
[2026-04-16 09:31:34.989 Z] [PROCESS] [cadence.virtuoso.ade.simulationMonitor] - Stay with the runId '10', Linger time '300', currentRunSyn '44', currentTestSyn '37' {"hostname": "il2244vt26_davidevi", "processid": 1062233, "logfile": "/home/davidevi/Desktop/myproject/logs_davidevi/logs0/Job481.log"}
[2026-04-16 09:31:35.989 Z] [PROCESS] [cadence.virtuoso.ade.simulationMonitor] - Stay with the runId '10', Linger time '300', currentRunSyn '44', currentTestSyn '37' {"hostname": "il2244vt26_davidevi", "processid": 1062233, "logfile": "/home/davidevi/Desktop/myproject/logs_davidevi/logs0/Job481.log"}
[2026-04-16 09:31:36.989 Z] [PROCESS] [cadence.virtuoso.ade.simulationMonitor] - Stay with the runId '10', Linger time '300', currentRunSyn '44', currentTestSyn '37' {"hostname": "il2244vt26_davidevi", "processid": 1062233, "logfile": "/home/davidevi/Desktop/myproject/logs_davidevi/logs0/Job481.log"}
[2026-04-16 09:31:37.989 Z] [PROCESS] [cadence.virtuoso.ade.simulationMonitor] - Stay with the runId '10', Linger time '300', currentRunSyn '44', currentTestSyn '37' {"hostname": "il2244vt26_davidevi", "processid": 1062233, "logfile": "/home/davidevi/Desktop/myproject/logs_davidevi/logs0/Job481.log"}
[2026-04-16 09:31:38.991 Z] [PROCESS] [cadence.virtuoso.ade.simulationMonitor] - Stay with the runId '10', Linger time '300', currentRunSyn '44', currentTestSyn '37' {"hostname": "il2244vt26_davidevi", "processid": 1062233, "logfile": "/home/davidevi/Desktop/myproject/logs_davidevi/logs0/Job481.log"}
[2026-04-16 09:31:39.991 Z] [PROCESS] [cadence.virtuoso.ade.simulationMonitor] - Stay with the runId '10', Linger time '300', currentRunSyn '44', currentTestSyn '37' {"hostname": "il2244vt26_davidevi", "processid": 1062233, "logfile": "/home/davidevi/Desktop/myproject/logs_davidevi/logs0/Job481.log"}
[2026-04-16 09:31:40.992 Z] [PROCESS] [cadence.virtuoso.ade.simulationMonitor] - Stay with the runId '10', Linger time '300', currentRunSyn '44', currentTestSyn '37' {"hostname": "il2244vt26_davidevi", "processid": 1062233, "logfile": "/home/davidevi/Desktop/myproject/logs_davidevi/logs0/Job481.log"}
[2026-04-16 09:31:41.993 Z] [PROCESS] [cadence.virtuoso.ade.simulationMonitor] - Stay with the runId '10', Linger time '300', currentRunSyn '44', currentTestSyn '37' {"hostname": "il2244vt26_davidevi", "processid": 1062233, "logfile": "/home/davidevi/Desktop/myproject/logs_davidevi/logs0/Job481.log"}
[2026-04-16 09:31:42.993 Z] [PROCESS] [cadence.virtuoso.ade.simulationMonitor] - Stay with the runId '10', Linger time '300', currentRunSyn '44', currentTestSyn '37' {"hostname": "il2244vt26_davidevi", "processid": 1062233, "logfile": "/home/davidevi/Desktop/myproject/logs_davidevi/logs0/Job481.log"}
[2026-04-16 09:31:43.994 Z] [PROCESS] [cadence.virtuoso.ade.simulationMonitor] - Stay with the runId '10', Linger time '300', currentRunSyn '44', currentTestSyn '37' {"hostname": "il2244vt26_davidevi", "processid": 1062233, "logfile": "/home/davidevi/Desktop/myproject/logs_davidevi/logs0/Job481.log"}
[2026-04-16 09:31:45.995 Z] [PROCESS] [cadence.virtuoso.ade.simulationMonitor] - Stay with the runId '10', Linger time '300', currentRunSyn '45', currentTestSyn '38' {"hostname": "il2244vt26_davidevi", "processid": 1062233, "logfile": "/home/davidevi/Desktop/myproject/logs_davidevi/logs0/Job481.log"}
[2026-04-16 09:31:46.997 Z] [PROCESS] [cadence.virtuoso.ade.simulationMonitor] - Stay with the runId '10', Linger time '300', currentRunSyn '45', currentTestSyn '38' {"hostname": "il2244vt26_davidevi", "processid": 1062233, "logfile": "/home/davidevi/Desktop/myproject/logs_davidevi/logs0/Job481.log"}
[2026-04-16 09:31:47.998 Z] [PROCESS] [cadence.virtuoso.ade.simulationMonitor] - Stay with the runId '10', Linger time '300', currentRunSyn '45', currentTestSyn '38' {"hostname": "il2244vt26_davidevi", "processid": 1062233, "logfile": "/home/davidevi/Desktop/myproject/logs_davidevi/logs0/Job481.log"}
[2026-04-16 09:31:48.999 Z] [PROCESS] [cadence.virtuoso.ade.simulationMonitor] - Stay with the runId '10', Linger time '300', currentRunSyn '45', currentTestSyn '38' {"hostname": "il2244vt26_davidevi", "processid": 1062233, "logfile": "/home/davidevi/Desktop/myproject/logs_davidevi/logs0/Job481.log"}
[2026-04-16 09:31:49.999 Z] [PROCESS] [cadence.virtuoso.ade.simulationMonitor] - Stay with the runId '10', Linger time '300', currentRunSyn '45', currentTestSyn '38' {"hostname": "il2244vt26_davidevi", "processid": 1062233, "logfile": "/home/davidevi/Desktop/myproject/logs_davidevi/logs0/Job481.log"}
[2026-04-16 09:31:51.000 Z] [PROCESS] [cadence.virtuoso.ade.simulationMonitor] - Stay with the runId '10', Linger time '300', currentRunSyn '45', currentTestSyn '38' {"hostname": "il2244vt26_davidevi", "processid": 1062233, "logfile": "/home/davidevi/Desktop/myproject/logs_davidevi/logs0/Job481.log"}
[2026-04-16 09:31:52.001 Z] [PROCESS] [cadence.virtuoso.ade.simulationMonitor] - Stay with the runId '10', Linger time '300', currentRunSyn '45', currentTestSyn '38' {"hostname": "il2244vt26_davidevi", "processid": 1062233, "logfile": "/home/davidevi/Desktop/myproject/logs_davidevi/logs0/Job481.log"}
[2026-04-16 09:31:53.002 Z] [PROCESS] [cadence.virtuoso.ade.simulationMonitor] - Stay with the runId '10', Linger time '300', currentRunSyn '45', currentTestSyn '38' {"hostname": "il2244vt26_davidevi", "processid": 1062233, "logfile": "/home/davidevi/Desktop/myproject/logs_davidevi/logs0/Job481.log"}
[2026-04-16 09:31:54.002 Z] [PROCESS] [cadence.virtuoso.ade.simulationMonitor] - Stay with the runId '10', Linger time '300', currentRunSyn '45', currentTestSyn '38' {"hostname": "il2244vt26_davidevi", "processid": 1062233, "logfile": "/home/davidevi/Desktop/myproject/logs_davidevi/logs0/Job481.log"}
[2026-04-16 09:31:55.004 Z] [PROCESS] [cadence.virtuoso.ade.simulationMonitor] - Stay with the runId '10', Linger time '300', currentRunSyn '45', currentTestSyn '38' {"hostname": "il2244vt26_davidevi", "processid": 1062233, "logfile": "/home/davidevi/Desktop/myproject/logs_davidevi/logs0/Job481.log"}
[2026-04-16 09:31:56.005 Z] [PROCESS] [cadence.virtuoso.ade.simulationMonitor] - Stay with the runId '10', Linger time '300', currentRunSyn '45', currentTestSyn '38' {"hostname": "il2244vt26_davidevi", "processid": 1062233, "logfile": "/home/davidevi/Desktop/myproject/logs_davidevi/logs0/Job481.log"}
[2026-04-16 09:31:57.010 Z] [PROCESS] [cadence.virtuoso.ade.simulationMonitor] - Padding test token found for runId '10', Linger time '300', currentRunSyn '45', currentTestSyn '38' {"hostname": "il2244vt26_davidevi", "processid": 1062233, "logfile": "/home/davidevi/Desktop/myproject/logs_davidevi/logs0/Job481.log"}
[2026-04-16 09:31:57.029 Z] [PROCESS] [cadence.virtuoso.ade.simulationMonitor] - Padding test token found for runId '10', Linger time '300', currentRunSyn '45', currentTestSyn '38' {"hostname": "il2244vt26_davidevi", "processid": 1062233, "logfile": "/home/davidevi/Desktop/myproject/logs_davidevi/logs0/Job481.log"}
[2026-04-16 09:31:57.115 Z] [PROCESS] [cadence.virtuoso.ade.simulationMonitor] - Stay with the runId '10', Linger time '300', currentRunSyn '45', currentTestSyn '38' {"hostname": "il2244vt26_davidevi", "processid": 1062233, "logfile": "/home/davidevi/Desktop/myproject/logs_davidevi/logs0/Job481.log"}
[2026-04-16 09:31:58.117 Z] [PROCESS] [cadence.virtuoso.ade.simulationMonitor] - Stay with the runId '10', Linger time '300', currentRunSyn '45', currentTestSyn '38' {"hostname": "il2244vt26_davidevi", "processid": 1062233, "logfile": "/home/davidevi/Desktop/myproject/logs_davidevi/logs0/Job481.log"}
[2026-04-16 09:31:59.119 Z] [PROCESS] [cadence.virtuoso.ade.simulationMonitor] - Stay with the runId '10', Linger time '300', currentRunSyn '45', currentTestSyn '38' {"hostname": "il2244vt26_davidevi", "processid": 1062233, "logfile": "/home/davidevi/Desktop/myproject/logs_davidevi/logs0/Job481.log"}
[2026-04-16 09:32:00.120 Z] [PROCESS] [cadence.virtuoso.ade.simulationMonitor] - Stay with the runId '10', Linger time '300', currentRunSyn '45', currentTestSyn '38' {"hostname": "il2244vt26_davidevi", "processid": 1062233, "logfile": "/home/davidevi/Desktop/myproject/logs_davidevi/logs0/Job481.log"}
[2026-04-16 09:32:01.120 Z] [PROCESS] [cadence.virtuoso.ade.simulationMonitor] - Stay with the runId '10', Linger time '300', currentRunSyn '45', currentTestSyn '38' {"hostname": "il2244vt26_davidevi", "processid": 1062233, "logfile": "/home/davidevi/Desktop/myproject/logs_davidevi/logs0/Job481.log"}
[2026-04-16 09:32:02.121 Z] [PROCESS] [cadence.virtuoso.ade.simulationMonitor] - Stay with the runId '10', Linger time '300', currentRunSyn '45', currentTestSyn '38' {"hostname": "il2244vt26_davidevi", "processid": 1062233, "logfile": "/home/davidevi/Desktop/myproject/logs_davidevi/logs0/Job481.log"}
[2026-04-16 09:32:03.122 Z] [PROCESS] [cadence.virtuoso.ade.simulationMonitor] - Stay with the runId '10', Linger time '300', currentRunSyn '45', currentTestSyn '38' {"hostname": "il2244vt26_davidevi", "processid": 1062233, "logfile": "/home/davidevi/Desktop/myproject/logs_davidevi/logs0/Job481.log"}
[2026-04-16 09:32:04.122 Z] [PROCESS] [cadence.virtuoso.ade.simulationMonitor] - Stay with the runId '10', Linger time '300', currentRunSyn '45', currentTestSyn '38' {"hostname": "il2244vt26_davidevi", "processid": 1062233, "logfile": "/home/davidevi/Desktop/myproject/logs_davidevi/logs0/Job481.log"}
[2026-04-16 09:32:05.124 Z] [PROCESS] [cadence.virtuoso.ade.simulationMonitor] - Stay with the runId '10', Linger time '300', currentRunSyn '45', currentTestSyn '38' {"hostname": "il2244vt26_davidevi", "processid": 1062233, "logfile": "/home/davidevi/Desktop/myproject/logs_davidevi/logs0/Job481.log"}
[2026-04-16 09:32:06.125 Z] [PROCESS] [cadence.virtuoso.ade.simulationMonitor] - Stay with the runId '10', Linger time '300', currentRunSyn '45', currentTestSyn '38' {"hostname": "il2244vt26_davidevi", "processid": 1062233, "logfile": "/home/davidevi/Desktop/myproject/logs_davidevi/logs0/Job481.log"}
[2026-04-16 09:32:07.126 Z] [PROCESS] [cadence.virtuoso.ade.simulationMonitor] - Stay with the runId '10', Linger time '300', currentRunSyn '45', currentTestSyn '38' {"hostname": "il2244vt26_davidevi", "processid": 1062233, "logfile": "/home/davidevi/Desktop/myproject/logs_davidevi/logs0/Job481.log"}
[2026-04-16 09:32:08.126 Z] [PROCESS] [cadence.virtuoso.ade.simulationMonitor] - Stay with the runId '10', Linger time '300', currentRunSyn '45', currentTestSyn '38' {"hostname": "il2244vt26_davidevi", "processid": 1062233, "logfile": "/home/davidevi/Desktop/myproject/logs_davidevi/logs0/Job481.log"}
[2026-04-16 09:32:09.127 Z] [PROCESS] [cadence.virtuoso.ade.simulationMonitor] - Stay with the runId '10', Linger time '300', currentRunSyn '45', currentTestSyn '38' {"hostname": "il2244vt26_davidevi", "processid": 1062233, "logfile": "/home/davidevi/Desktop/myproject/logs_davidevi/logs0/Job481.log"}
[2026-04-16 09:32:10.128 Z] [PROCESS] [cadence.virtuoso.ade.simulationMonitor] - Stay with the runId '10', Linger time '300', currentRunSyn '45', currentTestSyn '38' {"hostname": "il2244vt26_davidevi", "processid": 1062233, "logfile": "/home/davidevi/Desktop/myproject/logs_davidevi/logs0/Job481.log"}
[2026-04-16 09:32:11.128 Z] [PROCESS] [cadence.virtuoso.ade.simulationMonitor] - Stay with the runId '10', Linger time '300', currentRunSyn '45', currentTestSyn '38' {"hostname": "il2244vt26_davidevi", "processid": 1062233, "logfile": "/home/davidevi/Desktop/myproject/logs_davidevi/logs0/Job481.log"}
[2026-04-16 09:32:12.129 Z] [PROCESS] [cadence.virtuoso.ade.simulationMonitor] - Stay with the runId '10', Linger time '300', currentRunSyn '45', currentTestSyn '38' {"hostname": "il2244vt26_davidevi", "processid": 1062233, "logfile": "/home/davidevi/Desktop/myproject/logs_davidevi/logs0/Job481.log"}
[2026-04-16 09:32:13.129 Z] [PROCESS] [cadence.virtuoso.ade.simulationMonitor] - Stay with the runId '10', Linger time '300', currentRunSyn '45', currentTestSyn '38' {"hostname": "il2244vt26_davidevi", "processid": 1062233, "logfile": "/home/davidevi/Desktop/myproject/logs_davidevi/logs0/Job481.log"}
[2026-04-16 09:32:14.131 Z] [PROCESS] [cadence.virtuoso.ade.simulationMonitor] - Stay with the runId '10', Linger time '300', currentRunSyn '45', currentTestSyn '38' {"hostname": "il2244vt26_davidevi", "processid": 1062233, "logfile": "/home/davidevi/Desktop/myproject/logs_davidevi/logs0/Job481.log"}
[2026-04-16 09:32:15.132 Z] [PROCESS] [cadence.virtuoso.ade.simulationMonitor] - Stay with the runId '10', Linger time '300', currentRunSyn '45', currentTestSyn '38' {"hostname": "il2244vt26_davidevi", "processid": 1062233, "logfile": "/home/davidevi/Desktop/myproject/logs_davidevi/logs0/Job481.log"}
[2026-04-16 09:32:16.134 Z] [PROCESS] [cadence.virtuoso.ade.simulationMonitor] - Stay with the runId '10', Linger time '300', currentRunSyn '45', currentTestSyn '38' {"hostname": "il2244vt26_davidevi", "processid": 1062233, "logfile": "/home/davidevi/Desktop/myproject/logs_davidevi/logs0/Job481.log"}
[2026-04-16 09:32:17.136 Z] [PROCESS] [cadence.virtuoso.ade.simulationMonitor] - Stay with the runId '10', Linger time '300', currentRunSyn '45', currentTestSyn '38' {"hostname": "il2244vt26_davidevi", "processid": 1062233, "logfile": "/home/davidevi/Desktop/myproject/logs_davidevi/logs0/Job481.log"}
[2026-04-16 09:32:18.136 Z] [PROCESS] [cadence.virtuoso.ade.simulationMonitor] - Stay with the runId '10', Linger time '300', currentRunSyn '45', currentTestSyn '38' {"hostname": "il2244vt26_davidevi", "processid": 1062233, "logfile": "/home/davidevi/Desktop/myproject/logs_davidevi/logs0/Job481.log"}
[2026-04-16 09:32:19.137 Z] [PROCESS] [cadence.virtuoso.ade.simulationMonitor] - Stay with the runId '10', Linger time '300', currentRunSyn '45', currentTestSyn '38' {"hostname": "il2244vt26_davidevi", "processid": 1062233, "logfile": "/home/davidevi/Desktop/myproject/logs_davidevi/logs0/Job481.log"}
[2026-04-16 09:32:20.140 Z] [PROCESS] [cadence.virtuoso.ade.simulationMonitor] - Stay with the runId '10', Linger time '300', currentRunSyn '45', currentTestSyn '38' {"hostname": "il2244vt26_davidevi", "processid": 1062233, "logfile": "/home/davidevi/Desktop/myproject/logs_davidevi/logs0/Job481.log"}
[2026-04-16 09:32:21.141 Z] [PROCESS] [cadence.virtuoso.ade.simulationMonitor] - Stay with the runId '10', Linger time '300', currentRunSyn '45', currentTestSyn '38' {"hostname": "il2244vt26_davidevi", "processid": 1062233, "logfile": "/home/davidevi/Desktop/myproject/logs_davidevi/logs0/Job481.log"}
[2026-04-16 09:32:22.141 Z] [PROCESS] [cadence.virtuoso.ade.simulationMonitor] - Stay with the runId '10', Linger time '300', currentRunSyn '45', currentTestSyn '38' {"hostname": "il2244vt26_davidevi", "processid": 1062233, "logfile": "/home/davidevi/Desktop/myproject/logs_davidevi/logs0/Job481.log"}
[2026-04-16 09:32:23.142 Z] [PROCESS] [cadence.virtuoso.ade.simulationMonitor] - Stay with the runId '10', Linger time '300', currentRunSyn '45', currentTestSyn '38' {"hostname": "il2244vt26_davidevi", "processid": 1062233, "logfile": "/home/davidevi/Desktop/myproject/logs_davidevi/logs0/Job481.log"}
[2026-04-16 09:32:24.143 Z] [PROCESS] [cadence.virtuoso.ade.simulationMonitor] - Stay with the runId '10', Linger time '300', currentRunSyn '45', currentTestSyn '38' {"hostname": "il2244vt26_davidevi", "processid": 1062233, "logfile": "/home/davidevi/Desktop/myproject/logs_davidevi/logs0/Job481.log"}
[2026-04-16 09:32:25.144 Z] [PROCESS] [cadence.virtuoso.ade.simulationMonitor] - Stay with the runId '10', Linger time '300', currentRunSyn '45', currentTestSyn '38' {"hostname": "il2244vt26_davidevi", "processid": 1062233, "logfile": "/home/davidevi/Desktop/myproject/logs_davidevi/logs0/Job481.log"}
[2026-04-16 09:32:26.146 Z] [PROCESS] [cadence.virtuoso.ade.simulationMonitor] - Stay with the runId '10', Linger time '300', currentRunSyn '45', currentTestSyn '38' {"hostname": "il2244vt26_davidevi", "processid": 1062233, "logfile": "/home/davidevi/Desktop/myproject/logs_davidevi/logs0/Job481.log"}
[2026-04-16 09:32:27.146 Z] [PROCESS] [cadence.virtuoso.ade.simulationMonitor] - Stay with the runId '10', Linger time '300', currentRunSyn '45', currentTestSyn '38' {"hostname": "il2244vt26_davidevi", "processid": 1062233, "logfile": "/home/davidevi/Desktop/myproject/logs_davidevi/logs0/Job481.log"}
[2026-04-16 09:32:28.147 Z] [PROCESS] [cadence.virtuoso.ade.simulationMonitor] - Stay with the runId '10', Linger time '300', currentRunSyn '45', currentTestSyn '38' {"hostname": "il2244vt26_davidevi", "processid": 1062233, "logfile": "/home/davidevi/Desktop/myproject/logs_davidevi/logs0/Job481.log"}
[2026-04-16 09:32:29.148 Z] [PROCESS] [cadence.virtuoso.ade.simulationMonitor] - Stay with the runId '10', Linger time '300', currentRunSyn '45', currentTestSyn '38' {"hostname": "il2244vt26_davidevi", "processid": 1062233, "logfile": "/home/davidevi/Desktop/myproject/logs_davidevi/logs0/Job481.log"}
[2026-04-16 09:32:30.148 Z] [PROCESS] [cadence.virtuoso.ade.simulationMonitor] - Stay with the runId '10', Linger time '300', currentRunSyn '45', currentTestSyn '38' {"hostname": "il2244vt26_davidevi", "processid": 1062233, "logfile": "/home/davidevi/Desktop/myproject/logs_davidevi/logs0/Job481.log"}
[2026-04-16 09:32:31.150 Z] [PROCESS] [cadence.virtuoso.ade.simulationMonitor] - Stay with the runId '10', Linger time '300', currentRunSyn '45', currentTestSyn '38' {"hostname": "il2244vt26_davidevi", "processid": 1062233, "logfile": "/home/davidevi/Desktop/myproject/logs_davidevi/logs0/Job481.log"}
[2026-04-16 09:32:32.152 Z] [PROCESS] [cadence.virtuoso.ade.simulationMonitor] - Stay with the runId '10', Linger time '300', currentRunSyn '45', currentTestSyn '38' {"hostname": "il2244vt26_davidevi", "processid": 1062233, "logfile": "/home/davidevi/Desktop/myproject/logs_davidevi/logs0/Job481.log"}
[2026-04-16 09:32:33.153 Z] [PROCESS] [cadence.virtuoso.ade.simulationMonitor] - Stay with the runId '10', Linger time '300', currentRunSyn '45', currentTestSyn '38' {"hostname": "il2244vt26_davidevi", "processid": 1062233, "logfile": "/home/davidevi/Desktop/myproject/logs_davidevi/logs0/Job481.log"}
[2026-04-16 09:32:34.155 Z] [PROCESS] [cadence.virtuoso.ade.simulationMonitor] - Stay with the runId '10', Linger time '300', currentRunSyn '45', currentTestSyn '38' {"hostname": "il2244vt26_davidevi", "processid": 1062233, "logfile": "/home/davidevi/Desktop/myproject/logs_davidevi/logs0/Job481.log"}
[2026-04-16 09:32:35.158 Z] [PROCESS] [cadence.virtuoso.ade.simulationMonitor] - Stay with the runId '10', Linger time '300', currentRunSyn '45', currentTestSyn '38' {"hostname": "il2244vt26_davidevi", "processid": 1062233, "logfile": "/home/davidevi/Desktop/myproject/logs_davidevi/logs0/Job481.log"}
[2026-04-16 09:32:36.159 Z] [PROCESS] [cadence.virtuoso.ade.simulationMonitor] - Stay with the runId '10', Linger time '300', currentRunSyn '45', currentTestSyn '38' {"hostname": "il2244vt26_davidevi", "processid": 1062233, "logfile": "/home/davidevi/Desktop/myproject/logs_davidevi/logs0/Job481.log"}
[2026-04-16 09:32:37.161 Z] [PROCESS] [cadence.virtuoso.ade.simulationMonitor] - Stay with the runId '10', Linger time '300', currentRunSyn '45', currentTestSyn '38' {"hostname": "il2244vt26_davidevi", "processid": 1062233, "logfile": "/home/davidevi/Desktop/myproject/logs_davidevi/logs0/Job481.log"}
[2026-04-16 09:32:38.163 Z] [PROCESS] [cadence.virtuoso.ade.simulationMonitor] - Stay with the runId '10', Linger time '300', currentRunSyn '45', currentTestSyn '38' {"hostname": "il2244vt26_davidevi", "processid": 1062233, "logfile": "/home/davidevi/Desktop/myproject/logs_davidevi/logs0/Job481.log"}
[2026-04-16 09:32:39.164 Z] [PROCESS] [cadence.virtuoso.ade.simulationMonitor] - Stay with the runId '10', Linger time '300', currentRunSyn '45', currentTestSyn '38' {"hostname": "il2244vt26_davidevi", "processid": 1062233, "logfile": "/home/davidevi/Desktop/myproject/logs_davidevi/logs0/Job481.log"}
[2026-04-16 09:32:40.166 Z] [PROCESS] [cadence.virtuoso.ade.simulationMonitor] - Stay with the runId '10', Linger time '300', currentRunSyn '45', currentTestSyn '38' {"hostname": "il2244vt26_davidevi", "processid": 1062233, "logfile": "/home/davidevi/Desktop/myproject/logs_davidevi/logs0/Job481.log"}
[2026-04-16 09:32:41.167 Z] [PROCESS] [cadence.virtuoso.ade.simulationMonitor] - Stay with the runId '10', Linger time '300', currentRunSyn '45', currentTestSyn '38' {"hostname": "il2244vt26_davidevi", "processid": 1062233, "logfile": "/home/davidevi/Desktop/myproject/logs_davidevi/logs0/Job481.log"}
[2026-04-16 09:32:42.169 Z] [PROCESS] [cadence.virtuoso.ade.simulationMonitor] - Stay with the runId '10', Linger time '300', currentRunSyn '45', currentTestSyn '38' {"hostname": "il2244vt26_davidevi", "processid": 1062233, "logfile": "/home/davidevi/Desktop/myproject/logs_davidevi/logs0/Job481.log"}
[2026-04-16 09:32:43.169 Z] [PROCESS] [cadence.virtuoso.ade.simulationMonitor] - Stay with the runId '10', Linger time '300', currentRunSyn '45', currentTestSyn '38' {"hostname": "il2244vt26_davidevi", "processid": 1062233, "logfile": "/home/davidevi/Desktop/myproject/logs_davidevi/logs0/Job481.log"}
[2026-04-16 09:32:44.169 Z] [PROCESS] [cadence.virtuoso.ade.simulationMonitor] - Stay with the runId '10', Linger time '300', currentRunSyn '45', currentTestSyn '38' {"hostname": "il2244vt26_davidevi", "processid": 1062233, "logfile": "/home/davidevi/Desktop/myproject/logs_davidevi/logs0/Job481.log"}
[2026-04-16 09:32:45.171 Z] [PROCESS] [cadence.virtuoso.ade.simulationMonitor] - Stay with the runId '10', Linger time '300', currentRunSyn '45', currentTestSyn '38' {"hostname": "il2244vt26_davidevi", "processid": 1062233, "logfile": "/home/davidevi/Desktop/myproject/logs_davidevi/logs0/Job481.log"}
[2026-04-16 09:32:46.173 Z] [PROCESS] [cadence.virtuoso.ade.simulationMonitor] - Stay with the runId '10', Linger time '300', currentRunSyn '45', currentTestSyn '38' {"hostname": "il2244vt26_davidevi", "processid": 1062233, "logfile": "/home/davidevi/Desktop/myproject/logs_davidevi/logs0/Job481.log"}
[2026-04-16 09:32:47.174 Z] [PROCESS] [cadence.virtuoso.ade.simulationMonitor] - Stay with the runId '10', Linger time '300', currentRunSyn '45', currentTestSyn '38' {"hostname": "il2244vt26_davidevi", "processid": 1062233, "logfile": "/home/davidevi/Desktop/myproject/logs_davidevi/logs0/Job481.log"}
[2026-04-16 09:32:48.174 Z] [PROCESS] [cadence.virtuoso.ade.simulationMonitor] - Stay with the runId '10', Linger time '300', currentRunSyn '45', currentTestSyn '38' {"hostname": "il2244vt26_davidevi", "processid": 1062233, "logfile": "/home/davidevi/Desktop/myproject/logs_davidevi/logs0/Job481.log"}
[2026-04-16 09:32:49.182 Z] [PROCESS] [cadence.virtuoso.ade.simulationMonitor] - Stay with the runId '10', Linger time '300', currentRunSyn '45', currentTestSyn '38' {"hostname": "il2244vt26_davidevi", "processid": 1062233, "logfile": "/home/davidevi/Desktop/myproject/logs_davidevi/logs0/Job481.log"}
[2026-04-16 09:32:50.184 Z] [PROCESS] [cadence.virtuoso.ade.simulationMonitor] - Stay with the runId '10', Linger time '300', currentRunSyn '45', currentTestSyn '38' {"hostname": "il2244vt26_davidevi", "processid": 1062233, "logfile": "/home/davidevi/Desktop/myproject/logs_davidevi/logs0/Job481.log"}
[2026-04-16 09:32:51.185 Z] [PROCESS] [cadence.virtuoso.ade.simulationMonitor] - Stay with the runId '10', Linger time '300', currentRunSyn '45', currentTestSyn '38' {"hostname": "il2244vt26_davidevi", "processid": 1062233, "logfile": "/home/davidevi/Desktop/myproject/logs_davidevi/logs0/Job481.log"}
[2026-04-16 09:32:52.186 Z] [PROCESS] [cadence.virtuoso.ade.simulationMonitor] - Stay with the runId '10', Linger time '300', currentRunSyn '45', currentTestSyn '38' {"hostname": "il2244vt26_davidevi", "processid": 1062233, "logfile": "/home/davidevi/Desktop/myproject/logs_davidevi/logs0/Job481.log"}
[2026-04-16 09:32:53.187 Z] [PROCESS] [cadence.virtuoso.ade.simulationMonitor] - Stay with the runId '10', Linger time '300', currentRunSyn '45', currentTestSyn '38' {"hostname": "il2244vt26_davidevi", "processid": 1062233, "logfile": "/home/davidevi/Desktop/myproject/logs_davidevi/logs0/Job481.log"}
[2026-04-16 09:32:54.187 Z] [PROCESS] [cadence.virtuoso.ade.simulationMonitor] - Stay with the runId '10', Linger time '300', currentRunSyn '45', currentTestSyn '38' {"hostname": "il2244vt26_davidevi", "processid": 1062233, "logfile": "/home/davidevi/Desktop/myproject/logs_davidevi/logs0/Job481.log"}
[2026-04-16 09:32:55.188 Z] [PROCESS] [cadence.virtuoso.ade.simulationMonitor] - Stay with the runId '10', Linger time '300', currentRunSyn '45', currentTestSyn '38' {"hostname": "il2244vt26_davidevi", "processid": 1062233, "logfile": "/home/davidevi/Desktop/myproject/logs_davidevi/logs0/Job481.log"}
[2026-04-16 09:32:56.190 Z] [PROCESS] [cadence.virtuoso.ade.simulationMonitor] - Stay with the runId '10', Linger time '300', currentRunSyn '45', currentTestSyn '38' {"hostname": "il2244vt26_davidevi", "processid": 1062233, "logfile": "/home/davidevi/Desktop/myproject/logs_davidevi/logs0/Job481.log"}
[2026-04-16 09:32:57.190 Z] [PROCESS] [cadence.virtuoso.ade.simulationMonitor] - Stay with the runId '10', Linger time '300', currentRunSyn '45', currentTestSyn '38' {"hostname": "il2244vt26_davidevi", "processid": 1062233, "logfile": "/home/davidevi/Desktop/myproject/logs_davidevi/logs0/Job481.log"}
[2026-04-16 09:32:58.191 Z] [PROCESS] [cadence.virtuoso.ade.simulationMonitor] - Stay with the runId '10', Linger time '300', currentRunSyn '45', currentTestSyn '38' {"hostname": "il2244vt26_davidevi", "processid": 1062233, "logfile": "/home/davidevi/Desktop/myproject/logs_davidevi/logs0/Job481.log"}
[2026-04-16 09:32:59.191 Z] [PROCESS] [cadence.virtuoso.ade.simulationMonitor] - Stay with the runId '10', Linger time '300', currentRunSyn '45', currentTestSyn '38' {"hostname": "il2244vt26_davidevi", "processid": 1062233, "logfile": "/home/davidevi/Desktop/myproject/logs_davidevi/logs0/Job481.log"}
[2026-04-16 09:33:00.192 Z] [PROCESS] [cadence.virtuoso.ade.simulationMonitor] - Stay with the runId '10', Linger time '300', currentRunSyn '45', currentTestSyn '38' {"hostname": "il2244vt26_davidevi", "processid": 1062233, "logfile": "/home/davidevi/Desktop/myproject/logs_davidevi/logs0/Job481.log"}
[2026-04-16 09:33:01.193 Z] [PROCESS] [cadence.virtuoso.ade.simulationMonitor] - Stay with the runId '10', Linger time '300', currentRunSyn '45', currentTestSyn '38' {"hostname": "il2244vt26_davidevi", "processid": 1062233, "logfile": "/home/davidevi/Desktop/myproject/logs_davidevi/logs0/Job481.log"}
[2026-04-16 09:33:02.195 Z] [PROCESS] [cadence.virtuoso.ade.simulationMonitor] - Stay with the runId '10', Linger time '300', currentRunSyn '45', currentTestSyn '38' {"hostname": "il2244vt26_davidevi", "processid": 1062233, "logfile": "/home/davidevi/Desktop/myproject/logs_davidevi/logs0/Job481.log"}
[2026-04-16 09:33:03.195 Z] [PROCESS] [cadence.virtuoso.ade.simulationMonitor] - Stay with the runId '10', Linger time '300', currentRunSyn '45', currentTestSyn '38' {"hostname": "il2244vt26_davidevi", "processid": 1062233, "logfile": "/home/davidevi/Desktop/myproject/logs_davidevi/logs0/Job481.log"}
[2026-04-16 09:33:04.198 Z] [PROCESS] [cadence.virtuoso.ade.simulationMonitor] - Stay with the runId '10', Linger time '300', currentRunSyn '45', currentTestSyn '38' {"hostname": "il2244vt26_davidevi", "processid": 1062233, "logfile": "/home/davidevi/Desktop/myproject/logs_davidevi/logs0/Job481.log"}
[2026-04-16 09:33:05.201 Z] [PROCESS] [cadence.virtuoso.ade.simulationMonitor] - Stay with the runId '10', Linger time '300', currentRunSyn '45', currentTestSyn '38' {"hostname": "il2244vt26_davidevi", "processid": 1062233, "logfile": "/home/davidevi/Desktop/myproject/logs_davidevi/logs0/Job481.log"}
[2026-04-16 09:33:06.202 Z] [PROCESS] [cadence.virtuoso.ade.simulationMonitor] - Stay with the runId '10', Linger time '300', currentRunSyn '45', currentTestSyn '38' {"hostname": "il2244vt26_davidevi", "processid": 1062233, "logfile": "/home/davidevi/Desktop/myproject/logs_davidevi/logs0/Job481.log"}
[2026-04-16 09:33:07.204 Z] [PROCESS] [cadence.virtuoso.ade.simulationMonitor] - Stay with the runId '10', Linger time '300', currentRunSyn '45', currentTestSyn '38' {"hostname": "il2244vt26_davidevi", "processid": 1062233, "logfile": "/home/davidevi/Desktop/myproject/logs_davidevi/logs0/Job481.log"}
[2026-04-16 09:33:08.205 Z] [PROCESS] [cadence.virtuoso.ade.simulationMonitor] - Stay with the runId '10', Linger time '300', currentRunSyn '45', currentTestSyn '38' {"hostname": "il2244vt26_davidevi", "processid": 1062233, "logfile": "/home/davidevi/Desktop/myproject/logs_davidevi/logs0/Job481.log"}
[2026-04-16 09:33:09.206 Z] [PROCESS] [cadence.virtuoso.ade.simulationMonitor] - Stay with the runId '10', Linger time '300', currentRunSyn '45', currentTestSyn '38' {"hostname": "il2244vt26_davidevi", "processid": 1062233, "logfile": "/home/davidevi/Desktop/myproject/logs_davidevi/logs0/Job481.log"}
[2026-04-16 09:33:10.208 Z] [PROCESS] [cadence.virtuoso.ade.simulationMonitor] - Stay with the runId '10', Linger time '300', currentRunSyn '45', currentTestSyn '38' {"hostname": "il2244vt26_davidevi", "processid": 1062233, "logfile": "/home/davidevi/Desktop/myproject/logs_davidevi/logs0/Job481.log"}
[2026-04-16 09:33:11.209 Z] [PROCESS] [cadence.virtuoso.ade.simulationMonitor] - Stay with the runId '10', Linger time '300', currentRunSyn '45', currentTestSyn '38' {"hostname": "il2244vt26_davidevi", "processid": 1062233, "logfile": "/home/davidevi/Desktop/myproject/logs_davidevi/logs0/Job481.log"}
[2026-04-16 09:33:12.211 Z] [PROCESS] [cadence.virtuoso.ade.simulationMonitor] - Stay with the runId '10', Linger time '300', currentRunSyn '45', currentTestSyn '38' {"hostname": "il2244vt26_davidevi", "processid": 1062233, "logfile": "/home/davidevi/Desktop/myproject/logs_davidevi/logs0/Job481.log"}
[2026-04-16 09:33:13.213 Z] [PROCESS] [cadence.virtuoso.ade.simulationMonitor] - Stay with the runId '10', Linger time '300', currentRunSyn '45', currentTestSyn '38' {"hostname": "il2244vt26_davidevi", "processid": 1062233, "logfile": "/home/davidevi/Desktop/myproject/logs_davidevi/logs0/Job481.log"}
[2026-04-16 09:33:14.215 Z] [PROCESS] [cadence.virtuoso.ade.simulationMonitor] - Stay with the runId '10', Linger time '300', currentRunSyn '45', currentTestSyn '38' {"hostname": "il2244vt26_davidevi", "processid": 1062233, "logfile": "/home/davidevi/Desktop/myproject/logs_davidevi/logs0/Job481.log"}
[2026-04-16 09:33:15.215 Z] [PROCESS] [cadence.virtuoso.ade.simulationMonitor] - Stay with the runId '10', Linger time '300', currentRunSyn '45', currentTestSyn '38' {"hostname": "il2244vt26_davidevi", "processid": 1062233, "logfile": "/home/davidevi/Desktop/myproject/logs_davidevi/logs0/Job481.log"}
[2026-04-16 09:33:16.215 Z] [PROCESS] [cadence.virtuoso.ade.simulationMonitor] - Stay with the runId '10', Linger time '300', currentRunSyn '45', currentTestSyn '38' {"hostname": "il2244vt26_davidevi", "processid": 1062233, "logfile": "/home/davidevi/Desktop/myproject/logs_davidevi/logs0/Job481.log"}
[2026-04-16 09:33:17.222 Z] [PROCESS] [cadence.virtuoso.ade.simulationMonitor] - Stay with the runId '10', Linger time '300', currentRunSyn '45', currentTestSyn '38' {"hostname": "il2244vt26_davidevi", "processid": 1062233, "logfile": "/home/davidevi/Desktop/myproject/logs_davidevi/logs0/Job481.log"}
[2026-04-16 09:33:18.222 Z] [PROCESS] [cadence.virtuoso.ade.simulationMonitor] - Stay with the runId '10', Linger time '300', currentRunSyn '45', currentTestSyn '38' {"hostname": "il2244vt26_davidevi", "processid": 1062233, "logfile": "/home/davidevi/Desktop/myproject/logs_davidevi/logs0/Job481.log"}
[2026-04-16 09:33:19.229 Z] [PROCESS] [cadence.virtuoso.ade.simulationMonitor] - Padding test token found for runId '10', Linger time '300', currentRunSyn '45', currentTestSyn '38' {"hostname": "il2244vt26_davidevi", "processid": 1062233, "logfile": "/home/davidevi/Desktop/myproject/logs_davidevi/logs0/Job481.log"}
[2026-04-16 09:33:19.232 Z] [PROCESS] [cadence.virtuoso.ade.simulationMonitor] - Stay with the runId '10', Linger time '300', currentRunSyn '45', currentTestSyn '38' {"hostname": "il2244vt26_davidevi", "processid": 1062233, "logfile": "/home/davidevi/Desktop/myproject/logs_davidevi/logs0/Job481.log"}
[2026-04-16 09:33:20.234 Z] [PROCESS] [cadence.virtuoso.ade.simulationMonitor] - Stay with the runId '10', Linger time '300', currentRunSyn '45', currentTestSyn '38' {"hostname": "il2244vt26_davidevi", "processid": 1062233, "logfile": "/home/davidevi/Desktop/myproject/logs_davidevi/logs0/Job481.log"}
[2026-04-16 09:33:21.238 Z] [PROCESS] [cadence.virtuoso.ade.simulationMonitor] - Stay with the runId '10', Linger time '300', currentRunSyn '45', currentTestSyn '38' {"hostname": "il2244vt26_davidevi", "processid": 1062233, "logfile": "/home/davidevi/Desktop/myproject/logs_davidevi/logs0/Job481.log"}
[2026-04-16 09:33:22.240 Z] [PROCESS] [cadence.virtuoso.ade.simulationMonitor] - Stay with the runId '10', Linger time '300', currentRunSyn '45', currentTestSyn '38' {"hostname": "il2244vt26_davidevi", "processid": 1062233, "logfile": "/home/davidevi/Desktop/myproject/logs_davidevi/logs0/Job481.log"}
[2026-04-16 09:33:23.240 Z] [PROCESS] [cadence.virtuoso.ade.simulationMonitor] - Stay with the runId '10', Linger time '300', currentRunSyn '45', currentTestSyn '38' {"hostname": "il2244vt26_davidevi", "processid": 1062233, "logfile": "/home/davidevi/Desktop/myproject/logs_davidevi/logs0/Job481.log"}
[2026-04-16 09:33:24.244 Z] [PROCESS] [cadence.virtuoso.ade.simulationMonitor] - Stay with the runId '10', Linger time '300', currentRunSyn '45', currentTestSyn '38' {"hostname": "il2244vt26_davidevi", "processid": 1062233, "logfile": "/home/davidevi/Desktop/myproject/logs_davidevi/logs0/Job481.log"}
[2026-04-16 09:33:25.244 Z] [PROCESS] [cadence.virtuoso.ade.simulationMonitor] - Stay with the runId '10', Linger time '300', currentRunSyn '45', currentTestSyn '38' {"hostname": "il2244vt26_davidevi", "processid": 1062233, "logfile": "/home/davidevi/Desktop/myproject/logs_davidevi/logs0/Job481.log"}
[2026-04-16 09:33:26.250 Z] [PROCESS] [cadence.virtuoso.ade.simulationMonitor] - Stay with the runId '10', Linger time '300', currentRunSyn '45', currentTestSyn '38' {"hostname": "il2244vt26_davidevi", "processid": 1062233, "logfile": "/home/davidevi/Desktop/myproject/logs_davidevi/logs0/Job481.log"}
[2026-04-16 09:33:27.253 Z] [PROCESS] [cadence.virtuoso.ade.simulationMonitor] - Stay with the runId '10', Linger time '300', currentRunSyn '45', currentTestSyn '38' {"hostname": "il2244vt26_davidevi", "processid": 1062233, "logfile": "/home/davidevi/Desktop/myproject/logs_davidevi/logs0/Job481.log"}
[2026-04-16 09:33:28.253 Z] [PROCESS] [cadence.virtuoso.ade.simulationMonitor] - Stay with the runId '10', Linger time '300', currentRunSyn '45', currentTestSyn '38' {"hostname": "il2244vt26_davidevi", "processid": 1062233, "logfile": "/home/davidevi/Desktop/myproject/logs_davidevi/logs0/Job481.log"}
[2026-04-16 09:33:29.254 Z] [PROCESS] [cadence.virtuoso.ade.simulationMonitor] - Stay with the runId '10', Linger time '300', currentRunSyn '45', currentTestSyn '38' {"hostname": "il2244vt26_davidevi", "processid": 1062233, "logfile": "/home/davidevi/Desktop/myproject/logs_davidevi/logs0/Job481.log"}
[2026-04-16 09:33:30.255 Z] [PROCESS] [cadence.virtuoso.ade.simulationMonitor] - Stay with the runId '10', Linger time '300', currentRunSyn '45', currentTestSyn '38' {"hostname": "il2244vt26_davidevi", "processid": 1062233, "logfile": "/home/davidevi/Desktop/myproject/logs_davidevi/logs0/Job481.log"}
[2026-04-16 09:33:31.258 Z] [PROCESS] [cadence.virtuoso.ade.simulationMonitor] - Stay with the runId '10', Linger time '300', currentRunSyn '45', currentTestSyn '38' {"hostname": "il2244vt26_davidevi", "processid": 1062233, "logfile": "/home/davidevi/Desktop/myproject/logs_davidevi/logs0/Job481.log"}
[2026-04-16 09:33:32.261 Z] [PROCESS] [cadence.virtuoso.ade.simulationMonitor] - Stay with the runId '10', Linger time '300', currentRunSyn '45', currentTestSyn '38' {"hostname": "il2244vt26_davidevi", "processid": 1062233, "logfile": "/home/davidevi/Desktop/myproject/logs_davidevi/logs0/Job481.log"}
[2026-04-16 09:33:33.262 Z] [PROCESS] [cadence.virtuoso.ade.simulationMonitor] - Stay with the runId '10', Linger time '300', currentRunSyn '45', currentTestSyn '38' {"hostname": "il2244vt26_davidevi", "processid": 1062233, "logfile": "/home/davidevi/Desktop/myproject/logs_davidevi/logs0/Job481.log"}
[2026-04-16 09:33:34.264 Z] [PROCESS] [cadence.virtuoso.ade.simulationMonitor] - Stay with the runId '10', Linger time '300', currentRunSyn '45', currentTestSyn '38' {"hostname": "il2244vt26_davidevi", "processid": 1062233, "logfile": "/home/davidevi/Desktop/myproject/logs_davidevi/logs0/Job481.log"}
[2026-04-16 09:33:35.265 Z] [PROCESS] [cadence.virtuoso.ade.simulationMonitor] - Stay with the runId '10', Linger time '300', currentRunSyn '45', currentTestSyn '38' {"hostname": "il2244vt26_davidevi", "processid": 1062233, "logfile": "/home/davidevi/Desktop/myproject/logs_davidevi/logs0/Job481.log"}
[2026-04-16 09:33:36.268 Z] [PROCESS] [cadence.virtuoso.ade.simulationMonitor] - Stay with the runId '10', Linger time '300', currentRunSyn '45', currentTestSyn '38' {"hostname": "il2244vt26_davidevi", "processid": 1062233, "logfile": "/home/davidevi/Desktop/myproject/logs_davidevi/logs0/Job481.log"}
[2026-04-16 09:33:37.268 Z] [PROCESS] [cadence.virtuoso.ade.simulationMonitor] - Stay with the runId '10', Linger time '300', currentRunSyn '45', currentTestSyn '38' {"hostname": "il2244vt26_davidevi", "processid": 1062233, "logfile": "/home/davidevi/Desktop/myproject/logs_davidevi/logs0/Job481.log"}
[2026-04-16 09:33:38.270 Z] [PROCESS] [cadence.virtuoso.ade.simulationMonitor] - Stay with the runId '10', Linger time '300', currentRunSyn '45', currentTestSyn '38' {"hostname": "il2244vt26_davidevi", "processid": 1062233, "logfile": "/home/davidevi/Desktop/myproject/logs_davidevi/logs0/Job481.log"}
[2026-04-16 09:33:39.271 Z] [PROCESS] [cadence.virtuoso.ade.simulationMonitor] - Stay with the runId '10', Linger time '300', currentRunSyn '45', currentTestSyn '38' {"hostname": "il2244vt26_davidevi", "processid": 1062233, "logfile": "/home/davidevi/Desktop/myproject/logs_davidevi/logs0/Job481.log"}
[2026-04-16 09:33:40.273 Z] [PROCESS] [cadence.virtuoso.ade.simulationMonitor] - Stay with the runId '10', Linger time '300', currentRunSyn '45', currentTestSyn '38' {"hostname": "il2244vt26_davidevi", "processid": 1062233, "logfile": "/home/davidevi/Desktop/myproject/logs_davidevi/logs0/Job481.log"}
[2026-04-16 09:33:41.274 Z] [PROCESS] [cadence.virtuoso.ade.simulationMonitor] - Stay with the runId '10', Linger time '300', currentRunSyn '45', currentTestSyn '38' {"hostname": "il2244vt26_davidevi", "processid": 1062233, "logfile": "/home/davidevi/Desktop/myproject/logs_davidevi/logs0/Job481.log"}
[2026-04-16 09:33:42.276 Z] [PROCESS] [cadence.virtuoso.ade.simulationMonitor] - Stay with the runId '10', Linger time '300', currentRunSyn '45', currentTestSyn '38' {"hostname": "il2244vt26_davidevi", "processid": 1062233, "logfile": "/home/davidevi/Desktop/myproject/logs_davidevi/logs0/Job481.log"}
[2026-04-16 09:33:43.278 Z] [PROCESS] [cadence.virtuoso.ade.simulationMonitor] - Stay with the runId '10', Linger time '300', currentRunSyn '45', currentTestSyn '38' {"hostname": "il2244vt26_davidevi", "processid": 1062233, "logfile": "/home/davidevi/Desktop/myproject/logs_davidevi/logs0/Job481.log"}
[2026-04-16 09:33:44.286 Z] [PROCESS] [cadence.virtuoso.ade.simulationMonitor] - Stay with the runId '10', Linger time '300', currentRunSyn '45', currentTestSyn '38' {"hostname": "il2244vt26_davidevi", "processid": 1062233, "logfile": "/home/davidevi/Desktop/myproject/logs_davidevi/logs0/Job481.log"}
[2026-04-16 09:33:45.286 Z] [PROCESS] [cadence.virtuoso.ade.simulationMonitor] - Stay with the runId '10', Linger time '300', currentRunSyn '45', currentTestSyn '38' {"hostname": "il2244vt26_davidevi", "processid": 1062233, "logfile": "/home/davidevi/Desktop/myproject/logs_davidevi/logs0/Job481.log"}
[2026-04-16 09:33:46.293 Z] [PROCESS] [cadence.virtuoso.ade.simulationMonitor] - Stay with the runId '10', Linger time '300', currentRunSyn '45', currentTestSyn '38' {"hostname": "il2244vt26_davidevi", "processid": 1062233, "logfile": "/home/davidevi/Desktop/myproject/logs_davidevi/logs0/Job481.log"}
[2026-04-16 09:33:47.293 Z] [PROCESS] [cadence.virtuoso.ade.simulationMonitor] - Stay with the runId '10', Linger time '300', currentRunSyn '45', currentTestSyn '38' {"hostname": "il2244vt26_davidevi", "processid": 1062233, "logfile": "/home/davidevi/Desktop/myproject/logs_davidevi/logs0/Job481.log"}
[2026-04-16 09:33:48.294 Z] [PROCESS] [cadence.virtuoso.ade.simulationMonitor] - Stay with the runId '10', Linger time '300', currentRunSyn '45', currentTestSyn '38' {"hostname": "il2244vt26_davidevi", "processid": 1062233, "logfile": "/home/davidevi/Desktop/myproject/logs_davidevi/logs0/Job481.log"}
[2026-04-16 09:33:49.295 Z] [PROCESS] [cadence.virtuoso.ade.simulationMonitor] - Stay with the runId '10', Linger time '300', currentRunSyn '45', currentTestSyn '38' {"hostname": "il2244vt26_davidevi", "processid": 1062233, "logfile": "/home/davidevi/Desktop/myproject/logs_davidevi/logs0/Job481.log"}
[2026-04-16 09:33:50.300 Z] [PROCESS] [cadence.virtuoso.ade.simulationMonitor] - Stay with the runId '10', Linger time '300', currentRunSyn '45', currentTestSyn '38' {"hostname": "il2244vt26_davidevi", "processid": 1062233, "logfile": "/home/davidevi/Desktop/myproject/logs_davidevi/logs0/Job481.log"}
[2026-04-16 09:33:51.305 Z] [PROCESS] [cadence.virtuoso.ade.simulationMonitor] - Stay with the runId '10', Linger time '300', currentRunSyn '45', currentTestSyn '38' {"hostname": "il2244vt26_davidevi", "processid": 1062233, "logfile": "/home/davidevi/Desktop/myproject/logs_davidevi/logs0/Job481.log"}
[2026-04-16 09:33:52.305 Z] [PROCESS] [cadence.virtuoso.ade.simulationMonitor] - Stay with the runId '10', Linger time '300', currentRunSyn '45', currentTestSyn '38' {"hostname": "il2244vt26_davidevi", "processid": 1062233, "logfile": "/home/davidevi/Desktop/myproject/logs_davidevi/logs0/Job481.log"}
[2026-04-16 09:33:53.306 Z] [PROCESS] [cadence.virtuoso.ade.simulationMonitor] - Stay with the runId '10', Linger time '300', currentRunSyn '45', currentTestSyn '38' {"hostname": "il2244vt26_davidevi", "processid": 1062233, "logfile": "/home/davidevi/Desktop/myproject/logs_davidevi/logs0/Job481.log"}
[2026-04-16 09:33:54.307 Z] [PROCESS] [cadence.virtuoso.ade.simulationMonitor] - Stay with the runId '10', Linger time '300', currentRunSyn '45', currentTestSyn '38' {"hostname": "il2244vt26_davidevi", "processid": 1062233, "logfile": "/home/davidevi/Desktop/myproject/logs_davidevi/logs0/Job481.log"}
[2026-04-16 09:33:55.309 Z] [PROCESS] [cadence.virtuoso.ade.simulationMonitor] - Stay with the runId '10', Linger time '300', currentRunSyn '45', currentTestSyn '38' {"hostname": "il2244vt26_davidevi", "processid": 1062233, "logfile": "/home/davidevi/Desktop/myproject/logs_davidevi/logs0/Job481.log"}
[2026-04-16 09:33:56.311 Z] [PROCESS] [cadence.virtuoso.ade.simulationMonitor] - Stay with the runId '10', Linger time '300', currentRunSyn '45', currentTestSyn '38' {"hostname": "il2244vt26_davidevi", "processid": 1062233, "logfile": "/home/davidevi/Desktop/myproject/logs_davidevi/logs0/Job481.log"}
[2026-04-16 09:33:57.312 Z] [PROCESS] [cadence.virtuoso.ade.simulationMonitor] - Stay with the runId '10', Linger time '300', currentRunSyn '45', currentTestSyn '38' {"hostname": "il2244vt26_davidevi", "processid": 1062233, "logfile": "/home/davidevi/Desktop/myproject/logs_davidevi/logs0/Job481.log"}
[2026-04-16 09:33:58.313 Z] [PROCESS] [cadence.virtuoso.ade.simulationMonitor] - Stay with the runId '10', Linger time '300', currentRunSyn '45', currentTestSyn '38' {"hostname": "il2244vt26_davidevi", "processid": 1062233, "logfile": "/home/davidevi/Desktop/myproject/logs_davidevi/logs0/Job481.log"}
[2026-04-16 09:33:59.313 Z] [PROCESS] [cadence.virtuoso.ade.simulationMonitor] - Stay with the runId '10', Linger time '300', currentRunSyn '45', currentTestSyn '38' {"hostname": "il2244vt26_davidevi", "processid": 1062233, "logfile": "/home/davidevi/Desktop/myproject/logs_davidevi/logs0/Job481.log"}
[2026-04-16 09:34:00.313 Z] [PROCESS] [cadence.virtuoso.ade.simulationMonitor] - Stay with the runId '10', Linger time '300', currentRunSyn '45', currentTestSyn '38' {"hostname": "il2244vt26_davidevi", "processid": 1062233, "logfile": "/home/davidevi/Desktop/myproject/logs_davidevi/logs0/Job481.log"}
[2026-04-16 09:34:01.314 Z] [PROCESS] [cadence.virtuoso.ade.simulationMonitor] - Stay with the runId '10', Linger time '300', currentRunSyn '45', currentTestSyn '38' {"hostname": "il2244vt26_davidevi", "processid": 1062233, "logfile": "/home/davidevi/Desktop/myproject/logs_davidevi/logs0/Job481.log"}
[2026-04-16 09:34:02.314 Z] [PROCESS] [cadence.virtuoso.ade.simulationMonitor] - Stay with the runId '10', Linger time '300', currentRunSyn '45', currentTestSyn '38' {"hostname": "il2244vt26_davidevi", "processid": 1062233, "logfile": "/home/davidevi/Desktop/myproject/logs_davidevi/logs0/Job481.log"}
[2026-04-16 09:34:03.317 Z] [PROCESS] [cadence.virtuoso.ade.simulationMonitor] - Stay with the runId '10', Linger time '300', currentRunSyn '45', currentTestSyn '38' {"hostname": "il2244vt26_davidevi", "processid": 1062233, "logfile": "/home/davidevi/Desktop/myproject/logs_davidevi/logs0/Job481.log"}
[2026-04-16 09:34:04.318 Z] [PROCESS] [cadence.virtuoso.ade.simulationMonitor] - Stay with the runId '10', Linger time '300', currentRunSyn '45', currentTestSyn '38' {"hostname": "il2244vt26_davidevi", "processid": 1062233, "logfile": "/home/davidevi/Desktop/myproject/logs_davidevi/logs0/Job481.log"}
[2026-04-16 09:34:05.318 Z] [PROCESS] [cadence.virtuoso.ade.simulationMonitor] - Stay with the runId '10', Linger time '300', currentRunSyn '45', currentTestSyn '38' {"hostname": "il2244vt26_davidevi", "processid": 1062233, "logfile": "/home/davidevi/Desktop/myproject/logs_davidevi/logs0/Job481.log"}
[2026-04-16 09:34:06.320 Z] [PROCESS] [cadence.virtuoso.ade.simulationMonitor] - Stay with the runId '10', Linger time '300', currentRunSyn '45', currentTestSyn '38' {"hostname": "il2244vt26_davidevi", "processid": 1062233, "logfile": "/home/davidevi/Desktop/myproject/logs_davidevi/logs0/Job481.log"}
[2026-04-16 09:34:07.324 Z] [PROCESS] [cadence.virtuoso.ade.simulationMonitor] - Stay with the runId '10', Linger time '300', currentRunSyn '45', currentTestSyn '38' {"hostname": "il2244vt26_davidevi", "processid": 1062233, "logfile": "/home/davidevi/Desktop/myproject/logs_davidevi/logs0/Job481.log"}
[2026-04-16 09:34:08.326 Z] [PROCESS] [cadence.virtuoso.ade.simulationMonitor] - Stay with the runId '10', Linger time '300', currentRunSyn '45', currentTestSyn '38' {"hostname": "il2244vt26_davidevi", "processid": 1062233, "logfile": "/home/davidevi/Desktop/myproject/logs_davidevi/logs0/Job481.log"}
[2026-04-16 09:34:09.327 Z] [PROCESS] [cadence.virtuoso.ade.simulationMonitor] - Stay with the runId '10', Linger time '300', currentRunSyn '45', currentTestSyn '38' {"hostname": "il2244vt26_davidevi", "processid": 1062233, "logfile": "/home/davidevi/Desktop/myproject/logs_davidevi/logs0/Job481.log"}
[2026-04-16 09:34:10.333 Z] [PROCESS] [cadence.virtuoso.ade.simulationMonitor] - Stay with the runId '10', Linger time '300', currentRunSyn '45', currentTestSyn '38' {"hostname": "il2244vt26_davidevi", "processid": 1062233, "logfile": "/home/davidevi/Desktop/myproject/logs_davidevi/logs0/Job481.log"}
[2026-04-16 09:34:11.334 Z] [PROCESS] [cadence.virtuoso.ade.simulationMonitor] - Stay with the runId '10', Linger time '300', currentRunSyn '45', currentTestSyn '38' {"hostname": "il2244vt26_davidevi", "processid": 1062233, "logfile": "/home/davidevi/Desktop/myproject/logs_davidevi/logs0/Job481.log"}
[2026-04-16 09:34:12.337 Z] [PROCESS] [cadence.virtuoso.ade.simulationMonitor] - Stay with the runId '10', Linger time '300', currentRunSyn '45', currentTestSyn '38' {"hostname": "il2244vt26_davidevi", "processid": 1062233, "logfile": "/home/davidevi/Desktop/myproject/logs_davidevi/logs0/Job481.log"}
[2026-04-16 09:34:13.337 Z] [PROCESS] [cadence.virtuoso.ade.simulationMonitor] - Stay with the runId '10', Linger time '300', currentRunSyn '45', currentTestSyn '38' {"hostname": "il2244vt26_davidevi", "processid": 1062233, "logfile": "/home/davidevi/Desktop/myproject/logs_davidevi/logs0/Job481.log"}
[2026-04-16 09:34:14.340 Z] [PROCESS] [cadence.virtuoso.ade.simulationMonitor] - Stay with the runId '10', Linger time '300', currentRunSyn '45', currentTestSyn '38' {"hostname": "il2244vt26_davidevi", "processid": 1062233, "logfile": "/home/davidevi/Desktop/myproject/logs_davidevi/logs0/Job481.log"}
[2026-04-16 09:34:15.341 Z] [PROCESS] [cadence.virtuoso.ade.simulationMonitor] - Stay with the runId '10', Linger time '300', currentRunSyn '45', currentTestSyn '38' {"hostname": "il2244vt26_davidevi", "processid": 1062233, "logfile": "/home/davidevi/Desktop/myproject/logs_davidevi/logs0/Job481.log"}
[2026-04-16 09:34:16.341 Z] [PROCESS] [cadence.virtuoso.ade.simulationMonitor] - Stay with the runId '10', Linger time '300', currentRunSyn '45', currentTestSyn '38' {"hostname": "il2244vt26_davidevi", "processid": 1062233, "logfile": "/home/davidevi/Desktop/myproject/logs_davidevi/logs0/Job481.log"}
[2026-04-16 09:34:17.342 Z] [PROCESS] [cadence.virtuoso.ade.simulationMonitor] - Stay with the runId '10', Linger time '300', currentRunSyn '45', currentTestSyn '38' {"hostname": "il2244vt26_davidevi", "processid": 1062233, "logfile": "/home/davidevi/Desktop/myproject/logs_davidevi/logs0/Job481.log"}
[2026-04-16 09:34:18.342 Z] [PROCESS] [cadence.virtuoso.ade.simulationMonitor] - Stay with the runId '10', Linger time '300', currentRunSyn '45', currentTestSyn '38' {"hostname": "il2244vt26_davidevi", "processid": 1062233, "logfile": "/home/davidevi/Desktop/myproject/logs_davidevi/logs0/Job481.log"}
[2026-04-16 09:34:19.343 Z] [PROCESS] [cadence.virtuoso.ade.simulationMonitor] - Stay with the runId '10', Linger time '300', currentRunSyn '45', currentTestSyn '38' {"hostname": "il2244vt26_davidevi", "processid": 1062233, "logfile": "/home/davidevi/Desktop/myproject/logs_davidevi/logs0/Job481.log"}
[2026-04-16 09:34:20.343 Z] [PROCESS] [cadence.virtuoso.ade.simulationMonitor] - Stay with the runId '10', Linger time '300', currentRunSyn '45', currentTestSyn '38' {"hostname": "il2244vt26_davidevi", "processid": 1062233, "logfile": "/home/davidevi/Desktop/myproject/logs_davidevi/logs0/Job481.log"}
[2026-04-16 09:34:21.344 Z] [PROCESS] [cadence.virtuoso.ade.simulationMonitor] - Stay with the runId '10', Linger time '300', currentRunSyn '45', currentTestSyn '38' {"hostname": "il2244vt26_davidevi", "processid": 1062233, "logfile": "/home/davidevi/Desktop/myproject/logs_davidevi/logs0/Job481.log"}
[2026-04-16 09:34:22.346 Z] [PROCESS] [cadence.virtuoso.ade.simulationMonitor] - Stay with the runId '10', Linger time '300', currentRunSyn '45', currentTestSyn '38' {"hostname": "il2244vt26_davidevi", "processid": 1062233, "logfile": "/home/davidevi/Desktop/myproject/logs_davidevi/logs0/Job481.log"}
[2026-04-16 09:34:23.346 Z] [PROCESS] [cadence.virtuoso.ade.simulationMonitor] - Stay with the runId '10', Linger time '300', currentRunSyn '45', currentTestSyn '38' {"hostname": "il2244vt26_davidevi", "processid": 1062233, "logfile": "/home/davidevi/Desktop/myproject/logs_davidevi/logs0/Job481.log"}
[2026-04-16 09:34:24.347 Z] [PROCESS] [cadence.virtuoso.ade.simulationMonitor] - Stay with the runId '10', Linger time '300', currentRunSyn '45', currentTestSyn '38' {"hostname": "il2244vt26_davidevi", "processid": 1062233, "logfile": "/home/davidevi/Desktop/myproject/logs_davidevi/logs0/Job481.log"}
[2026-04-16 09:34:25.347 Z] [PROCESS] [cadence.virtuoso.ade.simulationMonitor] - Stay with the runId '10', Linger time '300', currentRunSyn '45', currentTestSyn '38' {"hostname": "il2244vt26_davidevi", "processid": 1062233, "logfile": "/home/davidevi/Desktop/myproject/logs_davidevi/logs0/Job481.log"}
[2026-04-16 09:34:26.347 Z] [PROCESS] [cadence.virtuoso.ade.simulationMonitor] - Stay with the runId '10', Linger time '300', currentRunSyn '45', currentTestSyn '38' {"hostname": "il2244vt26_davidevi", "processid": 1062233, "logfile": "/home/davidevi/Desktop/myproject/logs_davidevi/logs0/Job481.log"}
[2026-04-16 09:34:27.348 Z] [PROCESS] [cadence.virtuoso.ade.simulationMonitor] - Stay with the runId '10', Linger time '300', currentRunSyn '45', currentTestSyn '38' {"hostname": "il2244vt26_davidevi", "processid": 1062233, "logfile": "/home/davidevi/Desktop/myproject/logs_davidevi/logs0/Job481.log"}
[2026-04-16 09:34:28.348 Z] [PROCESS] [cadence.virtuoso.ade.simulationMonitor] - Stay with the runId '10', Linger time '300', currentRunSyn '45', currentTestSyn '38' {"hostname": "il2244vt26_davidevi", "processid": 1062233, "logfile": "/home/davidevi/Desktop/myproject/logs_davidevi/logs0/Job481.log"}
[2026-04-16 09:34:29.353 Z] [PROCESS] [cadence.virtuoso.ade.simulationMonitor] - Stay with the runId '10', Linger time '300', currentRunSyn '45', currentTestSyn '38' {"hostname": "il2244vt26_davidevi", "processid": 1062233, "logfile": "/home/davidevi/Desktop/myproject/logs_davidevi/logs0/Job481.log"}
[2026-04-16 09:34:30.353 Z] [PROCESS] [cadence.virtuoso.ade.simulationMonitor] - Stay with the runId '10', Linger time '300', currentRunSyn '45', currentTestSyn '38' {"hostname": "il2244vt26_davidevi", "processid": 1062233, "logfile": "/home/davidevi/Desktop/myproject/logs_davidevi/logs0/Job481.log"}
[2026-04-16 09:34:31.353 Z] [PROCESS] [cadence.virtuoso.ade.simulationMonitor] - Stay with the runId '10', Linger time '300', currentRunSyn '45', currentTestSyn '38' {"hostname": "il2244vt26_davidevi", "processid": 1062233, "logfile": "/home/davidevi/Desktop/myproject/logs_davidevi/logs0/Job481.log"}
[2026-04-16 09:34:32.357 Z] [PROCESS] [cadence.virtuoso.ade.simulationMonitor] - Stay with the runId '10', Linger time '300', currentRunSyn '45', currentTestSyn '38' {"hostname": "il2244vt26_davidevi", "processid": 1062233, "logfile": "/home/davidevi/Desktop/myproject/logs_davidevi/logs0/Job481.log"}
[2026-04-16 09:34:33.357 Z] [PROCESS] [cadence.virtuoso.ade.simulationMonitor] - Stay with the runId '10', Linger time '300', currentRunSyn '45', currentTestSyn '38' {"hostname": "il2244vt26_davidevi", "processid": 1062233, "logfile": "/home/davidevi/Desktop/myproject/logs_davidevi/logs0/Job481.log"}
[2026-04-16 09:34:34.357 Z] [PROCESS] [cadence.virtuoso.ade.simulationMonitor] - Stay with the runId '10', Linger time '300', currentRunSyn '45', currentTestSyn '38' {"hostname": "il2244vt26_davidevi", "processid": 1062233, "logfile": "/home/davidevi/Desktop/myproject/logs_davidevi/logs0/Job481.log"}
[2026-04-16 09:34:35.362 Z] [PROCESS] [cadence.virtuoso.ade.simulationMonitor] - Stay with the runId '10', Linger time '300', currentRunSyn '45', currentTestSyn '38' {"hostname": "il2244vt26_davidevi", "processid": 1062233, "logfile": "/home/davidevi/Desktop/myproject/logs_davidevi/logs0/Job481.log"}
[2026-04-16 09:34:36.364 Z] [PROCESS] [cadence.virtuoso.ade.simulationMonitor] - Stay with the runId '10', Linger time '300', currentRunSyn '45', currentTestSyn '38' {"hostname": "il2244vt26_davidevi", "processid": 1062233, "logfile": "/home/davidevi/Desktop/myproject/logs_davidevi/logs0/Job481.log"}
[2026-04-16 09:34:37.364 Z] [PROCESS] [cadence.virtuoso.ade.simulationMonitor] - Stay with the runId '10', Linger time '300', currentRunSyn '45', currentTestSyn '38' {"hostname": "il2244vt26_davidevi", "processid": 1062233, "logfile": "/home/davidevi/Desktop/myproject/logs_davidevi/logs0/Job481.log"}
[2026-04-16 09:34:38.364 Z] [PROCESS] [cadence.virtuoso.ade.simulationMonitor] - Stay with the runId '10', Linger time '300', currentRunSyn '45', currentTestSyn '38' {"hostname": "il2244vt26_davidevi", "processid": 1062233, "logfile": "/home/davidevi/Desktop/myproject/logs_davidevi/logs0/Job481.log"}
[2026-04-16 09:34:39.365 Z] [PROCESS] [cadence.virtuoso.ade.simulationMonitor] - Stay with the runId '10', Linger time '300', currentRunSyn '45', currentTestSyn '38' {"hostname": "il2244vt26_davidevi", "processid": 1062233, "logfile": "/home/davidevi/Desktop/myproject/logs_davidevi/logs0/Job481.log"}
[2026-04-16 09:34:40.368 Z] [PROCESS] [cadence.virtuoso.ade.simulationMonitor] - Stay with the runId '10', Linger time '300', currentRunSyn '45', currentTestSyn '38' {"hostname": "il2244vt26_davidevi", "processid": 1062233, "logfile": "/home/davidevi/Desktop/myproject/logs_davidevi/logs0/Job481.log"}
[2026-04-16 09:34:41.369 Z] [PROCESS] [cadence.virtuoso.ade.simulationMonitor] - Stay with the runId '10', Linger time '300', currentRunSyn '45', currentTestSyn '38' {"hostname": "il2244vt26_davidevi", "processid": 1062233, "logfile": "/home/davidevi/Desktop/myproject/logs_davidevi/logs0/Job481.log"}
[2026-04-16 09:34:42.370 Z] [PROCESS] [cadence.virtuoso.ade.simulationMonitor] - Stay with the runId '10', Linger time '300', currentRunSyn '45', currentTestSyn '38' {"hostname": "il2244vt26_davidevi", "processid": 1062233, "logfile": "/home/davidevi/Desktop/myproject/logs_davidevi/logs0/Job481.log"}
[2026-04-16 09:34:43.370 Z] [PROCESS] [cadence.virtuoso.ade.simulationMonitor] - Stay with the runId '10', Linger time '300', currentRunSyn '45', currentTestSyn '38' {"hostname": "il2244vt26_davidevi", "processid": 1062233, "logfile": "/home/davidevi/Desktop/myproject/logs_davidevi/logs0/Job481.log"}
[2026-04-16 09:34:44.371 Z] [PROCESS] [cadence.virtuoso.ade.simulationMonitor] - Stay with the runId '10', Linger time '300', currentRunSyn '45', currentTestSyn '38' {"hostname": "il2244vt26_davidevi", "processid": 1062233, "logfile": "/home/davidevi/Desktop/myproject/logs_davidevi/logs0/Job481.log"}
[2026-04-16 09:34:45.372 Z] [PROCESS] [cadence.virtuoso.ade.simulationMonitor] - Stay with the runId '10', Linger time '300', currentRunSyn '45', currentTestSyn '38' {"hostname": "il2244vt26_davidevi", "processid": 1062233, "logfile": "/home/davidevi/Desktop/myproject/logs_davidevi/logs0/Job481.log"}
[2026-04-16 09:34:46.373 Z] [PROCESS] [cadence.virtuoso.ade.simulationMonitor] - Stay with the runId '10', Linger time '300', currentRunSyn '45', currentTestSyn '38' {"hostname": "il2244vt26_davidevi", "processid": 1062233, "logfile": "/home/davidevi/Desktop/myproject/logs_davidevi/logs0/Job481.log"}
[2026-04-16 09:34:47.374 Z] [PROCESS] [cadence.virtuoso.ade.simulationMonitor] - Stay with the runId '10', Linger time '300', currentRunSyn '45', currentTestSyn '38' {"hostname": "il2244vt26_davidevi", "processid": 1062233, "logfile": "/home/davidevi/Desktop/myproject/logs_davidevi/logs0/Job481.log"}
[2026-04-16 09:34:48.380 Z] [PROCESS] [cadence.virtuoso.ade.simulationMonitor] - Padding test token found for runId '10', Linger time '300', currentRunSyn '45', currentTestSyn '38' {"hostname": "il2244vt26_davidevi", "processid": 1062233, "logfile": "/home/davidevi/Desktop/myproject/logs_davidevi/logs0/Job481.log"}
[2026-04-16 09:34:48.382 Z] [PROCESS] [cadence.virtuoso.ade.simulationMonitor] - Stay with the runId '10', Linger time '300', currentRunSyn '45', currentTestSyn '38' {"hostname": "il2244vt26_davidevi", "processid": 1062233, "logfile": "/home/davidevi/Desktop/myproject/logs_davidevi/logs0/Job481.log"}
[2026-04-16 09:34:49.387 Z] [PROCESS] [cadence.virtuoso.ade.simulationMonitor] - Stay with the runId '10', Linger time '300', currentRunSyn '45', currentTestSyn '38' {"hostname": "il2244vt26_davidevi", "processid": 1062233, "logfile": "/home/davidevi/Desktop/myproject/logs_davidevi/logs0/Job481.log"}
[2026-04-16 09:34:50.388 Z] [PROCESS] [cadence.virtuoso.ade.simulationMonitor] - Stay with the runId '10', Linger time '300', currentRunSyn '45', currentTestSyn '38' {"hostname": "il2244vt26_davidevi", "processid": 1062233, "logfile": "/home/davidevi/Desktop/myproject/logs_davidevi/logs0/Job481.log"}
[2026-04-16 09:34:51.390 Z] [PROCESS] [cadence.virtuoso.ade.simulationMonitor] - Stay with the runId '10', Linger time '300', currentRunSyn '45', currentTestSyn '38' {"hostname": "il2244vt26_davidevi", "processid": 1062233, "logfile": "/home/davidevi/Desktop/myproject/logs_davidevi/logs0/Job481.log"}
[2026-04-16 09:34:52.393 Z] [PROCESS] [cadence.virtuoso.ade.simulationMonitor] - Stay with the runId '10', Linger time '300', currentRunSyn '45', currentTestSyn '38' {"hostname": "il2244vt26_davidevi", "processid": 1062233, "logfile": "/home/davidevi/Desktop/myproject/logs_davidevi/logs0/Job481.log"}
[2026-04-16 09:34:53.394 Z] [PROCESS] [cadence.virtuoso.ade.simulationMonitor] - Stay with the runId '10', Linger time '300', currentRunSyn '45', currentTestSyn '38' {"hostname": "il2244vt26_davidevi", "processid": 1062233, "logfile": "/home/davidevi/Desktop/myproject/logs_davidevi/logs0/Job481.log"}
[2026-04-16 09:34:54.396 Z] [PROCESS] [cadence.virtuoso.ade.simulationMonitor] - Stay with the runId '10', Linger time '300', currentRunSyn '45', currentTestSyn '38' {"hostname": "il2244vt26_davidevi", "processid": 1062233, "logfile": "/home/davidevi/Desktop/myproject/logs_davidevi/logs0/Job481.log"}
[2026-04-16 09:34:55.396 Z] [PROCESS] [cadence.virtuoso.ade.simulationMonitor] - Stay with the runId '10', Linger time '300', currentRunSyn '45', currentTestSyn '38' {"hostname": "il2244vt26_davidevi", "processid": 1062233, "logfile": "/home/davidevi/Desktop/myproject/logs_davidevi/logs0/Job481.log"}
[2026-04-16 09:34:56.397 Z] [PROCESS] [cadence.virtuoso.ade.simulationMonitor] - Stay with the runId '10', Linger time '300', currentRunSyn '45', currentTestSyn '38' {"hostname": "il2244vt26_davidevi", "processid": 1062233, "logfile": "/home/davidevi/Desktop/myproject/logs_davidevi/logs0/Job481.log"}
[2026-04-16 09:34:57.398 Z] [PROCESS] [cadence.virtuoso.ade.simulationMonitor] - Stay with the runId '10', Linger time '300', currentRunSyn '45', currentTestSyn '38' {"hostname": "il2244vt26_davidevi", "processid": 1062233, "logfile": "/home/davidevi/Desktop/myproject/logs_davidevi/logs0/Job481.log"}
[2026-04-16 09:34:58.398 Z] [PROCESS] [cadence.virtuoso.ade.simulationMonitor] - Stay with the runId '10', Linger time '300', currentRunSyn '45', currentTestSyn '38' {"hostname": "il2244vt26_davidevi", "processid": 1062233, "logfile": "/home/davidevi/Desktop/myproject/logs_davidevi/logs0/Job481.log"}
[2026-04-16 09:34:59.400 Z] [PROCESS] [cadence.virtuoso.ade.simulationMonitor] - Stay with the runId '10', Linger time '300', currentRunSyn '45', currentTestSyn '38' {"hostname": "il2244vt26_davidevi", "processid": 1062233, "logfile": "/home/davidevi/Desktop/myproject/logs_davidevi/logs0/Job481.log"}
[2026-04-16 09:35:00.400 Z] [PROCESS] [cadence.virtuoso.ade.simulationMonitor] - Stay with the runId '10', Linger time '300', currentRunSyn '45', currentTestSyn '38' {"hostname": "il2244vt26_davidevi", "processid": 1062233, "logfile": "/home/davidevi/Desktop/myproject/logs_davidevi/logs0/Job481.log"}
[2026-04-16 09:35:01.401 Z] [PROCESS] [cadence.virtuoso.ade.simulationMonitor] - Stay with the runId '10', Linger time '300', currentRunSyn '45', currentTestSyn '38' {"hostname": "il2244vt26_davidevi", "processid": 1062233, "logfile": "/home/davidevi/Desktop/myproject/logs_davidevi/logs0/Job481.log"}
[2026-04-16 09:35:02.407 Z] [PROCESS] [cadence.virtuoso.ade.simulationMonitor] - Padding test token found for runId '10', Linger time '300', currentRunSyn '45', currentTestSyn '38' {"hostname": "il2244vt26_davidevi", "processid": 1062233, "logfile": "/home/davidevi/Desktop/myproject/logs_davidevi/logs0/Job481.log"}
[2026-04-16 09:35:02.416 Z] [PROCESS] [cadence.virtuoso.ade.simulationMonitor] - Stay with the runId '10', Linger time '300', currentRunSyn '45', currentTestSyn '38' {"hostname": "il2244vt26_davidevi", "processid": 1062233, "logfile": "/home/davidevi/Desktop/myproject/logs_davidevi/logs0/Job481.log"}
[2026-04-16 09:35:03.417 Z] [PROCESS] [cadence.virtuoso.ade.simulationMonitor] - Stay with the runId '10', Linger time '300', currentRunSyn '45', currentTestSyn '38' {"hostname": "il2244vt26_davidevi", "processid": 1062233, "logfile": "/home/davidevi/Desktop/myproject/logs_davidevi/logs0/Job481.log"}
[2026-04-16 09:35:04.418 Z] [PROCESS] [cadence.virtuoso.ade.simulationMonitor] - Stay with the runId '10', Linger time '300', currentRunSyn '45', currentTestSyn '38' {"hostname": "il2244vt26_davidevi", "processid": 1062233, "logfile": "/home/davidevi/Desktop/myproject/logs_davidevi/logs0/Job481.log"}
[2026-04-16 09:35:05.420 Z] [PROCESS] [cadence.virtuoso.ade.simulationMonitor] - Stay with the runId '10', Linger time '300', currentRunSyn '45', currentTestSyn '38' {"hostname": "il2244vt26_davidevi", "processid": 1062233, "logfile": "/home/davidevi/Desktop/myproject/logs_davidevi/logs0/Job481.log"}
[2026-04-16 09:35:06.420 Z] [PROCESS] [cadence.virtuoso.ade.simulationMonitor] - Stay with the runId '10', Linger time '300', currentRunSyn '45', currentTestSyn '38' {"hostname": "il2244vt26_davidevi", "processid": 1062233, "logfile": "/home/davidevi/Desktop/myproject/logs_davidevi/logs0/Job481.log"}
[2026-04-16 09:35:07.421 Z] [PROCESS] [cadence.virtuoso.ade.simulationMonitor] - Stay with the runId '10', Linger time '300', currentRunSyn '45', currentTestSyn '38' {"hostname": "il2244vt26_davidevi", "processid": 1062233, "logfile": "/home/davidevi/Desktop/myproject/logs_davidevi/logs0/Job481.log"}
[2026-04-16 09:35:08.426 Z] [PROCESS] [cadence.virtuoso.ade.simulationMonitor] - Stay with the runId '10', Linger time '300', currentRunSyn '45', currentTestSyn '38' {"hostname": "il2244vt26_davidevi", "processid": 1062233, "logfile": "/home/davidevi/Desktop/myproject/logs_davidevi/logs0/Job481.log"}
[2026-04-16 09:35:09.426 Z] [PROCESS] [cadence.virtuoso.ade.simulationMonitor] - Stay with the runId '10', Linger time '300', currentRunSyn '45', currentTestSyn '38' {"hostname": "il2244vt26_davidevi", "processid": 1062233, "logfile": "/home/davidevi/Desktop/myproject/logs_davidevi/logs0/Job481.log"}
[2026-04-16 09:35:10.428 Z] [PROCESS] [cadence.virtuoso.ade.simulationMonitor] - Stay with the runId '10', Linger time '300', currentRunSyn '45', currentTestSyn '38' {"hostname": "il2244vt26_davidevi", "processid": 1062233, "logfile": "/home/davidevi/Desktop/myproject/logs_davidevi/logs0/Job481.log"}
[2026-04-16 09:35:11.429 Z] [PROCESS] [cadence.virtuoso.ade.simulationMonitor] - Stay with the runId '10', Linger time '300', currentRunSyn '45', currentTestSyn '38' {"hostname": "il2244vt26_davidevi", "processid": 1062233, "logfile": "/home/davidevi/Desktop/myproject/logs_davidevi/logs0/Job481.log"}
[2026-04-16 09:35:12.430 Z] [PROCESS] [cadence.virtuoso.ade.simulationMonitor] - Stay with the runId '10', Linger time '300', currentRunSyn '45', currentTestSyn '38' {"hostname": "il2244vt26_davidevi", "processid": 1062233, "logfile": "/home/davidevi/Desktop/myproject/logs_davidevi/logs0/Job481.log"}
[2026-04-16 09:35:13.433 Z] [PROCESS] [cadence.virtuoso.ade.simulationMonitor] - Stay with the runId '10', Linger time '300', currentRunSyn '45', currentTestSyn '38' {"hostname": "il2244vt26_davidevi", "processid": 1062233, "logfile": "/home/davidevi/Desktop/myproject/logs_davidevi/logs0/Job481.log"}
[2026-04-16 09:35:14.434 Z] [PROCESS] [cadence.virtuoso.ade.simulationMonitor] - Stay with the runId '10', Linger time '300', currentRunSyn '45', currentTestSyn '38' {"hostname": "il2244vt26_davidevi", "processid": 1062233, "logfile": "/home/davidevi/Desktop/myproject/logs_davidevi/logs0/Job481.log"}
[2026-04-16 09:35:15.434 Z] [PROCESS] [cadence.virtuoso.ade.simulationMonitor] - Stay with the runId '10', Linger time '300', currentRunSyn '45', currentTestSyn '38' {"hostname": "il2244vt26_davidevi", "processid": 1062233, "logfile": "/home/davidevi/Desktop/myproject/logs_davidevi/logs0/Job481.log"}
[2026-04-16 09:35:16.440 Z] [PROCESS] [cadence.virtuoso.ade.simulationMonitor] - Padding test token found for runId '10', Linger time '300', currentRunSyn '45', currentTestSyn '38' {"hostname": "il2244vt26_davidevi", "processid": 1062233, "logfile": "/home/davidevi/Desktop/myproject/logs_davidevi/logs0/Job481.log"}
[2026-04-16 09:35:16.446 Z] [PROCESS] [cadence.virtuoso.ade.simulationMonitor] - Stay with the runId '10', Linger time '300', currentRunSyn '45', currentTestSyn '38' {"hostname": "il2244vt26_davidevi", "processid": 1062233, "logfile": "/home/davidevi/Desktop/myproject/logs_davidevi/logs0/Job481.log"}
[2026-04-16 09:35:17.446 Z] [PROCESS] [cadence.virtuoso.ade.simulationMonitor] - Stay with the runId '10', Linger time '300', currentRunSyn '45', currentTestSyn '38' {"hostname": "il2244vt26_davidevi", "processid": 1062233, "logfile": "/home/davidevi/Desktop/myproject/logs_davidevi/logs0/Job481.log"}
[2026-04-16 09:35:18.447 Z] [PROCESS] [cadence.virtuoso.ade.simulationMonitor] - Stay with the runId '10', Linger time '300', currentRunSyn '45', currentTestSyn '38' {"hostname": "il2244vt26_davidevi", "processid": 1062233, "logfile": "/home/davidevi/Desktop/myproject/logs_davidevi/logs0/Job481.log"}
[2026-04-16 09:35:19.447 Z] [PROCESS] [cadence.virtuoso.ade.simulationMonitor] - Stay with the runId '10', Linger time '300', currentRunSyn '45', currentTestSyn '38' {"hostname": "il2244vt26_davidevi", "processid": 1062233, "logfile": "/home/davidevi/Desktop/myproject/logs_davidevi/logs0/Job481.log"}
[2026-04-16 09:35:20.447 Z] [PROCESS] [cadence.virtuoso.ade.simulationMonitor] - Stay with the runId '10', Linger time '300', currentRunSyn '45', currentTestSyn '38' {"hostname": "il2244vt26_davidevi", "processid": 1062233, "logfile": "/home/davidevi/Desktop/myproject/logs_davidevi/logs0/Job481.log"}
[2026-04-16 09:35:21.449 Z] [PROCESS] [cadence.virtuoso.ade.simulationMonitor] - Stay with the runId '10', Linger time '300', currentRunSyn '45', currentTestSyn '38' {"hostname": "il2244vt26_davidevi", "processid": 1062233, "logfile": "/home/davidevi/Desktop/myproject/logs_davidevi/logs0/Job481.log"}
[2026-04-16 09:35:22.450 Z] [PROCESS] [cadence.virtuoso.ade.simulationMonitor] - Stay with the runId '10', Linger time '300', currentRunSyn '45', currentTestSyn '38' {"hostname": "il2244vt26_davidevi", "processid": 1062233, "logfile": "/home/davidevi/Desktop/myproject/logs_davidevi/logs0/Job481.log"}
[2026-04-16 09:35:23.451 Z] [PROCESS] [cadence.virtuoso.ade.simulationMonitor] - Stay with the runId '10', Linger time '300', currentRunSyn '45', currentTestSyn '38' {"hostname": "il2244vt26_davidevi", "processid": 1062233, "logfile": "/home/davidevi/Desktop/myproject/logs_davidevi/logs0/Job481.log"}
[2026-04-16 09:35:24.451 Z] [PROCESS] [cadence.virtuoso.ade.simulationMonitor] - Stay with the runId '10', Linger time '300', currentRunSyn '45', currentTestSyn '38' {"hostname": "il2244vt26_davidevi", "processid": 1062233, "logfile": "/home/davidevi/Desktop/myproject/logs_davidevi/logs0/Job481.log"}
[2026-04-16 09:35:25.452 Z] [PROCESS] [cadence.virtuoso.ade.simulationMonitor] - Stay with the runId '10', Linger time '300', currentRunSyn '45', currentTestSyn '38' {"hostname": "il2244vt26_davidevi", "processid": 1062233, "logfile": "/home/davidevi/Desktop/myproject/logs_davidevi/logs0/Job481.log"}
[2026-04-16 09:35:26.452 Z] [PROCESS] [cadence.virtuoso.ade.simulationMonitor] - Stay with the runId '10', Linger time '300', currentRunSyn '45', currentTestSyn '38' {"hostname": "il2244vt26_davidevi", "processid": 1062233, "logfile": "/home/davidevi/Desktop/myproject/logs_davidevi/logs0/Job481.log"}
[2026-04-16 09:35:27.453 Z] [PROCESS] [cadence.virtuoso.ade.simulationMonitor] - Stay with the runId '10', Linger time '300', currentRunSyn '45', currentTestSyn '38' {"hostname": "il2244vt26_davidevi", "processid": 1062233, "logfile": "/home/davidevi/Desktop/myproject/logs_davidevi/logs0/Job481.log"}
[2026-04-16 09:35:28.456 Z] [PROCESS] [cadence.virtuoso.ade.simulationMonitor] - Stay with the runId '10', Linger time '300', currentRunSyn '45', currentTestSyn '38' {"hostname": "il2244vt26_davidevi", "processid": 1062233, "logfile": "/home/davidevi/Desktop/myproject/logs_davidevi/logs0/Job481.log"}
[2026-04-16 09:35:29.456 Z] [PROCESS] [cadence.virtuoso.ade.simulationMonitor] - Stay with the runId '10', Linger time '300', currentRunSyn '45', currentTestSyn '38' {"hostname": "il2244vt26_davidevi", "processid": 1062233, "logfile": "/home/davidevi/Desktop/myproject/logs_davidevi/logs0/Job481.log"}
[2026-04-16 09:35:30.457 Z] [PROCESS] [cadence.virtuoso.ade.simulationMonitor] - Stay with the runId '10', Linger time '300', currentRunSyn '45', currentTestSyn '38' {"hostname": "il2244vt26_davidevi", "processid": 1062233, "logfile": "/home/davidevi/Desktop/myproject/logs_davidevi/logs0/Job481.log"}
[2026-04-16 09:35:31.460 Z] [PROCESS] [cadence.virtuoso.ade.simulationMonitor] - Stay with the runId '10', Linger time '300', currentRunSyn '45', currentTestSyn '38' {"hostname": "il2244vt26_davidevi", "processid": 1062233, "logfile": "/home/davidevi/Desktop/myproject/logs_davidevi/logs0/Job481.log"}
[2026-04-16 09:35:32.461 Z] [PROCESS] [cadence.virtuoso.ade.simulationMonitor] - Stay with the runId '10', Linger time '300', currentRunSyn '45', currentTestSyn '38' {"hostname": "il2244vt26_davidevi", "processid": 1062233, "logfile": "/home/davidevi/Desktop/myproject/logs_davidevi/logs0/Job481.log"}
[2026-04-16 09:35:33.463 Z] [PROCESS] [cadence.virtuoso.ade.simulationMonitor] - Stay with the runId '10', Linger time '300', currentRunSyn '45', currentTestSyn '38' {"hostname": "il2244vt26_davidevi", "processid": 1062233, "logfile": "/home/davidevi/Desktop/myproject/logs_davidevi/logs0/Job481.log"}
[2026-04-16 09:35:34.467 Z] [PROCESS] [cadence.virtuoso.ade.simulationMonitor] - Stay with the runId '10', Linger time '300', currentRunSyn '45', currentTestSyn '38' {"hostname": "il2244vt26_davidevi", "processid": 1062233, "logfile": "/home/davidevi/Desktop/myproject/logs_davidevi/logs0/Job481.log"}
[2026-04-16 09:35:35.468 Z] [PROCESS] [cadence.virtuoso.ade.simulationMonitor] - Stay with the runId '10', Linger time '300', currentRunSyn '45', currentTestSyn '38' {"hostname": "il2244vt26_davidevi", "processid": 1062233, "logfile": "/home/davidevi/Desktop/myproject/logs_davidevi/logs0/Job481.log"}
[2026-04-16 09:35:36.468 Z] [PROCESS] [cadence.virtuoso.ade.simulationMonitor] - Stay with the runId '10', Linger time '300', currentRunSyn '45', currentTestSyn '38' {"hostname": "il2244vt26_davidevi", "processid": 1062233, "logfile": "/home/davidevi/Desktop/myproject/logs_davidevi/logs0/Job481.log"}
[2026-04-16 09:35:37.468 Z] [PROCESS] [cadence.virtuoso.ade.simulationMonitor] - Stay with the runId '10', Linger time '300', currentRunSyn '45', currentTestSyn '38' {"hostname": "il2244vt26_davidevi", "processid": 1062233, "logfile": "/home/davidevi/Desktop/myproject/logs_davidevi/logs0/Job481.log"}
[2026-04-16 09:35:38.469 Z] [PROCESS] [cadence.virtuoso.ade.simulationMonitor] - Stay with the runId '10', Linger time '300', currentRunSyn '45', currentTestSyn '38' {"hostname": "il2244vt26_davidevi", "processid": 1062233, "logfile": "/home/davidevi/Desktop/myproject/logs_davidevi/logs0/Job481.log"}
[2026-04-16 09:35:39.472 Z] [PROCESS] [cadence.virtuoso.ade.simulationMonitor] - Stay with the runId '10', Linger time '300', currentRunSyn '45', currentTestSyn '38' {"hostname": "il2244vt26_davidevi", "processid": 1062233, "logfile": "/home/davidevi/Desktop/myproject/logs_davidevi/logs0/Job481.log"}
[2026-04-16 09:35:40.472 Z] [PROCESS] [cadence.virtuoso.ade.simulationMonitor] - Stay with the runId '10', Linger time '300', currentRunSyn '45', currentTestSyn '38' {"hostname": "il2244vt26_davidevi", "processid": 1062233, "logfile": "/home/davidevi/Desktop/myproject/logs_davidevi/logs0/Job481.log"}
[2026-04-16 09:35:41.472 Z] [PROCESS] [cadence.virtuoso.ade.simulationMonitor] - Stay with the runId '10', Linger time '300', currentRunSyn '45', currentTestSyn '38' {"hostname": "il2244vt26_davidevi", "processid": 1062233, "logfile": "/home/davidevi/Desktop/myproject/logs_davidevi/logs0/Job481.log"}
[2026-04-16 09:35:42.474 Z] [PROCESS] [cadence.virtuoso.ade.simulationMonitor] - Stay with the runId '10', Linger time '300', currentRunSyn '45', currentTestSyn '38' {"hostname": "il2244vt26_davidevi", "processid": 1062233, "logfile": "/home/davidevi/Desktop/myproject/logs_davidevi/logs0/Job481.log"}
[2026-04-16 09:35:43.478 Z] [PROCESS] [cadence.virtuoso.ade.simulationMonitor] - Stay with the runId '10', Linger time '300', currentRunSyn '45', currentTestSyn '38' {"hostname": "il2244vt26_davidevi", "processid": 1062233, "logfile": "/home/davidevi/Desktop/myproject/logs_davidevi/logs0/Job481.log"}
[2026-04-16 09:35:44.482 Z] [PROCESS] [cadence.virtuoso.ade.simulationMonitor] - Stay with the runId '10', Linger time '300', currentRunSyn '45', currentTestSyn '38' {"hostname": "il2244vt26_davidevi", "processid": 1062233, "logfile": "/home/davidevi/Desktop/myproject/logs_davidevi/logs0/Job481.log"}
[2026-04-16 09:35:45.483 Z] [PROCESS] [cadence.virtuoso.ade.simulationMonitor] - Stay with the runId '10', Linger time '300', currentRunSyn '45', currentTestSyn '38' {"hostname": "il2244vt26_davidevi", "processid": 1062233, "logfile": "/home/davidevi/Desktop/myproject/logs_davidevi/logs0/Job481.log"}
[2026-04-16 09:35:46.483 Z] [PROCESS] [cadence.virtuoso.ade.simulationMonitor] - Stay with the runId '10', Linger time '300', currentRunSyn '45', currentTestSyn '38' {"hostname": "il2244vt26_davidevi", "processid": 1062233, "logfile": "/home/davidevi/Desktop/myproject/logs_davidevi/logs0/Job481.log"}
[2026-04-16 09:35:47.485 Z] [PROCESS] [cadence.virtuoso.ade.simulationMonitor] - Stay with the runId '10', Linger time '300', currentRunSyn '45', currentTestSyn '38' {"hostname": "il2244vt26_davidevi", "processid": 1062233, "logfile": "/home/davidevi/Desktop/myproject/logs_davidevi/logs0/Job481.log"}
[2026-04-16 09:35:48.486 Z] [PROCESS] [cadence.virtuoso.ade.simulationMonitor] - Stay with the runId '10', Linger time '300', currentRunSyn '45', currentTestSyn '38' {"hostname": "il2244vt26_davidevi", "processid": 1062233, "logfile": "/home/davidevi/Desktop/myproject/logs_davidevi/logs0/Job481.log"}
[2026-04-16 09:35:49.488 Z] [PROCESS] [cadence.virtuoso.ade.simulationMonitor] - Stay with the runId '10', Linger time '300', currentRunSyn '45', currentTestSyn '38' {"hostname": "il2244vt26_davidevi", "processid": 1062233, "logfile": "/home/davidevi/Desktop/myproject/logs_davidevi/logs0/Job481.log"}
[2026-04-16 09:35:50.496 Z] [PROCESS] [cadence.virtuoso.ade.simulationMonitor] - Padding test token found for runId '10', Linger time '300', currentRunSyn '45', currentTestSyn '38' {"hostname": "il2244vt26_davidevi", "processid": 1062233, "logfile": "/home/davidevi/Desktop/myproject/logs_davidevi/logs0/Job481.log"}
[2026-04-16 09:35:50.520 Z] [PROCESS] [cadence.virtuoso.ade.simulationMonitor] - Padding test token found for runId '10', Linger time '300', currentRunSyn '45', currentTestSyn '38' {"hostname": "il2244vt26_davidevi", "processid": 1062233, "logfile": "/home/davidevi/Desktop/myproject/logs_davidevi/logs0/Job481.log"}
[2026-04-16 09:35:50.597 Z] [PROCESS] [cadence.virtuoso.ade.simulationMonitor] - Stay with the runId '10', Linger time '300', currentRunSyn '45', currentTestSyn '38' {"hostname": "il2244vt26_davidevi", "processid": 1062233, "logfile": "/home/davidevi/Desktop/myproject/logs_davidevi/logs0/Job481.log"}
[2026-04-16 09:35:51.597 Z] [PROCESS] [cadence.virtuoso.ade.simulationMonitor] - Stay with the runId '10', Linger time '300', currentRunSyn '45', currentTestSyn '38' {"hostname": "il2244vt26_davidevi", "processid": 1062233, "logfile": "/home/davidevi/Desktop/myproject/logs_davidevi/logs0/Job481.log"}
[2026-04-16 09:35:52.600 Z] [PROCESS] [cadence.virtuoso.ade.simulationMonitor] - Stay with the runId '10', Linger time '300', currentRunSyn '45', currentTestSyn '38' {"hostname": "il2244vt26_davidevi", "processid": 1062233, "logfile": "/home/davidevi/Desktop/myproject/logs_davidevi/logs0/Job481.log"}
[2026-04-16 09:35:53.600 Z] [PROCESS] [cadence.virtuoso.ade.simulationMonitor] - Stay with the runId '10', Linger time '300', currentRunSyn '45', currentTestSyn '38' {"hostname": "il2244vt26_davidevi", "processid": 1062233, "logfile": "/home/davidevi/Desktop/myproject/logs_davidevi/logs0/Job481.log"}
[2026-04-16 09:35:54.601 Z] [PROCESS] [cadence.virtuoso.ade.simulationMonitor] - Stay with the runId '10', Linger time '300', currentRunSyn '45', currentTestSyn '38' {"hostname": "il2244vt26_davidevi", "processid": 1062233, "logfile": "/home/davidevi/Desktop/myproject/logs_davidevi/logs0/Job481.log"}
[2026-04-16 09:35:55.601 Z] [PROCESS] [cadence.virtuoso.ade.simulationMonitor] - Stay with the runId '10', Linger time '300', currentRunSyn '45', currentTestSyn '38' {"hostname": "il2244vt26_davidevi", "processid": 1062233, "logfile": "/home/davidevi/Desktop/myproject/logs_davidevi/logs0/Job481.log"}
[2026-04-16 09:35:56.606 Z] [PROCESS] [cadence.virtuoso.ade.simulationMonitor] - Padding test token found for runId '10', Linger time '300', currentRunSyn '45', currentTestSyn '38' {"hostname": "il2244vt26_davidevi", "processid": 1062233, "logfile": "/home/davidevi/Desktop/myproject/logs_davidevi/logs0/Job481.log"}
[2026-04-16 09:35:56.609 Z] [PROCESS] [cadence.virtuoso.ade.simulationMonitor] - Stay with the runId '10', Linger time '300', currentRunSyn '45', currentTestSyn '38' {"hostname": "il2244vt26_davidevi", "processid": 1062233, "logfile": "/home/davidevi/Desktop/myproject/logs_davidevi/logs0/Job481.log"}
[2026-04-16 09:35:57.609 Z] [PROCESS] [cadence.virtuoso.ade.simulationMonitor] - Stay with the runId '10', Linger time '300', currentRunSyn '45', currentTestSyn '38' {"hostname": "il2244vt26_davidevi", "processid": 1062233, "logfile": "/home/davidevi/Desktop/myproject/logs_davidevi/logs0/Job481.log"}
[2026-04-16 09:35:58.610 Z] [PROCESS] [cadence.virtuoso.ade.simulationMonitor] - Stay with the runId '10', Linger time '300', currentRunSyn '45', currentTestSyn '38' {"hostname": "il2244vt26_davidevi", "processid": 1062233, "logfile": "/home/davidevi/Desktop/myproject/logs_davidevi/logs0/Job481.log"}
[2026-04-16 09:35:59.611 Z] [PROCESS] [cadence.virtuoso.ade.simulationMonitor] - Stay with the runId '10', Linger time '300', currentRunSyn '45', currentTestSyn '38' {"hostname": "il2244vt26_davidevi", "processid": 1062233, "logfile": "/home/davidevi/Desktop/myproject/logs_davidevi/logs0/Job481.log"}
[2026-04-16 09:36:00.611 Z] [PROCESS] [cadence.virtuoso.ade.simulationMonitor] - Stay with the runId '10', Linger time '300', currentRunSyn '45', currentTestSyn '38' {"hostname": "il2244vt26_davidevi", "processid": 1062233, "logfile": "/home/davidevi/Desktop/myproject/logs_davidevi/logs0/Job481.log"}
[2026-04-16 09:36:01.611 Z] [PROCESS] [cadence.virtuoso.ade.simulationMonitor] - Stay with the runId '10', Linger time '300', currentRunSyn '45', currentTestSyn '38' {"hostname": "il2244vt26_davidevi", "processid": 1062233, "logfile": "/home/davidevi/Desktop/myproject/logs_davidevi/logs0/Job481.log"}
[2026-04-16 09:36:02.612 Z] [PROCESS] [cadence.virtuoso.ade.simulationMonitor] - Stay with the runId '10', Linger time '300', currentRunSyn '45', currentTestSyn '38' {"hostname": "il2244vt26_davidevi", "processid": 1062233, "logfile": "/home/davidevi/Desktop/myproject/logs_davidevi/logs0/Job481.log"}
[2026-04-16 09:36:03.612 Z] [PROCESS] [cadence.virtuoso.ade.simulationMonitor] - Stay with the runId '10', Linger time '300', currentRunSyn '45', currentTestSyn '38' {"hostname": "il2244vt26_davidevi", "processid": 1062233, "logfile": "/home/davidevi/Desktop/myproject/logs_davidevi/logs0/Job481.log"}
[2026-04-16 09:36:04.613 Z] [PROCESS] [cadence.virtuoso.ade.simulationMonitor] - Stay with the runId '10', Linger time '300', currentRunSyn '45', currentTestSyn '38' {"hostname": "il2244vt26_davidevi", "processid": 1062233, "logfile": "/home/davidevi/Desktop/myproject/logs_davidevi/logs0/Job481.log"}
[2026-04-16 09:36:05.613 Z] [PROCESS] [cadence.virtuoso.ade.simulationMonitor] - Stay with the runId '10', Linger time '300', currentRunSyn '45', currentTestSyn '38' {"hostname": "il2244vt26_davidevi", "processid": 1062233, "logfile": "/home/davidevi/Desktop/myproject/logs_davidevi/logs0/Job481.log"}
[2026-04-16 09:36:06.614 Z] [PROCESS] [cadence.virtuoso.ade.simulationMonitor] - Stay with the runId '10', Linger time '300', currentRunSyn '45', currentTestSyn '38' {"hostname": "il2244vt26_davidevi", "processid": 1062233, "logfile": "/home/davidevi/Desktop/myproject/logs_davidevi/logs0/Job481.log"}
[2026-04-16 09:36:07.618 Z] [PROCESS] [cadence.virtuoso.ade.simulationMonitor] - Stay with the runId '10', Linger time '300', currentRunSyn '45', currentTestSyn '38' {"hostname": "il2244vt26_davidevi", "processid": 1062233, "logfile": "/home/davidevi/Desktop/myproject/logs_davidevi/logs0/Job481.log"}
[2026-04-16 09:36:08.618 Z] [PROCESS] [cadence.virtuoso.ade.simulationMonitor] - Stay with the runId '10', Linger time '300', currentRunSyn '45', currentTestSyn '38' {"hostname": "il2244vt26_davidevi", "processid": 1062233, "logfile": "/home/davidevi/Desktop/myproject/logs_davidevi/logs0/Job481.log"}
[2026-04-16 09:36:09.620 Z] [PROCESS] [cadence.virtuoso.ade.simulationMonitor] - Stay with the runId '10', Linger time '300', currentRunSyn '45', currentTestSyn '38' {"hostname": "il2244vt26_davidevi", "processid": 1062233, "logfile": "/home/davidevi/Desktop/myproject/logs_davidevi/logs0/Job481.log"}
[2026-04-16 09:36:10.621 Z] [PROCESS] [cadence.virtuoso.ade.simulationMonitor] - Stay with the runId '10', Linger time '300', currentRunSyn '45', currentTestSyn '38' {"hostname": "il2244vt26_davidevi", "processid": 1062233, "logfile": "/home/davidevi/Desktop/myproject/logs_davidevi/logs0/Job481.log"}
[2026-04-16 09:36:11.624 Z] [PROCESS] [cadence.virtuoso.ade.simulationMonitor] - Stay with the runId '10', Linger time '300', currentRunSyn '45', currentTestSyn '38' {"hostname": "il2244vt26_davidevi", "processid": 1062233, "logfile": "/home/davidevi/Desktop/myproject/logs_davidevi/logs0/Job481.log"}
[2026-04-16 09:36:12.625 Z] [PROCESS] [cadence.virtuoso.ade.simulationMonitor] - Stay with the runId '10', Linger time '300', currentRunSyn '45', currentTestSyn '38' {"hostname": "il2244vt26_davidevi", "processid": 1062233, "logfile": "/home/davidevi/Desktop/myproject/logs_davidevi/logs0/Job481.log"}
[2026-04-16 09:36:13.625 Z] [PROCESS] [cadence.virtuoso.ade.simulationMonitor] - Stay with the runId '10', Linger time '300', currentRunSyn '45', currentTestSyn '38' {"hostname": "il2244vt26_davidevi", "processid": 1062233, "logfile": "/home/davidevi/Desktop/myproject/logs_davidevi/logs0/Job481.log"}
[2026-04-16 09:36:14.625 Z] [PROCESS] [cadence.virtuoso.ade.simulationMonitor] - Stay with the runId '10', Linger time '300', currentRunSyn '45', currentTestSyn '38' {"hostname": "il2244vt26_davidevi", "processid": 1062233, "logfile": "/home/davidevi/Desktop/myproject/logs_davidevi/logs0/Job481.log"}
[2026-04-16 09:36:15.626 Z] [PROCESS] [cadence.virtuoso.ade.simulationMonitor] - Stay with the runId '10', Linger time '300', currentRunSyn '45', currentTestSyn '38' {"hostname": "il2244vt26_davidevi", "processid": 1062233, "logfile": "/home/davidevi/Desktop/myproject/logs_davidevi/logs0/Job481.log"}
[2026-04-16 09:36:16.626 Z] [PROCESS] [cadence.virtuoso.ade.simulationMonitor] - Stay with the runId '10', Linger time '300', currentRunSyn '45', currentTestSyn '38' {"hostname": "il2244vt26_davidevi", "processid": 1062233, "logfile": "/home/davidevi/Desktop/myproject/logs_davidevi/logs0/Job481.log"}
[2026-04-16 09:36:17.627 Z] [PROCESS] [cadence.virtuoso.ade.simulationMonitor] - Stay with the runId '10', Linger time '300', currentRunSyn '45', currentTestSyn '38' {"hostname": "il2244vt26_davidevi", "processid": 1062233, "logfile": "/home/davidevi/Desktop/myproject/logs_davidevi/logs0/Job481.log"}
[2026-04-16 09:36:18.629 Z] [PROCESS] [cadence.virtuoso.ade.simulationMonitor] - Stay with the runId '10', Linger time '300', currentRunSyn '45', currentTestSyn '38' {"hostname": "il2244vt26_davidevi", "processid": 1062233, "logfile": "/home/davidevi/Desktop/myproject/logs_davidevi/logs0/Job481.log"}
[2026-04-16 09:36:19.631 Z] [PROCESS] [cadence.virtuoso.ade.simulationMonitor] - Stay with the runId '10', Linger time '300', currentRunSyn '45', currentTestSyn '38' {"hostname": "il2244vt26_davidevi", "processid": 1062233, "logfile": "/home/davidevi/Desktop/myproject/logs_davidevi/logs0/Job481.log"}
[2026-04-16 09:36:20.633 Z] [PROCESS] [cadence.virtuoso.ade.simulationMonitor] - Stay with the runId '10', Linger time '300', currentRunSyn '45', currentTestSyn '38' {"hostname": "il2244vt26_davidevi", "processid": 1062233, "logfile": "/home/davidevi/Desktop/myproject/logs_davidevi/logs0/Job481.log"}
[2026-04-16 09:36:21.635 Z] [PROCESS] [cadence.virtuoso.ade.simulationMonitor] - Stay with the runId '10', Linger time '300', currentRunSyn '45', currentTestSyn '38' {"hostname": "il2244vt26_davidevi", "processid": 1062233, "logfile": "/home/davidevi/Desktop/myproject/logs_davidevi/logs0/Job481.log"}
[2026-04-16 09:36:22.637 Z] [PROCESS] [cadence.virtuoso.ade.simulationMonitor] - Stay with the runId '10', Linger time '300', currentRunSyn '45', currentTestSyn '38' {"hostname": "il2244vt26_davidevi", "processid": 1062233, "logfile": "/home/davidevi/Desktop/myproject/logs_davidevi/logs0/Job481.log"}
[2026-04-16 09:36:23.637 Z] [PROCESS] [cadence.virtuoso.ade.simulationMonitor] - Stay with the runId '10', Linger time '300', currentRunSyn '45', currentTestSyn '38' {"hostname": "il2244vt26_davidevi", "processid": 1062233, "logfile": "/home/davidevi/Desktop/myproject/logs_davidevi/logs0/Job481.log"}
[2026-04-16 09:36:24.637 Z] [PROCESS] [cadence.virtuoso.ade.simulationMonitor] - Stay with the runId '10', Linger time '300', currentRunSyn '45', currentTestSyn '38' {"hostname": "il2244vt26_davidevi", "processid": 1062233, "logfile": "/home/davidevi/Desktop/myproject/logs_davidevi/logs0/Job481.log"}
[2026-04-16 09:36:25.639 Z] [PROCESS] [cadence.virtuoso.ade.simulationMonitor] - Stay with the runId '10', Linger time '300', currentRunSyn '45', currentTestSyn '38' {"hostname": "il2244vt26_davidevi", "processid": 1062233, "logfile": "/home/davidevi/Desktop/myproject/logs_davidevi/logs0/Job481.log"}
[2026-04-16 09:36:26.641 Z] [PROCESS] [cadence.virtuoso.ade.simulationMonitor] - Stay with the runId '10', Linger time '300', currentRunSyn '45', currentTestSyn '38' {"hostname": "il2244vt26_davidevi", "processid": 1062233, "logfile": "/home/davidevi/Desktop/myproject/logs_davidevi/logs0/Job481.log"}
[2026-04-16 09:36:27.642 Z] [PROCESS] [cadence.virtuoso.ade.simulationMonitor] - Stay with the runId '10', Linger time '300', currentRunSyn '45', currentTestSyn '38' {"hostname": "il2244vt26_davidevi", "processid": 1062233, "logfile": "/home/davidevi/Desktop/myproject/logs_davidevi/logs0/Job481.log"}
[2026-04-16 09:36:28.642 Z] [PROCESS] [cadence.virtuoso.ade.simulationMonitor] - Stay with the runId '10', Linger time '300', currentRunSyn '45', currentTestSyn '38' {"hostname": "il2244vt26_davidevi", "processid": 1062233, "logfile": "/home/davidevi/Desktop/myproject/logs_davidevi/logs0/Job481.log"}
[2026-04-16 09:36:29.642 Z] [PROCESS] [cadence.virtuoso.ade.simulationMonitor] - Current memory used: 52.3359 MBytes, peak memory used: 52.3359 MBytes {"hostname": "il2244vt26_davidevi", "processid": 1062233, "logfile": "/home/davidevi/Desktop/myproject/logs_davidevi/logs0/Job481.log"}
[2026-04-16 09:36:29.642 Z] [PROCESS] [cadence.virtuoso.ade.simulationMonitor] - Simulation Monitor process exit. {"hostname": "il2244vt26_davidevi", "processid": 1062233, "logfile": "/home/davidevi/Desktop/myproject/logs_davidevi/logs0/Job481.log"}
