\# Program start time:     UTC 2026.04.16 09:47:18.692
\# Local time: UTC (UTC+00:00) 2026.04.16 09:47:18.692
\o Program:		@(#)$CDS: virtuoso version 6.1.8-64b 09/03/2024 19:11 (sjfhw316) $
\o Hierarchy:		/opt/tools/cadence/installs/IC618/tools.lnx86/dfII/
\o Sub version:		sub-version  IC6.1.8-64b.500.36  (64-bit addresses)
\# Command line:	/opt/tools/cadence/installs/IC618/tools.lnx86/dfII/bin/64bit/virtuoso -noautostart -mpssession virtuoso483270 -mpshost il2244vt26_davidevi -davinciService DaVinciService_483270_1773683810 -log /home/davidevi/Desktop/myproject/logs_davidevi/logs0/Job491.log -licenseLockFileName /home/davidevi/Desktop/myproject/.tmp_davidevi/.il2244vt26_davidevi_483270 -interactiveA -interactiveE -interactiveRTT -nostdin -nographE -axlChildIdFlag 491
\# Host name (type):	il2244vt26_davidevi (x86_64)
\# Operating system:	Linux 5.15.0-164-generic #174-Ubuntu SMP Fri Nov 14 20:25:16 UTC 2025
\# Linux /etc/issue:	\S
\# Linux /etc/issue:	Kernel \r on an \m
\# X display name (WxH):	:7418 (1024x868)
\# Available geometry:			TL(0:0) BR(1023:867)
\# X server:			The X.Org Foundation
\# Depth of Visual (Root):	24 (24)
\# Number of Planes Used:	24
\# X version:		11.0 (vendor release 12011000)
\# X resource pool:	base 0x400000, mask 0x1fffff (2097151), shift 0
\# 			current id 0x0, current max 0x1ffffa (2097146)
\# Max data seg size:	     unlimited
\# Max process size:	     unlimited
\# Initial sbrk value:	      1,312 MB
\# Available memory:	  2,387,076 MB
\# System memory:	  3,104,512 MB
\# Maximum memory size:	  3,103,321 MB
\# Max mem available:	  2,387,197 MB
\# Initial memory used:	        121 MB
\#        process size:	      1,677 MB
\# Thread usage limits (effective/default):	maxthreads 4294967295/4294967295 maxload 48.00/48.00
\# Qt version:		5.9.1
\# Window Manager:	other
\# User Name:		davidevi
\o Working Directory:	il2244vt26_davidevi:/home/davidevi/Desktop/myproject
\# Process Id:		1071886
\o 
\o COPYRIGHT (C) 1992-2024  CADENCE DESIGN SYSTEMS INC.  ALL RIGHTS RESERVED.
\o           (C) 1992-2024  UNIX SYSTEMS Laboratories INC.,
\o                          Reproduced with permission.
\o 
\o This Cadence Design Systems program and online documentation are
\o proprietary/confidential information and may be disclosed/used only
\o as authorized in a license agreement controlling such use and disclosure.
\o 
\o           RESTRICTED RIGHTS NOTICE (SHORT FORM)
\o Use/reproduction/disclosure is subject to restriction
\o set forth at FAR 1252.227-19 or its equivalent.
\o Loading geView.cxt 
\o Loading menuBuilder.cxt 
\o Loading schView.cxt 
\o Loading selectSv.cxt 
\o Loading wireEdit.cxt 
\o Loading pte2.cxt 
\w Qt Warning: setNativeLocks failed: "Resource temporarily unavailable"
\o Loading xlUI.cxt 
\o Loading auCore.cxt 
\o Loading vhdl.cxt 
\o Loading seismic.cxt 
\o Loading ci.cxt 
\o Loading ams.cxt 
\o Loading oasis.cxt 
\o Loading analog.cxt 
\o Loading asimenv.cxt 
\o Loading dal.cxt 
\o Loading awv.cxt 
\o Loading socket.cxt 
\o Loading par.cxt 
\o Loading alvs.cxt 
\o Loading caa.cxt 
\o Loading amps.cxt 
\o Loading adexlCore.cxt 
\o Loading adexl.cxt 
\o *Info*    Exporting services from client ... 
\o 
\# Memory report: using         248 MB, process size 1,928 MB at UTC 2026.04.16 09:47:21.003
\o Loading adexlDM.cxt 
\o Loading cpf.cxt 
\o Loading cli.cxt 
\o Loading lp.cxt 
\o INFO (ELI-00302) Connecting to parent process (session=virtuoso483270, host=il2244vt26_davidevi). Connection mode is ICRP. Total timeout is 180 seconds. Connection timeout is 90 seconds.
\o INFO (ELI-00303) Step 1: Connecting to parent. Time spent is 0 seconds.
\o INFO (ELI-00304) The registration of the child 1071886 within 90 seconds is being processed...
\o INFO (ELI-00305) The result of registration is true. Time spent is 0 seconds.
\o INFO (ELI-00308) The connection has ended. Result is true. Total time spent is 0 seconds.
\# [09:47:18.445418] Configured Lic search path (22.01-s002): 3000@lic08.ug.kth.se:29000@lic06.ug.kth.se
\o ......................................................................................
\o            ams AG HIT-Kit v.ams_4.10
\o ......................................................................................
\o COPYRIGHT (c) 2012 Full Service Foundry @ ams AG.  ALL RIGHTS RESERVED
\o This HIT-Kit and attached documentation are confidential information and may 
\o only be used as authorized by the HIT-Kit license agreement.
\o ......................................................................................
\# Current Window: window(2)
\o Loading simulator default settings.
\o Loading simulator default settings.
\o *Info*    Client has finished starting ... 
\o 
\o Loading vdsil.cxt 
\p hitkit: ams_4.10  Tech: c35b4c3  User: davidevi 
\w *WARNING* could not load font "-*-courier-medium-r-*-*-12-*", using font "fixed"
\# Loading perfDiag...
\# (PerfDiag): Set GDB path to environment variable 'gdbPath' (gdb).
\# Performance Diagnostic tool is installed. You can access PerfDiag from CIW Tools or use the shell command 'cdsPerfDiag -p 1071886' to open it when Virtuoso freezes.
\# (PerfDiag): Use backtrace from GLIBC.
\w *WARNING* _perfPstackCheck: Cannot find pstack/gstack. Please setup PATH environment variable to pstack/gstack executable.
\o Loading vqp.cxt 
\o Loading hdlPkg.cxt 
\o 
\o 
\o *Info*    Configuring the session ...
\o 
\o Loading simui.cxt 
\o 	Library      = VGA
\o 	Cell         = VGA_1_wakeup_tb
\o 	View         = schematic
\o 	Simulator    = spectre
\o 	State Path   = $AXL_SETUPDB_DIR/test_states
\o 	State Name   = wakeup_MC_wakeup:1_state_MonteCarlo.3
\o 	Results DB   = /home/davidevi/Desktop/myproject/VGA/VGA_1_wakeup_tb/adexl/results/data/MonteCarlo.3.rdb
\o 	Results Dir  = /home/davidevi/Desktop/myproject/Sim/VGA/VGA_1_wakeup_tb/adexl/results/data/MonteCarlo.3/1/wakeup_MC
\o 	Results Loc  = /home/davidevi/Desktop/myproject/Sim/VGA/VGA_1_wakeup_tb/adexl/results/data
\o 	Project Dir  = /home/davidevi/Desktop/myproject/Sim
\o 	Setup DB loc = /home/davidevi/Desktop/myproject/VGA/VGA_1_wakeup_tb/adexl
\o 	File Encoding = 0
\o 
\o 
\o Loading viva.cxt 
\o Loading spectrei.cxt 
\o Loading devCheck.cxt 
\o Loading relXpert.cxt 
\# Memory report: using         374 MB, process size 2,070 MB at UTC 2026.04.16 09:47:24.006
\o Loading hspiceD.cxt 
\o Loading spectreinl.cxt 
\o Loading msgHandler.cxt 
\o Loading UltraSim.cxt 
\o Loading AMSOSS.cxt 
\o Loading AMS.cxt 
\o 
\o *Info*    The auto suspension is disabled.
\o 
\o Loading monte.cxt 
\o 
\o 
\o 
\o 
\o 
\o *Info*    Run start for Point ID (2 1) on testbench [ wakeup_MC ].
\o 
\o Resetting statistical vars
\o 
\o *Info*    Setting parameter values ...
\o 
\o Setting var S0 = "3.3"
\o Setting var S1 = "3.3"
\o Setting var S2 = "3.3"
\o Setting var S3 = "3.3"
\o Setting var TF = "1u"
\o Setting var TR = "1u"
\o Setting var VDD = "0"
\o Setting var VIN_PULSE = "0"
\o Setting var V_AMP = "0"
\o Setting var V_FREQ = "0"
\o Setting var temperature = "27"
\o Setting temp(T) = 27
\o Setting var tf = "1u"
\o Setting var tr = "1u"
\o 
\o *Info*    Netlist Directory =
\o           /home/davidevi/Desktop/myproject/Sim/VGA/VGA_1_wakeup_tb/adexl/results/data/MonteCarlo.3/1/wakeup_MC/groupRunDataDir/netlist
\o 
\o 
\o *Info*    Data Directory    =
\o           /home/davidevi/Desktop/myproject/Sim/VGA/VGA_1_wakeup_tb/adexl/results/data/MonteCarlo.3/1/wakeup_MC/groupRunDataDir
\o 
\o 
\o *Info*    Creating Netlist for Point ID (2 1)
\o 
\o generate netlist...
\o Loading hnlInit.cxt 
\o Loading seCore.cxt 
\o function ansCdlCompPrim redefined
\o function ansCdlCompPrim redefined
\# [09:47:25.330273] Periodic Lic check successful
\# [09:47:25.330275] Feature usage summary:
\o Begin Incremental Netlisting Apr 16 09:47:25 2026
\o Loading json.cxt 
\o End netlisting Apr 16 09:47:25 2026
\o 
\o Netlisting Statistics:
\o 	Number of components:   39
\o 
\o 	Elapsed time:          0.0s
\o Errors: 0	Warnings: 0
\o       ...successful.
\o compose simulator input file...
\o       ...successful.
\o 
\o *Info*    Running simulation on testbench [ wakeup_MC ] for Point ID
\o           (2 1).
\o 
\o *Info*    Spectre controlMode is set "batch" due to monte carlo run.
\o 
\o Delete psf data in /home/davidevi/Desktop/myproject/Sim/VGA/VGA_1_wakeup_tb/adexl/results/data/MonteCarlo.3/1/wakeup_MC/groupRunDataDir/psf.
\o generate netlist...
\o function ansCdlCompPrim redefined
\o function ansCdlCompPrim redefined
\o Begin Incremental Netlisting Apr 16 09:47:26 2026
\o End netlisting Apr 16 09:47:26 2026
\o 
\o 	The netlist is up to date.
\o 	Time taken to compare the design with netlist:   0.0s
\o       ...successful.
\o compose simulator input file...
\o       ...successful.
\o start simulator if needed...
\o       ...successful.
\o simulate...
\o To view the simulator output, right-click on the test name, result 
\o name, or any value in the "Results" tab of the Outputs section and 
\o choose "Output Log" menu option.
\o WARNING (ADE-3080): Fast viewing extensions for PSF XL format (also known as RTSF) will be discontinued  
\o        and Virtuoso Visualization and Analysis XL will not use RTSF data to plot waveforms from IC6.1.8 ISR7 onward. 
\o        There will be no performance impact on data visualization due to this change.
\o Loading paraplot.cxt 
\# Available memory:      2,387,009 MB at UTC 2026.04.16 09:47:29.491
\# Memory report: Maximum memory size now 2,387,446 MB at UTC 2026.04.16 09:47:29.491
\# Thread usage report: 54 active threads, active load 1.40 at UTC 2026.04.16 09:47:29.491
\o WARNING (OCN-6038): Results noise are not available for /home/davidevi/Desktop/myproject/Sim/VGA/VGA_1_wakeup_tb/adexl/results/data/MonteCarlo.3/1/wakeup_MC/groupRunDataDir/psf/mc1_separate/001/. Use results() for a list of available results.
\o WARNING (OCN-6038): Results noise are not available for /home/davidevi/Desktop/myproject/Sim/VGA/VGA_1_wakeup_tb/adexl/results/data/MonteCarlo.3/1/wakeup_MC/groupRunDataDir/psf/mc1_separate/001/. Use results() for a list of available results.
\o ERROR (ADE-2709): Evaluation of output 'OUT NOISE' returned 'nil' for point:'1' test:'wakeup_MC'
\o 	Expression:'getData("out" ?result "noise")'.
\o Ensure that the definition of output is correct.
\o 
\o WARNING (OCN-6038): Results noise are not available for /home/davidevi/Desktop/myproject/Sim/VGA/VGA_1_wakeup_tb/adexl/results/data/MonteCarlo.3/1/wakeup_MC/groupRunDataDir/psf/mc1_separate/001/. Use results() for a list of available results.
\o WARNING (OCN-6038): Results noise are not available for /home/davidevi/Desktop/myproject/Sim/VGA/VGA_1_wakeup_tb/adexl/results/data/MonteCarlo.3/1/wakeup_MC/groupRunDataDir/psf/mc1_separate/001/. Use results() for a list of available results.
\e *Error* ("expt" 0 t nil ("*Error* expt: can't handle (nil**2)"))
\e 
\e 
\o ERROR (ADE-2708): Evaluation of output 'total noise' failed for point:'1' test:'wakeup_MC'
\o 	Expression:'sqrt(totalNoise("noise" 0.01 100000000 nil))'
\o 	because of the following error(s)
\o 	*Error* expt: can't handle (nil**2).
\o Ensure that the definition of output is correct.
\o 
\o *Info*    Client has finished evaluating ... 
\o 
\o 
\o *Info*    Run complete for Point ID (2 1) on testbench [ wakeup_MC ].
\o 
\o 
\o 
\o 
\o 
\o WARNING (OCN-6038): Results noise are not available for /home/davidevi/Desktop/myproject/Sim/VGA/VGA_1_wakeup_tb/adexl/results/data/MonteCarlo.3/1/wakeup_MC/groupRunDataDir/psf/mc1_separate/002/. Use results() for a list of available results.
\o WARNING (OCN-6038): Results noise are not available for /home/davidevi/Desktop/myproject/Sim/VGA/VGA_1_wakeup_tb/adexl/results/data/MonteCarlo.3/1/wakeup_MC/groupRunDataDir/psf/mc1_separate/002/. Use results() for a list of available results.
\o ERROR (ADE-2709): Evaluation of output 'OUT NOISE' returned 'nil' for point:'2' test:'wakeup_MC'
\o 	Expression:'getData("out" ?result "noise")'.
\o Ensure that the definition of output is correct.
\o 
\o WARNING (OCN-6038): Results noise are not available for /home/davidevi/Desktop/myproject/Sim/VGA/VGA_1_wakeup_tb/adexl/results/data/MonteCarlo.3/1/wakeup_MC/groupRunDataDir/psf/mc1_separate/002/. Use results() for a list of available results.
\o WARNING (OCN-6038): Results noise are not available for /home/davidevi/Desktop/myproject/Sim/VGA/VGA_1_wakeup_tb/adexl/results/data/MonteCarlo.3/1/wakeup_MC/groupRunDataDir/psf/mc1_separate/002/. Use results() for a list of available results.
\e *Error* ("expt" 0 t nil ("*Error* expt: can't handle (nil**2)"))
\e 
\e 
\o ERROR (ADE-2708): Evaluation of output 'total noise' failed for point:'2' test:'wakeup_MC'
\o 	Expression:'sqrt(totalNoise("noise" 0.01 100000000 nil))'
\o 	because of the following error(s)
\o 	*Error* expt: can't handle (nil**2).
\o Ensure that the definition of output is correct.
\o 
\o *Info*    Client has finished evaluating ... 
\o 
\o 
\o *Info*    Run complete for Point ID (2 2) on testbench [ wakeup_MC ].
\o 
\o 
\o 
\o 
\o 
\o WARNING (OCN-6038): Results noise are not available for /home/davidevi/Desktop/myproject/Sim/VGA/VGA_1_wakeup_tb/adexl/results/data/MonteCarlo.3/1/wakeup_MC/groupRunDataDir/psf/mc1_separate/003/. Use results() for a list of available results.
\o WARNING (OCN-6038): Results noise are not available for /home/davidevi/Desktop/myproject/Sim/VGA/VGA_1_wakeup_tb/adexl/results/data/MonteCarlo.3/1/wakeup_MC/groupRunDataDir/psf/mc1_separate/003/. Use results() for a list of available results.
\o ERROR (ADE-2709): Evaluation of output 'OUT NOISE' returned 'nil' for point:'3' test:'wakeup_MC'
\o 	Expression:'getData("out" ?result "noise")'.
\o Ensure that the definition of output is correct.
\o 
\o WARNING (OCN-6038): Results noise are not available for /home/davidevi/Desktop/myproject/Sim/VGA/VGA_1_wakeup_tb/adexl/results/data/MonteCarlo.3/1/wakeup_MC/groupRunDataDir/psf/mc1_separate/003/. Use results() for a list of available results.
\o WARNING (OCN-6038): Results noise are not available for /home/davidevi/Desktop/myproject/Sim/VGA/VGA_1_wakeup_tb/adexl/results/data/MonteCarlo.3/1/wakeup_MC/groupRunDataDir/psf/mc1_separate/003/. Use results() for a list of available results.
\e *Error* ("expt" 0 t nil ("*Error* expt: can't handle (nil**2)"))
\e 
\e 
\o ERROR (ADE-2708): Evaluation of output 'total noise' failed for point:'3' test:'wakeup_MC'
\o 	Expression:'sqrt(totalNoise("noise" 0.01 100000000 nil))'
\o 	because of the following error(s)
\o 	*Error* expt: can't handle (nil**2).
\o Ensure that the definition of output is correct.
\o 
\o *Info*    Client has finished evaluating ... 
\o 
\o 
\o *Info*    Run complete for Point ID (2 3) on testbench [ wakeup_MC ].
\o 
\o 
\o 
\o 
\o 
\o WARNING (OCN-6038): Results noise are not available for /home/davidevi/Desktop/myproject/Sim/VGA/VGA_1_wakeup_tb/adexl/results/data/MonteCarlo.3/1/wakeup_MC/groupRunDataDir/psf/mc1_separate/004/. Use results() for a list of available results.
\o WARNING (OCN-6038): Results noise are not available for /home/davidevi/Desktop/myproject/Sim/VGA/VGA_1_wakeup_tb/adexl/results/data/MonteCarlo.3/1/wakeup_MC/groupRunDataDir/psf/mc1_separate/004/. Use results() for a list of available results.
\o ERROR (ADE-2709): Evaluation of output 'OUT NOISE' returned 'nil' for point:'4' test:'wakeup_MC'
\o 	Expression:'getData("out" ?result "noise")'.
\o Ensure that the definition of output is correct.
\o 
\o WARNING (OCN-6038): Results noise are not available for /home/davidevi/Desktop/myproject/Sim/VGA/VGA_1_wakeup_tb/adexl/results/data/MonteCarlo.3/1/wakeup_MC/groupRunDataDir/psf/mc1_separate/004/. Use results() for a list of available results.
\o WARNING (OCN-6038): Results noise are not available for /home/davidevi/Desktop/myproject/Sim/VGA/VGA_1_wakeup_tb/adexl/results/data/MonteCarlo.3/1/wakeup_MC/groupRunDataDir/psf/mc1_separate/004/. Use results() for a list of available results.
\e *Error* ("expt" 0 t nil ("*Error* expt: can't handle (nil**2)"))
\e 
\e 
\o ERROR (ADE-2708): Evaluation of output 'total noise' failed for point:'4' test:'wakeup_MC'
\o 	Expression:'sqrt(totalNoise("noise" 0.01 100000000 nil))'
\o 	because of the following error(s)
\o 	*Error* expt: can't handle (nil**2).
\o Ensure that the definition of output is correct.
\o 
\# Memory report: using         482 MB, process size 2,292 MB at UTC 2026.04.16 09:47:33.349
\o *Info*    Client has finished evaluating ... 
\o 
\o 
\o *Info*    Run complete for Point ID (2 4) on testbench [ wakeup_MC ].
\o 
\o 
\o 
\o 
\o 
\o WARNING (OCN-6038): Results noise are not available for /home/davidevi/Desktop/myproject/Sim/VGA/VGA_1_wakeup_tb/adexl/results/data/MonteCarlo.3/1/wakeup_MC/groupRunDataDir/psf/mc1_separate/005/. Use results() for a list of available results.
\o WARNING (OCN-6038): Results noise are not available for /home/davidevi/Desktop/myproject/Sim/VGA/VGA_1_wakeup_tb/adexl/results/data/MonteCarlo.3/1/wakeup_MC/groupRunDataDir/psf/mc1_separate/005/. Use results() for a list of available results.
\o ERROR (ADE-2709): Evaluation of output 'OUT NOISE' returned 'nil' for point:'5' test:'wakeup_MC'
\o 	Expression:'getData("out" ?result "noise")'.
\o Ensure that the definition of output is correct.
\o 
\o WARNING (OCN-6038): Results noise are not available for /home/davidevi/Desktop/myproject/Sim/VGA/VGA_1_wakeup_tb/adexl/results/data/MonteCarlo.3/1/wakeup_MC/groupRunDataDir/psf/mc1_separate/005/. Use results() for a list of available results.
\o WARNING (OCN-6038): Results noise are not available for /home/davidevi/Desktop/myproject/Sim/VGA/VGA_1_wakeup_tb/adexl/results/data/MonteCarlo.3/1/wakeup_MC/groupRunDataDir/psf/mc1_separate/005/. Use results() for a list of available results.
\e *Error* ("expt" 0 t nil ("*Error* expt: can't handle (nil**2)"))
\e 
\e 
\o ERROR (ADE-2708): Evaluation of output 'total noise' failed for point:'5' test:'wakeup_MC'
\o 	Expression:'sqrt(totalNoise("noise" 0.01 100000000 nil))'
\o 	because of the following error(s)
\o 	*Error* expt: can't handle (nil**2).
\o Ensure that the definition of output is correct.
\o 
\o *Info*    Client has finished evaluating ... 
\o 
\o 
\o *Info*    Run complete for Point ID (2 5) on testbench [ wakeup_MC ].
\o 
\o 
\o 
\o 
\o 
\o WARNING (OCN-6038): Results noise are not available for /home/davidevi/Desktop/myproject/Sim/VGA/VGA_1_wakeup_tb/adexl/results/data/MonteCarlo.3/1/wakeup_MC/groupRunDataDir/psf/mc1_separate/006/. Use results() for a list of available results.
\o WARNING (OCN-6038): Results noise are not available for /home/davidevi/Desktop/myproject/Sim/VGA/VGA_1_wakeup_tb/adexl/results/data/MonteCarlo.3/1/wakeup_MC/groupRunDataDir/psf/mc1_separate/006/. Use results() for a list of available results.
\o ERROR (ADE-2709): Evaluation of output 'OUT NOISE' returned 'nil' for point:'6' test:'wakeup_MC'
\o 	Expression:'getData("out" ?result "noise")'.
\o Ensure that the definition of output is correct.
\o 
\o WARNING (OCN-6038): Results noise are not available for /home/davidevi/Desktop/myproject/Sim/VGA/VGA_1_wakeup_tb/adexl/results/data/MonteCarlo.3/1/wakeup_MC/groupRunDataDir/psf/mc1_separate/006/. Use results() for a list of available results.
\o WARNING (OCN-6038): Results noise are not available for /home/davidevi/Desktop/myproject/Sim/VGA/VGA_1_wakeup_tb/adexl/results/data/MonteCarlo.3/1/wakeup_MC/groupRunDataDir/psf/mc1_separate/006/. Use results() for a list of available results.
\e *Error* ("expt" 0 t nil ("*Error* expt: can't handle (nil**2)"))
\e 
\e 
\o ERROR (ADE-2708): Evaluation of output 'total noise' failed for point:'6' test:'wakeup_MC'
\o 	Expression:'sqrt(totalNoise("noise" 0.01 100000000 nil))'
\o 	because of the following error(s)
\o 	*Error* expt: can't handle (nil**2).
\o Ensure that the definition of output is correct.
\o 
\o *Info*    Client has finished evaluating ... 
\o 
\o 
\o *Info*    Run complete for Point ID (2 6) on testbench [ wakeup_MC ].
\o 
\o 
\o 
\o 
\o 
\o WARNING (OCN-6038): Results noise are not available for /home/davidevi/Desktop/myproject/Sim/VGA/VGA_1_wakeup_tb/adexl/results/data/MonteCarlo.3/1/wakeup_MC/groupRunDataDir/psf/mc1_separate/007/. Use results() for a list of available results.
\o WARNING (OCN-6038): Results noise are not available for /home/davidevi/Desktop/myproject/Sim/VGA/VGA_1_wakeup_tb/adexl/results/data/MonteCarlo.3/1/wakeup_MC/groupRunDataDir/psf/mc1_separate/007/. Use results() for a list of available results.
\o ERROR (ADE-2709): Evaluation of output 'OUT NOISE' returned 'nil' for point:'7' test:'wakeup_MC'
\o 	Expression:'getData("out" ?result "noise")'.
\o Ensure that the definition of output is correct.
\o 
\o WARNING (OCN-6038): Results noise are not available for /home/davidevi/Desktop/myproject/Sim/VGA/VGA_1_wakeup_tb/adexl/results/data/MonteCarlo.3/1/wakeup_MC/groupRunDataDir/psf/mc1_separate/007/. Use results() for a list of available results.
\o WARNING (OCN-6038): Results noise are not available for /home/davidevi/Desktop/myproject/Sim/VGA/VGA_1_wakeup_tb/adexl/results/data/MonteCarlo.3/1/wakeup_MC/groupRunDataDir/psf/mc1_separate/007/. Use results() for a list of available results.
\e *Error* ("expt" 0 t nil ("*Error* expt: can't handle (nil**2)"))
\e 
\e 
\o ERROR (ADE-2708): Evaluation of output 'total noise' failed for point:'7' test:'wakeup_MC'
\o 	Expression:'sqrt(totalNoise("noise" 0.01 100000000 nil))'
\o 	because of the following error(s)
\o 	*Error* expt: can't handle (nil**2).
\o Ensure that the definition of output is correct.
\o 
\o *Info*    Client has finished evaluating ... 
\o 
\o 
\o *Info*    Run complete for Point ID (2 7) on testbench [ wakeup_MC ].
\o 
\o 
\o 
\o 
\o 
\o WARNING (OCN-6038): Results noise are not available for /home/davidevi/Desktop/myproject/Sim/VGA/VGA_1_wakeup_tb/adexl/results/data/MonteCarlo.3/1/wakeup_MC/groupRunDataDir/psf/mc1_separate/008/. Use results() for a list of available results.
\o WARNING (OCN-6038): Results noise are not available for /home/davidevi/Desktop/myproject/Sim/VGA/VGA_1_wakeup_tb/adexl/results/data/MonteCarlo.3/1/wakeup_MC/groupRunDataDir/psf/mc1_separate/008/. Use results() for a list of available results.
\o ERROR (ADE-2709): Evaluation of output 'OUT NOISE' returned 'nil' for point:'8' test:'wakeup_MC'
\o 	Expression:'getData("out" ?result "noise")'.
\o Ensure that the definition of output is correct.
\o 
\o WARNING (OCN-6038): Results noise are not available for /home/davidevi/Desktop/myproject/Sim/VGA/VGA_1_wakeup_tb/adexl/results/data/MonteCarlo.3/1/wakeup_MC/groupRunDataDir/psf/mc1_separate/008/. Use results() for a list of available results.
\o WARNING (OCN-6038): Results noise are not available for /home/davidevi/Desktop/myproject/Sim/VGA/VGA_1_wakeup_tb/adexl/results/data/MonteCarlo.3/1/wakeup_MC/groupRunDataDir/psf/mc1_separate/008/. Use results() for a list of available results.
\e *Error* ("expt" 0 t nil ("*Error* expt: can't handle (nil**2)"))
\e 
\e 
\o ERROR (ADE-2708): Evaluation of output 'total noise' failed for point:'8' test:'wakeup_MC'
\o 	Expression:'sqrt(totalNoise("noise" 0.01 100000000 nil))'
\o 	because of the following error(s)
\o 	*Error* expt: can't handle (nil**2).
\o Ensure that the definition of output is correct.
\o 
\o *Info*    Client has finished evaluating ... 
\o 
\o 
\o *Info*    Run complete for Point ID (2 8) on testbench [ wakeup_MC ].
\o 
\o 
\o 
\o 
\o 
\o WARNING (OCN-6038): Results noise are not available for /home/davidevi/Desktop/myproject/Sim/VGA/VGA_1_wakeup_tb/adexl/results/data/MonteCarlo.3/1/wakeup_MC/groupRunDataDir/psf/mc1_separate/009/. Use results() for a list of available results.
\o WARNING (OCN-6038): Results noise are not available for /home/davidevi/Desktop/myproject/Sim/VGA/VGA_1_wakeup_tb/adexl/results/data/MonteCarlo.3/1/wakeup_MC/groupRunDataDir/psf/mc1_separate/009/. Use results() for a list of available results.
\o ERROR (ADE-2709): Evaluation of output 'OUT NOISE' returned 'nil' for point:'9' test:'wakeup_MC'
\o 	Expression:'getData("out" ?result "noise")'.
\o Ensure that the definition of output is correct.
\o 
\o WARNING (OCN-6038): Results noise are not available for /home/davidevi/Desktop/myproject/Sim/VGA/VGA_1_wakeup_tb/adexl/results/data/MonteCarlo.3/1/wakeup_MC/groupRunDataDir/psf/mc1_separate/009/. Use results() for a list of available results.
\o WARNING (OCN-6038): Results noise are not available for /home/davidevi/Desktop/myproject/Sim/VGA/VGA_1_wakeup_tb/adexl/results/data/MonteCarlo.3/1/wakeup_MC/groupRunDataDir/psf/mc1_separate/009/. Use results() for a list of available results.
\e *Error* ("expt" 0 t nil ("*Error* expt: can't handle (nil**2)"))
\e 
\e 
\o ERROR (ADE-2708): Evaluation of output 'total noise' failed for point:'9' test:'wakeup_MC'
\o 	Expression:'sqrt(totalNoise("noise" 0.01 100000000 nil))'
\o 	because of the following error(s)
\o 	*Error* expt: can't handle (nil**2).
\o Ensure that the definition of output is correct.
\o 
\o *Info*    Client has finished evaluating ... 
\o 
\o 
\o *Info*    Run complete for Point ID (2 9) on testbench [ wakeup_MC ].
\o 
\o 
\o 
\o 
\o 
\o WARNING (OCN-6038): Results noise are not available for /home/davidevi/Desktop/myproject/Sim/VGA/VGA_1_wakeup_tb/adexl/results/data/MonteCarlo.3/1/wakeup_MC/groupRunDataDir/psf/mc1_separate/010/. Use results() for a list of available results.
\o WARNING (OCN-6038): Results noise are not available for /home/davidevi/Desktop/myproject/Sim/VGA/VGA_1_wakeup_tb/adexl/results/data/MonteCarlo.3/1/wakeup_MC/groupRunDataDir/psf/mc1_separate/010/. Use results() for a list of available results.
\o ERROR (ADE-2709): Evaluation of output 'OUT NOISE' returned 'nil' for point:'10' test:'wakeup_MC'
\o 	Expression:'getData("out" ?result "noise")'.
\o Ensure that the definition of output is correct.
\o 
\o WARNING (OCN-6038): Results noise are not available for /home/davidevi/Desktop/myproject/Sim/VGA/VGA_1_wakeup_tb/adexl/results/data/MonteCarlo.3/1/wakeup_MC/groupRunDataDir/psf/mc1_separate/010/. Use results() for a list of available results.
\o WARNING (OCN-6038): Results noise are not available for /home/davidevi/Desktop/myproject/Sim/VGA/VGA_1_wakeup_tb/adexl/results/data/MonteCarlo.3/1/wakeup_MC/groupRunDataDir/psf/mc1_separate/010/. Use results() for a list of available results.
\e *Error* ("expt" 0 t nil ("*Error* expt: can't handle (nil**2)"))
\e 
\e 
\o ERROR (ADE-2708): Evaluation of output 'total noise' failed for point:'10' test:'wakeup_MC'
\o 	Expression:'sqrt(totalNoise("noise" 0.01 100000000 nil))'
\o 	because of the following error(s)
\o 	*Error* expt: can't handle (nil**2).
\o Ensure that the definition of output is correct.
\o 
\o *Info*    Client has finished evaluating ... 
\o 
\o 
\o *Info*    Run complete for Point ID (2 10) on testbench [ wakeup_MC ].
\o 
\o 
\o 
\o 
\o 
\o INFO (ADE-3071): Simulation completed successfully.
\o reading simulation data...
\o       ...successful.
\o WARNING (OCN-6038): Results noise are not available for /home/davidevi/Desktop/myproject/Sim/VGA/VGA_1_wakeup_tb/adexl/results/data/MonteCarlo.3/1/wakeup_MC/groupRunDataDir/psf/mc1_separate/011/. Use results() for a list of available results.
\o WARNING (OCN-6038): Results noise are not available for /home/davidevi/Desktop/myproject/Sim/VGA/VGA_1_wakeup_tb/adexl/results/data/MonteCarlo.3/1/wakeup_MC/groupRunDataDir/psf/mc1_separate/011/. Use results() for a list of available results.
\o ERROR (ADE-2709): Evaluation of output 'OUT NOISE' returned 'nil' for point:'11' test:'wakeup_MC'
\o 	Expression:'getData("out" ?result "noise")'.
\o Ensure that the definition of output is correct.
\o 
\o WARNING (OCN-6038): Results noise are not available for /home/davidevi/Desktop/myproject/Sim/VGA/VGA_1_wakeup_tb/adexl/results/data/MonteCarlo.3/1/wakeup_MC/groupRunDataDir/psf/mc1_separate/011/. Use results() for a list of available results.
\o WARNING (OCN-6038): Results noise are not available for /home/davidevi/Desktop/myproject/Sim/VGA/VGA_1_wakeup_tb/adexl/results/data/MonteCarlo.3/1/wakeup_MC/groupRunDataDir/psf/mc1_separate/011/. Use results() for a list of available results.
\e *Error* ("expt" 0 t nil ("*Error* expt: can't handle (nil**2)"))
\e 
\e 
\o ERROR (ADE-2708): Evaluation of output 'total noise' failed for point:'11' test:'wakeup_MC'
\o 	Expression:'sqrt(totalNoise("noise" 0.01 100000000 nil))'
\o 	because of the following error(s)
\o 	*Error* expt: can't handle (nil**2).
\o Ensure that the definition of output is correct.
\o 
\o *Info*    Client has finished evaluating ... 
\o 
\o 
\o *Info*    Run complete for Point ID (2 11) on testbench [ wakeup_MC ].
\o 
\o 
\o 
\o 
\o 
\o WARNING (OCN-6038): Results noise are not available for /home/davidevi/Desktop/myproject/Sim/VGA/VGA_1_wakeup_tb/adexl/results/data/MonteCarlo.3/1/wakeup_MC/groupRunDataDir/psf/mc1_separate/012/. Use results() for a list of available results.
\o WARNING (OCN-6038): Results noise are not available for /home/davidevi/Desktop/myproject/Sim/VGA/VGA_1_wakeup_tb/adexl/results/data/MonteCarlo.3/1/wakeup_MC/groupRunDataDir/psf/mc1_separate/012/. Use results() for a list of available results.
\o ERROR (ADE-2709): Evaluation of output 'OUT NOISE' returned 'nil' for point:'12' test:'wakeup_MC'
\o 	Expression:'getData("out" ?result "noise")'.
\o Ensure that the definition of output is correct.
\o 
\o WARNING (OCN-6038): Results noise are not available for /home/davidevi/Desktop/myproject/Sim/VGA/VGA_1_wakeup_tb/adexl/results/data/MonteCarlo.3/1/wakeup_MC/groupRunDataDir/psf/mc1_separate/012/. Use results() for a list of available results.
\o WARNING (OCN-6038): Results noise are not available for /home/davidevi/Desktop/myproject/Sim/VGA/VGA_1_wakeup_tb/adexl/results/data/MonteCarlo.3/1/wakeup_MC/groupRunDataDir/psf/mc1_separate/012/. Use results() for a list of available results.
\e *Error* ("expt" 0 t nil ("*Error* expt: can't handle (nil**2)"))
\e 
\e 
\o ERROR (ADE-2708): Evaluation of output 'total noise' failed for point:'12' test:'wakeup_MC'
\o 	Expression:'sqrt(totalNoise("noise" 0.01 100000000 nil))'
\o 	because of the following error(s)
\o 	*Error* expt: can't handle (nil**2).
\o Ensure that the definition of output is correct.
\o 
\o *Info*    Client has finished evaluating ... 
\o 
\o 
\o *Info*    Run complete for Point ID (2 12) on testbench [ wakeup_MC ].
\o 
\o 
\o 
\o 
\o 
\o WARNING (OCN-6038): Results noise are not available for /home/davidevi/Desktop/myproject/Sim/VGA/VGA_1_wakeup_tb/adexl/results/data/MonteCarlo.3/1/wakeup_MC/groupRunDataDir/psf/mc1_separate/013/. Use results() for a list of available results.
\o WARNING (OCN-6038): Results noise are not available for /home/davidevi/Desktop/myproject/Sim/VGA/VGA_1_wakeup_tb/adexl/results/data/MonteCarlo.3/1/wakeup_MC/groupRunDataDir/psf/mc1_separate/013/. Use results() for a list of available results.
\o ERROR (ADE-2709): Evaluation of output 'OUT NOISE' returned 'nil' for point:'13' test:'wakeup_MC'
\o 	Expression:'getData("out" ?result "noise")'.
\o Ensure that the definition of output is correct.
\o 
\o WARNING (OCN-6038): Results noise are not available for /home/davidevi/Desktop/myproject/Sim/VGA/VGA_1_wakeup_tb/adexl/results/data/MonteCarlo.3/1/wakeup_MC/groupRunDataDir/psf/mc1_separate/013/. Use results() for a list of available results.
\o WARNING (OCN-6038): Results noise are not available for /home/davidevi/Desktop/myproject/Sim/VGA/VGA_1_wakeup_tb/adexl/results/data/MonteCarlo.3/1/wakeup_MC/groupRunDataDir/psf/mc1_separate/013/. Use results() for a list of available results.
\e *Error* ("expt" 0 t nil ("*Error* expt: can't handle (nil**2)"))
\e 
\e 
\o ERROR (ADE-2708): Evaluation of output 'total noise' failed for point:'13' test:'wakeup_MC'
\o 	Expression:'sqrt(totalNoise("noise" 0.01 100000000 nil))'
\o 	because of the following error(s)
\o 	*Error* expt: can't handle (nil**2).
\o Ensure that the definition of output is correct.
\o 
\o *Info*    Client has finished evaluating ... 
\o 
\o 
\o *Info*    Run complete for Point ID (2 13) on testbench [ wakeup_MC ].
\o 
\o 
\o 
\o 
\o 
\o WARNING (OCN-6038): Results noise are not available for /home/davidevi/Desktop/myproject/Sim/VGA/VGA_1_wakeup_tb/adexl/results/data/MonteCarlo.3/1/wakeup_MC/groupRunDataDir/psf/mc1_separate/014/. Use results() for a list of available results.
\o WARNING (OCN-6038): Results noise are not available for /home/davidevi/Desktop/myproject/Sim/VGA/VGA_1_wakeup_tb/adexl/results/data/MonteCarlo.3/1/wakeup_MC/groupRunDataDir/psf/mc1_separate/014/. Use results() for a list of available results.
\o ERROR (ADE-2709): Evaluation of output 'OUT NOISE' returned 'nil' for point:'14' test:'wakeup_MC'
\o 	Expression:'getData("out" ?result "noise")'.
\o Ensure that the definition of output is correct.
\o 
\o WARNING (OCN-6038): Results noise are not available for /home/davidevi/Desktop/myproject/Sim/VGA/VGA_1_wakeup_tb/adexl/results/data/MonteCarlo.3/1/wakeup_MC/groupRunDataDir/psf/mc1_separate/014/. Use results() for a list of available results.
\o WARNING (OCN-6038): Results noise are not available for /home/davidevi/Desktop/myproject/Sim/VGA/VGA_1_wakeup_tb/adexl/results/data/MonteCarlo.3/1/wakeup_MC/groupRunDataDir/psf/mc1_separate/014/. Use results() for a list of available results.
\e *Error* ("expt" 0 t nil ("*Error* expt: can't handle (nil**2)"))
\e 
\e 
\o ERROR (ADE-2708): Evaluation of output 'total noise' failed for point:'14' test:'wakeup_MC'
\o 	Expression:'sqrt(totalNoise("noise" 0.01 100000000 nil))'
\o 	because of the following error(s)
\o 	*Error* expt: can't handle (nil**2).
\o Ensure that the definition of output is correct.
\o 
\o *Info*    Client has finished evaluating ... 
\o 
\o 
\o *Info*    Run complete for Point ID (2 14) on testbench [ wakeup_MC ].
\o 
\o 
\o 
\o 
\o 
\o WARNING (OCN-6038): Results noise are not available for /home/davidevi/Desktop/myproject/Sim/VGA/VGA_1_wakeup_tb/adexl/results/data/MonteCarlo.3/1/wakeup_MC/groupRunDataDir/psf/mc1_separate/015/. Use results() for a list of available results.
\o WARNING (OCN-6038): Results noise are not available for /home/davidevi/Desktop/myproject/Sim/VGA/VGA_1_wakeup_tb/adexl/results/data/MonteCarlo.3/1/wakeup_MC/groupRunDataDir/psf/mc1_separate/015/. Use results() for a list of available results.
\o ERROR (ADE-2709): Evaluation of output 'OUT NOISE' returned 'nil' for point:'15' test:'wakeup_MC'
\o 	Expression:'getData("out" ?result "noise")'.
\o Ensure that the definition of output is correct.
\o 
\o WARNING (OCN-6038): Results noise are not available for /home/davidevi/Desktop/myproject/Sim/VGA/VGA_1_wakeup_tb/adexl/results/data/MonteCarlo.3/1/wakeup_MC/groupRunDataDir/psf/mc1_separate/015/. Use results() for a list of available results.
\o WARNING (OCN-6038): Results noise are not available for /home/davidevi/Desktop/myproject/Sim/VGA/VGA_1_wakeup_tb/adexl/results/data/MonteCarlo.3/1/wakeup_MC/groupRunDataDir/psf/mc1_separate/015/. Use results() for a list of available results.
\e *Error* ("expt" 0 t nil ("*Error* expt: can't handle (nil**2)"))
\e 
\e 
\o ERROR (ADE-2708): Evaluation of output 'total noise' failed for point:'15' test:'wakeup_MC'
\o 	Expression:'sqrt(totalNoise("noise" 0.01 100000000 nil))'
\o 	because of the following error(s)
\o 	*Error* expt: can't handle (nil**2).
\o Ensure that the definition of output is correct.
\o 
\o *Info*    Client has finished evaluating ... 
\o 
\o 
\o *Info*    Run complete for Point ID (2 15) on testbench [ wakeup_MC ].
\o 
\o 
\o 
\o 
\o 
\o WARNING (OCN-6038): Results noise are not available for /home/davidevi/Desktop/myproject/Sim/VGA/VGA_1_wakeup_tb/adexl/results/data/MonteCarlo.3/1/wakeup_MC/groupRunDataDir/psf/mc1_separate/016/. Use results() for a list of available results.
\o WARNING (OCN-6038): Results noise are not available for /home/davidevi/Desktop/myproject/Sim/VGA/VGA_1_wakeup_tb/adexl/results/data/MonteCarlo.3/1/wakeup_MC/groupRunDataDir/psf/mc1_separate/016/. Use results() for a list of available results.
\o ERROR (ADE-2709): Evaluation of output 'OUT NOISE' returned 'nil' for point:'16' test:'wakeup_MC'
\o 	Expression:'getData("out" ?result "noise")'.
\o Ensure that the definition of output is correct.
\o 
\o WARNING (OCN-6038): Results noise are not available for /home/davidevi/Desktop/myproject/Sim/VGA/VGA_1_wakeup_tb/adexl/results/data/MonteCarlo.3/1/wakeup_MC/groupRunDataDir/psf/mc1_separate/016/. Use results() for a list of available results.
\o WARNING (OCN-6038): Results noise are not available for /home/davidevi/Desktop/myproject/Sim/VGA/VGA_1_wakeup_tb/adexl/results/data/MonteCarlo.3/1/wakeup_MC/groupRunDataDir/psf/mc1_separate/016/. Use results() for a list of available results.
\e *Error* ("expt" 0 t nil ("*Error* expt: can't handle (nil**2)"))
\e 
\e 
\o ERROR (ADE-2708): Evaluation of output 'total noise' failed for point:'16' test:'wakeup_MC'
\o 	Expression:'sqrt(totalNoise("noise" 0.01 100000000 nil))'
\o 	because of the following error(s)
\o 	*Error* expt: can't handle (nil**2).
\o Ensure that the definition of output is correct.
\o 
\o *Info*    Client has finished evaluating ... 
\o 
\o 
\o *Info*    Run complete for Point ID (2 16) on testbench [ wakeup_MC ].
\o 
\o 
\o 
\o 
\o 
\o WARNING (OCN-6038): Results noise are not available for /home/davidevi/Desktop/myproject/Sim/VGA/VGA_1_wakeup_tb/adexl/results/data/MonteCarlo.3/1/wakeup_MC/groupRunDataDir/psf/mc1_separate/017/. Use results() for a list of available results.
\o WARNING (OCN-6038): Results noise are not available for /home/davidevi/Desktop/myproject/Sim/VGA/VGA_1_wakeup_tb/adexl/results/data/MonteCarlo.3/1/wakeup_MC/groupRunDataDir/psf/mc1_separate/017/. Use results() for a list of available results.
\o ERROR (ADE-2709): Evaluation of output 'OUT NOISE' returned 'nil' for point:'17' test:'wakeup_MC'
\o 	Expression:'getData("out" ?result "noise")'.
\o Ensure that the definition of output is correct.
\o 
\o WARNING (OCN-6038): Results noise are not available for /home/davidevi/Desktop/myproject/Sim/VGA/VGA_1_wakeup_tb/adexl/results/data/MonteCarlo.3/1/wakeup_MC/groupRunDataDir/psf/mc1_separate/017/. Use results() for a list of available results.
\o WARNING (OCN-6038): Results noise are not available for /home/davidevi/Desktop/myproject/Sim/VGA/VGA_1_wakeup_tb/adexl/results/data/MonteCarlo.3/1/wakeup_MC/groupRunDataDir/psf/mc1_separate/017/. Use results() for a list of available results.
\e *Error* ("expt" 0 t nil ("*Error* expt: can't handle (nil**2)"))
\e 
\e 
\o ERROR (ADE-2708): Evaluation of output 'total noise' failed for point:'17' test:'wakeup_MC'
\o 	Expression:'sqrt(totalNoise("noise" 0.01 100000000 nil))'
\o 	because of the following error(s)
\o 	*Error* expt: can't handle (nil**2).
\o Ensure that the definition of output is correct.
\o 
\o *Info*    Client has finished evaluating ... 
\o 
\o 
\o *Info*    Run complete for Point ID (2 17) on testbench [ wakeup_MC ].
\o 
\o 
\o 
\o 
\o 
\o WARNING (OCN-6038): Results noise are not available for /home/davidevi/Desktop/myproject/Sim/VGA/VGA_1_wakeup_tb/adexl/results/data/MonteCarlo.3/1/wakeup_MC/groupRunDataDir/psf/mc1_separate/018/. Use results() for a list of available results.
\o WARNING (OCN-6038): Results noise are not available for /home/davidevi/Desktop/myproject/Sim/VGA/VGA_1_wakeup_tb/adexl/results/data/MonteCarlo.3/1/wakeup_MC/groupRunDataDir/psf/mc1_separate/018/. Use results() for a list of available results.
\o ERROR (ADE-2709): Evaluation of output 'OUT NOISE' returned 'nil' for point:'18' test:'wakeup_MC'
\o 	Expression:'getData("out" ?result "noise")'.
\o Ensure that the definition of output is correct.
\o 
\o WARNING (OCN-6038): Results noise are not available for /home/davidevi/Desktop/myproject/Sim/VGA/VGA_1_wakeup_tb/adexl/results/data/MonteCarlo.3/1/wakeup_MC/groupRunDataDir/psf/mc1_separate/018/. Use results() for a list of available results.
\o WARNING (OCN-6038): Results noise are not available for /home/davidevi/Desktop/myproject/Sim/VGA/VGA_1_wakeup_tb/adexl/results/data/MonteCarlo.3/1/wakeup_MC/groupRunDataDir/psf/mc1_separate/018/. Use results() for a list of available results.
\e *Error* ("expt" 0 t nil ("*Error* expt: can't handle (nil**2)"))
\e 
\e 
\o ERROR (ADE-2708): Evaluation of output 'total noise' failed for point:'18' test:'wakeup_MC'
\o 	Expression:'sqrt(totalNoise("noise" 0.01 100000000 nil))'
\o 	because of the following error(s)
\o 	*Error* expt: can't handle (nil**2).
\o Ensure that the definition of output is correct.
\o 
\# Memory report: using         584 MB, process size 2,393 MB at UTC 2026.04.16 09:47:49.415
\o *Info*    Client has finished evaluating ... 
\o 
\o 
\o *Info*    Run complete for Point ID (2 18) on testbench [ wakeup_MC ].
\o 
\o 
\o 
\o 
\o 
\o WARNING (OCN-6038): Results noise are not available for /home/davidevi/Desktop/myproject/Sim/VGA/VGA_1_wakeup_tb/adexl/results/data/MonteCarlo.3/1/wakeup_MC/groupRunDataDir/psf/mc1_separate/019/. Use results() for a list of available results.
\o WARNING (OCN-6038): Results noise are not available for /home/davidevi/Desktop/myproject/Sim/VGA/VGA_1_wakeup_tb/adexl/results/data/MonteCarlo.3/1/wakeup_MC/groupRunDataDir/psf/mc1_separate/019/. Use results() for a list of available results.
\o ERROR (ADE-2709): Evaluation of output 'OUT NOISE' returned 'nil' for point:'19' test:'wakeup_MC'
\o 	Expression:'getData("out" ?result "noise")'.
\o Ensure that the definition of output is correct.
\o 
\o WARNING (OCN-6038): Results noise are not available for /home/davidevi/Desktop/myproject/Sim/VGA/VGA_1_wakeup_tb/adexl/results/data/MonteCarlo.3/1/wakeup_MC/groupRunDataDir/psf/mc1_separate/019/. Use results() for a list of available results.
\o WARNING (OCN-6038): Results noise are not available for /home/davidevi/Desktop/myproject/Sim/VGA/VGA_1_wakeup_tb/adexl/results/data/MonteCarlo.3/1/wakeup_MC/groupRunDataDir/psf/mc1_separate/019/. Use results() for a list of available results.
\e *Error* ("expt" 0 t nil ("*Error* expt: can't handle (nil**2)"))
\e 
\e 
\o ERROR (ADE-2708): Evaluation of output 'total noise' failed for point:'19' test:'wakeup_MC'
\o 	Expression:'sqrt(totalNoise("noise" 0.01 100000000 nil))'
\o 	because of the following error(s)
\o 	*Error* expt: can't handle (nil**2).
\o Ensure that the definition of output is correct.
\o 
\o *Info*    Client has finished evaluating ... 
\o 
\o 
\o *Info*    Run complete for Point ID (2 19) on testbench [ wakeup_MC ].
\o 
\o 
\o 
\o 
\o 
\o WARNING (OCN-6038): Results noise are not available for /home/davidevi/Desktop/myproject/Sim/VGA/VGA_1_wakeup_tb/adexl/results/data/MonteCarlo.3/1/wakeup_MC/groupRunDataDir/psf/mc1_separate/020/. Use results() for a list of available results.
\o WARNING (OCN-6038): Results noise are not available for /home/davidevi/Desktop/myproject/Sim/VGA/VGA_1_wakeup_tb/adexl/results/data/MonteCarlo.3/1/wakeup_MC/groupRunDataDir/psf/mc1_separate/020/. Use results() for a list of available results.
\o ERROR (ADE-2709): Evaluation of output 'OUT NOISE' returned 'nil' for point:'20' test:'wakeup_MC'
\o 	Expression:'getData("out" ?result "noise")'.
\o Ensure that the definition of output is correct.
\o 
\o WARNING (OCN-6038): Results noise are not available for /home/davidevi/Desktop/myproject/Sim/VGA/VGA_1_wakeup_tb/adexl/results/data/MonteCarlo.3/1/wakeup_MC/groupRunDataDir/psf/mc1_separate/020/. Use results() for a list of available results.
\o WARNING (OCN-6038): Results noise are not available for /home/davidevi/Desktop/myproject/Sim/VGA/VGA_1_wakeup_tb/adexl/results/data/MonteCarlo.3/1/wakeup_MC/groupRunDataDir/psf/mc1_separate/020/. Use results() for a list of available results.
\e *Error* ("expt" 0 t nil ("*Error* expt: can't handle (nil**2)"))
\e 
\e 
\o ERROR (ADE-2708): Evaluation of output 'total noise' failed for point:'20' test:'wakeup_MC'
\o 	Expression:'sqrt(totalNoise("noise" 0.01 100000000 nil))'
\o 	because of the following error(s)
\o 	*Error* expt: can't handle (nil**2).
\o Ensure that the definition of output is correct.
\o 
\o *Info*    Client has finished evaluating ... 
\o 
\o 
\o *Info*    Run complete for Point ID (2 20) on testbench [ wakeup_MC ].
\o 
\o 
\o 
\o 
\o 
\o WARNING (OCN-6038): Results noise are not available for /home/davidevi/Desktop/myproject/Sim/VGA/VGA_1_wakeup_tb/adexl/results/data/MonteCarlo.3/1/wakeup_MC/groupRunDataDir/psf/mc1_separate/021/. Use results() for a list of available results.
\o WARNING (OCN-6038): Results noise are not available for /home/davidevi/Desktop/myproject/Sim/VGA/VGA_1_wakeup_tb/adexl/results/data/MonteCarlo.3/1/wakeup_MC/groupRunDataDir/psf/mc1_separate/021/. Use results() for a list of available results.
\o ERROR (ADE-2709): Evaluation of output 'OUT NOISE' returned 'nil' for point:'21' test:'wakeup_MC'
\o 	Expression:'getData("out" ?result "noise")'.
\o Ensure that the definition of output is correct.
\o 
\o WARNING (OCN-6038): Results noise are not available for /home/davidevi/Desktop/myproject/Sim/VGA/VGA_1_wakeup_tb/adexl/results/data/MonteCarlo.3/1/wakeup_MC/groupRunDataDir/psf/mc1_separate/021/. Use results() for a list of available results.
\o WARNING (OCN-6038): Results noise are not available for /home/davidevi/Desktop/myproject/Sim/VGA/VGA_1_wakeup_tb/adexl/results/data/MonteCarlo.3/1/wakeup_MC/groupRunDataDir/psf/mc1_separate/021/. Use results() for a list of available results.
\e *Error* ("expt" 0 t nil ("*Error* expt: can't handle (nil**2)"))
\e 
\e 
\o ERROR (ADE-2708): Evaluation of output 'total noise' failed for point:'21' test:'wakeup_MC'
\o 	Expression:'sqrt(totalNoise("noise" 0.01 100000000 nil))'
\o 	because of the following error(s)
\o 	*Error* expt: can't handle (nil**2).
\o Ensure that the definition of output is correct.
\o 
\o *Info*    Client has finished evaluating ... 
\o 
\o 
\o *Info*    Run complete for Point ID (2 21) on testbench [ wakeup_MC ].
\o 
\o 
\o 
\o 
\o 
\o WARNING (OCN-6038): Results noise are not available for /home/davidevi/Desktop/myproject/Sim/VGA/VGA_1_wakeup_tb/adexl/results/data/MonteCarlo.3/1/wakeup_MC/groupRunDataDir/psf/mc1_separate/022/. Use results() for a list of available results.
\o WARNING (OCN-6038): Results noise are not available for /home/davidevi/Desktop/myproject/Sim/VGA/VGA_1_wakeup_tb/adexl/results/data/MonteCarlo.3/1/wakeup_MC/groupRunDataDir/psf/mc1_separate/022/. Use results() for a list of available results.
\o ERROR (ADE-2709): Evaluation of output 'OUT NOISE' returned 'nil' for point:'22' test:'wakeup_MC'
\o 	Expression:'getData("out" ?result "noise")'.
\o Ensure that the definition of output is correct.
\o 
\o WARNING (OCN-6038): Results noise are not available for /home/davidevi/Desktop/myproject/Sim/VGA/VGA_1_wakeup_tb/adexl/results/data/MonteCarlo.3/1/wakeup_MC/groupRunDataDir/psf/mc1_separate/022/. Use results() for a list of available results.
\o WARNING (OCN-6038): Results noise are not available for /home/davidevi/Desktop/myproject/Sim/VGA/VGA_1_wakeup_tb/adexl/results/data/MonteCarlo.3/1/wakeup_MC/groupRunDataDir/psf/mc1_separate/022/. Use results() for a list of available results.
\e *Error* ("expt" 0 t nil ("*Error* expt: can't handle (nil**2)"))
\e 
\e 
\o ERROR (ADE-2708): Evaluation of output 'total noise' failed for point:'22' test:'wakeup_MC'
\o 	Expression:'sqrt(totalNoise("noise" 0.01 100000000 nil))'
\o 	because of the following error(s)
\o 	*Error* expt: can't handle (nil**2).
\o Ensure that the definition of output is correct.
\o 
\o *Info*    Client has finished evaluating ... 
\o 
\o 
\o *Info*    Run complete for Point ID (2 22) on testbench [ wakeup_MC ].
\o 
\o 
\o 
\o 
\o 
\o WARNING (OCN-6038): Results noise are not available for /home/davidevi/Desktop/myproject/Sim/VGA/VGA_1_wakeup_tb/adexl/results/data/MonteCarlo.3/1/wakeup_MC/groupRunDataDir/psf/mc1_separate/023/. Use results() for a list of available results.
\o WARNING (OCN-6038): Results noise are not available for /home/davidevi/Desktop/myproject/Sim/VGA/VGA_1_wakeup_tb/adexl/results/data/MonteCarlo.3/1/wakeup_MC/groupRunDataDir/psf/mc1_separate/023/. Use results() for a list of available results.
\o ERROR (ADE-2709): Evaluation of output 'OUT NOISE' returned 'nil' for point:'23' test:'wakeup_MC'
\o 	Expression:'getData("out" ?result "noise")'.
\o Ensure that the definition of output is correct.
\o 
\o WARNING (OCN-6038): Results noise are not available for /home/davidevi/Desktop/myproject/Sim/VGA/VGA_1_wakeup_tb/adexl/results/data/MonteCarlo.3/1/wakeup_MC/groupRunDataDir/psf/mc1_separate/023/. Use results() for a list of available results.
\o WARNING (OCN-6038): Results noise are not available for /home/davidevi/Desktop/myproject/Sim/VGA/VGA_1_wakeup_tb/adexl/results/data/MonteCarlo.3/1/wakeup_MC/groupRunDataDir/psf/mc1_separate/023/. Use results() for a list of available results.
\e *Error* ("expt" 0 t nil ("*Error* expt: can't handle (nil**2)"))
\e 
\e 
\o ERROR (ADE-2708): Evaluation of output 'total noise' failed for point:'23' test:'wakeup_MC'
\o 	Expression:'sqrt(totalNoise("noise" 0.01 100000000 nil))'
\o 	because of the following error(s)
\o 	*Error* expt: can't handle (nil**2).
\o Ensure that the definition of output is correct.
\o 
\o *Info*    Client has finished evaluating ... 
\o 
\o 
\o *Info*    Run complete for Point ID (2 23) on testbench [ wakeup_MC ].
\o 
\o 
\o 
\o 
\o 
\o WARNING (OCN-6038): Results noise are not available for /home/davidevi/Desktop/myproject/Sim/VGA/VGA_1_wakeup_tb/adexl/results/data/MonteCarlo.3/1/wakeup_MC/groupRunDataDir/psf/mc1_separate/024/. Use results() for a list of available results.
\o WARNING (OCN-6038): Results noise are not available for /home/davidevi/Desktop/myproject/Sim/VGA/VGA_1_wakeup_tb/adexl/results/data/MonteCarlo.3/1/wakeup_MC/groupRunDataDir/psf/mc1_separate/024/. Use results() for a list of available results.
\o ERROR (ADE-2709): Evaluation of output 'OUT NOISE' returned 'nil' for point:'24' test:'wakeup_MC'
\o 	Expression:'getData("out" ?result "noise")'.
\o Ensure that the definition of output is correct.
\o 
\o WARNING (OCN-6038): Results noise are not available for /home/davidevi/Desktop/myproject/Sim/VGA/VGA_1_wakeup_tb/adexl/results/data/MonteCarlo.3/1/wakeup_MC/groupRunDataDir/psf/mc1_separate/024/. Use results() for a list of available results.
\o WARNING (OCN-6038): Results noise are not available for /home/davidevi/Desktop/myproject/Sim/VGA/VGA_1_wakeup_tb/adexl/results/data/MonteCarlo.3/1/wakeup_MC/groupRunDataDir/psf/mc1_separate/024/. Use results() for a list of available results.
\e *Error* ("expt" 0 t nil ("*Error* expt: can't handle (nil**2)"))
\e 
\e 
\o ERROR (ADE-2708): Evaluation of output 'total noise' failed for point:'24' test:'wakeup_MC'
\o 	Expression:'sqrt(totalNoise("noise" 0.01 100000000 nil))'
\o 	because of the following error(s)
\o 	*Error* expt: can't handle (nil**2).
\o Ensure that the definition of output is correct.
\o 
\o *Info*    Client has finished evaluating ... 
\o 
\o 
\o *Info*    Run complete for Point ID (2 24) on testbench [ wakeup_MC ].
\o 
\o 
\o 
\o 
\o 
\o WARNING (OCN-6038): Results noise are not available for /home/davidevi/Desktop/myproject/Sim/VGA/VGA_1_wakeup_tb/adexl/results/data/MonteCarlo.3/1/wakeup_MC/groupRunDataDir/psf/mc1_separate/025/. Use results() for a list of available results.
\o WARNING (OCN-6038): Results noise are not available for /home/davidevi/Desktop/myproject/Sim/VGA/VGA_1_wakeup_tb/adexl/results/data/MonteCarlo.3/1/wakeup_MC/groupRunDataDir/psf/mc1_separate/025/. Use results() for a list of available results.
\o ERROR (ADE-2709): Evaluation of output 'OUT NOISE' returned 'nil' for point:'25' test:'wakeup_MC'
\o 	Expression:'getData("out" ?result "noise")'.
\o Ensure that the definition of output is correct.
\o 
\o WARNING (OCN-6038): Results noise are not available for /home/davidevi/Desktop/myproject/Sim/VGA/VGA_1_wakeup_tb/adexl/results/data/MonteCarlo.3/1/wakeup_MC/groupRunDataDir/psf/mc1_separate/025/. Use results() for a list of available results.
\o WARNING (OCN-6038): Results noise are not available for /home/davidevi/Desktop/myproject/Sim/VGA/VGA_1_wakeup_tb/adexl/results/data/MonteCarlo.3/1/wakeup_MC/groupRunDataDir/psf/mc1_separate/025/. Use results() for a list of available results.
\e *Error* ("expt" 0 t nil ("*Error* expt: can't handle (nil**2)"))
\e 
\e 
\o ERROR (ADE-2708): Evaluation of output 'total noise' failed for point:'25' test:'wakeup_MC'
\o 	Expression:'sqrt(totalNoise("noise" 0.01 100000000 nil))'
\o 	because of the following error(s)
\o 	*Error* expt: can't handle (nil**2).
\o Ensure that the definition of output is correct.
\o 
\o *Info*    Client has finished evaluating ... 
\o 
\o 
\o *Info*    Run complete for Point ID (2 25) on testbench [ wakeup_MC ].
\o 
\o 
\o 
\o 
\o 
\o *Info*    Monte Carlo Simulation completed successfully...
\o Simulation design variables differ from those on the cellView,
\o they have been saved in the file "/tmp/saved-design-variables".
\o To save future changes, copy variables to cellView before exiting.
\o 
\o 
\o *Info*    Configuring the session ...
\o 
\o 	Library      = VGA
\o 	Cell         = VGA_1_wakeup_tb
\o 	View         = schematic
\o 	Simulator    = spectre
\o 	State Path   = $AXL_SETUPDB_DIR/test_states
\o 	State Name   = wakeup_VGA:VGA_1_tb:1:1_state_Interactive.109
\o 	Results DB   = /home/davidevi/Desktop/myproject/VGA/VGA_1_wakeup_tb/adexl/results/data/Interactive.109.rdb
\o 	Results Dir  = /home/davidevi/Desktop/myproject/Sim/VGA/VGA_1_wakeup_tb/adexl/results/data/Interactive.109/1/wakeup
\o 	Results Loc  = /home/davidevi/Desktop/myproject/Sim/VGA/VGA_1_wakeup_tb/adexl/results/data
\o 	Project Dir  = /home/davidevi/Desktop/myproject/Sim
\o 	Setup DB loc = /home/davidevi/Desktop/myproject/VGA/VGA_1_wakeup_tb/adexl
\o 	File Encoding = 0
\o 
\o 
\o 
\o *Info*    The auto suspension is disabled.
\o 
\o 
\o 
\o 
\o 
\o 
\o *Info*    Run start for Point ID (4 4) on testbench [ wakeup ].
\o 
\o Resetting statistical vars
\o 
\o *Info*    Setting parameter values ...
\o 
\o Setting var S0 = "3.3"
\o Setting var S1 = "3.3"
\o Setting var S2 = "3.3"
\o Setting var S3 = "3.3"
\o Setting var TF = "1u"
\o Setting var TR = "1u"
\o Setting var VDD = "0"
\o Setting var VIN_PULSE = "0"
\o Setting var V_AMP = "0"
\o Setting var V_FREQ = "0"
\o Setting var temperature = "-40"
\o Setting temp(T) = -40
\o Setting var tf = "1u"
\o Setting var tr = "1u"
\o 
\o *Info*    Netlist Directory =
\o           /home/davidevi/Desktop/myproject/Sim/VGA/VGA_1_wakeup_tb/adexl/results/data/Interactive.109/4/wakeup/netlist
\o 
\o 
\o *Info*    Data Directory    =
\o           /home/davidevi/Desktop/myproject/Sim/VGA/VGA_1_wakeup_tb/adexl/results/data/Interactive.109/4/wakeup
\o 
\o 
\o *Info*    Creating Netlist for Point ID (4 4)
\o 
\o generate netlist...
\o function ansCdlCompPrim redefined
\o function ansCdlCompPrim redefined
\o Begin Incremental Netlisting Apr 16 09:50:37 2026
\o End netlisting Apr 16 09:50:37 2026
\o 
\o Netlisting Statistics:
\o 	Number of components:   39
\o 
\o 	Elapsed time:          0.0s
\o Errors: 0	Warnings: 0
\o       ...successful.
\o compose simulator input file...
\o       ...successful.
\o 
\o *Info*    Running simulation on testbench [ wakeup ] for Point ID (4
\o           4).
\o 
\o Delete psf data in /home/davidevi/Desktop/myproject/Sim/VGA/VGA_1_wakeup_tb/adexl/results/data/Interactive.109/4/wakeup/psf.
\o compose simulator input file...
\o       ...successful.
\o start simulator if needed...
\o       ...successful.
\o simulate...
\o To view the simulator output, right-click on the test name, result 
\o name, or any value in the "Results" tab of the Outputs section and 
\o choose "Output Log" menu option.
\o WARNING (ADE-3080): Fast viewing extensions for PSF XL format (also known as RTSF) will be discontinued  
\o        and Virtuoso Visualization and Analysis XL will not use RTSF data to plot waveforms from IC6.1.8 ISR7 onward. 
\o        There will be no performance impact on data visualization due to this change.
\o INFO (ADE-3071): Simulation completed successfully.
\o reading simulation data...
\o       ...successful.
\o *Info*    Client has finished evaluating ... 
\o 
\o WARNING (OCN-6038): Results noise are not available for /home/davidevi/Desktop/myproject/Sim/VGA/VGA_1_wakeup_tb/adexl/results/data/Interactive.109/4/wakeup. Use results() for a list of available results.
\o WARNING (OCN-6038): Results noise are not available for /home/davidevi/Desktop/myproject/Sim/VGA/VGA_1_wakeup_tb/adexl/results/data/Interactive.109/4/wakeup. Use results() for a list of available results.
\o ERROR (ADE-2709): Evaluation of output 'OUT NOISE' returned 'nil' for point:'4' test:'wakeup'
\o 	Expression:'getData("out" ?result "noise")'.
\o Ensure that the definition of output is correct.
\o 
\o WARNING (OCN-6038): Results noise are not available for /home/davidevi/Desktop/myproject/Sim/VGA/VGA_1_wakeup_tb/adexl/results/data/Interactive.109/4/wakeup. Use results() for a list of available results.
\o WARNING (OCN-6038): Results noise are not available for /home/davidevi/Desktop/myproject/Sim/VGA/VGA_1_wakeup_tb/adexl/results/data/Interactive.109/4/wakeup. Use results() for a list of available results.
\e *Error* ("expt" 0 t nil ("*Error* expt: can't handle (nil**2)"))
\e 
\e 
\o ERROR (ADE-2708): Evaluation of output 'total noise' failed for point:'4' test:'wakeup'
\o 	Expression:'sqrt(totalNoise("noise" 0.01 100000000 nil))'
\o 	because of the following error(s)
\o 	*Error* expt: can't handle (nil**2).
\o Ensure that the definition of output is correct.
\o 
\o 
\o *Info*    Run complete for Point ID (4 4) on testbench [ wakeup ].
\o 
\o 
\o 
\o 
\o 
\o 
\o 
\o 
\o 
\o 
\o *Info*    Run start for Point ID (4 7) on testbench [ wakeup ].
\o 
\o Resetting statistical vars
\o 
\o *Info*    Setting parameter values ...
\o 
\o Setting var temperature = "85"
\o Setting temp(T) = 85
\o 
\o *Info*    Netlist Directory =
\o           /home/davidevi/Desktop/myproject/Sim/VGA/VGA_1_wakeup_tb/adexl/results/data/Interactive.109/7/wakeup/netlist
\o 
\o 
\o *Info*    Data Directory    =
\o           /home/davidevi/Desktop/myproject/Sim/VGA/VGA_1_wakeup_tb/adexl/results/data/Interactive.109/7/wakeup
\o 
\o 
\o *Info*    Creating Netlist for Point ID (4 7)
\o 
\o generate netlist...
\o function ansCdlCompPrim redefined
\o function ansCdlCompPrim redefined
\o Begin Incremental Netlisting Apr 16 09:50:42 2026
\o End netlisting Apr 16 09:50:42 2026
\o 
\o 	The netlist is up to date.
\o 	Time taken to compare the design with netlist:   0.0s
\o       ...successful.
\o compose simulator input file...
\o       ...successful.
\o 
\o *Info*    Running simulation on testbench [ wakeup ] for Point ID (4
\o           7).
\o 
\o Delete psf data in /home/davidevi/Desktop/myproject/Sim/VGA/VGA_1_wakeup_tb/adexl/results/data/Interactive.109/7/wakeup/psf.
\o compose simulator input file...
\o       ...successful.
\o start simulator if needed...
\o       ...successful.
\o simulate...
\o To view the simulator output, right-click on the test name, result 
\o name, or any value in the "Results" tab of the Outputs section and 
\o choose "Output Log" menu option.
\o WARNING (ADE-3080): Fast viewing extensions for PSF XL format (also known as RTSF) will be discontinued  
\o        and Virtuoso Visualization and Analysis XL will not use RTSF data to plot waveforms from IC6.1.8 ISR7 onward. 
\o        There will be no performance impact on data visualization due to this change.
\o INFO (ADE-3071): Simulation completed successfully.
\o reading simulation data...
\o       ...successful.
\o *Info*    Client has finished evaluating ... 
\o 
\o WARNING (OCN-6038): Results noise are not available for /home/davidevi/Desktop/myproject/Sim/VGA/VGA_1_wakeup_tb/adexl/results/data/Interactive.109/7/wakeup. Use results() for a list of available results.
\o WARNING (OCN-6038): Results noise are not available for /home/davidevi/Desktop/myproject/Sim/VGA/VGA_1_wakeup_tb/adexl/results/data/Interactive.109/7/wakeup. Use results() for a list of available results.
\o ERROR (ADE-2709): Evaluation of output 'OUT NOISE' returned 'nil' for point:'7' test:'wakeup'
\o 	Expression:'getData("out" ?result "noise")'.
\o Ensure that the definition of output is correct.
\o 
\o WARNING (OCN-6038): Results noise are not available for /home/davidevi/Desktop/myproject/Sim/VGA/VGA_1_wakeup_tb/adexl/results/data/Interactive.109/7/wakeup. Use results() for a list of available results.
\o WARNING (OCN-6038): Results noise are not available for /home/davidevi/Desktop/myproject/Sim/VGA/VGA_1_wakeup_tb/adexl/results/data/Interactive.109/7/wakeup. Use results() for a list of available results.
\e *Error* ("expt" 0 t nil ("*Error* expt: can't handle (nil**2)"))
\e 
\e 
\o ERROR (ADE-2708): Evaluation of output 'total noise' failed for point:'7' test:'wakeup'
\o 	Expression:'sqrt(totalNoise("noise" 0.01 100000000 nil))'
\o 	because of the following error(s)
\o 	*Error* expt: can't handle (nil**2).
\o Ensure that the definition of output is correct.
\o 
\o 
\o *Info*    Run complete for Point ID (4 7) on testbench [ wakeup ].
\o 
\o 
\o 
\o 
\o 
\o 
\o 
\o 
\o 
\o 
\o *Info*    Run start for Point ID (4 10) on testbench [ wakeup ].
\o 
\o Resetting statistical vars
\o 
\o *Info*    Setting parameter values ...
\o 
\o Setting var temperature = "-40"
\o Setting temp(T) = -40
\o 
\o *Info*    Netlist Directory =
\o           /home/davidevi/Desktop/myproject/Sim/VGA/VGA_1_wakeup_tb/adexl/results/data/Interactive.109/10/wakeup/netlist
\o 
\o 
\o *Info*    Data Directory    =
\o           /home/davidevi/Desktop/myproject/Sim/VGA/VGA_1_wakeup_tb/adexl/results/data/Interactive.109/10/wakeup
\o 
\o 
\o *Info*    Creating Netlist for Point ID (4 10)
\o 
\o generate netlist...
\o function ansCdlCompPrim redefined
\o function ansCdlCompPrim redefined
\o Begin Incremental Netlisting Apr 16 09:50:46 2026
\o End netlisting Apr 16 09:50:46 2026
\o 
\o 	The netlist is up to date.
\o 	Time taken to compare the design with netlist:   0.0s
\o       ...successful.
\o compose simulator input file...
\o       ...successful.
\o 
\o *Info*    Running simulation on testbench [ wakeup ] for Point ID (4
\o           10).
\o 
\o Delete psf data in /home/davidevi/Desktop/myproject/Sim/VGA/VGA_1_wakeup_tb/adexl/results/data/Interactive.109/10/wakeup/psf.
\o compose simulator input file...
\o       ...successful.
\o start simulator if needed...
\o       ...successful.
\o simulate...
\o To view the simulator output, right-click on the test name, result 
\o name, or any value in the "Results" tab of the Outputs section and 
\o choose "Output Log" menu option.
\o WARNING (ADE-3080): Fast viewing extensions for PSF XL format (also known as RTSF) will be discontinued  
\o        and Virtuoso Visualization and Analysis XL will not use RTSF data to plot waveforms from IC6.1.8 ISR7 onward. 
\o        There will be no performance impact on data visualization due to this change.
\o INFO (ADE-3071): Simulation completed successfully.
\o reading simulation data...
\o       ...successful.
\o *Info*    Client has finished evaluating ... 
\o 
\o WARNING (OCN-6038): Results noise are not available for /home/davidevi/Desktop/myproject/Sim/VGA/VGA_1_wakeup_tb/adexl/results/data/Interactive.109/10/wakeup. Use results() for a list of available results.
\o WARNING (OCN-6038): Results noise are not available for /home/davidevi/Desktop/myproject/Sim/VGA/VGA_1_wakeup_tb/adexl/results/data/Interactive.109/10/wakeup. Use results() for a list of available results.
\o ERROR (ADE-2709): Evaluation of output 'OUT NOISE' returned 'nil' for point:'10' test:'wakeup'
\o 	Expression:'getData("out" ?result "noise")'.
\o Ensure that the definition of output is correct.
\o 
\o WARNING (OCN-6038): Results noise are not available for /home/davidevi/Desktop/myproject/Sim/VGA/VGA_1_wakeup_tb/adexl/results/data/Interactive.109/10/wakeup. Use results() for a list of available results.
\o WARNING (OCN-6038): Results noise are not available for /home/davidevi/Desktop/myproject/Sim/VGA/VGA_1_wakeup_tb/adexl/results/data/Interactive.109/10/wakeup. Use results() for a list of available results.
\e *Error* ("expt" 0 t nil ("*Error* expt: can't handle (nil**2)"))
\e 
\e 
\o ERROR (ADE-2708): Evaluation of output 'total noise' failed for point:'10' test:'wakeup'
\o 	Expression:'sqrt(totalNoise("noise" 0.01 100000000 nil))'
\o 	because of the following error(s)
\o 	*Error* expt: can't handle (nil**2).
\o Ensure that the definition of output is correct.
\o 
\o 
\o *Info*    Run complete for Point ID (4 10) on testbench [ wakeup ].
\o 
\o 
\o 
\o 
\o 
\o 
\o 
\o 
\o 
\o 
\o *Info*    Run start for Point ID (4 14) on testbench [ wakeup ].
\o 
\o Resetting statistical vars
\o 
\o *Info*    Setting parameter values ...
\o 
\o 
\o *Info*    Netlist Directory =
\o           /home/davidevi/Desktop/myproject/Sim/VGA/VGA_1_wakeup_tb/adexl/results/data/Interactive.109/14/wakeup/netlist
\o 
\o 
\o *Info*    Data Directory    =
\o           /home/davidevi/Desktop/myproject/Sim/VGA/VGA_1_wakeup_tb/adexl/results/data/Interactive.109/14/wakeup
\o 
\o 
\o *Info*    Creating Netlist for Point ID (4 14)
\o 
\o generate netlist...
\o function ansCdlCompPrim redefined
\o function ansCdlCompPrim redefined
\o Begin Incremental Netlisting Apr 16 09:50:50 2026
\o End netlisting Apr 16 09:50:50 2026
\o 
\o 	The netlist is up to date.
\o 	Time taken to compare the design with netlist:   0.0s
\o       ...successful.
\o compose simulator input file...
\o       ...successful.
\o 
\o *Info*    Running simulation on testbench [ wakeup ] for Point ID (4
\o           14).
\o 
\o Delete psf data in /home/davidevi/Desktop/myproject/Sim/VGA/VGA_1_wakeup_tb/adexl/results/data/Interactive.109/14/wakeup/psf.
\o compose simulator input file...
\o       ...successful.
\o start simulator if needed...
\o       ...successful.
\o simulate...
\o To view the simulator output, right-click on the test name, result 
\o name, or any value in the "Results" tab of the Outputs section and 
\o choose "Output Log" menu option.
\o WARNING (ADE-3080): Fast viewing extensions for PSF XL format (also known as RTSF) will be discontinued  
\o        and Virtuoso Visualization and Analysis XL will not use RTSF data to plot waveforms from IC6.1.8 ISR7 onward. 
\o        There will be no performance impact on data visualization due to this change.
\o INFO (ADE-3071): Simulation completed successfully.
\o reading simulation data...
\o       ...successful.
\o *Info*    Client has finished evaluating ... 
\o 
\o WARNING (OCN-6038): Results noise are not available for /home/davidevi/Desktop/myproject/Sim/VGA/VGA_1_wakeup_tb/adexl/results/data/Interactive.109/14/wakeup. Use results() for a list of available results.
\o WARNING (OCN-6038): Results noise are not available for /home/davidevi/Desktop/myproject/Sim/VGA/VGA_1_wakeup_tb/adexl/results/data/Interactive.109/14/wakeup. Use results() for a list of available results.
\o ERROR (ADE-2709): Evaluation of output 'OUT NOISE' returned 'nil' for point:'14' test:'wakeup'
\o 	Expression:'getData("out" ?result "noise")'.
\o Ensure that the definition of output is correct.
\o 
\o WARNING (OCN-6038): Results noise are not available for /home/davidevi/Desktop/myproject/Sim/VGA/VGA_1_wakeup_tb/adexl/results/data/Interactive.109/14/wakeup. Use results() for a list of available results.
\o WARNING (OCN-6038): Results noise are not available for /home/davidevi/Desktop/myproject/Sim/VGA/VGA_1_wakeup_tb/adexl/results/data/Interactive.109/14/wakeup. Use results() for a list of available results.
\e *Error* ("expt" 0 t nil ("*Error* expt: can't handle (nil**2)"))
\e 
\e 
\o ERROR (ADE-2708): Evaluation of output 'total noise' failed for point:'14' test:'wakeup'
\o 	Expression:'sqrt(totalNoise("noise" 0.01 100000000 nil))'
\o 	because of the following error(s)
\o 	*Error* expt: can't handle (nil**2).
\o Ensure that the definition of output is correct.
\o 
\o 
\o *Info*    Run complete for Point ID (4 14) on testbench [ wakeup ].
\o 
\o 
\o 
\o 
\o 
\o Simulation design variables differ from those on the cellView,
\o they have been saved in the file "/tmp/saved-design-variables".
\o To save future changes, copy variables to cellView before exiting.
\# Lic Summary:
\# [09:56:01.061987] Cdslmd servers:3000@lic08.ug.kth.se:29000@lic06.ug.kth.se
\# [09:56:01.062002] Feature usage summary:
\# Memory report: on exit            663 MB, process size 2,470 MB at UTC 2026.04.16 09:56:01.586
\# Memory report: peak usage         663 MB, process size 2,472 MB
