[Simulation Monitor: 512]
[2026-04-16 10:27:29.868 Z] [PROCESS] [cadence.virtuoso.ade.simulationMonitor] - Simulation Monitor has successfully started up. Trying to set up communication channels to other components ... {"hostname": "il2244vt26_davidevi", "processid": 1094797, "logfile": "/home/davidevi/Desktop/myproject/logs_davidevi/logs0/Job512.log"}
[2026-04-16 10:27:29.869 Z] [PROCESS] [cadence.virtuoso.ade.simulationMonitor] - Communication channels have been successfully set up. Start processing events ... {"hostname": "il2244vt26_davidevi", "processid": 1094797, "logfile": "/home/davidevi/Desktop/myproject/logs_davidevi/logs0/Job512.log"}
[2026-04-16 10:27:29.869 Z] [PROCESS] [cadence.virtuoso.ade.simulationMonitor] - Considering to start history {"hostname": "il2244vt26_davidevi", "processid": 1094797, "history": "Interactive.8", "logfile": "/home/davidevi/Desktop/myproject/logs_davidevi/logs0/Job512.log"}
[2026-04-16 10:27:29.872 Z] [PROCESS] [cadence.virtuoso.ade.simulationMonitor] - HostInfo:
Host name (type):	il2244vt26_davidevi (x86_64)
Operating system:	Linux 5.15.0-164-generic #174-Ubuntu SMP Fri Nov 14 20:25:16 UTC 2025 {"hostname": "il2244vt26_davidevi", "processid": 1094797, "history": "Interactive.8", "logfile": "/home/davidevi/Desktop/myproject/logs_davidevi/logs0/Job512.log", "nodename": "il2244vt26_davidevi", "domainname": "(none)", "machine": "x86_64", "sysname": "Linux", "release": "5.15.0-164-generic", "version": "#174-Ubuntu SMP Fri Nov 14 20:25:16 UTC 2025"}
[2026-04-16 10:27:29.873 Z] [PROCESS] [cadence.virtuoso.ade.simulationMonitor] - UsageInfo:
pid=1094797
totalPhysicalMemory=3023.749672GB,Used=1569.602333GB,totalVirtualMemory=3031.749668GB,Used=1569.629921GB
Cpu: Cores=48, Load average:9.200000,7.840000,8.460000 {"hostname": "il2244vt26_davidevi", "processid": 1094797, "history": "Interactive.8", "logfile": "/home/davidevi/Desktop/myproject/logs_davidevi/logs0/Job512.log", "pid": "1094797", "totalPhysicalMemory": "3023.749672", "physicalMemoryUsed": "1569.602333", "totalVirtualMemory": "3031.749668", "virtualMemoryUsed": "1569.629921", "cpuCores": "48", "processes": "29719", "loadAverage1": "9.200000", "loadAverage5": "7.840000", "loadAverage15": "8.460000", "loadAverage1Percent": "0.191667"}
[2026-04-16 10:27:29.874 Z] [EVENT] [cadence.virtuoso.ade.simulationMonitor] - NewPoint {"history": "Interactive.8", "point": 2, "testname": "VGA_VGA_1_pss_tb_1", "cornername": "CMOS_CAP_VDD_TEMP_0", "event": "NewPoint", "EventSource": "Simulation Monitor", "HistoryName": "Interactive.8", "logFile": "/home/davidevi/Desktop/myproject/logs_davidevi/logs0/Job512.log", "logFileSize": "2264"}
[2026-04-16 10:27:29.976 Z] [EVENT] [cadence.virtuoso.ade.simulationMonitor] - NewPoint {"history": "Interactive.8", "point": 2, "testname": "VGA_VGA_1_pss_tb_1", "cornername": "CMOS_CAP_VDD_TEMP_0", "event": "NewPoint", "EventSource": "spectre", "HistoryName": "Interactive.8", "logFile": "/home/davidevi/Desktop/myproject/Sim/VGA/VGA_1_pss_tb/maestro/results/maestro/Interactive.8/2/VGA_VGA_1_pss_tb_1/psf/spectre.out", "logFileSize": "-1"}
[2026-04-16 10:27:30.146 Z] [PROCESS] [cadence.virtuoso.ade.simulationMonitor] - Simulator launched {"hostname": "il2244vt26_davidevi", "processid": 1094797, "history": "Interactive.8", "testname": "VGA_VGA_1_pss_tb_1", "cornername": "CMOS_CAP_VDD_TEMP_0", "point": 2, "logfile": "/home/davidevi/Desktop/myproject/logs_davidevi/logs0/Job512.log", "simid": "1"}
[2026-04-16 10:27:30.150 Z] [PROCESS] [cadence.virtuoso.ade.simulationMonitor] - Expression evaluator launched {"hostname": "il2244vt26_davidevi", "processid": 1094797, "history": "Interactive.8", "testname": "VGA_VGA_1_pss_tb_1", "cornername": "CMOS_CAP_VDD_TEMP_0", "point": 2, "logfile": "/home/davidevi/Desktop/myproject/logs_davidevi/logs0/Job512.log"}
[2026-04-16 10:27:30.195 Z] [PROCESS] [cadence.virtuoso.ade.simulationMonitor] - Started Simulation {"hostname": "il2244vt26_davidevi", "processid": 1094797, "history": "Interactive.8", "testname": "VGA_VGA_1_pss_tb_1", "cornername": "CMOS_CAP_VDD_TEMP_0", "point": 2, "logfile": "/home/davidevi/Desktop/myproject/logs_davidevi/logs0/Job512.log", "event": "started", "task": "simulation"}
[2026-04-16 10:27:31.196 Z] [WARN] [cadence.virtuoso.ade.simulationMonitor] -     WARNING (SPECTRE-691): This CPU processor does not support x86 advanced vector extensions instructions. This may affect math operations and slow down the simulation. {"history": "Interactive.8", "point": 2, "testname": "VGA_VGA_1_pss_tb_1", "cornername": "CMOS_CAP_VDD_TEMP_0"}
[2026-04-16 10:27:31.196 Z] [INFO] [cadence.virtuoso.ade.simulationMonitor] - Notice from spectre during circuit read-in.
    Pre_Configuration file used: /opt/tools/cadence/installs/SPECTRE241/tools.lnx86/spectre/etc/configs/preset.precfg
    Configuration file used: `/opt/tools/cadence/installs/SPECTRE241/tools.lnx86/spectre/etc/configs/preset.cfg'. {"history": "Interactive.8", "point": 2, "testname": "VGA_VGA_1_pss_tb_1", "cornername": "CMOS_CAP_VDD_TEMP_0"}
[2026-04-16 10:27:31.196 Z] [WARN] [cadence.virtuoso.ade.simulationMonitor] -     WARNING (SPECTRE-8360): line 1511: `ac' is an undefined primitive device. {"history": "Interactive.8", "point": 2, "testname": "VGA_VGA_1_pss_tb_1", "cornername": "CMOS_CAP_VDD_TEMP_0"}
[2026-04-16 10:27:31.196 Z] [WARN] [cadence.virtuoso.ade.simulationMonitor] -     WARNING (SPECTRE-8360): line 1512: `ac' is an undefined primitive device. {"history": "Interactive.8", "point": 2, "testname": "VGA_VGA_1_pss_tb_1", "cornername": "CMOS_CAP_VDD_TEMP_0"}
[2026-04-16 10:27:31.196 Z] [WARN] [cadence.virtuoso.ade.simulationMonitor] -     WARNING (SPECTRE-8360): line 1513: `ac' is an undefined primitive device. {"history": "Interactive.8", "point": 2, "testname": "VGA_VGA_1_pss_tb_1", "cornername": "CMOS_CAP_VDD_TEMP_0"}
[2026-04-16 10:27:31.197 Z] [WARN] [cadence.virtuoso.ade.simulationMonitor] -     WARNING (SPECTRE-8360): line 1514: `ac' is an undefined primitive device. {"history": "Interactive.8", "point": 2, "testname": "VGA_VGA_1_pss_tb_1", "cornername": "CMOS_CAP_VDD_TEMP_0"}
[2026-04-16 10:27:31.197 Z] [WARN] [cadence.virtuoso.ade.simulationMonitor] -     WARNING (SPECTRE-8360): line 1515: `ac' is an undefined primitive device.
        Further occurrences of this warning will be suppressed. {"history": "Interactive.8", "point": 2, "testname": "VGA_VGA_1_pss_tb_1", "cornername": "CMOS_CAP_VDD_TEMP_0"}
[2026-04-16 10:27:31.197 Z] [INFO] [cadence.virtuoso.ade.simulationMonitor] - Peak resident memory used = 179 Mbytes. {"history": "Interactive.8", "point": 2, "testname": "VGA_VGA_1_pss_tb_1", "cornername": "CMOS_CAP_VDD_TEMP_0"}
[2026-04-16 10:27:31.197 Z] [WARN] [cadence.virtuoso.ade.simulationMonitor] -     WARNING (VACOMP-2435): The environment variable CDS_AHDLCMI_ENABLE is no longer supported. Therefore, the simulator will use the default compiled C code flow. {"history": "Interactive.8", "point": 2, "testname": "VGA_VGA_1_pss_tb_1", "cornername": "CMOS_CAP_VDD_TEMP_0"}
[2026-04-16 10:27:31.197 Z] [WARN] [cadence.virtuoso.ade.simulationMonitor] -     WARNING (SFE-3016): The floating node net6 is removed. {"history": "Interactive.8", "point": 2, "testname": "VGA_VGA_1_pss_tb_1", "cornername": "CMOS_CAP_VDD_TEMP_0"}
[2026-04-16 10:27:31.197 Z] [INFO] [cadence.virtuoso.ade.simulationMonitor] - Peak resident memory used = 193 Mbytes. {"history": "Interactive.8", "point": 2, "testname": "VGA_VGA_1_pss_tb_1", "cornername": "CMOS_CAP_VDD_TEMP_0"}
[2026-04-16 10:27:31.197 Z] [INFO] [cadence.virtuoso.ade.simulationMonitor] - Notice from spectre during hierarchy flattening.
    The value 'psf' specified for the 'checklimitdest' option will no longer be supported in future releases. Use 'spectre -h' to see other recommended values for the 'checklimitdest' option. {"history": "Interactive.8", "point": 2, "testname": "VGA_VGA_1_pss_tb_1", "cornername": "CMOS_CAP_VDD_TEMP_0"}
[2026-04-16 10:27:31.198 Z] [INFO] [cadence.virtuoso.ade.simulationMonitor] - Peak resident memory used = 195 Mbytes. {"history": "Interactive.8", "point": 2, "testname": "VGA_VGA_1_pss_tb_1", "cornername": "CMOS_CAP_VDD_TEMP_0"}
[2026-04-16 10:27:31.198 Z] [WARN] [cadence.virtuoso.ade.simulationMonitor] -     WARNING (SPECTRE-17607): Assert `SOAC_rpolyh_vminuspsub' is ignored because it contains an expression which is invalid or not supported by native evaluator.  {"history": "Interactive.8", "point": 2, "testname": "VGA_VGA_1_pss_tb_1", "cornername": "CMOS_CAP_VDD_TEMP_0"}
[2026-04-16 10:27:31.198 Z] [WARN] [cadence.virtuoso.ade.simulationMonitor] -     WARNING (SPECTRE-17607): Assert `SOAC_rpolyh_vpluspsub' is ignored because it contains an expression which is invalid or not supported by native evaluator.  {"history": "Interactive.8", "point": 2, "testname": "VGA_VGA_1_pss_tb_1", "cornername": "CMOS_CAP_VDD_TEMP_0"}
[2026-04-16 10:27:31.199 Z] [WARN] [cadence.virtuoso.ade.simulationMonitor] -     WARNING (SPECTRE-16460): SOAC_cvarm_vspsub:Specified subcircuit master `cvarm' was not found. {"history": "Interactive.8", "point": 2, "testname": "VGA_VGA_1_pss_tb_1", "cornername": "CMOS_CAP_VDD_TEMP_0"}
[2026-04-16 10:27:31.199 Z] [WARN] [cadence.virtuoso.ade.simulationMonitor] -     WARNING (SPECTRE-16462): SOAC_cvarm_vspsub:Error in specification of subcircuit master. Assert is ignored. {"history": "Interactive.8", "point": 2, "testname": "VGA_VGA_1_pss_tb_1", "cornername": "CMOS_CAP_VDD_TEMP_0"}
[2026-04-16 10:27:31.199 Z] [WARN] [cadence.virtuoso.ade.simulationMonitor] -     WARNING (SPECTRE-16460): SOAC_cvarm_vbs:Specified subcircuit master `cvarm' was not found. {"history": "Interactive.8", "point": 2, "testname": "VGA_VGA_1_pss_tb_1", "cornername": "CMOS_CAP_VDD_TEMP_0"}
[2026-04-16 10:27:31.199 Z] [WARN] [cadence.virtuoso.ade.simulationMonitor] -     WARNING (SPECTRE-16462): SOAC_cvarm_vbs:Error in specification of subcircuit master. Assert is ignored. {"history": "Interactive.8", "point": 2, "testname": "VGA_VGA_1_pss_tb_1", "cornername": "CMOS_CAP_VDD_TEMP_0"}
[2026-04-16 10:27:31.199 Z] [WARN] [cadence.virtuoso.ade.simulationMonitor] -     WARNING (SPECTRE-16460): SOAC_cvarm_vgb:Specified subcircuit master `cvarm' was not found. {"history": "Interactive.8", "point": 2, "testname": "VGA_VGA_1_pss_tb_1", "cornername": "CMOS_CAP_VDD_TEMP_0"}
[2026-04-16 10:27:31.200 Z] [WARN] [cadence.virtuoso.ade.simulationMonitor] -     WARNING (SPECTRE-16462): SOAC_cvarm_vgb:Error in specification of subcircuit master. Assert is ignored. {"history": "Interactive.8", "point": 2, "testname": "VGA_VGA_1_pss_tb_1", "cornername": "CMOS_CAP_VDD_TEMP_0"}
[2026-04-16 10:27:31.200 Z] [WARN] [cadence.virtuoso.ade.simulationMonitor] -     WARNING (SPECTRE-16460): SOAC_cvart_vspsub:Specified subcircuit master `cvart' was not found. {"history": "Interactive.8", "point": 2, "testname": "VGA_VGA_1_pss_tb_1", "cornername": "CMOS_CAP_VDD_TEMP_0"}
[2026-04-16 10:27:31.200 Z] [WARN] [cadence.virtuoso.ade.simulationMonitor] -     WARNING (SPECTRE-16462): SOAC_cvart_vspsub:Error in specification of subcircuit master. Assert is ignored. {"history": "Interactive.8", "point": 2, "testname": "VGA_VGA_1_pss_tb_1", "cornername": "CMOS_CAP_VDD_TEMP_0"}
[2026-04-16 10:27:31.200 Z] [WARN] [cadence.virtuoso.ade.simulationMonitor] -     WARNING (SPECTRE-16460): SOAC_cvart_vbs:Specified subcircuit master `cvart' was not found.
        Further occurrences of this warning will be suppressed. {"history": "Interactive.8", "point": 2, "testname": "VGA_VGA_1_pss_tb_1", "cornername": "CMOS_CAP_VDD_TEMP_0"}
[2026-04-16 10:27:31.200 Z] [WARN] [cadence.virtuoso.ade.simulationMonitor] -     WARNING (SPECTRE-16462): SOAC_cvart_vbs:Error in specification of subcircuit master. Assert is ignored.
        Further occurrences of this warning will be suppressed. {"history": "Interactive.8", "point": 2, "testname": "VGA_VGA_1_pss_tb_1", "cornername": "CMOS_CAP_VDD_TEMP_0"}
[2026-04-16 10:27:31.200 Z] [WARN] [cadence.virtuoso.ade.simulationMonitor] -     WARNING (SPECTRE-17607): Assert `SOAC_cpoly_vminuspsub' is ignored because it contains an expression which is invalid or not supported by native evaluator.  {"history": "Interactive.8", "point": 2, "testname": "VGA_VGA_1_pss_tb_1", "cornername": "CMOS_CAP_VDD_TEMP_0"}
[2026-04-16 10:27:31.200 Z] [WARN] [cadence.virtuoso.ade.simulationMonitor] -     WARNING (SPECTRE-17607): Assert `SOAC_cpoly_vpluspsub' is ignored because it contains an expression which is invalid or not supported by native evaluator.  {"history": "Interactive.8", "point": 2, "testname": "VGA_VGA_1_pss_tb_1", "cornername": "CMOS_CAP_VDD_TEMP_0"}
[2026-04-16 10:27:31.201 Z] [WARN] [cadence.virtuoso.ade.simulationMonitor] -     WARNING (SPECTRE-17607): Assert `SOAC_modp_vbpsub' is ignored because it contains an expression which is invalid or not supported by native evaluator. 
        Further occurrences of this warning will be suppressed. {"history": "Interactive.8", "point": 2, "testname": "VGA_VGA_1_pss_tb_1", "cornername": "CMOS_CAP_VDD_TEMP_0"}
[2026-04-16 10:27:31.701 Z] [INFO] [cadence.virtuoso.ade.simulationMonitor] - Notice from spectre during initial setup.
    Multithreading is disabled due to the size of the design being too small. {"history": "Interactive.8", "point": 2, "testname": "VGA_VGA_1_pss_tb_1", "cornername": "CMOS_CAP_VDD_TEMP_0"}
[2026-04-16 10:27:31.701 Z] [WARN] [cadence.virtuoso.ade.simulationMonitor] -     WARNING (SPECTRE-592): Following parameters are disabled because they are ignored or redefined in Spectre X:
        
        
        PSS Parameters:
          errpreset {"history": "Interactive.8", "point": 2, "testname": "VGA_VGA_1_pss_tb_1", "cornername": "CMOS_CAP_VDD_TEMP_0"}
[2026-04-16 10:27:31.704 Z] [INFO] [cadence.virtuoso.ade.simulationMonitor] -               nodes 31 {"history": "Interactive.8", "point": 2, "testname": "VGA_VGA_1_pss_tb_1", "cornername": "CMOS_CAP_VDD_TEMP_0"}
[2026-04-16 10:27:31.704 Z] [INFO] [cadence.virtuoso.ade.simulationMonitor] - Notice from spectre during initial setup.
    Spectre X preset=cx enabled.
    73 warnings suppressed. {"history": "Interactive.8", "point": 2, "testname": "VGA_VGA_1_pss_tb_1", "cornername": "CMOS_CAP_VDD_TEMP_0"}
[2026-04-16 10:27:31.704 Z] [INFO] [cadence.virtuoso.ade.simulationMonitor] - Peak resident memory used = 201 Mbytes. {"history": "Interactive.8", "point": 2, "testname": "VGA_VGA_1_pss_tb_1", "cornername": "CMOS_CAP_VDD_TEMP_0"}
[2026-04-16 10:27:31.704 Z] [INFO] [cadence.virtuoso.ade.simulationMonitor] -    -   (Spectre X) Multi-threading. The recommended number of threads is 1, consider adding +mt=1 on command line. {"history": "Interactive.8", "point": 2, "testname": "VGA_VGA_1_pss_tb_1", "cornername": "CMOS_CAP_VDD_TEMP_0"}
[2026-04-16 10:27:31.704 Z] [INFO] [cadence.virtuoso.ade.simulationMonitor] - Notice from spectre during transient analysis `tran'.
    No checklimit analysis defined for asserts. A default checklimit analysis 'SpectreChecklimitAnal' has been created with all asserts enabled. {"history": "Interactive.8", "point": 2, "testname": "VGA_VGA_1_pss_tb_1", "cornername": "CMOS_CAP_VDD_TEMP_0"}
[2026-04-16 10:27:31.704 Z] [INFO] [cadence.virtuoso.ade.simulationMonitor] - Notice from spectre during IC analysis, during transient analysis `tran'.
    Bad pivoting is found during DC analysis. Option dc_pivot_check=yes is recommended for possible improvement of convergence. {"history": "Interactive.8", "point": 2, "testname": "VGA_VGA_1_pss_tb_1", "cornername": "CMOS_CAP_VDD_TEMP_0"}
[2026-04-16 10:27:31.705 Z] [WARN] [cadence.virtuoso.ade.simulationMonitor] -     WARNING (CMI-2943): Parameter checks have been ignored because the valid value for parameter 'trise' could not be found in 'C1'. {"history": "Interactive.8", "point": 2, "testname": "VGA_VGA_1_pss_tb_1", "cornername": "CMOS_CAP_VDD_TEMP_0"}
[2026-04-16 10:27:31.705 Z] [WARN] [cadence.virtuoso.ade.simulationMonitor] -     WARNING (CMI-2943): Parameter checks have been ignored because the valid value for parameter 'trise' could not be found in 'I0.C8<0>_turbo_m4.C1'. {"history": "Interactive.8", "point": 2, "testname": "VGA_VGA_1_pss_tb_1", "cornername": "CMOS_CAP_VDD_TEMP_0"}
[2026-04-16 10:27:31.705 Z] [WARN] [cadence.virtuoso.ade.simulationMonitor] -     WARNING (CMI-2943): Parameter checks have been ignored because the valid value for parameter 'trise' could not be found in 'I0.C9<0>_turbo_m8.C1'. {"history": "Interactive.8", "point": 2, "testname": "VGA_VGA_1_pss_tb_1", "cornername": "CMOS_CAP_VDD_TEMP_0"}
[2026-04-16 10:27:31.705 Z] [WARN] [cadence.virtuoso.ade.simulationMonitor] -     WARNING (CMI-2943): Parameter checks have been ignored because the valid value for parameter 'trise' could not be found in 'I0.C7<0>_turbo_m2.C1'. {"history": "Interactive.8", "point": 2, "testname": "VGA_VGA_1_pss_tb_1", "cornername": "CMOS_CAP_VDD_TEMP_0"}
[2026-04-16 10:27:31.705 Z] [WARN] [cadence.virtuoso.ade.simulationMonitor] -     WARNING (CMI-2943): Parameter checks have been ignored because the valid value for parameter 'trise' could not be found in 'I0.R2.CM'.
        Further occurrences of this warning will be suppressed. {"history": "Interactive.8", "point": 2, "testname": "VGA_VGA_1_pss_tb_1", "cornername": "CMOS_CAP_VDD_TEMP_0"}
[2026-04-16 10:27:31.705 Z] [INFO] [cadence.virtuoso.ade.simulationMonitor] - Notice from spectre during transient analysis `tran'.
    Multithreading is disabled due to the size of the design being too small. {"history": "Interactive.8", "point": 2, "testname": "VGA_VGA_1_pss_tb_1", "cornername": "CMOS_CAP_VDD_TEMP_0"}
[2026-04-16 10:27:31.705 Z] [INFO] [cadence.virtuoso.ade.simulationMonitor] - Total time required for tran analysis `tran': CPU = 98.226 ms, elapsed = 104.233 ms, util. = 94.2%. {"history": "Interactive.8", "point": 2, "testname": "VGA_VGA_1_pss_tb_1", "cornername": "CMOS_CAP_VDD_TEMP_0"}
[2026-04-16 10:27:31.705 Z] [INFO] [cadence.virtuoso.ade.simulationMonitor] - Peak resident memory used = 212 Mbytes. {"history": "Interactive.8", "point": 2, "testname": "VGA_VGA_1_pss_tb_1", "cornername": "CMOS_CAP_VDD_TEMP_0"}
[2026-04-16 10:27:31.706 Z] [INFO] [cadence.virtuoso.ade.simulationMonitor] - Notice from spectre.
    12 warnings suppressed. {"history": "Interactive.8", "point": 2, "testname": "VGA_VGA_1_pss_tb_1", "cornername": "CMOS_CAP_VDD_TEMP_0"}
[2026-04-16 10:27:31.706 Z] [WARN] [cadence.virtuoso.ade.simulationMonitor] -     WARNING (CMI-2943): Parameter checks have been ignored because the valid value for parameter 'trise' could not be found in 'C1'. {"history": "Interactive.8", "point": 2, "testname": "VGA_VGA_1_pss_tb_1", "cornername": "CMOS_CAP_VDD_TEMP_0"}
[2026-04-16 10:27:31.706 Z] [WARN] [cadence.virtuoso.ade.simulationMonitor] -     WARNING (CMI-2943): Parameter checks have been ignored because the valid value for parameter 'trise' could not be found in 'I0.C8<0>_turbo_m4.C1'. {"history": "Interactive.8", "point": 2, "testname": "VGA_VGA_1_pss_tb_1", "cornername": "CMOS_CAP_VDD_TEMP_0"}
[2026-04-16 10:27:31.706 Z] [WARN] [cadence.virtuoso.ade.simulationMonitor] -     WARNING (CMI-2943): Parameter checks have been ignored because the valid value for parameter 'trise' could not be found in 'I0.C9<0>_turbo_m8.C1'. {"history": "Interactive.8", "point": 2, "testname": "VGA_VGA_1_pss_tb_1", "cornername": "CMOS_CAP_VDD_TEMP_0"}
[2026-04-16 10:27:31.706 Z] [WARN] [cadence.virtuoso.ade.simulationMonitor] -     WARNING (CMI-2943): Parameter checks have been ignored because the valid value for parameter 'trise' could not be found in 'I0.C7<0>_turbo_m2.C1'. {"history": "Interactive.8", "point": 2, "testname": "VGA_VGA_1_pss_tb_1", "cornername": "CMOS_CAP_VDD_TEMP_0"}
[2026-04-16 10:27:31.706 Z] [WARN] [cadence.virtuoso.ade.simulationMonitor] -     WARNING (CMI-2943): Parameter checks have been ignored because the valid value for parameter 'trise' could not be found in 'I0.R2.CM'.
        Further occurrences of this warning will be suppressed. {"history": "Interactive.8", "point": 2, "testname": "VGA_VGA_1_pss_tb_1", "cornername": "CMOS_CAP_VDD_TEMP_0"}
[2026-04-16 10:27:31.706 Z] [INFO] [cadence.virtuoso.ade.simulationMonitor] - Total time required for tstab analysis `pss': CPU = 5.918 ms, elapsed = 6.00004 ms. {"history": "Interactive.8", "point": 2, "testname": "VGA_VGA_1_pss_tb_1", "cornername": "CMOS_CAP_VDD_TEMP_0"}
[2026-04-16 10:27:31.706 Z] [INFO] [cadence.virtuoso.ade.simulationMonitor] - Peak resident memory used = 213 Mbytes. {"history": "Interactive.8", "point": 2, "testname": "VGA_VGA_1_pss_tb_1", "cornername": "CMOS_CAP_VDD_TEMP_0"}
[2026-04-16 10:27:31.706 Z] [INFO] [cadence.virtuoso.ade.simulationMonitor] - Notice from spectre during periodic steady state analysis `pss'.
    12 warnings suppressed. {"history": "Interactive.8", "point": 2, "testname": "VGA_VGA_1_pss_tb_1", "cornername": "CMOS_CAP_VDD_TEMP_0"}
[2026-04-16 10:27:32.707 Z] [INFO] [cadence.virtuoso.ade.simulationMonitor] - Total time required for pss analysis `pss': CPU = 730.125 ms, elapsed = 750.493 ms, util. = 97.3%. {"history": "Interactive.8", "point": 2, "testname": "VGA_VGA_1_pss_tb_1", "cornername": "CMOS_CAP_VDD_TEMP_0"}
[2026-04-16 10:27:32.707 Z] [INFO] [cadence.virtuoso.ade.simulationMonitor] - Peak resident memory used = 219 Mbytes. {"history": "Interactive.8", "point": 2, "testname": "VGA_VGA_1_pss_tb_1", "cornername": "CMOS_CAP_VDD_TEMP_0"}
[2026-04-16 10:27:32.708 Z] [INFO] [cadence.virtuoso.ade.simulationMonitor] - Time used: CPU = 1.34 s, elapsed = 1.85 s, util. = 72.4%. {"history": "Interactive.8", "point": 2, "testname": "VGA_VGA_1_pss_tb_1", "cornername": "CMOS_CAP_VDD_TEMP_0"}
[2026-04-16 10:27:32.708 Z] [INFO] [cadence.virtuoso.ade.simulationMonitor] - Time spent in licensing: elapsed = 68.3 ms. {"history": "Interactive.8", "point": 2, "testname": "VGA_VGA_1_pss_tb_1", "cornername": "CMOS_CAP_VDD_TEMP_0"}
[2026-04-16 10:27:32.708 Z] [INFO] [cadence.virtuoso.ade.simulationMonitor] - Peak memory used = 219 Mbytes. {"history": "Interactive.8", "point": 2, "testname": "VGA_VGA_1_pss_tb_1", "cornername": "CMOS_CAP_VDD_TEMP_0"}
[2026-04-16 10:27:32.709 Z] [PROCESS] [cadence.virtuoso.ade.simulationMonitor] - Simulation started at: 10:27:30 AM, Thur Apr 16, 2026, ended at: 10:27:32 AM, Thur Apr 16, 2026, with elapsed time (wall clock): 1.85 s. {"history": "Interactive.8", "point": 2, "testname": "VGA_VGA_1_pss_tb_1", "cornername": "CMOS_CAP_VDD_TEMP_0"}
[2026-04-16 10:27:32.709 Z] [PROCESS] [cadence.virtuoso.ade.simulationMonitor] - spectre completes with 0 errors, 34 warnings, and 13 notices. {"history": "Interactive.8", "point": 2, "testname": "VGA_VGA_1_pss_tb_1", "cornername": "CMOS_CAP_VDD_TEMP_0"}
[2026-04-16 10:27:32.709 Z] [PROCESS] [cadence.virtuoso.ade.simulationMonitor] - Finished simulating for one point {"hostname": "il2244vt26_davidevi", "processid": 1094797, "history": "Interactive.8", "testname": "VGA_VGA_1_pss_tb_1", "cornername": "CMOS_CAP_VDD_TEMP_0", "point": 2, "logfile": "/home/davidevi/Desktop/myproject/logs_davidevi/logs0/Job512.log", "simid": "1"}
[2026-04-16 10:27:32.710 Z] [PROCESS] [cadence.virtuoso.ade.simulationMonitor] - Simulator exited {"hostname": "il2244vt26_davidevi", "processid": 1094797, "history": "Interactive.8", "testname": "VGA_VGA_1_pss_tb_1", "cornername": "CMOS_CAP_VDD_TEMP_0", "point": 2, "logfile": "/home/davidevi/Desktop/myproject/logs_davidevi/logs0/Job512.log", "exitStatus": "0"}
[2026-04-16 10:27:32.710 Z] [PROCESS] [cadence.virtuoso.ade.simulationMonitor] - Finished Simulation {"hostname": "il2244vt26_davidevi", "processid": 1094797, "history": "Interactive.8", "testname": "VGA_VGA_1_pss_tb_1", "cornername": "CMOS_CAP_VDD_TEMP_0", "point": 2, "logfile": "/home/davidevi/Desktop/myproject/logs_davidevi/logs0/Job512.log", "simid": "1"}
[2026-04-16 10:27:37.224 Z] [PROCESS] [cadence.virtuoso.ade.simulationMonitor] - Point Finished {"hostname": "il2244vt26_davidevi", "processid": 1094797, "history": "Interactive.8", "testname": "VGA_VGA_1_pss_tb_1", "cornername": "CMOS_CAP_VDD_TEMP_0", "point": 2, "logfile": "/home/davidevi/Desktop/myproject/logs_davidevi/logs0/Job512.log"}
[2026-04-16 10:27:37.226 Z] [PROCESS] [cadence.virtuoso.ade.simulationMonitor] - HostInfo:
Host name (type):	il2244vt26_davidevi (x86_64)
Operating system:	Linux 5.15.0-164-generic #174-Ubuntu SMP Fri Nov 14 20:25:16 UTC 2025 {"hostname": "il2244vt26_davidevi", "processid": 1094797, "history": "Interactive.8", "testname": "VGA_VGA_1_pss_tb_1", "cornername": "CMOS_CAP_VDD_TEMP_0", "point": 2, "logfile": "/home/davidevi/Desktop/myproject/logs_davidevi/logs0/Job512.log", "nodename": "il2244vt26_davidevi", "domainname": "(none)", "machine": "x86_64", "sysname": "Linux", "release": "5.15.0-164-generic", "version": "#174-Ubuntu SMP Fri Nov 14 20:25:16 UTC 2025"}
[2026-04-16 10:27:37.227 Z] [PROCESS] [cadence.virtuoso.ade.simulationMonitor] - UsageInfo:
pid=1094797
totalPhysicalMemory=3023.749672GB,Used=1571.935493GB,totalVirtualMemory=3031.749668GB,Used=1571.963081GB
Cpu: Cores=48, Load average:11.120000,8.290000,8.600000 {"hostname": "il2244vt26_davidevi", "processid": 1094797, "history": "Interactive.8", "testname": "VGA_VGA_1_pss_tb_1", "cornername": "CMOS_CAP_VDD_TEMP_0", "point": 2, "logfile": "/home/davidevi/Desktop/myproject/logs_davidevi/logs0/Job512.log", "pid": "1094797", "totalPhysicalMemory": "3023.749672", "physicalMemoryUsed": "1571.935493", "totalVirtualMemory": "3031.749668", "virtualMemoryUsed": "1571.963081", "cpuCores": "48", "processes": "29843", "loadAverage1": "11.120000", "loadAverage5": "8.290000", "loadAverage15": "8.600000", "loadAverage1Percent": "0.231667"}
[2026-04-16 10:27:37.228 Z] [EVENT] [cadence.virtuoso.ade.simulationMonitor] - NewPoint {"history": "Interactive.8", "point": 12, "testname": "VGA_VGA_1_pss_tb_1", "cornername": "CMOS_CAP_VDD_TEMP_10", "event": "NewPoint", "EventSource": "Simulation Monitor", "HistoryName": "Interactive.8", "logFile": "/home/davidevi/Desktop/myproject/logs_davidevi/logs0/Job512.log", "logFileSize": "25627"}
[2026-04-16 10:27:37.329 Z] [EVENT] [cadence.virtuoso.ade.simulationMonitor] - NewPoint {"history": "Interactive.8", "point": 12, "testname": "VGA_VGA_1_pss_tb_1", "cornername": "CMOS_CAP_VDD_TEMP_10", "event": "NewPoint", "EventSource": "spectre", "HistoryName": "Interactive.8", "logFile": "/home/davidevi/Desktop/myproject/Sim/VGA/VGA_1_pss_tb/maestro/results/maestro/Interactive.8/12/VGA_VGA_1_pss_tb_1/psf/spectre.out", "logFileSize": "-1"}
[2026-04-16 10:27:37.340 Z] [PROCESS] [cadence.virtuoso.ade.simulationMonitor] - Simulator launched {"hostname": "il2244vt26_davidevi", "processid": 1094797, "history": "Interactive.8", "testname": "VGA_VGA_1_pss_tb_1", "cornername": "CMOS_CAP_VDD_TEMP_10", "point": 12, "logfile": "/home/davidevi/Desktop/myproject/logs_davidevi/logs0/Job512.log", "simid": "2"}
[2026-04-16 10:27:37.393 Z] [PROCESS] [cadence.virtuoso.ade.simulationMonitor] - Started Simulation {"hostname": "il2244vt26_davidevi", "processid": 1094797, "history": "Interactive.8", "testname": "VGA_VGA_1_pss_tb_1", "cornername": "CMOS_CAP_VDD_TEMP_10", "point": 12, "logfile": "/home/davidevi/Desktop/myproject/logs_davidevi/logs0/Job512.log", "event": "started", "task": "simulation"}
[2026-04-16 10:27:38.394 Z] [WARN] [cadence.virtuoso.ade.simulationMonitor] -     WARNING (SPECTRE-691): This CPU processor does not support x86 advanced vector extensions instructions. This may affect math operations and slow down the simulation. {"history": "Interactive.8", "point": 12, "testname": "VGA_VGA_1_pss_tb_1", "cornername": "CMOS_CAP_VDD_TEMP_10"}
[2026-04-16 10:27:38.395 Z] [INFO] [cadence.virtuoso.ade.simulationMonitor] - Notice from spectre during circuit read-in.
    Pre_Configuration file used: /opt/tools/cadence/installs/SPECTRE241/tools.lnx86/spectre/etc/configs/preset.precfg
    Configuration file used: `/opt/tools/cadence/installs/SPECTRE241/tools.lnx86/spectre/etc/configs/preset.cfg'. {"history": "Interactive.8", "point": 12, "testname": "VGA_VGA_1_pss_tb_1", "cornername": "CMOS_CAP_VDD_TEMP_10"}
[2026-04-16 10:27:38.395 Z] [WARN] [cadence.virtuoso.ade.simulationMonitor] -     WARNING (SPECTRE-8360): line 1511: `ac' is an undefined primitive device. {"history": "Interactive.8", "point": 12, "testname": "VGA_VGA_1_pss_tb_1", "cornername": "CMOS_CAP_VDD_TEMP_10"}
[2026-04-16 10:27:38.395 Z] [WARN] [cadence.virtuoso.ade.simulationMonitor] -     WARNING (SPECTRE-8360): line 1512: `ac' is an undefined primitive device. {"history": "Interactive.8", "point": 12, "testname": "VGA_VGA_1_pss_tb_1", "cornername": "CMOS_CAP_VDD_TEMP_10"}
[2026-04-16 10:27:38.395 Z] [WARN] [cadence.virtuoso.ade.simulationMonitor] -     WARNING (SPECTRE-8360): line 1513: `ac' is an undefined primitive device. {"history": "Interactive.8", "point": 12, "testname": "VGA_VGA_1_pss_tb_1", "cornername": "CMOS_CAP_VDD_TEMP_10"}
[2026-04-16 10:27:38.395 Z] [WARN] [cadence.virtuoso.ade.simulationMonitor] -     WARNING (SPECTRE-8360): line 1514: `ac' is an undefined primitive device. {"history": "Interactive.8", "point": 12, "testname": "VGA_VGA_1_pss_tb_1", "cornername": "CMOS_CAP_VDD_TEMP_10"}
[2026-04-16 10:27:38.395 Z] [WARN] [cadence.virtuoso.ade.simulationMonitor] -     WARNING (SPECTRE-8360): line 1515: `ac' is an undefined primitive device.
        Further occurrences of this warning will be suppressed. {"history": "Interactive.8", "point": 12, "testname": "VGA_VGA_1_pss_tb_1", "cornername": "CMOS_CAP_VDD_TEMP_10"}
[2026-04-16 10:27:38.396 Z] [INFO] [cadence.virtuoso.ade.simulationMonitor] - Peak resident memory used = 179 Mbytes. {"history": "Interactive.8", "point": 12, "testname": "VGA_VGA_1_pss_tb_1", "cornername": "CMOS_CAP_VDD_TEMP_10"}
[2026-04-16 10:27:38.396 Z] [WARN] [cadence.virtuoso.ade.simulationMonitor] -     WARNING (VACOMP-2435): The environment variable CDS_AHDLCMI_ENABLE is no longer supported. Therefore, the simulator will use the default compiled C code flow. {"history": "Interactive.8", "point": 12, "testname": "VGA_VGA_1_pss_tb_1", "cornername": "CMOS_CAP_VDD_TEMP_10"}
[2026-04-16 10:27:38.396 Z] [WARN] [cadence.virtuoso.ade.simulationMonitor] -     WARNING (SFE-3016): The floating node net6 is removed. {"history": "Interactive.8", "point": 12, "testname": "VGA_VGA_1_pss_tb_1", "cornername": "CMOS_CAP_VDD_TEMP_10"}
[2026-04-16 10:27:38.396 Z] [INFO] [cadence.virtuoso.ade.simulationMonitor] - Peak resident memory used = 192 Mbytes. {"history": "Interactive.8", "point": 12, "testname": "VGA_VGA_1_pss_tb_1", "cornername": "CMOS_CAP_VDD_TEMP_10"}
[2026-04-16 10:27:38.396 Z] [INFO] [cadence.virtuoso.ade.simulationMonitor] - Notice from spectre during hierarchy flattening.
    The value 'psf' specified for the 'checklimitdest' option will no longer be supported in future releases. Use 'spectre -h' to see other recommended values for the 'checklimitdest' option. {"history": "Interactive.8", "point": 12, "testname": "VGA_VGA_1_pss_tb_1", "cornername": "CMOS_CAP_VDD_TEMP_10"}
[2026-04-16 10:27:38.396 Z] [INFO] [cadence.virtuoso.ade.simulationMonitor] - Peak resident memory used = 195 Mbytes. {"history": "Interactive.8", "point": 12, "testname": "VGA_VGA_1_pss_tb_1", "cornername": "CMOS_CAP_VDD_TEMP_10"}
[2026-04-16 10:27:38.396 Z] [WARN] [cadence.virtuoso.ade.simulationMonitor] -     WARNING (SPECTRE-17607): Assert `SOAC_rpolyh_vminuspsub' is ignored because it contains an expression which is invalid or not supported by native evaluator.  {"history": "Interactive.8", "point": 12, "testname": "VGA_VGA_1_pss_tb_1", "cornername": "CMOS_CAP_VDD_TEMP_10"}
[2026-04-16 10:27:38.396 Z] [WARN] [cadence.virtuoso.ade.simulationMonitor] -     WARNING (SPECTRE-17607): Assert `SOAC_rpolyh_vpluspsub' is ignored because it contains an expression which is invalid or not supported by native evaluator.  {"history": "Interactive.8", "point": 12, "testname": "VGA_VGA_1_pss_tb_1", "cornername": "CMOS_CAP_VDD_TEMP_10"}
[2026-04-16 10:27:38.397 Z] [WARN] [cadence.virtuoso.ade.simulationMonitor] -     WARNING (SPECTRE-16460): SOAC_cvarm_vspsub:Specified subcircuit master `cvarm' was not found. {"history": "Interactive.8", "point": 12, "testname": "VGA_VGA_1_pss_tb_1", "cornername": "CMOS_CAP_VDD_TEMP_10"}
[2026-04-16 10:27:38.397 Z] [WARN] [cadence.virtuoso.ade.simulationMonitor] -     WARNING (SPECTRE-16462): SOAC_cvarm_vspsub:Error in specification of subcircuit master. Assert is ignored. {"history": "Interactive.8", "point": 12, "testname": "VGA_VGA_1_pss_tb_1", "cornername": "CMOS_CAP_VDD_TEMP_10"}
[2026-04-16 10:27:38.397 Z] [WARN] [cadence.virtuoso.ade.simulationMonitor] -     WARNING (SPECTRE-16460): SOAC_cvarm_vbs:Specified subcircuit master `cvarm' was not found. {"history": "Interactive.8", "point": 12, "testname": "VGA_VGA_1_pss_tb_1", "cornername": "CMOS_CAP_VDD_TEMP_10"}
[2026-04-16 10:27:38.397 Z] [WARN] [cadence.virtuoso.ade.simulationMonitor] -     WARNING (SPECTRE-16462): SOAC_cvarm_vbs:Error in specification of subcircuit master. Assert is ignored. {"history": "Interactive.8", "point": 12, "testname": "VGA_VGA_1_pss_tb_1", "cornername": "CMOS_CAP_VDD_TEMP_10"}
[2026-04-16 10:27:38.397 Z] [WARN] [cadence.virtuoso.ade.simulationMonitor] -     WARNING (SPECTRE-16460): SOAC_cvarm_vgb:Specified subcircuit master `cvarm' was not found. {"history": "Interactive.8", "point": 12, "testname": "VGA_VGA_1_pss_tb_1", "cornername": "CMOS_CAP_VDD_TEMP_10"}
[2026-04-16 10:27:38.397 Z] [WARN] [cadence.virtuoso.ade.simulationMonitor] -     WARNING (SPECTRE-16462): SOAC_cvarm_vgb:Error in specification of subcircuit master. Assert is ignored. {"history": "Interactive.8", "point": 12, "testname": "VGA_VGA_1_pss_tb_1", "cornername": "CMOS_CAP_VDD_TEMP_10"}
[2026-04-16 10:27:38.397 Z] [WARN] [cadence.virtuoso.ade.simulationMonitor] -     WARNING (SPECTRE-16460): SOAC_cvart_vspsub:Specified subcircuit master `cvart' was not found. {"history": "Interactive.8", "point": 12, "testname": "VGA_VGA_1_pss_tb_1", "cornername": "CMOS_CAP_VDD_TEMP_10"}
[2026-04-16 10:27:38.398 Z] [WARN] [cadence.virtuoso.ade.simulationMonitor] -     WARNING (SPECTRE-16462): SOAC_cvart_vspsub:Error in specification of subcircuit master. Assert is ignored. {"history": "Interactive.8", "point": 12, "testname": "VGA_VGA_1_pss_tb_1", "cornername": "CMOS_CAP_VDD_TEMP_10"}
[2026-04-16 10:27:38.398 Z] [WARN] [cadence.virtuoso.ade.simulationMonitor] -     WARNING (SPECTRE-16460): SOAC_cvart_vbs:Specified subcircuit master `cvart' was not found.
        Further occurrences of this warning will be suppressed. {"history": "Interactive.8", "point": 12, "testname": "VGA_VGA_1_pss_tb_1", "cornername": "CMOS_CAP_VDD_TEMP_10"}
[2026-04-16 10:27:38.398 Z] [WARN] [cadence.virtuoso.ade.simulationMonitor] -     WARNING (SPECTRE-16462): SOAC_cvart_vbs:Error in specification of subcircuit master. Assert is ignored.
        Further occurrences of this warning will be suppressed. {"history": "Interactive.8", "point": 12, "testname": "VGA_VGA_1_pss_tb_1", "cornername": "CMOS_CAP_VDD_TEMP_10"}
[2026-04-16 10:27:38.398 Z] [WARN] [cadence.virtuoso.ade.simulationMonitor] -     WARNING (SPECTRE-17607): Assert `SOAC_cpoly_vminuspsub' is ignored because it contains an expression which is invalid or not supported by native evaluator.  {"history": "Interactive.8", "point": 12, "testname": "VGA_VGA_1_pss_tb_1", "cornername": "CMOS_CAP_VDD_TEMP_10"}
[2026-04-16 10:27:38.398 Z] [WARN] [cadence.virtuoso.ade.simulationMonitor] -     WARNING (SPECTRE-17607): Assert `SOAC_cpoly_vpluspsub' is ignored because it contains an expression which is invalid or not supported by native evaluator.  {"history": "Interactive.8", "point": 12, "testname": "VGA_VGA_1_pss_tb_1", "cornername": "CMOS_CAP_VDD_TEMP_10"}
[2026-04-16 10:27:38.398 Z] [WARN] [cadence.virtuoso.ade.simulationMonitor] -     WARNING (SPECTRE-17607): Assert `SOAC_modp_vbpsub' is ignored because it contains an expression which is invalid or not supported by native evaluator. 
        Further occurrences of this warning will be suppressed. {"history": "Interactive.8", "point": 12, "testname": "VGA_VGA_1_pss_tb_1", "cornername": "CMOS_CAP_VDD_TEMP_10"}
[2026-04-16 10:27:38.899 Z] [INFO] [cadence.virtuoso.ade.simulationMonitor] - Notice from spectre during initial setup.
    Multithreading is disabled due to the size of the design being too small. {"history": "Interactive.8", "point": 12, "testname": "VGA_VGA_1_pss_tb_1", "cornername": "CMOS_CAP_VDD_TEMP_10"}
[2026-04-16 10:27:38.899 Z] [WARN] [cadence.virtuoso.ade.simulationMonitor] -     WARNING (SPECTRE-592): Following parameters are disabled because they are ignored or redefined in Spectre X:
        
        
        PSS Parameters:
          errpreset {"history": "Interactive.8", "point": 12, "testname": "VGA_VGA_1_pss_tb_1", "cornername": "CMOS_CAP_VDD_TEMP_10"}
[2026-04-16 10:27:38.901 Z] [INFO] [cadence.virtuoso.ade.simulationMonitor] -               nodes 31 {"history": "Interactive.8", "point": 12, "testname": "VGA_VGA_1_pss_tb_1", "cornername": "CMOS_CAP_VDD_TEMP_10"}
[2026-04-16 10:27:38.902 Z] [INFO] [cadence.virtuoso.ade.simulationMonitor] - Notice from spectre during initial setup.
    Spectre X preset=cx enabled.
    73 warnings suppressed. {"history": "Interactive.8", "point": 12, "testname": "VGA_VGA_1_pss_tb_1", "cornername": "CMOS_CAP_VDD_TEMP_10"}
[2026-04-16 10:27:38.902 Z] [INFO] [cadence.virtuoso.ade.simulationMonitor] - Peak resident memory used = 201 Mbytes. {"history": "Interactive.8", "point": 12, "testname": "VGA_VGA_1_pss_tb_1", "cornername": "CMOS_CAP_VDD_TEMP_10"}
[2026-04-16 10:27:38.902 Z] [INFO] [cadence.virtuoso.ade.simulationMonitor] -    -   (Spectre X) Multi-threading. The recommended number of threads is 1, consider adding +mt=1 on command line. {"history": "Interactive.8", "point": 12, "testname": "VGA_VGA_1_pss_tb_1", "cornername": "CMOS_CAP_VDD_TEMP_10"}
[2026-04-16 10:27:38.902 Z] [INFO] [cadence.virtuoso.ade.simulationMonitor] - Notice from spectre during transient analysis `tran'.
    No checklimit analysis defined for asserts. A default checklimit analysis 'SpectreChecklimitAnal' has been created with all asserts enabled. {"history": "Interactive.8", "point": 12, "testname": "VGA_VGA_1_pss_tb_1", "cornername": "CMOS_CAP_VDD_TEMP_10"}
[2026-04-16 10:27:38.902 Z] [INFO] [cadence.virtuoso.ade.simulationMonitor] - Notice from spectre during IC analysis, during transient analysis `tran'.
    Bad pivoting is found during DC analysis. Option dc_pivot_check=yes is recommended for possible improvement of convergence. {"history": "Interactive.8", "point": 12, "testname": "VGA_VGA_1_pss_tb_1", "cornername": "CMOS_CAP_VDD_TEMP_10"}
[2026-04-16 10:27:38.902 Z] [WARN] [cadence.virtuoso.ade.simulationMonitor] -     WARNING (CMI-2943): Parameter checks have been ignored because the valid value for parameter 'trise' could not be found in 'C1'. {"history": "Interactive.8", "point": 12, "testname": "VGA_VGA_1_pss_tb_1", "cornername": "CMOS_CAP_VDD_TEMP_10"}
[2026-04-16 10:27:38.902 Z] [WARN] [cadence.virtuoso.ade.simulationMonitor] -     WARNING (CMI-2943): Parameter checks have been ignored because the valid value for parameter 'trise' could not be found in 'I0.C8<0>_turbo_m4.C1'. {"history": "Interactive.8", "point": 12, "testname": "VGA_VGA_1_pss_tb_1", "cornername": "CMOS_CAP_VDD_TEMP_10"}
[2026-04-16 10:27:38.902 Z] [WARN] [cadence.virtuoso.ade.simulationMonitor] -     WARNING (CMI-2943): Parameter checks have been ignored because the valid value for parameter 'trise' could not be found in 'I0.C9<0>_turbo_m8.C1'. {"history": "Interactive.8", "point": 12, "testname": "VGA_VGA_1_pss_tb_1", "cornername": "CMOS_CAP_VDD_TEMP_10"}
[2026-04-16 10:27:38.903 Z] [WARN] [cadence.virtuoso.ade.simulationMonitor] -     WARNING (CMI-2943): Parameter checks have been ignored because the valid value for parameter 'trise' could not be found in 'I0.C7<0>_turbo_m2.C1'. {"history": "Interactive.8", "point": 12, "testname": "VGA_VGA_1_pss_tb_1", "cornername": "CMOS_CAP_VDD_TEMP_10"}
[2026-04-16 10:27:38.903 Z] [WARN] [cadence.virtuoso.ade.simulationMonitor] -     WARNING (CMI-2943): Parameter checks have been ignored because the valid value for parameter 'trise' could not be found in 'I0.R2.CM'.
        Further occurrences of this warning will be suppressed. {"history": "Interactive.8", "point": 12, "testname": "VGA_VGA_1_pss_tb_1", "cornername": "CMOS_CAP_VDD_TEMP_10"}
[2026-04-16 10:27:38.903 Z] [INFO] [cadence.virtuoso.ade.simulationMonitor] - Notice from spectre during transient analysis `tran'.
    Multithreading is disabled due to the size of the design being too small. {"history": "Interactive.8", "point": 12, "testname": "VGA_VGA_1_pss_tb_1", "cornername": "CMOS_CAP_VDD_TEMP_10"}
[2026-04-16 10:27:38.903 Z] [INFO] [cadence.virtuoso.ade.simulationMonitor] - Total time required for tran analysis `tran': CPU = 100.08 ms, elapsed = 106.62 ms, util. = 93.9%. {"history": "Interactive.8", "point": 12, "testname": "VGA_VGA_1_pss_tb_1", "cornername": "CMOS_CAP_VDD_TEMP_10"}
[2026-04-16 10:27:38.903 Z] [INFO] [cadence.virtuoso.ade.simulationMonitor] - Peak resident memory used = 212 Mbytes. {"history": "Interactive.8", "point": 12, "testname": "VGA_VGA_1_pss_tb_1", "cornername": "CMOS_CAP_VDD_TEMP_10"}
[2026-04-16 10:27:38.903 Z] [INFO] [cadence.virtuoso.ade.simulationMonitor] - Notice from spectre.
    12 warnings suppressed. {"history": "Interactive.8", "point": 12, "testname": "VGA_VGA_1_pss_tb_1", "cornername": "CMOS_CAP_VDD_TEMP_10"}
[2026-04-16 10:27:38.903 Z] [INFO] [cadence.virtuoso.ade.simulationMonitor] - Notice from spectre during IC analysis, during periodic steady state analysis `pss'.
    Bad pivoting is found during DC analysis. Option dc_pivot_check=yes is recommended for possible improvement of convergence. {"history": "Interactive.8", "point": 12, "testname": "VGA_VGA_1_pss_tb_1", "cornername": "CMOS_CAP_VDD_TEMP_10"}
[2026-04-16 10:27:38.904 Z] [WARN] [cadence.virtuoso.ade.simulationMonitor] -     WARNING (CMI-2943): Parameter checks have been ignored because the valid value for parameter 'trise' could not be found in 'C1'. {"history": "Interactive.8", "point": 12, "testname": "VGA_VGA_1_pss_tb_1", "cornername": "CMOS_CAP_VDD_TEMP_10"}
[2026-04-16 10:27:38.904 Z] [WARN] [cadence.virtuoso.ade.simulationMonitor] -     WARNING (CMI-2943): Parameter checks have been ignored because the valid value for parameter 'trise' could not be found in 'I0.C8<0>_turbo_m4.C1'. {"history": "Interactive.8", "point": 12, "testname": "VGA_VGA_1_pss_tb_1", "cornername": "CMOS_CAP_VDD_TEMP_10"}
[2026-04-16 10:27:38.904 Z] [WARN] [cadence.virtuoso.ade.simulationMonitor] -     WARNING (CMI-2943): Parameter checks have been ignored because the valid value for parameter 'trise' could not be found in 'I0.C9<0>_turbo_m8.C1'. {"history": "Interactive.8", "point": 12, "testname": "VGA_VGA_1_pss_tb_1", "cornername": "CMOS_CAP_VDD_TEMP_10"}
[2026-04-16 10:27:38.904 Z] [WARN] [cadence.virtuoso.ade.simulationMonitor] -     WARNING (CMI-2943): Parameter checks have been ignored because the valid value for parameter 'trise' could not be found in 'I0.C7<0>_turbo_m2.C1'. {"history": "Interactive.8", "point": 12, "testname": "VGA_VGA_1_pss_tb_1", "cornername": "CMOS_CAP_VDD_TEMP_10"}
[2026-04-16 10:27:38.904 Z] [WARN] [cadence.virtuoso.ade.simulationMonitor] -     WARNING (CMI-2943): Parameter checks have been ignored because the valid value for parameter 'trise' could not be found in 'I0.R2.CM'.
        Further occurrences of this warning will be suppressed. {"history": "Interactive.8", "point": 12, "testname": "VGA_VGA_1_pss_tb_1", "cornername": "CMOS_CAP_VDD_TEMP_10"}
[2026-04-16 10:27:38.904 Z] [INFO] [cadence.virtuoso.ade.simulationMonitor] - Total time required for tstab analysis `pss': CPU = 5.703 ms, elapsed = 5.70202 ms. {"history": "Interactive.8", "point": 12, "testname": "VGA_VGA_1_pss_tb_1", "cornername": "CMOS_CAP_VDD_TEMP_10"}
[2026-04-16 10:27:38.904 Z] [INFO] [cadence.virtuoso.ade.simulationMonitor] - Peak resident memory used = 213 Mbytes. {"history": "Interactive.8", "point": 12, "testname": "VGA_VGA_1_pss_tb_1", "cornername": "CMOS_CAP_VDD_TEMP_10"}
[2026-04-16 10:27:38.904 Z] [INFO] [cadence.virtuoso.ade.simulationMonitor] - Notice from spectre during periodic steady state analysis `pss'.
    12 warnings suppressed. {"history": "Interactive.8", "point": 12, "testname": "VGA_VGA_1_pss_tb_1", "cornername": "CMOS_CAP_VDD_TEMP_10"}
[2026-04-16 10:27:39.905 Z] [INFO] [cadence.virtuoso.ade.simulationMonitor] - Total time required for pss analysis `pss': CPU = 735.77 ms, elapsed = 756.176 ms, util. = 97.3%. {"history": "Interactive.8", "point": 12, "testname": "VGA_VGA_1_pss_tb_1", "cornername": "CMOS_CAP_VDD_TEMP_10"}
[2026-04-16 10:27:39.905 Z] [INFO] [cadence.virtuoso.ade.simulationMonitor] - Peak resident memory used = 219 Mbytes. {"history": "Interactive.8", "point": 12, "testname": "VGA_VGA_1_pss_tb_1", "cornername": "CMOS_CAP_VDD_TEMP_10"}
[2026-04-16 10:27:39.906 Z] [INFO] [cadence.virtuoso.ade.simulationMonitor] - Time used: CPU = 1.31 s, elapsed = 1.85 s, util. = 70.6%. {"history": "Interactive.8", "point": 12, "testname": "VGA_VGA_1_pss_tb_1", "cornername": "CMOS_CAP_VDD_TEMP_10"}
[2026-04-16 10:27:39.906 Z] [INFO] [cadence.virtuoso.ade.simulationMonitor] - Time spent in licensing: elapsed = 70.7 ms. {"history": "Interactive.8", "point": 12, "testname": "VGA_VGA_1_pss_tb_1", "cornername": "CMOS_CAP_VDD_TEMP_10"}
[2026-04-16 10:27:39.906 Z] [INFO] [cadence.virtuoso.ade.simulationMonitor] - Peak memory used = 219 Mbytes. {"history": "Interactive.8", "point": 12, "testname": "VGA_VGA_1_pss_tb_1", "cornername": "CMOS_CAP_VDD_TEMP_10"}
[2026-04-16 10:27:39.907 Z] [PROCESS] [cadence.virtuoso.ade.simulationMonitor] - Simulation started at: 10:27:37 AM, Thur Apr 16, 2026, ended at: 10:27:39 AM, Thur Apr 16, 2026, with elapsed time (wall clock): 1.85 s. {"history": "Interactive.8", "point": 12, "testname": "VGA_VGA_1_pss_tb_1", "cornername": "CMOS_CAP_VDD_TEMP_10"}
[2026-04-16 10:27:39.908 Z] [PROCESS] [cadence.virtuoso.ade.simulationMonitor] - spectre completes with 0 errors, 34 warnings, and 14 notices. {"history": "Interactive.8", "point": 12, "testname": "VGA_VGA_1_pss_tb_1", "cornername": "CMOS_CAP_VDD_TEMP_10"}
[2026-04-16 10:27:39.908 Z] [PROCESS] [cadence.virtuoso.ade.simulationMonitor] - Finished simulating for one point {"hostname": "il2244vt26_davidevi", "processid": 1094797, "history": "Interactive.8", "testname": "VGA_VGA_1_pss_tb_1", "cornername": "CMOS_CAP_VDD_TEMP_10", "point": 12, "logfile": "/home/davidevi/Desktop/myproject/logs_davidevi/logs0/Job512.log", "simid": "2"}
[2026-04-16 10:27:39.908 Z] [PROCESS] [cadence.virtuoso.ade.simulationMonitor] - Simulator exited {"hostname": "il2244vt26_davidevi", "processid": 1094797, "history": "Interactive.8", "testname": "VGA_VGA_1_pss_tb_1", "cornername": "CMOS_CAP_VDD_TEMP_10", "point": 12, "logfile": "/home/davidevi/Desktop/myproject/logs_davidevi/logs0/Job512.log", "exitStatus": "0"}
[2026-04-16 10:27:39.908 Z] [PROCESS] [cadence.virtuoso.ade.simulationMonitor] - Finished Simulation {"hostname": "il2244vt26_davidevi", "processid": 1094797, "history": "Interactive.8", "testname": "VGA_VGA_1_pss_tb_1", "cornername": "CMOS_CAP_VDD_TEMP_10", "point": 12, "logfile": "/home/davidevi/Desktop/myproject/logs_davidevi/logs0/Job512.log", "simid": "2"}
[2026-04-16 10:27:42.419 Z] [PROCESS] [cadence.virtuoso.ade.simulationMonitor] - Point Finished {"hostname": "il2244vt26_davidevi", "processid": 1094797, "history": "Interactive.8", "testname": "VGA_VGA_1_pss_tb_1", "cornername": "CMOS_CAP_VDD_TEMP_10", "point": 12, "logfile": "/home/davidevi/Desktop/myproject/logs_davidevi/logs0/Job512.log"}
[2026-04-16 10:27:42.422 Z] [PROCESS] [cadence.virtuoso.ade.simulationMonitor] - HostInfo:
Host name (type):	il2244vt26_davidevi (x86_64)
Operating system:	Linux 5.15.0-164-generic #174-Ubuntu SMP Fri Nov 14 20:25:16 UTC 2025 {"hostname": "il2244vt26_davidevi", "processid": 1094797, "history": "Interactive.8", "testname": "VGA_VGA_1_pss_tb_1", "cornername": "CMOS_CAP_VDD_TEMP_10", "point": 12, "logfile": "/home/davidevi/Desktop/myproject/logs_davidevi/logs0/Job512.log", "nodename": "il2244vt26_davidevi", "domainname": "(none)", "machine": "x86_64", "sysname": "Linux", "release": "5.15.0-164-generic", "version": "#174-Ubuntu SMP Fri Nov 14 20:25:16 UTC 2025"}
[2026-04-16 10:27:42.422 Z] [PROCESS] [cadence.virtuoso.ade.simulationMonitor] - UsageInfo:
pid=1094797
totalPhysicalMemory=3023.749672GB,Used=1573.243126GB,totalVirtualMemory=3031.749668GB,Used=1573.270714GB
Cpu: Cores=48, Load average:11.750000,8.470000,8.660000 {"hostname": "il2244vt26_davidevi", "processid": 1094797, "history": "Interactive.8", "testname": "VGA_VGA_1_pss_tb_1", "cornername": "CMOS_CAP_VDD_TEMP_10", "point": 12, "logfile": "/home/davidevi/Desktop/myproject/logs_davidevi/logs0/Job512.log", "pid": "1094797", "totalPhysicalMemory": "3023.749672", "physicalMemoryUsed": "1573.243126", "totalVirtualMemory": "3031.749668", "virtualMemoryUsed": "1573.270714", "cpuCores": "48", "processes": "29848", "loadAverage1": "11.750000", "loadAverage5": "8.470000", "loadAverage15": "8.660000", "loadAverage1Percent": "0.244792"}
[2026-04-16 10:27:42.423 Z] [EVENT] [cadence.virtuoso.ade.simulationMonitor] - NewPoint {"history": "Interactive.8", "point": 22, "testname": "VGA_VGA_1_pss_tb_1", "cornername": "CMOS_CAP_VDD_TEMP_20", "event": "NewPoint", "EventSource": "Simulation Monitor", "HistoryName": "Interactive.8", "logFile": "/home/davidevi/Desktop/myproject/logs_davidevi/logs0/Job512.log", "logFileSize": "49177"}
[2026-04-16 10:27:42.525 Z] [EVENT] [cadence.virtuoso.ade.simulationMonitor] - NewPoint {"history": "Interactive.8", "point": 22, "testname": "VGA_VGA_1_pss_tb_1", "cornername": "CMOS_CAP_VDD_TEMP_20", "event": "NewPoint", "EventSource": "spectre", "HistoryName": "Interactive.8", "logFile": "/home/davidevi/Desktop/myproject/Sim/VGA/VGA_1_pss_tb/maestro/results/maestro/Interactive.8/22/VGA_VGA_1_pss_tb_1/psf/spectre.out", "logFileSize": "-1"}
[2026-04-16 10:27:42.536 Z] [PROCESS] [cadence.virtuoso.ade.simulationMonitor] - Simulator launched {"hostname": "il2244vt26_davidevi", "processid": 1094797, "history": "Interactive.8", "testname": "VGA_VGA_1_pss_tb_1", "cornername": "CMOS_CAP_VDD_TEMP_20", "point": 22, "logfile": "/home/davidevi/Desktop/myproject/logs_davidevi/logs0/Job512.log", "simid": "3"}
[2026-04-16 10:27:42.595 Z] [PROCESS] [cadence.virtuoso.ade.simulationMonitor] - Started Simulation {"hostname": "il2244vt26_davidevi", "processid": 1094797, "history": "Interactive.8", "testname": "VGA_VGA_1_pss_tb_1", "cornername": "CMOS_CAP_VDD_TEMP_20", "point": 22, "logfile": "/home/davidevi/Desktop/myproject/logs_davidevi/logs0/Job512.log", "event": "started", "task": "simulation"}
[2026-04-16 10:27:43.596 Z] [WARN] [cadence.virtuoso.ade.simulationMonitor] -     WARNING (SPECTRE-691): This CPU processor does not support x86 advanced vector extensions instructions. This may affect math operations and slow down the simulation. {"history": "Interactive.8", "point": 22, "testname": "VGA_VGA_1_pss_tb_1", "cornername": "CMOS_CAP_VDD_TEMP_20"}
[2026-04-16 10:27:43.596 Z] [INFO] [cadence.virtuoso.ade.simulationMonitor] - Notice from spectre during circuit read-in.
    Pre_Configuration file used: /opt/tools/cadence/installs/SPECTRE241/tools.lnx86/spectre/etc/configs/preset.precfg
    Configuration file used: `/opt/tools/cadence/installs/SPECTRE241/tools.lnx86/spectre/etc/configs/preset.cfg'. {"history": "Interactive.8", "point": 22, "testname": "VGA_VGA_1_pss_tb_1", "cornername": "CMOS_CAP_VDD_TEMP_20"}
[2026-04-16 10:27:43.597 Z] [WARN] [cadence.virtuoso.ade.simulationMonitor] -     WARNING (SPECTRE-8360): line 1511: `ac' is an undefined primitive device. {"history": "Interactive.8", "point": 22, "testname": "VGA_VGA_1_pss_tb_1", "cornername": "CMOS_CAP_VDD_TEMP_20"}
[2026-04-16 10:27:43.597 Z] [WARN] [cadence.virtuoso.ade.simulationMonitor] -     WARNING (SPECTRE-8360): line 1512: `ac' is an undefined primitive device. {"history": "Interactive.8", "point": 22, "testname": "VGA_VGA_1_pss_tb_1", "cornername": "CMOS_CAP_VDD_TEMP_20"}
[2026-04-16 10:27:43.597 Z] [WARN] [cadence.virtuoso.ade.simulationMonitor] -     WARNING (SPECTRE-8360): line 1513: `ac' is an undefined primitive device. {"history": "Interactive.8", "point": 22, "testname": "VGA_VGA_1_pss_tb_1", "cornername": "CMOS_CAP_VDD_TEMP_20"}
[2026-04-16 10:27:43.597 Z] [WARN] [cadence.virtuoso.ade.simulationMonitor] -     WARNING (SPECTRE-8360): line 1514: `ac' is an undefined primitive device. {"history": "Interactive.8", "point": 22, "testname": "VGA_VGA_1_pss_tb_1", "cornername": "CMOS_CAP_VDD_TEMP_20"}
[2026-04-16 10:27:43.597 Z] [WARN] [cadence.virtuoso.ade.simulationMonitor] -     WARNING (SPECTRE-8360): line 1515: `ac' is an undefined primitive device.
        Further occurrences of this warning will be suppressed. {"history": "Interactive.8", "point": 22, "testname": "VGA_VGA_1_pss_tb_1", "cornername": "CMOS_CAP_VDD_TEMP_20"}
[2026-04-16 10:27:43.597 Z] [INFO] [cadence.virtuoso.ade.simulationMonitor] - Peak resident memory used = 179 Mbytes. {"history": "Interactive.8", "point": 22, "testname": "VGA_VGA_1_pss_tb_1", "cornername": "CMOS_CAP_VDD_TEMP_20"}
[2026-04-16 10:27:43.597 Z] [WARN] [cadence.virtuoso.ade.simulationMonitor] -     WARNING (VACOMP-2435): The environment variable CDS_AHDLCMI_ENABLE is no longer supported. Therefore, the simulator will use the default compiled C code flow. {"history": "Interactive.8", "point": 22, "testname": "VGA_VGA_1_pss_tb_1", "cornername": "CMOS_CAP_VDD_TEMP_20"}
[2026-04-16 10:27:43.597 Z] [WARN] [cadence.virtuoso.ade.simulationMonitor] -     WARNING (SFE-3016): The floating node net6 is removed. {"history": "Interactive.8", "point": 22, "testname": "VGA_VGA_1_pss_tb_1", "cornername": "CMOS_CAP_VDD_TEMP_20"}
[2026-04-16 10:27:43.598 Z] [INFO] [cadence.virtuoso.ade.simulationMonitor] - Peak resident memory used = 192 Mbytes. {"history": "Interactive.8", "point": 22, "testname": "VGA_VGA_1_pss_tb_1", "cornername": "CMOS_CAP_VDD_TEMP_20"}
[2026-04-16 10:27:43.598 Z] [INFO] [cadence.virtuoso.ade.simulationMonitor] - Notice from spectre during hierarchy flattening.
    The value 'psf' specified for the 'checklimitdest' option will no longer be supported in future releases. Use 'spectre -h' to see other recommended values for the 'checklimitdest' option. {"history": "Interactive.8", "point": 22, "testname": "VGA_VGA_1_pss_tb_1", "cornername": "CMOS_CAP_VDD_TEMP_20"}
[2026-04-16 10:27:43.598 Z] [INFO] [cadence.virtuoso.ade.simulationMonitor] - Peak resident memory used = 195 Mbytes. {"history": "Interactive.8", "point": 22, "testname": "VGA_VGA_1_pss_tb_1", "cornername": "CMOS_CAP_VDD_TEMP_20"}
[2026-04-16 10:27:43.598 Z] [WARN] [cadence.virtuoso.ade.simulationMonitor] -     WARNING (SPECTRE-17607): Assert `SOAC_rpolyh_vminuspsub' is ignored because it contains an expression which is invalid or not supported by native evaluator.  {"history": "Interactive.8", "point": 22, "testname": "VGA_VGA_1_pss_tb_1", "cornername": "CMOS_CAP_VDD_TEMP_20"}
[2026-04-16 10:27:43.598 Z] [WARN] [cadence.virtuoso.ade.simulationMonitor] -     WARNING (SPECTRE-17607): Assert `SOAC_rpolyh_vpluspsub' is ignored because it contains an expression which is invalid or not supported by native evaluator.  {"history": "Interactive.8", "point": 22, "testname": "VGA_VGA_1_pss_tb_1", "cornername": "CMOS_CAP_VDD_TEMP_20"}
[2026-04-16 10:27:43.598 Z] [WARN] [cadence.virtuoso.ade.simulationMonitor] -     WARNING (SPECTRE-16460): SOAC_cvarm_vspsub:Specified subcircuit master `cvarm' was not found. {"history": "Interactive.8", "point": 22, "testname": "VGA_VGA_1_pss_tb_1", "cornername": "CMOS_CAP_VDD_TEMP_20"}
[2026-04-16 10:27:43.599 Z] [WARN] [cadence.virtuoso.ade.simulationMonitor] -     WARNING (SPECTRE-16462): SOAC_cvarm_vspsub:Error in specification of subcircuit master. Assert is ignored. {"history": "Interactive.8", "point": 22, "testname": "VGA_VGA_1_pss_tb_1", "cornername": "CMOS_CAP_VDD_TEMP_20"}
[2026-04-16 10:27:43.599 Z] [WARN] [cadence.virtuoso.ade.simulationMonitor] -     WARNING (SPECTRE-16460): SOAC_cvarm_vbs:Specified subcircuit master `cvarm' was not found. {"history": "Interactive.8", "point": 22, "testname": "VGA_VGA_1_pss_tb_1", "cornername": "CMOS_CAP_VDD_TEMP_20"}
[2026-04-16 10:27:43.599 Z] [WARN] [cadence.virtuoso.ade.simulationMonitor] -     WARNING (SPECTRE-16462): SOAC_cvarm_vbs:Error in specification of subcircuit master. Assert is ignored. {"history": "Interactive.8", "point": 22, "testname": "VGA_VGA_1_pss_tb_1", "cornername": "CMOS_CAP_VDD_TEMP_20"}
[2026-04-16 10:27:43.599 Z] [WARN] [cadence.virtuoso.ade.simulationMonitor] -     WARNING (SPECTRE-16460): SOAC_cvarm_vgb:Specified subcircuit master `cvarm' was not found. {"history": "Interactive.8", "point": 22, "testname": "VGA_VGA_1_pss_tb_1", "cornername": "CMOS_CAP_VDD_TEMP_20"}
[2026-04-16 10:27:43.599 Z] [WARN] [cadence.virtuoso.ade.simulationMonitor] -     WARNING (SPECTRE-16462): SOAC_cvarm_vgb:Error in specification of subcircuit master. Assert is ignored. {"history": "Interactive.8", "point": 22, "testname": "VGA_VGA_1_pss_tb_1", "cornername": "CMOS_CAP_VDD_TEMP_20"}
[2026-04-16 10:27:43.599 Z] [WARN] [cadence.virtuoso.ade.simulationMonitor] -     WARNING (SPECTRE-16460): SOAC_cvart_vspsub:Specified subcircuit master `cvart' was not found. {"history": "Interactive.8", "point": 22, "testname": "VGA_VGA_1_pss_tb_1", "cornername": "CMOS_CAP_VDD_TEMP_20"}
[2026-04-16 10:27:43.599 Z] [WARN] [cadence.virtuoso.ade.simulationMonitor] -     WARNING (SPECTRE-16462): SOAC_cvart_vspsub:Error in specification of subcircuit master. Assert is ignored. {"history": "Interactive.8", "point": 22, "testname": "VGA_VGA_1_pss_tb_1", "cornername": "CMOS_CAP_VDD_TEMP_20"}
[2026-04-16 10:27:43.599 Z] [WARN] [cadence.virtuoso.ade.simulationMonitor] -     WARNING (SPECTRE-16460): SOAC_cvart_vbs:Specified subcircuit master `cvart' was not found.
        Further occurrences of this warning will be suppressed. {"history": "Interactive.8", "point": 22, "testname": "VGA_VGA_1_pss_tb_1", "cornername": "CMOS_CAP_VDD_TEMP_20"}
[2026-04-16 10:27:43.600 Z] [WARN] [cadence.virtuoso.ade.simulationMonitor] -     WARNING (SPECTRE-16462): SOAC_cvart_vbs:Error in specification of subcircuit master. Assert is ignored.
        Further occurrences of this warning will be suppressed. {"history": "Interactive.8", "point": 22, "testname": "VGA_VGA_1_pss_tb_1", "cornername": "CMOS_CAP_VDD_TEMP_20"}
[2026-04-16 10:27:43.600 Z] [WARN] [cadence.virtuoso.ade.simulationMonitor] -     WARNING (SPECTRE-17607): Assert `SOAC_cpoly_vminuspsub' is ignored because it contains an expression which is invalid or not supported by native evaluator.  {"history": "Interactive.8", "point": 22, "testname": "VGA_VGA_1_pss_tb_1", "cornername": "CMOS_CAP_VDD_TEMP_20"}
[2026-04-16 10:27:43.600 Z] [WARN] [cadence.virtuoso.ade.simulationMonitor] -     WARNING (SPECTRE-17607): Assert `SOAC_cpoly_vpluspsub' is ignored because it contains an expression which is invalid or not supported by native evaluator.  {"history": "Interactive.8", "point": 22, "testname": "VGA_VGA_1_pss_tb_1", "cornername": "CMOS_CAP_VDD_TEMP_20"}
[2026-04-16 10:27:43.600 Z] [WARN] [cadence.virtuoso.ade.simulationMonitor] -     WARNING (SPECTRE-17607): Assert `SOAC_modp_vbpsub' is ignored because it contains an expression which is invalid or not supported by native evaluator. 
        Further occurrences of this warning will be suppressed. {"history": "Interactive.8", "point": 22, "testname": "VGA_VGA_1_pss_tb_1", "cornername": "CMOS_CAP_VDD_TEMP_20"}
[2026-04-16 10:27:44.100 Z] [INFO] [cadence.virtuoso.ade.simulationMonitor] - Notice from spectre during initial setup.
    Multithreading is disabled due to the size of the design being too small. {"history": "Interactive.8", "point": 22, "testname": "VGA_VGA_1_pss_tb_1", "cornername": "CMOS_CAP_VDD_TEMP_20"}
[2026-04-16 10:27:44.101 Z] [WARN] [cadence.virtuoso.ade.simulationMonitor] -     WARNING (SPECTRE-592): Following parameters are disabled because they are ignored or redefined in Spectre X:
        
        
        PSS Parameters:
          errpreset {"history": "Interactive.8", "point": 22, "testname": "VGA_VGA_1_pss_tb_1", "cornername": "CMOS_CAP_VDD_TEMP_20"}
[2026-04-16 10:27:44.103 Z] [INFO] [cadence.virtuoso.ade.simulationMonitor] -               nodes 31 {"history": "Interactive.8", "point": 22, "testname": "VGA_VGA_1_pss_tb_1", "cornername": "CMOS_CAP_VDD_TEMP_20"}
[2026-04-16 10:27:44.103 Z] [INFO] [cadence.virtuoso.ade.simulationMonitor] - Notice from spectre during initial setup.
    Spectre X preset=cx enabled.
    73 warnings suppressed. {"history": "Interactive.8", "point": 22, "testname": "VGA_VGA_1_pss_tb_1", "cornername": "CMOS_CAP_VDD_TEMP_20"}
[2026-04-16 10:27:44.103 Z] [INFO] [cadence.virtuoso.ade.simulationMonitor] - Peak resident memory used = 201 Mbytes. {"history": "Interactive.8", "point": 22, "testname": "VGA_VGA_1_pss_tb_1", "cornername": "CMOS_CAP_VDD_TEMP_20"}
[2026-04-16 10:27:44.103 Z] [INFO] [cadence.virtuoso.ade.simulationMonitor] -    -   (Spectre X) Multi-threading. The recommended number of threads is 1, consider adding +mt=1 on command line. {"history": "Interactive.8", "point": 22, "testname": "VGA_VGA_1_pss_tb_1", "cornername": "CMOS_CAP_VDD_TEMP_20"}
[2026-04-16 10:27:44.103 Z] [INFO] [cadence.virtuoso.ade.simulationMonitor] - Notice from spectre during transient analysis `tran'.
    No checklimit analysis defined for asserts. A default checklimit analysis 'SpectreChecklimitAnal' has been created with all asserts enabled. {"history": "Interactive.8", "point": 22, "testname": "VGA_VGA_1_pss_tb_1", "cornername": "CMOS_CAP_VDD_TEMP_20"}
[2026-04-16 10:27:44.104 Z] [INFO] [cadence.virtuoso.ade.simulationMonitor] - Notice from spectre during IC analysis, during transient analysis `tran'.
    Bad pivoting is found during DC analysis. Option dc_pivot_check=yes is recommended for possible improvement of convergence. {"history": "Interactive.8", "point": 22, "testname": "VGA_VGA_1_pss_tb_1", "cornername": "CMOS_CAP_VDD_TEMP_20"}
[2026-04-16 10:27:44.104 Z] [WARN] [cadence.virtuoso.ade.simulationMonitor] -     WARNING (CMI-2943): Parameter checks have been ignored because the valid value for parameter 'trise' could not be found in 'C1'. {"history": "Interactive.8", "point": 22, "testname": "VGA_VGA_1_pss_tb_1", "cornername": "CMOS_CAP_VDD_TEMP_20"}
[2026-04-16 10:27:44.104 Z] [WARN] [cadence.virtuoso.ade.simulationMonitor] -     WARNING (CMI-2943): Parameter checks have been ignored because the valid value for parameter 'trise' could not be found in 'I0.C8<0>_turbo_m4.C1'. {"history": "Interactive.8", "point": 22, "testname": "VGA_VGA_1_pss_tb_1", "cornername": "CMOS_CAP_VDD_TEMP_20"}
[2026-04-16 10:27:44.104 Z] [WARN] [cadence.virtuoso.ade.simulationMonitor] -     WARNING (CMI-2943): Parameter checks have been ignored because the valid value for parameter 'trise' could not be found in 'I0.C9<0>_turbo_m8.C1'. {"history": "Interactive.8", "point": 22, "testname": "VGA_VGA_1_pss_tb_1", "cornername": "CMOS_CAP_VDD_TEMP_20"}
[2026-04-16 10:27:44.104 Z] [WARN] [cadence.virtuoso.ade.simulationMonitor] -     WARNING (CMI-2943): Parameter checks have been ignored because the valid value for parameter 'trise' could not be found in 'I0.C7<0>_turbo_m2.C1'. {"history": "Interactive.8", "point": 22, "testname": "VGA_VGA_1_pss_tb_1", "cornername": "CMOS_CAP_VDD_TEMP_20"}
[2026-04-16 10:27:44.104 Z] [WARN] [cadence.virtuoso.ade.simulationMonitor] -     WARNING (CMI-2943): Parameter checks have been ignored because the valid value for parameter 'trise' could not be found in 'I0.R2.CM'.
        Further occurrences of this warning will be suppressed. {"history": "Interactive.8", "point": 22, "testname": "VGA_VGA_1_pss_tb_1", "cornername": "CMOS_CAP_VDD_TEMP_20"}
[2026-04-16 10:27:44.104 Z] [INFO] [cadence.virtuoso.ade.simulationMonitor] - Notice from spectre during transient analysis `tran'.
    Multithreading is disabled due to the size of the design being too small. {"history": "Interactive.8", "point": 22, "testname": "VGA_VGA_1_pss_tb_1", "cornername": "CMOS_CAP_VDD_TEMP_20"}
[2026-04-16 10:27:44.605 Z] [INFO] [cadence.virtuoso.ade.simulationMonitor] - Total time required for tran analysis `tran': CPU = 97.886 ms, elapsed = 102.29 ms, util. = 95.7%. {"history": "Interactive.8", "point": 22, "testname": "VGA_VGA_1_pss_tb_1", "cornername": "CMOS_CAP_VDD_TEMP_20"}
[2026-04-16 10:27:44.605 Z] [INFO] [cadence.virtuoso.ade.simulationMonitor] - Peak resident memory used = 211 Mbytes. {"history": "Interactive.8", "point": 22, "testname": "VGA_VGA_1_pss_tb_1", "cornername": "CMOS_CAP_VDD_TEMP_20"}
[2026-04-16 10:27:44.605 Z] [INFO] [cadence.virtuoso.ade.simulationMonitor] - Notice from spectre.
    12 warnings suppressed. {"history": "Interactive.8", "point": 22, "testname": "VGA_VGA_1_pss_tb_1", "cornername": "CMOS_CAP_VDD_TEMP_20"}
[2026-04-16 10:27:44.605 Z] [WARN] [cadence.virtuoso.ade.simulationMonitor] -     WARNING (CMI-2943): Parameter checks have been ignored because the valid value for parameter 'trise' could not be found in 'C1'. {"history": "Interactive.8", "point": 22, "testname": "VGA_VGA_1_pss_tb_1", "cornername": "CMOS_CAP_VDD_TEMP_20"}
[2026-04-16 10:27:44.605 Z] [WARN] [cadence.virtuoso.ade.simulationMonitor] -     WARNING (CMI-2943): Parameter checks have been ignored because the valid value for parameter 'trise' could not be found in 'I0.C8<0>_turbo_m4.C1'. {"history": "Interactive.8", "point": 22, "testname": "VGA_VGA_1_pss_tb_1", "cornername": "CMOS_CAP_VDD_TEMP_20"}
[2026-04-16 10:27:44.605 Z] [WARN] [cadence.virtuoso.ade.simulationMonitor] -     WARNING (CMI-2943): Parameter checks have been ignored because the valid value for parameter 'trise' could not be found in 'I0.C9<0>_turbo_m8.C1'. {"history": "Interactive.8", "point": 22, "testname": "VGA_VGA_1_pss_tb_1", "cornername": "CMOS_CAP_VDD_TEMP_20"}
[2026-04-16 10:27:44.606 Z] [WARN] [cadence.virtuoso.ade.simulationMonitor] -     WARNING (CMI-2943): Parameter checks have been ignored because the valid value for parameter 'trise' could not be found in 'I0.C7<0>_turbo_m2.C1'. {"history": "Interactive.8", "point": 22, "testname": "VGA_VGA_1_pss_tb_1", "cornername": "CMOS_CAP_VDD_TEMP_20"}
[2026-04-16 10:27:44.606 Z] [WARN] [cadence.virtuoso.ade.simulationMonitor] -     WARNING (CMI-2943): Parameter checks have been ignored because the valid value for parameter 'trise' could not be found in 'I0.R2.CM'.
        Further occurrences of this warning will be suppressed. {"history": "Interactive.8", "point": 22, "testname": "VGA_VGA_1_pss_tb_1", "cornername": "CMOS_CAP_VDD_TEMP_20"}
[2026-04-16 10:27:44.606 Z] [INFO] [cadence.virtuoso.ade.simulationMonitor] - Total time required for tstab analysis `pss': CPU = 5.838 ms, elapsed = 5.83696 ms. {"history": "Interactive.8", "point": 22, "testname": "VGA_VGA_1_pss_tb_1", "cornername": "CMOS_CAP_VDD_TEMP_20"}
[2026-04-16 10:27:44.606 Z] [INFO] [cadence.virtuoso.ade.simulationMonitor] - Peak resident memory used = 213 Mbytes. {"history": "Interactive.8", "point": 22, "testname": "VGA_VGA_1_pss_tb_1", "cornername": "CMOS_CAP_VDD_TEMP_20"}
[2026-04-16 10:27:44.606 Z] [INFO] [cadence.virtuoso.ade.simulationMonitor] - Notice from spectre during periodic steady state analysis `pss'.
    12 warnings suppressed. {"history": "Interactive.8", "point": 22, "testname": "VGA_VGA_1_pss_tb_1", "cornername": "CMOS_CAP_VDD_TEMP_20"}
[2026-04-16 10:27:45.107 Z] [INFO] [cadence.virtuoso.ade.simulationMonitor] - Total time required for pss analysis `pss': CPU = 726.524 ms, elapsed = 743.372 ms, util. = 97.7%. {"history": "Interactive.8", "point": 22, "testname": "VGA_VGA_1_pss_tb_1", "cornername": "CMOS_CAP_VDD_TEMP_20"}
[2026-04-16 10:27:45.107 Z] [INFO] [cadence.virtuoso.ade.simulationMonitor] - Peak resident memory used = 219 Mbytes. {"history": "Interactive.8", "point": 22, "testname": "VGA_VGA_1_pss_tb_1", "cornername": "CMOS_CAP_VDD_TEMP_20"}
[2026-04-16 10:27:45.107 Z] [INFO] [cadence.virtuoso.ade.simulationMonitor] - Time used: CPU = 1.3 s, elapsed = 1.99 s, util. = 65.4%. {"history": "Interactive.8", "point": 22, "testname": "VGA_VGA_1_pss_tb_1", "cornername": "CMOS_CAP_VDD_TEMP_20"}
[2026-04-16 10:27:45.107 Z] [INFO] [cadence.virtuoso.ade.simulationMonitor] - Time spent in licensing: elapsed = 319 ms, percentage of total = 16%. {"history": "Interactive.8", "point": 22, "testname": "VGA_VGA_1_pss_tb_1", "cornername": "CMOS_CAP_VDD_TEMP_20"}
[2026-04-16 10:27:45.108 Z] [INFO] [cadence.virtuoso.ade.simulationMonitor] - Peak memory used = 219 Mbytes. {"history": "Interactive.8", "point": 22, "testname": "VGA_VGA_1_pss_tb_1", "cornername": "CMOS_CAP_VDD_TEMP_20"}
[2026-04-16 10:27:45.109 Z] [PROCESS] [cadence.virtuoso.ade.simulationMonitor] - Simulation started at: 10:27:42 AM, Thur Apr 16, 2026, ended at: 10:27:44 AM, Thur Apr 16, 2026, with elapsed time (wall clock): 1.99 s. {"history": "Interactive.8", "point": 22, "testname": "VGA_VGA_1_pss_tb_1", "cornername": "CMOS_CAP_VDD_TEMP_20"}
[2026-04-16 10:27:45.109 Z] [PROCESS] [cadence.virtuoso.ade.simulationMonitor] - spectre completes with 0 errors, 34 warnings, and 13 notices. {"history": "Interactive.8", "point": 22, "testname": "VGA_VGA_1_pss_tb_1", "cornername": "CMOS_CAP_VDD_TEMP_20"}
[2026-04-16 10:27:45.109 Z] [PROCESS] [cadence.virtuoso.ade.simulationMonitor] - Finished simulating for one point {"hostname": "il2244vt26_davidevi", "processid": 1094797, "history": "Interactive.8", "testname": "VGA_VGA_1_pss_tb_1", "cornername": "CMOS_CAP_VDD_TEMP_20", "point": 22, "logfile": "/home/davidevi/Desktop/myproject/logs_davidevi/logs0/Job512.log", "simid": "3"}
[2026-04-16 10:27:45.109 Z] [PROCESS] [cadence.virtuoso.ade.simulationMonitor] - Simulator exited {"hostname": "il2244vt26_davidevi", "processid": 1094797, "history": "Interactive.8", "testname": "VGA_VGA_1_pss_tb_1", "cornername": "CMOS_CAP_VDD_TEMP_20", "point": 22, "logfile": "/home/davidevi/Desktop/myproject/logs_davidevi/logs0/Job512.log", "exitStatus": "0"}
[2026-04-16 10:27:45.109 Z] [PROCESS] [cadence.virtuoso.ade.simulationMonitor] - Finished Simulation {"hostname": "il2244vt26_davidevi", "processid": 1094797, "history": "Interactive.8", "testname": "VGA_VGA_1_pss_tb_1", "cornername": "CMOS_CAP_VDD_TEMP_20", "point": 22, "logfile": "/home/davidevi/Desktop/myproject/logs_davidevi/logs0/Job512.log", "simid": "3"}
[2026-04-16 10:27:47.121 Z] [PROCESS] [cadence.virtuoso.ade.simulationMonitor] - Point Finished {"hostname": "il2244vt26_davidevi", "processid": 1094797, "history": "Interactive.8", "testname": "VGA_VGA_1_pss_tb_1", "cornername": "CMOS_CAP_VDD_TEMP_20", "point": 22, "logfile": "/home/davidevi/Desktop/myproject/logs_davidevi/logs0/Job512.log"}
[2026-04-16 10:27:47.123 Z] [PROCESS] [cadence.virtuoso.ade.simulationMonitor] - HostInfo:
Host name (type):	il2244vt26_davidevi (x86_64)
Operating system:	Linux 5.15.0-164-generic #174-Ubuntu SMP Fri Nov 14 20:25:16 UTC 2025 {"hostname": "il2244vt26_davidevi", "processid": 1094797, "history": "Interactive.8", "testname": "VGA_VGA_1_pss_tb_1", "cornername": "CMOS_CAP_VDD_TEMP_20", "point": 22, "logfile": "/home/davidevi/Desktop/myproject/logs_davidevi/logs0/Job512.log", "nodename": "il2244vt26_davidevi", "domainname": "(none)", "machine": "x86_64", "sysname": "Linux", "release": "5.15.0-164-generic", "version": "#174-Ubuntu SMP Fri Nov 14 20:25:16 UTC 2025"}
[2026-04-16 10:27:47.124 Z] [PROCESS] [cadence.virtuoso.ade.simulationMonitor] - UsageInfo:
pid=1094797
totalPhysicalMemory=3023.749672GB,Used=1573.741116GB,totalVirtualMemory=3031.749668GB,Used=1573.768703GB
Cpu: Cores=48, Load average:12.490000,8.680000,8.730000 {"hostname": "il2244vt26_davidevi", "processid": 1094797, "history": "Interactive.8", "testname": "VGA_VGA_1_pss_tb_1", "cornername": "CMOS_CAP_VDD_TEMP_20", "point": 22, "logfile": "/home/davidevi/Desktop/myproject/logs_davidevi/logs0/Job512.log", "pid": "1094797", "totalPhysicalMemory": "3023.749672", "physicalMemoryUsed": "1573.741116", "totalVirtualMemory": "3031.749668", "virtualMemoryUsed": "1573.768703", "cpuCores": "48", "processes": "29796", "loadAverage1": "12.490000", "loadAverage5": "8.680000", "loadAverage15": "8.730000", "loadAverage1Percent": "0.260208"}
[2026-04-16 10:27:47.125 Z] [EVENT] [cadence.virtuoso.ade.simulationMonitor] - NewPoint {"history": "Interactive.8", "point": 28, "testname": "VGA_VGA_1_pss_tb_1", "cornername": "CMOS_CAP_VDD_TEMP_26", "event": "NewPoint", "EventSource": "Simulation Monitor", "HistoryName": "Interactive.8", "logFile": "/home/davidevi/Desktop/myproject/logs_davidevi/logs0/Job512.log", "logFileSize": "72348"}
[2026-04-16 10:27:47.226 Z] [EVENT] [cadence.virtuoso.ade.simulationMonitor] - NewPoint {"history": "Interactive.8", "point": 28, "testname": "VGA_VGA_1_pss_tb_1", "cornername": "CMOS_CAP_VDD_TEMP_26", "event": "NewPoint", "EventSource": "spectre", "HistoryName": "Interactive.8", "logFile": "/home/davidevi/Desktop/myproject/Sim/VGA/VGA_1_pss_tb/maestro/results/maestro/Interactive.8/28/VGA_VGA_1_pss_tb_1/psf/spectre.out", "logFileSize": "-1"}
[2026-04-16 10:27:47.236 Z] [PROCESS] [cadence.virtuoso.ade.simulationMonitor] - Simulator launched {"hostname": "il2244vt26_davidevi", "processid": 1094797, "history": "Interactive.8", "testname": "VGA_VGA_1_pss_tb_1", "cornername": "CMOS_CAP_VDD_TEMP_26", "point": 28, "logfile": "/home/davidevi/Desktop/myproject/logs_davidevi/logs0/Job512.log", "simid": "4"}
[2026-04-16 10:27:47.284 Z] [PROCESS] [cadence.virtuoso.ade.simulationMonitor] - Started Simulation {"hostname": "il2244vt26_davidevi", "processid": 1094797, "history": "Interactive.8", "testname": "VGA_VGA_1_pss_tb_1", "cornername": "CMOS_CAP_VDD_TEMP_26", "point": 28, "logfile": "/home/davidevi/Desktop/myproject/logs_davidevi/logs0/Job512.log", "event": "started", "task": "simulation"}
[2026-04-16 10:27:48.284 Z] [WARN] [cadence.virtuoso.ade.simulationMonitor] -     WARNING (SPECTRE-691): This CPU processor does not support x86 advanced vector extensions instructions. This may affect math operations and slow down the simulation. {"history": "Interactive.8", "point": 28, "testname": "VGA_VGA_1_pss_tb_1", "cornername": "CMOS_CAP_VDD_TEMP_26"}
[2026-04-16 10:27:48.284 Z] [INFO] [cadence.virtuoso.ade.simulationMonitor] - Notice from spectre during circuit read-in.
    Pre_Configuration file used: /opt/tools/cadence/installs/SPECTRE241/tools.lnx86/spectre/etc/configs/preset.precfg
    Configuration file used: `/opt/tools/cadence/installs/SPECTRE241/tools.lnx86/spectre/etc/configs/preset.cfg'. {"history": "Interactive.8", "point": 28, "testname": "VGA_VGA_1_pss_tb_1", "cornername": "CMOS_CAP_VDD_TEMP_26"}
[2026-04-16 10:27:48.285 Z] [WARN] [cadence.virtuoso.ade.simulationMonitor] -     WARNING (SPECTRE-8360): line 1511: `ac' is an undefined primitive device. {"history": "Interactive.8", "point": 28, "testname": "VGA_VGA_1_pss_tb_1", "cornername": "CMOS_CAP_VDD_TEMP_26"}
[2026-04-16 10:27:48.285 Z] [WARN] [cadence.virtuoso.ade.simulationMonitor] -     WARNING (SPECTRE-8360): line 1512: `ac' is an undefined primitive device. {"history": "Interactive.8", "point": 28, "testname": "VGA_VGA_1_pss_tb_1", "cornername": "CMOS_CAP_VDD_TEMP_26"}
[2026-04-16 10:27:48.285 Z] [WARN] [cadence.virtuoso.ade.simulationMonitor] -     WARNING (SPECTRE-8360): line 1513: `ac' is an undefined primitive device. {"history": "Interactive.8", "point": 28, "testname": "VGA_VGA_1_pss_tb_1", "cornername": "CMOS_CAP_VDD_TEMP_26"}
[2026-04-16 10:27:48.285 Z] [WARN] [cadence.virtuoso.ade.simulationMonitor] -     WARNING (SPECTRE-8360): line 1514: `ac' is an undefined primitive device. {"history": "Interactive.8", "point": 28, "testname": "VGA_VGA_1_pss_tb_1", "cornername": "CMOS_CAP_VDD_TEMP_26"}
[2026-04-16 10:27:48.285 Z] [WARN] [cadence.virtuoso.ade.simulationMonitor] -     WARNING (SPECTRE-8360): line 1515: `ac' is an undefined primitive device.
        Further occurrences of this warning will be suppressed. {"history": "Interactive.8", "point": 28, "testname": "VGA_VGA_1_pss_tb_1", "cornername": "CMOS_CAP_VDD_TEMP_26"}
[2026-04-16 10:27:48.285 Z] [INFO] [cadence.virtuoso.ade.simulationMonitor] - Peak resident memory used = 179 Mbytes. {"history": "Interactive.8", "point": 28, "testname": "VGA_VGA_1_pss_tb_1", "cornername": "CMOS_CAP_VDD_TEMP_26"}
[2026-04-16 10:27:48.285 Z] [WARN] [cadence.virtuoso.ade.simulationMonitor] -     WARNING (VACOMP-2435): The environment variable CDS_AHDLCMI_ENABLE is no longer supported. Therefore, the simulator will use the default compiled C code flow. {"history": "Interactive.8", "point": 28, "testname": "VGA_VGA_1_pss_tb_1", "cornername": "CMOS_CAP_VDD_TEMP_26"}
[2026-04-16 10:27:48.285 Z] [WARN] [cadence.virtuoso.ade.simulationMonitor] -     WARNING (SFE-3016): The floating node net6 is removed. {"history": "Interactive.8", "point": 28, "testname": "VGA_VGA_1_pss_tb_1", "cornername": "CMOS_CAP_VDD_TEMP_26"}
[2026-04-16 10:27:48.285 Z] [INFO] [cadence.virtuoso.ade.simulationMonitor] - Peak resident memory used = 192 Mbytes. {"history": "Interactive.8", "point": 28, "testname": "VGA_VGA_1_pss_tb_1", "cornername": "CMOS_CAP_VDD_TEMP_26"}
[2026-04-16 10:27:48.286 Z] [INFO] [cadence.virtuoso.ade.simulationMonitor] - Notice from spectre during hierarchy flattening.
    The value 'psf' specified for the 'checklimitdest' option will no longer be supported in future releases. Use 'spectre -h' to see other recommended values for the 'checklimitdest' option. {"history": "Interactive.8", "point": 28, "testname": "VGA_VGA_1_pss_tb_1", "cornername": "CMOS_CAP_VDD_TEMP_26"}
[2026-04-16 10:27:48.286 Z] [INFO] [cadence.virtuoso.ade.simulationMonitor] - Peak resident memory used = 195 Mbytes. {"history": "Interactive.8", "point": 28, "testname": "VGA_VGA_1_pss_tb_1", "cornername": "CMOS_CAP_VDD_TEMP_26"}
[2026-04-16 10:27:48.286 Z] [WARN] [cadence.virtuoso.ade.simulationMonitor] -     WARNING (SPECTRE-17607): Assert `SOAC_rpolyh_vminuspsub' is ignored because it contains an expression which is invalid or not supported by native evaluator.  {"history": "Interactive.8", "point": 28, "testname": "VGA_VGA_1_pss_tb_1", "cornername": "CMOS_CAP_VDD_TEMP_26"}
[2026-04-16 10:27:48.286 Z] [WARN] [cadence.virtuoso.ade.simulationMonitor] -     WARNING (SPECTRE-17607): Assert `SOAC_rpolyh_vpluspsub' is ignored because it contains an expression which is invalid or not supported by native evaluator.  {"history": "Interactive.8", "point": 28, "testname": "VGA_VGA_1_pss_tb_1", "cornername": "CMOS_CAP_VDD_TEMP_26"}
[2026-04-16 10:27:48.286 Z] [WARN] [cadence.virtuoso.ade.simulationMonitor] -     WARNING (SPECTRE-16460): SOAC_cvarm_vspsub:Specified subcircuit master `cvarm' was not found. {"history": "Interactive.8", "point": 28, "testname": "VGA_VGA_1_pss_tb_1", "cornername": "CMOS_CAP_VDD_TEMP_26"}
[2026-04-16 10:27:48.286 Z] [WARN] [cadence.virtuoso.ade.simulationMonitor] -     WARNING (SPECTRE-16462): SOAC_cvarm_vspsub:Error in specification of subcircuit master. Assert is ignored. {"history": "Interactive.8", "point": 28, "testname": "VGA_VGA_1_pss_tb_1", "cornername": "CMOS_CAP_VDD_TEMP_26"}
[2026-04-16 10:27:48.286 Z] [WARN] [cadence.virtuoso.ade.simulationMonitor] -     WARNING (SPECTRE-16460): SOAC_cvarm_vbs:Specified subcircuit master `cvarm' was not found. {"history": "Interactive.8", "point": 28, "testname": "VGA_VGA_1_pss_tb_1", "cornername": "CMOS_CAP_VDD_TEMP_26"}
[2026-04-16 10:27:48.286 Z] [WARN] [cadence.virtuoso.ade.simulationMonitor] -     WARNING (SPECTRE-16462): SOAC_cvarm_vbs:Error in specification of subcircuit master. Assert is ignored. {"history": "Interactive.8", "point": 28, "testname": "VGA_VGA_1_pss_tb_1", "cornername": "CMOS_CAP_VDD_TEMP_26"}
[2026-04-16 10:27:48.286 Z] [WARN] [cadence.virtuoso.ade.simulationMonitor] -     WARNING (SPECTRE-16460): SOAC_cvarm_vgb:Specified subcircuit master `cvarm' was not found. {"history": "Interactive.8", "point": 28, "testname": "VGA_VGA_1_pss_tb_1", "cornername": "CMOS_CAP_VDD_TEMP_26"}
[2026-04-16 10:27:48.287 Z] [WARN] [cadence.virtuoso.ade.simulationMonitor] -     WARNING (SPECTRE-16462): SOAC_cvarm_vgb:Error in specification of subcircuit master. Assert is ignored. {"history": "Interactive.8", "point": 28, "testname": "VGA_VGA_1_pss_tb_1", "cornername": "CMOS_CAP_VDD_TEMP_26"}
[2026-04-16 10:27:48.287 Z] [WARN] [cadence.virtuoso.ade.simulationMonitor] -     WARNING (SPECTRE-16460): SOAC_cvart_vspsub:Specified subcircuit master `cvart' was not found. {"history": "Interactive.8", "point": 28, "testname": "VGA_VGA_1_pss_tb_1", "cornername": "CMOS_CAP_VDD_TEMP_26"}
[2026-04-16 10:27:48.287 Z] [WARN] [cadence.virtuoso.ade.simulationMonitor] -     WARNING (SPECTRE-16462): SOAC_cvart_vspsub:Error in specification of subcircuit master. Assert is ignored. {"history": "Interactive.8", "point": 28, "testname": "VGA_VGA_1_pss_tb_1", "cornername": "CMOS_CAP_VDD_TEMP_26"}
[2026-04-16 10:27:48.287 Z] [WARN] [cadence.virtuoso.ade.simulationMonitor] -     WARNING (SPECTRE-16460): SOAC_cvart_vbs:Specified subcircuit master `cvart' was not found.
        Further occurrences of this warning will be suppressed. {"history": "Interactive.8", "point": 28, "testname": "VGA_VGA_1_pss_tb_1", "cornername": "CMOS_CAP_VDD_TEMP_26"}
[2026-04-16 10:27:48.287 Z] [WARN] [cadence.virtuoso.ade.simulationMonitor] -     WARNING (SPECTRE-16462): SOAC_cvart_vbs:Error in specification of subcircuit master. Assert is ignored.
        Further occurrences of this warning will be suppressed. {"history": "Interactive.8", "point": 28, "testname": "VGA_VGA_1_pss_tb_1", "cornername": "CMOS_CAP_VDD_TEMP_26"}
[2026-04-16 10:27:48.287 Z] [WARN] [cadence.virtuoso.ade.simulationMonitor] -     WARNING (SPECTRE-17607): Assert `SOAC_cpoly_vminuspsub' is ignored because it contains an expression which is invalid or not supported by native evaluator.  {"history": "Interactive.8", "point": 28, "testname": "VGA_VGA_1_pss_tb_1", "cornername": "CMOS_CAP_VDD_TEMP_26"}
[2026-04-16 10:27:48.287 Z] [WARN] [cadence.virtuoso.ade.simulationMonitor] -     WARNING (SPECTRE-17607): Assert `SOAC_cpoly_vpluspsub' is ignored because it contains an expression which is invalid or not supported by native evaluator.  {"history": "Interactive.8", "point": 28, "testname": "VGA_VGA_1_pss_tb_1", "cornername": "CMOS_CAP_VDD_TEMP_26"}
[2026-04-16 10:27:48.287 Z] [WARN] [cadence.virtuoso.ade.simulationMonitor] -     WARNING (SPECTRE-17607): Assert `SOAC_modp_vbpsub' is ignored because it contains an expression which is invalid or not supported by native evaluator. 
        Further occurrences of this warning will be suppressed. {"history": "Interactive.8", "point": 28, "testname": "VGA_VGA_1_pss_tb_1", "cornername": "CMOS_CAP_VDD_TEMP_26"}
[2026-04-16 10:27:48.788 Z] [INFO] [cadence.virtuoso.ade.simulationMonitor] - Notice from spectre during initial setup.
    Multithreading is disabled due to the size of the design being too small. {"history": "Interactive.8", "point": 28, "testname": "VGA_VGA_1_pss_tb_1", "cornername": "CMOS_CAP_VDD_TEMP_26"}
[2026-04-16 10:27:48.788 Z] [WARN] [cadence.virtuoso.ade.simulationMonitor] -     WARNING (SPECTRE-592): Following parameters are disabled because they are ignored or redefined in Spectre X:
        
        
        PSS Parameters:
          errpreset {"history": "Interactive.8", "point": 28, "testname": "VGA_VGA_1_pss_tb_1", "cornername": "CMOS_CAP_VDD_TEMP_26"}
[2026-04-16 10:27:48.790 Z] [INFO] [cadence.virtuoso.ade.simulationMonitor] -               nodes 31 {"history": "Interactive.8", "point": 28, "testname": "VGA_VGA_1_pss_tb_1", "cornername": "CMOS_CAP_VDD_TEMP_26"}
[2026-04-16 10:27:48.790 Z] [INFO] [cadence.virtuoso.ade.simulationMonitor] - Notice from spectre during initial setup.
    Spectre X preset=cx enabled.
    73 warnings suppressed. {"history": "Interactive.8", "point": 28, "testname": "VGA_VGA_1_pss_tb_1", "cornername": "CMOS_CAP_VDD_TEMP_26"}
[2026-04-16 10:27:48.790 Z] [INFO] [cadence.virtuoso.ade.simulationMonitor] - Peak resident memory used = 201 Mbytes. {"history": "Interactive.8", "point": 28, "testname": "VGA_VGA_1_pss_tb_1", "cornername": "CMOS_CAP_VDD_TEMP_26"}
[2026-04-16 10:27:48.790 Z] [INFO] [cadence.virtuoso.ade.simulationMonitor] -    -   (Spectre X) Multi-threading. The recommended number of threads is 1, consider adding +mt=1 on command line. {"history": "Interactive.8", "point": 28, "testname": "VGA_VGA_1_pss_tb_1", "cornername": "CMOS_CAP_VDD_TEMP_26"}
[2026-04-16 10:27:48.791 Z] [INFO] [cadence.virtuoso.ade.simulationMonitor] - Notice from spectre during transient analysis `tran'.
    No checklimit analysis defined for asserts. A default checklimit analysis 'SpectreChecklimitAnal' has been created with all asserts enabled. {"history": "Interactive.8", "point": 28, "testname": "VGA_VGA_1_pss_tb_1", "cornername": "CMOS_CAP_VDD_TEMP_26"}
[2026-04-16 10:27:48.791 Z] [INFO] [cadence.virtuoso.ade.simulationMonitor] - Notice from spectre during IC analysis, during transient analysis `tran'.
    Bad pivoting is found during DC analysis. Option dc_pivot_check=yes is recommended for possible improvement of convergence. {"history": "Interactive.8", "point": 28, "testname": "VGA_VGA_1_pss_tb_1", "cornername": "CMOS_CAP_VDD_TEMP_26"}
[2026-04-16 10:27:48.791 Z] [WARN] [cadence.virtuoso.ade.simulationMonitor] -     WARNING (CMI-2943): Parameter checks have been ignored because the valid value for parameter 'trise' could not be found in 'C1'. {"history": "Interactive.8", "point": 28, "testname": "VGA_VGA_1_pss_tb_1", "cornername": "CMOS_CAP_VDD_TEMP_26"}
[2026-04-16 10:27:48.791 Z] [WARN] [cadence.virtuoso.ade.simulationMonitor] -     WARNING (CMI-2943): Parameter checks have been ignored because the valid value for parameter 'trise' could not be found in 'I0.C8<0>_turbo_m4.C1'. {"history": "Interactive.8", "point": 28, "testname": "VGA_VGA_1_pss_tb_1", "cornername": "CMOS_CAP_VDD_TEMP_26"}
[2026-04-16 10:27:48.791 Z] [WARN] [cadence.virtuoso.ade.simulationMonitor] -     WARNING (CMI-2943): Parameter checks have been ignored because the valid value for parameter 'trise' could not be found in 'I0.C9<0>_turbo_m8.C1'. {"history": "Interactive.8", "point": 28, "testname": "VGA_VGA_1_pss_tb_1", "cornername": "CMOS_CAP_VDD_TEMP_26"}
[2026-04-16 10:27:48.792 Z] [WARN] [cadence.virtuoso.ade.simulationMonitor] -     WARNING (CMI-2943): Parameter checks have been ignored because the valid value for parameter 'trise' could not be found in 'I0.C7<0>_turbo_m2.C1'. {"history": "Interactive.8", "point": 28, "testname": "VGA_VGA_1_pss_tb_1", "cornername": "CMOS_CAP_VDD_TEMP_26"}
[2026-04-16 10:27:48.792 Z] [WARN] [cadence.virtuoso.ade.simulationMonitor] -     WARNING (CMI-2943): Parameter checks have been ignored because the valid value for parameter 'trise' could not be found in 'I0.R2.CM'.
        Further occurrences of this warning will be suppressed. {"history": "Interactive.8", "point": 28, "testname": "VGA_VGA_1_pss_tb_1", "cornername": "CMOS_CAP_VDD_TEMP_26"}
[2026-04-16 10:27:48.792 Z] [INFO] [cadence.virtuoso.ade.simulationMonitor] - Notice from spectre during transient analysis `tran'.
    Multithreading is disabled due to the size of the design being too small. {"history": "Interactive.8", "point": 28, "testname": "VGA_VGA_1_pss_tb_1", "cornername": "CMOS_CAP_VDD_TEMP_26"}
[2026-04-16 10:27:48.792 Z] [INFO] [cadence.virtuoso.ade.simulationMonitor] - Total time required for tran analysis `tran': CPU = 101.387 ms, elapsed = 107.086 ms, util. = 94.7%. {"history": "Interactive.8", "point": 28, "testname": "VGA_VGA_1_pss_tb_1", "cornername": "CMOS_CAP_VDD_TEMP_26"}
[2026-04-16 10:27:48.792 Z] [INFO] [cadence.virtuoso.ade.simulationMonitor] - Peak resident memory used = 211 Mbytes. {"history": "Interactive.8", "point": 28, "testname": "VGA_VGA_1_pss_tb_1", "cornername": "CMOS_CAP_VDD_TEMP_26"}
[2026-04-16 10:27:48.792 Z] [INFO] [cadence.virtuoso.ade.simulationMonitor] - Notice from spectre.
    12 warnings suppressed. {"history": "Interactive.8", "point": 28, "testname": "VGA_VGA_1_pss_tb_1", "cornername": "CMOS_CAP_VDD_TEMP_26"}
[2026-04-16 10:27:48.792 Z] [INFO] [cadence.virtuoso.ade.simulationMonitor] - Notice from spectre during IC analysis, during periodic steady state analysis `pss'.
    Bad pivoting is found during DC analysis. Option dc_pivot_check=yes is recommended for possible improvement of convergence. {"history": "Interactive.8", "point": 28, "testname": "VGA_VGA_1_pss_tb_1", "cornername": "CMOS_CAP_VDD_TEMP_26"}
[2026-04-16 10:27:48.793 Z] [WARN] [cadence.virtuoso.ade.simulationMonitor] -     WARNING (CMI-2943): Parameter checks have been ignored because the valid value for parameter 'trise' could not be found in 'C1'. {"history": "Interactive.8", "point": 28, "testname": "VGA_VGA_1_pss_tb_1", "cornername": "CMOS_CAP_VDD_TEMP_26"}
[2026-04-16 10:27:48.793 Z] [WARN] [cadence.virtuoso.ade.simulationMonitor] -     WARNING (CMI-2943): Parameter checks have been ignored because the valid value for parameter 'trise' could not be found in 'I0.C8<0>_turbo_m4.C1'. {"history": "Interactive.8", "point": 28, "testname": "VGA_VGA_1_pss_tb_1", "cornername": "CMOS_CAP_VDD_TEMP_26"}
[2026-04-16 10:27:48.793 Z] [WARN] [cadence.virtuoso.ade.simulationMonitor] -     WARNING (CMI-2943): Parameter checks have been ignored because the valid value for parameter 'trise' could not be found in 'I0.C9<0>_turbo_m8.C1'. {"history": "Interactive.8", "point": 28, "testname": "VGA_VGA_1_pss_tb_1", "cornername": "CMOS_CAP_VDD_TEMP_26"}
[2026-04-16 10:27:48.793 Z] [WARN] [cadence.virtuoso.ade.simulationMonitor] -     WARNING (CMI-2943): Parameter checks have been ignored because the valid value for parameter 'trise' could not be found in 'I0.C7<0>_turbo_m2.C1'. {"history": "Interactive.8", "point": 28, "testname": "VGA_VGA_1_pss_tb_1", "cornername": "CMOS_CAP_VDD_TEMP_26"}
[2026-04-16 10:27:48.793 Z] [WARN] [cadence.virtuoso.ade.simulationMonitor] -     WARNING (CMI-2943): Parameter checks have been ignored because the valid value for parameter 'trise' could not be found in 'I0.R2.CM'.
        Further occurrences of this warning will be suppressed. {"history": "Interactive.8", "point": 28, "testname": "VGA_VGA_1_pss_tb_1", "cornername": "CMOS_CAP_VDD_TEMP_26"}
[2026-04-16 10:27:48.793 Z] [INFO] [cadence.virtuoso.ade.simulationMonitor] - Total time required for tstab analysis `pss': CPU = 5.588 ms, elapsed = 5.5871 ms. {"history": "Interactive.8", "point": 28, "testname": "VGA_VGA_1_pss_tb_1", "cornername": "CMOS_CAP_VDD_TEMP_26"}
[2026-04-16 10:27:48.793 Z] [INFO] [cadence.virtuoso.ade.simulationMonitor] - Peak resident memory used = 213 Mbytes. {"history": "Interactive.8", "point": 28, "testname": "VGA_VGA_1_pss_tb_1", "cornername": "CMOS_CAP_VDD_TEMP_26"}
[2026-04-16 10:27:48.793 Z] [INFO] [cadence.virtuoso.ade.simulationMonitor] - Notice from spectre during periodic steady state analysis `pss'.
    12 warnings suppressed. {"history": "Interactive.8", "point": 28, "testname": "VGA_VGA_1_pss_tb_1", "cornername": "CMOS_CAP_VDD_TEMP_26"}
[2026-04-16 10:27:49.794 Z] [INFO] [cadence.virtuoso.ade.simulationMonitor] - Total time required for pss analysis `pss': CPU = 720.946 ms, elapsed = 740.153 ms, util. = 97.4%. {"history": "Interactive.8", "point": 28, "testname": "VGA_VGA_1_pss_tb_1", "cornername": "CMOS_CAP_VDD_TEMP_26"}
[2026-04-16 10:27:49.794 Z] [INFO] [cadence.virtuoso.ade.simulationMonitor] - Peak resident memory used = 219 Mbytes. {"history": "Interactive.8", "point": 28, "testname": "VGA_VGA_1_pss_tb_1", "cornername": "CMOS_CAP_VDD_TEMP_26"}
[2026-04-16 10:27:49.794 Z] [INFO] [cadence.virtuoso.ade.simulationMonitor] - Time used: CPU = 1.29 s, elapsed = 1.79 s, util. = 72.3%. {"history": "Interactive.8", "point": 28, "testname": "VGA_VGA_1_pss_tb_1", "cornername": "CMOS_CAP_VDD_TEMP_26"}
[2026-04-16 10:27:49.795 Z] [INFO] [cadence.virtuoso.ade.simulationMonitor] - Time spent in licensing: elapsed = 52.7 ms. {"history": "Interactive.8", "point": 28, "testname": "VGA_VGA_1_pss_tb_1", "cornername": "CMOS_CAP_VDD_TEMP_26"}
[2026-04-16 10:27:49.796 Z] [INFO] [cadence.virtuoso.ade.simulationMonitor] - Peak memory used = 219 Mbytes. {"history": "Interactive.8", "point": 28, "testname": "VGA_VGA_1_pss_tb_1", "cornername": "CMOS_CAP_VDD_TEMP_26"}
[2026-04-16 10:27:49.797 Z] [PROCESS] [cadence.virtuoso.ade.simulationMonitor] - Simulation started at: 10:27:47 AM, Thur Apr 16, 2026, ended at: 10:27:49 AM, Thur Apr 16, 2026, with elapsed time (wall clock): 1.79 s. {"history": "Interactive.8", "point": 28, "testname": "VGA_VGA_1_pss_tb_1", "cornername": "CMOS_CAP_VDD_TEMP_26"}
[2026-04-16 10:27:49.797 Z] [PROCESS] [cadence.virtuoso.ade.simulationMonitor] - spectre completes with 0 errors, 34 warnings, and 14 notices. {"history": "Interactive.8", "point": 28, "testname": "VGA_VGA_1_pss_tb_1", "cornername": "CMOS_CAP_VDD_TEMP_26"}
[2026-04-16 10:27:49.797 Z] [PROCESS] [cadence.virtuoso.ade.simulationMonitor] - Finished simulating for one point {"hostname": "il2244vt26_davidevi", "processid": 1094797, "history": "Interactive.8", "testname": "VGA_VGA_1_pss_tb_1", "cornername": "CMOS_CAP_VDD_TEMP_26", "point": 28, "logfile": "/home/davidevi/Desktop/myproject/logs_davidevi/logs0/Job512.log", "simid": "4"}
[2026-04-16 10:27:49.797 Z] [PROCESS] [cadence.virtuoso.ade.simulationMonitor] - Simulator exited {"hostname": "il2244vt26_davidevi", "processid": 1094797, "history": "Interactive.8", "testname": "VGA_VGA_1_pss_tb_1", "cornername": "CMOS_CAP_VDD_TEMP_26", "point": 28, "logfile": "/home/davidevi/Desktop/myproject/logs_davidevi/logs0/Job512.log", "exitStatus": "0"}
[2026-04-16 10:27:49.797 Z] [PROCESS] [cadence.virtuoso.ade.simulationMonitor] - Finished Simulation {"hostname": "il2244vt26_davidevi", "processid": 1094797, "history": "Interactive.8", "testname": "VGA_VGA_1_pss_tb_1", "cornername": "CMOS_CAP_VDD_TEMP_26", "point": 28, "logfile": "/home/davidevi/Desktop/myproject/logs_davidevi/logs0/Job512.log", "simid": "4"}
[2026-04-16 10:27:52.309 Z] [PROCESS] [cadence.virtuoso.ade.simulationMonitor] - Point Finished {"hostname": "il2244vt26_davidevi", "processid": 1094797, "history": "Interactive.8", "testname": "VGA_VGA_1_pss_tb_1", "cornername": "CMOS_CAP_VDD_TEMP_26", "point": 28, "logfile": "/home/davidevi/Desktop/myproject/logs_davidevi/logs0/Job512.log"}
[2026-04-16 10:27:53.311 Z] [PROCESS] [cadence.virtuoso.ade.simulationMonitor] - Stay with the runId '0', Linger time '300', currentRunSyn '1', currentTestSyn '2' {"hostname": "il2244vt26_davidevi", "processid": 1094797, "history": "Interactive.8", "testname": "VGA_VGA_1_pss_tb_1", "cornername": "CMOS_CAP_VDD_TEMP_26", "point": 28, "logfile": "/home/davidevi/Desktop/myproject/logs_davidevi/logs0/Job512.log"}
[2026-04-16 10:27:54.311 Z] [PROCESS] [cadence.virtuoso.ade.simulationMonitor] - Stay with the runId '0', Linger time '300', currentRunSyn '1', currentTestSyn '2' {"hostname": "il2244vt26_davidevi", "processid": 1094797, "history": "Interactive.8", "testname": "VGA_VGA_1_pss_tb_1", "cornername": "CMOS_CAP_VDD_TEMP_26", "point": 28, "logfile": "/home/davidevi/Desktop/myproject/logs_davidevi/logs0/Job512.log"}
[2026-04-16 10:27:55.312 Z] [PROCESS] [cadence.virtuoso.ade.simulationMonitor] - Stay with the runId '0', Linger time '300', currentRunSyn '1', currentTestSyn '2' {"hostname": "il2244vt26_davidevi", "processid": 1094797, "history": "Interactive.8", "testname": "VGA_VGA_1_pss_tb_1", "cornername": "CMOS_CAP_VDD_TEMP_26", "point": 28, "logfile": "/home/davidevi/Desktop/myproject/logs_davidevi/logs0/Job512.log"}
[2026-04-16 10:27:56.312 Z] [PROCESS] [cadence.virtuoso.ade.simulationMonitor] - Stay with the runId '0', Linger time '300', currentRunSyn '1', currentTestSyn '2' {"hostname": "il2244vt26_davidevi", "processid": 1094797, "history": "Interactive.8", "testname": "VGA_VGA_1_pss_tb_1", "cornername": "CMOS_CAP_VDD_TEMP_26", "point": 28, "logfile": "/home/davidevi/Desktop/myproject/logs_davidevi/logs0/Job512.log"}
[2026-04-16 10:32:53.024 Z] [PROCESS] [cadence.virtuoso.ade.simulationMonitor] - Current memory used: 53.0977 MBytes, peak memory used: 53.0977 MBytes {"hostname": "il2244vt26_davidevi", "processid": 1094797, "history": "Interactive.8", "testname": "VGA_VGA_1_pss_tb_1", "cornername": "CMOS_CAP_VDD_TEMP_26", "point": 28, "logfile": "/home/davidevi/Desktop/myproject/logs_davidevi/logs0/Job512.log"}
[2026-04-16 10:32:53.025 Z] [PROCESS] [cadence.virtuoso.ade.simulationMonitor] - Simulation Monitor process exit. {"hostname": "il2244vt26_davidevi", "processid": 1094797, "history": "Interactive.8", "testname": "VGA_VGA_1_pss_tb_1", "cornername": "CMOS_CAP_VDD_TEMP_26", "point": 28, "logfile": "/home/davidevi/Desktop/myproject/logs_davidevi/logs0/Job512.log"}
