[Simulation Monitor: 518]
[2026-04-16 10:27:35.330 Z] [PROCESS] [cadence.virtuoso.ade.simulationMonitor] - Simulation Monitor has successfully started up. Trying to set up communication channels to other components ... {"hostname": "il2244vt26_davidevi", "processid": 1096638, "logfile": "/home/davidevi/Desktop/myproject/logs_davidevi/logs0/Job518.log"}
[2026-04-16 10:27:35.331 Z] [PROCESS] [cadence.virtuoso.ade.simulationMonitor] - Communication channels have been successfully set up. Start processing events ... {"hostname": "il2244vt26_davidevi", "processid": 1096638, "logfile": "/home/davidevi/Desktop/myproject/logs_davidevi/logs0/Job518.log"}
[2026-04-16 10:27:35.331 Z] [PROCESS] [cadence.virtuoso.ade.simulationMonitor] - Considering to start history {"hostname": "il2244vt26_davidevi", "processid": 1096638, "history": "Interactive.8", "logfile": "/home/davidevi/Desktop/myproject/logs_davidevi/logs0/Job518.log"}
[2026-04-16 10:27:35.334 Z] [PROCESS] [cadence.virtuoso.ade.simulationMonitor] - HostInfo:
Host name (type):	il2244vt26_davidevi (x86_64)
Operating system:	Linux 5.15.0-164-generic #174-Ubuntu SMP Fri Nov 14 20:25:16 UTC 2025 {"hostname": "il2244vt26_davidevi", "processid": 1096638, "history": "Interactive.8", "logfile": "/home/davidevi/Desktop/myproject/logs_davidevi/logs0/Job518.log", "nodename": "il2244vt26_davidevi", "domainname": "(none)", "machine": "x86_64", "sysname": "Linux", "release": "5.15.0-164-generic", "version": "#174-Ubuntu SMP Fri Nov 14 20:25:16 UTC 2025"}
[2026-04-16 10:27:35.336 Z] [PROCESS] [cadence.virtuoso.ade.simulationMonitor] - UsageInfo:
pid=1096638
totalPhysicalMemory=3023.749672GB,Used=1570.681736GB,totalVirtualMemory=3031.749668GB,Used=1570.709324GB
Cpu: Cores=48, Load average:9.830000,7.990000,8.510000 {"hostname": "il2244vt26_davidevi", "processid": 1096638, "history": "Interactive.8", "logfile": "/home/davidevi/Desktop/myproject/logs_davidevi/logs0/Job518.log", "pid": "1096638", "totalPhysicalMemory": "3023.749672", "physicalMemoryUsed": "1570.681736", "totalVirtualMemory": "3031.749668", "virtualMemoryUsed": "1570.709324", "cpuCores": "48", "processes": "29767", "loadAverage1": "9.830000", "loadAverage5": "7.990000", "loadAverage15": "8.510000", "loadAverage1Percent": "0.204792"}
[2026-04-16 10:27:35.337 Z] [EVENT] [cadence.virtuoso.ade.simulationMonitor] - NewPoint {"history": "Interactive.8", "point": 8, "testname": "VGA_VGA_1_pss_tb_1", "cornername": "CMOS_CAP_VDD_TEMP_6", "event": "NewPoint", "EventSource": "Simulation Monitor", "HistoryName": "Interactive.8", "logFile": "/home/davidevi/Desktop/myproject/logs_davidevi/logs0/Job518.log", "logFileSize": "2264"}
[2026-04-16 10:27:35.439 Z] [EVENT] [cadence.virtuoso.ade.simulationMonitor] - NewPoint {"history": "Interactive.8", "point": 8, "testname": "VGA_VGA_1_pss_tb_1", "cornername": "CMOS_CAP_VDD_TEMP_6", "event": "NewPoint", "EventSource": "spectre", "HistoryName": "Interactive.8", "logFile": "/home/davidevi/Desktop/myproject/Sim/VGA/VGA_1_pss_tb/maestro/results/maestro/Interactive.8/8/VGA_VGA_1_pss_tb_1/psf/spectre.out", "logFileSize": "-1"}
[2026-04-16 10:27:35.612 Z] [PROCESS] [cadence.virtuoso.ade.simulationMonitor] - Simulator launched {"hostname": "il2244vt26_davidevi", "processid": 1096638, "history": "Interactive.8", "testname": "VGA_VGA_1_pss_tb_1", "cornername": "CMOS_CAP_VDD_TEMP_6", "point": 8, "logfile": "/home/davidevi/Desktop/myproject/logs_davidevi/logs0/Job518.log", "simid": "1"}
[2026-04-16 10:27:35.616 Z] [PROCESS] [cadence.virtuoso.ade.simulationMonitor] - Expression evaluator launched {"hostname": "il2244vt26_davidevi", "processid": 1096638, "history": "Interactive.8", "testname": "VGA_VGA_1_pss_tb_1", "cornername": "CMOS_CAP_VDD_TEMP_6", "point": 8, "logfile": "/home/davidevi/Desktop/myproject/logs_davidevi/logs0/Job518.log"}
[2026-04-16 10:27:35.676 Z] [PROCESS] [cadence.virtuoso.ade.simulationMonitor] - Started Simulation {"hostname": "il2244vt26_davidevi", "processid": 1096638, "history": "Interactive.8", "testname": "VGA_VGA_1_pss_tb_1", "cornername": "CMOS_CAP_VDD_TEMP_6", "point": 8, "logfile": "/home/davidevi/Desktop/myproject/logs_davidevi/logs0/Job518.log", "event": "started", "task": "simulation"}
[2026-04-16 10:27:36.677 Z] [WARN] [cadence.virtuoso.ade.simulationMonitor] -     WARNING (SPECTRE-691): This CPU processor does not support x86 advanced vector extensions instructions. This may affect math operations and slow down the simulation. {"history": "Interactive.8", "point": 8, "testname": "VGA_VGA_1_pss_tb_1", "cornername": "CMOS_CAP_VDD_TEMP_6"}
[2026-04-16 10:27:36.677 Z] [INFO] [cadence.virtuoso.ade.simulationMonitor] - Notice from spectre during circuit read-in.
    Pre_Configuration file used: /opt/tools/cadence/installs/SPECTRE241/tools.lnx86/spectre/etc/configs/preset.precfg
    Configuration file used: `/opt/tools/cadence/installs/SPECTRE241/tools.lnx86/spectre/etc/configs/preset.cfg'. {"history": "Interactive.8", "point": 8, "testname": "VGA_VGA_1_pss_tb_1", "cornername": "CMOS_CAP_VDD_TEMP_6"}
[2026-04-16 10:27:36.677 Z] [WARN] [cadence.virtuoso.ade.simulationMonitor] -     WARNING (SPECTRE-8360): line 1511: `ac' is an undefined primitive device. {"history": "Interactive.8", "point": 8, "testname": "VGA_VGA_1_pss_tb_1", "cornername": "CMOS_CAP_VDD_TEMP_6"}
[2026-04-16 10:27:36.678 Z] [WARN] [cadence.virtuoso.ade.simulationMonitor] -     WARNING (SPECTRE-8360): line 1512: `ac' is an undefined primitive device. {"history": "Interactive.8", "point": 8, "testname": "VGA_VGA_1_pss_tb_1", "cornername": "CMOS_CAP_VDD_TEMP_6"}
[2026-04-16 10:27:36.678 Z] [WARN] [cadence.virtuoso.ade.simulationMonitor] -     WARNING (SPECTRE-8360): line 1513: `ac' is an undefined primitive device. {"history": "Interactive.8", "point": 8, "testname": "VGA_VGA_1_pss_tb_1", "cornername": "CMOS_CAP_VDD_TEMP_6"}
[2026-04-16 10:27:36.678 Z] [WARN] [cadence.virtuoso.ade.simulationMonitor] -     WARNING (SPECTRE-8360): line 1514: `ac' is an undefined primitive device. {"history": "Interactive.8", "point": 8, "testname": "VGA_VGA_1_pss_tb_1", "cornername": "CMOS_CAP_VDD_TEMP_6"}
[2026-04-16 10:27:36.678 Z] [WARN] [cadence.virtuoso.ade.simulationMonitor] -     WARNING (SPECTRE-8360): line 1515: `ac' is an undefined primitive device.
        Further occurrences of this warning will be suppressed. {"history": "Interactive.8", "point": 8, "testname": "VGA_VGA_1_pss_tb_1", "cornername": "CMOS_CAP_VDD_TEMP_6"}
[2026-04-16 10:27:36.678 Z] [INFO] [cadence.virtuoso.ade.simulationMonitor] - Peak resident memory used = 179 Mbytes. {"history": "Interactive.8", "point": 8, "testname": "VGA_VGA_1_pss_tb_1", "cornername": "CMOS_CAP_VDD_TEMP_6"}
[2026-04-16 10:27:36.679 Z] [WARN] [cadence.virtuoso.ade.simulationMonitor] -     WARNING (VACOMP-2435): The environment variable CDS_AHDLCMI_ENABLE is no longer supported. Therefore, the simulator will use the default compiled C code flow. {"history": "Interactive.8", "point": 8, "testname": "VGA_VGA_1_pss_tb_1", "cornername": "CMOS_CAP_VDD_TEMP_6"}
[2026-04-16 10:27:36.679 Z] [WARN] [cadence.virtuoso.ade.simulationMonitor] -     WARNING (SFE-3016): The floating node net6 is removed. {"history": "Interactive.8", "point": 8, "testname": "VGA_VGA_1_pss_tb_1", "cornername": "CMOS_CAP_VDD_TEMP_6"}
[2026-04-16 10:27:36.679 Z] [INFO] [cadence.virtuoso.ade.simulationMonitor] - Peak resident memory used = 192 Mbytes. {"history": "Interactive.8", "point": 8, "testname": "VGA_VGA_1_pss_tb_1", "cornername": "CMOS_CAP_VDD_TEMP_6"}
[2026-04-16 10:27:36.679 Z] [INFO] [cadence.virtuoso.ade.simulationMonitor] - Notice from spectre during hierarchy flattening.
    The value 'psf' specified for the 'checklimitdest' option will no longer be supported in future releases. Use 'spectre -h' to see other recommended values for the 'checklimitdest' option. {"history": "Interactive.8", "point": 8, "testname": "VGA_VGA_1_pss_tb_1", "cornername": "CMOS_CAP_VDD_TEMP_6"}
[2026-04-16 10:27:36.679 Z] [INFO] [cadence.virtuoso.ade.simulationMonitor] - Peak resident memory used = 195 Mbytes. {"history": "Interactive.8", "point": 8, "testname": "VGA_VGA_1_pss_tb_1", "cornername": "CMOS_CAP_VDD_TEMP_6"}
[2026-04-16 10:27:36.680 Z] [WARN] [cadence.virtuoso.ade.simulationMonitor] -     WARNING (SPECTRE-17607): Assert `SOAC_rpolyh_vminuspsub' is ignored because it contains an expression which is invalid or not supported by native evaluator.  {"history": "Interactive.8", "point": 8, "testname": "VGA_VGA_1_pss_tb_1", "cornername": "CMOS_CAP_VDD_TEMP_6"}
[2026-04-16 10:27:36.680 Z] [WARN] [cadence.virtuoso.ade.simulationMonitor] -     WARNING (SPECTRE-17607): Assert `SOAC_rpolyh_vpluspsub' is ignored because it contains an expression which is invalid or not supported by native evaluator.  {"history": "Interactive.8", "point": 8, "testname": "VGA_VGA_1_pss_tb_1", "cornername": "CMOS_CAP_VDD_TEMP_6"}
[2026-04-16 10:27:36.680 Z] [WARN] [cadence.virtuoso.ade.simulationMonitor] -     WARNING (SPECTRE-16460): SOAC_cvarm_vspsub:Specified subcircuit master `cvarm' was not found. {"history": "Interactive.8", "point": 8, "testname": "VGA_VGA_1_pss_tb_1", "cornername": "CMOS_CAP_VDD_TEMP_6"}
[2026-04-16 10:27:36.680 Z] [WARN] [cadence.virtuoso.ade.simulationMonitor] -     WARNING (SPECTRE-16462): SOAC_cvarm_vspsub:Error in specification of subcircuit master. Assert is ignored. {"history": "Interactive.8", "point": 8, "testname": "VGA_VGA_1_pss_tb_1", "cornername": "CMOS_CAP_VDD_TEMP_6"}
[2026-04-16 10:27:36.680 Z] [WARN] [cadence.virtuoso.ade.simulationMonitor] -     WARNING (SPECTRE-16460): SOAC_cvarm_vbs:Specified subcircuit master `cvarm' was not found. {"history": "Interactive.8", "point": 8, "testname": "VGA_VGA_1_pss_tb_1", "cornername": "CMOS_CAP_VDD_TEMP_6"}
[2026-04-16 10:27:36.680 Z] [WARN] [cadence.virtuoso.ade.simulationMonitor] -     WARNING (SPECTRE-16462): SOAC_cvarm_vbs:Error in specification of subcircuit master. Assert is ignored. {"history": "Interactive.8", "point": 8, "testname": "VGA_VGA_1_pss_tb_1", "cornername": "CMOS_CAP_VDD_TEMP_6"}
[2026-04-16 10:27:36.680 Z] [WARN] [cadence.virtuoso.ade.simulationMonitor] -     WARNING (SPECTRE-16460): SOAC_cvarm_vgb:Specified subcircuit master `cvarm' was not found. {"history": "Interactive.8", "point": 8, "testname": "VGA_VGA_1_pss_tb_1", "cornername": "CMOS_CAP_VDD_TEMP_6"}
[2026-04-16 10:27:36.681 Z] [WARN] [cadence.virtuoso.ade.simulationMonitor] -     WARNING (SPECTRE-16462): SOAC_cvarm_vgb:Error in specification of subcircuit master. Assert is ignored. {"history": "Interactive.8", "point": 8, "testname": "VGA_VGA_1_pss_tb_1", "cornername": "CMOS_CAP_VDD_TEMP_6"}
[2026-04-16 10:27:36.681 Z] [WARN] [cadence.virtuoso.ade.simulationMonitor] -     WARNING (SPECTRE-16460): SOAC_cvart_vspsub:Specified subcircuit master `cvart' was not found. {"history": "Interactive.8", "point": 8, "testname": "VGA_VGA_1_pss_tb_1", "cornername": "CMOS_CAP_VDD_TEMP_6"}
[2026-04-16 10:27:36.681 Z] [WARN] [cadence.virtuoso.ade.simulationMonitor] -     WARNING (SPECTRE-16462): SOAC_cvart_vspsub:Error in specification of subcircuit master. Assert is ignored. {"history": "Interactive.8", "point": 8, "testname": "VGA_VGA_1_pss_tb_1", "cornername": "CMOS_CAP_VDD_TEMP_6"}
[2026-04-16 10:27:36.681 Z] [WARN] [cadence.virtuoso.ade.simulationMonitor] -     WARNING (SPECTRE-16460): SOAC_cvart_vbs:Specified subcircuit master `cvart' was not found.
        Further occurrences of this warning will be suppressed. {"history": "Interactive.8", "point": 8, "testname": "VGA_VGA_1_pss_tb_1", "cornername": "CMOS_CAP_VDD_TEMP_6"}
[2026-04-16 10:27:36.681 Z] [WARN] [cadence.virtuoso.ade.simulationMonitor] -     WARNING (SPECTRE-16462): SOAC_cvart_vbs:Error in specification of subcircuit master. Assert is ignored.
        Further occurrences of this warning will be suppressed. {"history": "Interactive.8", "point": 8, "testname": "VGA_VGA_1_pss_tb_1", "cornername": "CMOS_CAP_VDD_TEMP_6"}
[2026-04-16 10:27:36.681 Z] [WARN] [cadence.virtuoso.ade.simulationMonitor] -     WARNING (SPECTRE-17607): Assert `SOAC_cpoly_vminuspsub' is ignored because it contains an expression which is invalid or not supported by native evaluator.  {"history": "Interactive.8", "point": 8, "testname": "VGA_VGA_1_pss_tb_1", "cornername": "CMOS_CAP_VDD_TEMP_6"}
[2026-04-16 10:27:36.681 Z] [WARN] [cadence.virtuoso.ade.simulationMonitor] -     WARNING (SPECTRE-17607): Assert `SOAC_cpoly_vpluspsub' is ignored because it contains an expression which is invalid or not supported by native evaluator.  {"history": "Interactive.8", "point": 8, "testname": "VGA_VGA_1_pss_tb_1", "cornername": "CMOS_CAP_VDD_TEMP_6"}
[2026-04-16 10:27:36.682 Z] [WARN] [cadence.virtuoso.ade.simulationMonitor] -     WARNING (SPECTRE-17607): Assert `SOAC_modp_vbpsub' is ignored because it contains an expression which is invalid or not supported by native evaluator. 
        Further occurrences of this warning will be suppressed. {"history": "Interactive.8", "point": 8, "testname": "VGA_VGA_1_pss_tb_1", "cornername": "CMOS_CAP_VDD_TEMP_6"}
[2026-04-16 10:27:37.182 Z] [INFO] [cadence.virtuoso.ade.simulationMonitor] - Notice from spectre during initial setup.
    Multithreading is disabled due to the size of the design being too small. {"history": "Interactive.8", "point": 8, "testname": "VGA_VGA_1_pss_tb_1", "cornername": "CMOS_CAP_VDD_TEMP_6"}
[2026-04-16 10:27:37.182 Z] [WARN] [cadence.virtuoso.ade.simulationMonitor] -     WARNING (SPECTRE-592): Following parameters are disabled because they are ignored or redefined in Spectre X:
        
        
        PSS Parameters:
          errpreset {"history": "Interactive.8", "point": 8, "testname": "VGA_VGA_1_pss_tb_1", "cornername": "CMOS_CAP_VDD_TEMP_6"}
[2026-04-16 10:27:37.185 Z] [INFO] [cadence.virtuoso.ade.simulationMonitor] -               nodes 31 {"history": "Interactive.8", "point": 8, "testname": "VGA_VGA_1_pss_tb_1", "cornername": "CMOS_CAP_VDD_TEMP_6"}
[2026-04-16 10:27:37.185 Z] [INFO] [cadence.virtuoso.ade.simulationMonitor] - Notice from spectre during initial setup.
    Spectre X preset=cx enabled.
    73 warnings suppressed. {"history": "Interactive.8", "point": 8, "testname": "VGA_VGA_1_pss_tb_1", "cornername": "CMOS_CAP_VDD_TEMP_6"}
[2026-04-16 10:27:37.185 Z] [INFO] [cadence.virtuoso.ade.simulationMonitor] - Peak resident memory used = 201 Mbytes. {"history": "Interactive.8", "point": 8, "testname": "VGA_VGA_1_pss_tb_1", "cornername": "CMOS_CAP_VDD_TEMP_6"}
[2026-04-16 10:27:37.185 Z] [INFO] [cadence.virtuoso.ade.simulationMonitor] -    -   (Spectre X) Multi-threading. The recommended number of threads is 1, consider adding +mt=1 on command line. {"history": "Interactive.8", "point": 8, "testname": "VGA_VGA_1_pss_tb_1", "cornername": "CMOS_CAP_VDD_TEMP_6"}
[2026-04-16 10:27:37.185 Z] [INFO] [cadence.virtuoso.ade.simulationMonitor] - Notice from spectre during transient analysis `tran'.
    No checklimit analysis defined for asserts. A default checklimit analysis 'SpectreChecklimitAnal' has been created with all asserts enabled. {"history": "Interactive.8", "point": 8, "testname": "VGA_VGA_1_pss_tb_1", "cornername": "CMOS_CAP_VDD_TEMP_6"}
[2026-04-16 10:27:37.186 Z] [INFO] [cadence.virtuoso.ade.simulationMonitor] - Notice from spectre during IC analysis, during transient analysis `tran'.
    Bad pivoting is found during DC analysis. Option dc_pivot_check=yes is recommended for possible improvement of convergence. {"history": "Interactive.8", "point": 8, "testname": "VGA_VGA_1_pss_tb_1", "cornername": "CMOS_CAP_VDD_TEMP_6"}
[2026-04-16 10:27:37.186 Z] [WARN] [cadence.virtuoso.ade.simulationMonitor] -     WARNING (CMI-2943): Parameter checks have been ignored because the valid value for parameter 'trise' could not be found in 'C1'. {"history": "Interactive.8", "point": 8, "testname": "VGA_VGA_1_pss_tb_1", "cornername": "CMOS_CAP_VDD_TEMP_6"}
[2026-04-16 10:27:37.186 Z] [WARN] [cadence.virtuoso.ade.simulationMonitor] -     WARNING (CMI-2943): Parameter checks have been ignored because the valid value for parameter 'trise' could not be found in 'I0.C8<0>_turbo_m4.C1'. {"history": "Interactive.8", "point": 8, "testname": "VGA_VGA_1_pss_tb_1", "cornername": "CMOS_CAP_VDD_TEMP_6"}
[2026-04-16 10:27:37.186 Z] [WARN] [cadence.virtuoso.ade.simulationMonitor] -     WARNING (CMI-2943): Parameter checks have been ignored because the valid value for parameter 'trise' could not be found in 'I0.C9<0>_turbo_m8.C1'. {"history": "Interactive.8", "point": 8, "testname": "VGA_VGA_1_pss_tb_1", "cornername": "CMOS_CAP_VDD_TEMP_6"}
[2026-04-16 10:27:37.186 Z] [WARN] [cadence.virtuoso.ade.simulationMonitor] -     WARNING (CMI-2943): Parameter checks have been ignored because the valid value for parameter 'trise' could not be found in 'I0.C7<0>_turbo_m2.C1'. {"history": "Interactive.8", "point": 8, "testname": "VGA_VGA_1_pss_tb_1", "cornername": "CMOS_CAP_VDD_TEMP_6"}
[2026-04-16 10:27:37.187 Z] [WARN] [cadence.virtuoso.ade.simulationMonitor] -     WARNING (CMI-2943): Parameter checks have been ignored because the valid value for parameter 'trise' could not be found in 'I0.R2.CM'.
        Further occurrences of this warning will be suppressed. {"history": "Interactive.8", "point": 8, "testname": "VGA_VGA_1_pss_tb_1", "cornername": "CMOS_CAP_VDD_TEMP_6"}
[2026-04-16 10:27:37.187 Z] [INFO] [cadence.virtuoso.ade.simulationMonitor] - Notice from spectre during transient analysis `tran'.
    Multithreading is disabled due to the size of the design being too small. {"history": "Interactive.8", "point": 8, "testname": "VGA_VGA_1_pss_tb_1", "cornername": "CMOS_CAP_VDD_TEMP_6"}
[2026-04-16 10:27:37.687 Z] [INFO] [cadence.virtuoso.ade.simulationMonitor] - Total time required for tran analysis `tran': CPU = 100.168 ms, elapsed = 105.934 ms, util. = 94.6%. {"history": "Interactive.8", "point": 8, "testname": "VGA_VGA_1_pss_tb_1", "cornername": "CMOS_CAP_VDD_TEMP_6"}
[2026-04-16 10:27:37.688 Z] [INFO] [cadence.virtuoso.ade.simulationMonitor] - Peak resident memory used = 211 Mbytes. {"history": "Interactive.8", "point": 8, "testname": "VGA_VGA_1_pss_tb_1", "cornername": "CMOS_CAP_VDD_TEMP_6"}
[2026-04-16 10:27:37.688 Z] [INFO] [cadence.virtuoso.ade.simulationMonitor] - Notice from spectre.
    12 warnings suppressed. {"history": "Interactive.8", "point": 8, "testname": "VGA_VGA_1_pss_tb_1", "cornername": "CMOS_CAP_VDD_TEMP_6"}
[2026-04-16 10:27:37.688 Z] [WARN] [cadence.virtuoso.ade.simulationMonitor] -     WARNING (CMI-2943): Parameter checks have been ignored because the valid value for parameter 'trise' could not be found in 'C1'. {"history": "Interactive.8", "point": 8, "testname": "VGA_VGA_1_pss_tb_1", "cornername": "CMOS_CAP_VDD_TEMP_6"}
[2026-04-16 10:27:37.688 Z] [WARN] [cadence.virtuoso.ade.simulationMonitor] -     WARNING (CMI-2943): Parameter checks have been ignored because the valid value for parameter 'trise' could not be found in 'I0.C8<0>_turbo_m4.C1'. {"history": "Interactive.8", "point": 8, "testname": "VGA_VGA_1_pss_tb_1", "cornername": "CMOS_CAP_VDD_TEMP_6"}
[2026-04-16 10:27:37.688 Z] [WARN] [cadence.virtuoso.ade.simulationMonitor] -     WARNING (CMI-2943): Parameter checks have been ignored because the valid value for parameter 'trise' could not be found in 'I0.C9<0>_turbo_m8.C1'. {"history": "Interactive.8", "point": 8, "testname": "VGA_VGA_1_pss_tb_1", "cornername": "CMOS_CAP_VDD_TEMP_6"}
[2026-04-16 10:27:37.688 Z] [WARN] [cadence.virtuoso.ade.simulationMonitor] -     WARNING (CMI-2943): Parameter checks have been ignored because the valid value for parameter 'trise' could not be found in 'I0.C7<0>_turbo_m2.C1'. {"history": "Interactive.8", "point": 8, "testname": "VGA_VGA_1_pss_tb_1", "cornername": "CMOS_CAP_VDD_TEMP_6"}
[2026-04-16 10:27:37.688 Z] [WARN] [cadence.virtuoso.ade.simulationMonitor] -     WARNING (CMI-2943): Parameter checks have been ignored because the valid value for parameter 'trise' could not be found in 'I0.R2.CM'.
        Further occurrences of this warning will be suppressed. {"history": "Interactive.8", "point": 8, "testname": "VGA_VGA_1_pss_tb_1", "cornername": "CMOS_CAP_VDD_TEMP_6"}
[2026-04-16 10:27:37.689 Z] [INFO] [cadence.virtuoso.ade.simulationMonitor] - Total time required for tstab analysis `pss': CPU = 5.707 ms, elapsed = 5.70583 ms. {"history": "Interactive.8", "point": 8, "testname": "VGA_VGA_1_pss_tb_1", "cornername": "CMOS_CAP_VDD_TEMP_6"}
[2026-04-16 10:27:37.689 Z] [INFO] [cadence.virtuoso.ade.simulationMonitor] - Peak resident memory used = 213 Mbytes. {"history": "Interactive.8", "point": 8, "testname": "VGA_VGA_1_pss_tb_1", "cornername": "CMOS_CAP_VDD_TEMP_6"}
[2026-04-16 10:27:37.689 Z] [INFO] [cadence.virtuoso.ade.simulationMonitor] - Notice from spectre during periodic steady state analysis `pss'.
    12 warnings suppressed. {"history": "Interactive.8", "point": 8, "testname": "VGA_VGA_1_pss_tb_1", "cornername": "CMOS_CAP_VDD_TEMP_6"}
[2026-04-16 10:27:38.190 Z] [INFO] [cadence.virtuoso.ade.simulationMonitor] - Total time required for pss analysis `pss': CPU = 731.399 ms, elapsed = 750.244 ms, util. = 97.5%. {"history": "Interactive.8", "point": 8, "testname": "VGA_VGA_1_pss_tb_1", "cornername": "CMOS_CAP_VDD_TEMP_6"}
[2026-04-16 10:27:38.190 Z] [INFO] [cadence.virtuoso.ade.simulationMonitor] - Peak resident memory used = 219 Mbytes. {"history": "Interactive.8", "point": 8, "testname": "VGA_VGA_1_pss_tb_1", "cornername": "CMOS_CAP_VDD_TEMP_6"}
[2026-04-16 10:27:38.190 Z] [INFO] [cadence.virtuoso.ade.simulationMonitor] - Time used: CPU = 1.3 s, elapsed = 1.93 s, util. = 67.6%. {"history": "Interactive.8", "point": 8, "testname": "VGA_VGA_1_pss_tb_1", "cornername": "CMOS_CAP_VDD_TEMP_6"}
[2026-04-16 10:27:38.190 Z] [INFO] [cadence.virtuoso.ade.simulationMonitor] - Time spent in licensing: elapsed = 289 ms, percentage of total = 15%. {"history": "Interactive.8", "point": 8, "testname": "VGA_VGA_1_pss_tb_1", "cornername": "CMOS_CAP_VDD_TEMP_6"}
[2026-04-16 10:27:38.191 Z] [INFO] [cadence.virtuoso.ade.simulationMonitor] - Peak memory used = 219 Mbytes. {"history": "Interactive.8", "point": 8, "testname": "VGA_VGA_1_pss_tb_1", "cornername": "CMOS_CAP_VDD_TEMP_6"}
[2026-04-16 10:27:38.192 Z] [PROCESS] [cadence.virtuoso.ade.simulationMonitor] - Simulation started at: 10:27:35 AM, Thur Apr 16, 2026, ended at: 10:27:37 AM, Thur Apr 16, 2026, with elapsed time (wall clock): 1.93 s. {"history": "Interactive.8", "point": 8, "testname": "VGA_VGA_1_pss_tb_1", "cornername": "CMOS_CAP_VDD_TEMP_6"}
[2026-04-16 10:27:38.193 Z] [PROCESS] [cadence.virtuoso.ade.simulationMonitor] - spectre completes with 0 errors, 34 warnings, and 13 notices. {"history": "Interactive.8", "point": 8, "testname": "VGA_VGA_1_pss_tb_1", "cornername": "CMOS_CAP_VDD_TEMP_6"}
[2026-04-16 10:27:38.193 Z] [PROCESS] [cadence.virtuoso.ade.simulationMonitor] - Finished simulating for one point {"hostname": "il2244vt26_davidevi", "processid": 1096638, "history": "Interactive.8", "testname": "VGA_VGA_1_pss_tb_1", "cornername": "CMOS_CAP_VDD_TEMP_6", "point": 8, "logfile": "/home/davidevi/Desktop/myproject/logs_davidevi/logs0/Job518.log", "simid": "1"}
[2026-04-16 10:27:38.193 Z] [PROCESS] [cadence.virtuoso.ade.simulationMonitor] - Simulator exited {"hostname": "il2244vt26_davidevi", "processid": 1096638, "history": "Interactive.8", "testname": "VGA_VGA_1_pss_tb_1", "cornername": "CMOS_CAP_VDD_TEMP_6", "point": 8, "logfile": "/home/davidevi/Desktop/myproject/logs_davidevi/logs0/Job518.log", "exitStatus": "0"}
[2026-04-16 10:27:38.193 Z] [PROCESS] [cadence.virtuoso.ade.simulationMonitor] - Finished Simulation {"hostname": "il2244vt26_davidevi", "processid": 1096638, "history": "Interactive.8", "testname": "VGA_VGA_1_pss_tb_1", "cornername": "CMOS_CAP_VDD_TEMP_6", "point": 8, "logfile": "/home/davidevi/Desktop/myproject/logs_davidevi/logs0/Job518.log", "simid": "1"}
[2026-04-16 10:27:42.206 Z] [PROCESS] [cadence.virtuoso.ade.simulationMonitor] - Point Finished {"hostname": "il2244vt26_davidevi", "processid": 1096638, "history": "Interactive.8", "testname": "VGA_VGA_1_pss_tb_1", "cornername": "CMOS_CAP_VDD_TEMP_6", "point": 8, "logfile": "/home/davidevi/Desktop/myproject/logs_davidevi/logs0/Job518.log"}
[2026-04-16 10:27:42.208 Z] [PROCESS] [cadence.virtuoso.ade.simulationMonitor] - HostInfo:
Host name (type):	il2244vt26_davidevi (x86_64)
Operating system:	Linux 5.15.0-164-generic #174-Ubuntu SMP Fri Nov 14 20:25:16 UTC 2025 {"hostname": "il2244vt26_davidevi", "processid": 1096638, "history": "Interactive.8", "testname": "VGA_VGA_1_pss_tb_1", "cornername": "CMOS_CAP_VDD_TEMP_6", "point": 8, "logfile": "/home/davidevi/Desktop/myproject/logs_davidevi/logs0/Job518.log", "nodename": "il2244vt26_davidevi", "domainname": "(none)", "machine": "x86_64", "sysname": "Linux", "release": "5.15.0-164-generic", "version": "#174-Ubuntu SMP Fri Nov 14 20:25:16 UTC 2025"}
[2026-04-16 10:27:42.208 Z] [PROCESS] [cadence.virtuoso.ade.simulationMonitor] - UsageInfo:
pid=1096638
totalPhysicalMemory=3023.749672GB,Used=1573.200390GB,totalVirtualMemory=3031.749668GB,Used=1573.227978GB
Cpu: Cores=48, Load average:11.750000,8.470000,8.660000 {"hostname": "il2244vt26_davidevi", "processid": 1096638, "history": "Interactive.8", "testname": "VGA_VGA_1_pss_tb_1", "cornername": "CMOS_CAP_VDD_TEMP_6", "point": 8, "logfile": "/home/davidevi/Desktop/myproject/logs_davidevi/logs0/Job518.log", "pid": "1096638", "totalPhysicalMemory": "3023.749672", "physicalMemoryUsed": "1573.200390", "totalVirtualMemory": "3031.749668", "virtualMemoryUsed": "1573.227978", "cpuCores": "48", "processes": "29852", "loadAverage1": "11.750000", "loadAverage5": "8.470000", "loadAverage15": "8.660000", "loadAverage1Percent": "0.244792"}
[2026-04-16 10:27:42.209 Z] [EVENT] [cadence.virtuoso.ade.simulationMonitor] - NewPoint {"history": "Interactive.8", "point": 20, "testname": "VGA_VGA_1_pss_tb_1", "cornername": "CMOS_CAP_VDD_TEMP_18", "event": "NewPoint", "EventSource": "Simulation Monitor", "HistoryName": "Interactive.8", "logFile": "/home/davidevi/Desktop/myproject/logs_davidevi/logs0/Job518.log", "logFileSize": "25653"}
[2026-04-16 10:27:42.311 Z] [EVENT] [cadence.virtuoso.ade.simulationMonitor] - NewPoint {"history": "Interactive.8", "point": 20, "testname": "VGA_VGA_1_pss_tb_1", "cornername": "CMOS_CAP_VDD_TEMP_18", "event": "NewPoint", "EventSource": "spectre", "HistoryName": "Interactive.8", "logFile": "/home/davidevi/Desktop/myproject/Sim/VGA/VGA_1_pss_tb/maestro/results/maestro/Interactive.8/20/VGA_VGA_1_pss_tb_1/psf/spectre.out", "logFileSize": "-1"}
[2026-04-16 10:27:42.321 Z] [PROCESS] [cadence.virtuoso.ade.simulationMonitor] - Simulator launched {"hostname": "il2244vt26_davidevi", "processid": 1096638, "history": "Interactive.8", "testname": "VGA_VGA_1_pss_tb_1", "cornername": "CMOS_CAP_VDD_TEMP_18", "point": 20, "logfile": "/home/davidevi/Desktop/myproject/logs_davidevi/logs0/Job518.log", "simid": "2"}
[2026-04-16 10:27:42.368 Z] [PROCESS] [cadence.virtuoso.ade.simulationMonitor] - Started Simulation {"hostname": "il2244vt26_davidevi", "processid": 1096638, "history": "Interactive.8", "testname": "VGA_VGA_1_pss_tb_1", "cornername": "CMOS_CAP_VDD_TEMP_18", "point": 20, "logfile": "/home/davidevi/Desktop/myproject/logs_davidevi/logs0/Job518.log", "event": "started", "task": "simulation"}
[2026-04-16 10:27:43.369 Z] [WARN] [cadence.virtuoso.ade.simulationMonitor] -     WARNING (SPECTRE-691): This CPU processor does not support x86 advanced vector extensions instructions. This may affect math operations and slow down the simulation. {"history": "Interactive.8", "point": 20, "testname": "VGA_VGA_1_pss_tb_1", "cornername": "CMOS_CAP_VDD_TEMP_18"}
[2026-04-16 10:27:43.369 Z] [INFO] [cadence.virtuoso.ade.simulationMonitor] - Notice from spectre during circuit read-in.
    Pre_Configuration file used: /opt/tools/cadence/installs/SPECTRE241/tools.lnx86/spectre/etc/configs/preset.precfg
    Configuration file used: `/opt/tools/cadence/installs/SPECTRE241/tools.lnx86/spectre/etc/configs/preset.cfg'. {"history": "Interactive.8", "point": 20, "testname": "VGA_VGA_1_pss_tb_1", "cornername": "CMOS_CAP_VDD_TEMP_18"}
[2026-04-16 10:27:43.370 Z] [WARN] [cadence.virtuoso.ade.simulationMonitor] -     WARNING (SPECTRE-8360): line 1511: `ac' is an undefined primitive device. {"history": "Interactive.8", "point": 20, "testname": "VGA_VGA_1_pss_tb_1", "cornername": "CMOS_CAP_VDD_TEMP_18"}
[2026-04-16 10:27:43.370 Z] [WARN] [cadence.virtuoso.ade.simulationMonitor] -     WARNING (SPECTRE-8360): line 1512: `ac' is an undefined primitive device. {"history": "Interactive.8", "point": 20, "testname": "VGA_VGA_1_pss_tb_1", "cornername": "CMOS_CAP_VDD_TEMP_18"}
[2026-04-16 10:27:43.370 Z] [WARN] [cadence.virtuoso.ade.simulationMonitor] -     WARNING (SPECTRE-8360): line 1513: `ac' is an undefined primitive device. {"history": "Interactive.8", "point": 20, "testname": "VGA_VGA_1_pss_tb_1", "cornername": "CMOS_CAP_VDD_TEMP_18"}
[2026-04-16 10:27:43.370 Z] [WARN] [cadence.virtuoso.ade.simulationMonitor] -     WARNING (SPECTRE-8360): line 1514: `ac' is an undefined primitive device. {"history": "Interactive.8", "point": 20, "testname": "VGA_VGA_1_pss_tb_1", "cornername": "CMOS_CAP_VDD_TEMP_18"}
[2026-04-16 10:27:43.370 Z] [WARN] [cadence.virtuoso.ade.simulationMonitor] -     WARNING (SPECTRE-8360): line 1515: `ac' is an undefined primitive device.
        Further occurrences of this warning will be suppressed. {"history": "Interactive.8", "point": 20, "testname": "VGA_VGA_1_pss_tb_1", "cornername": "CMOS_CAP_VDD_TEMP_18"}
[2026-04-16 10:27:43.370 Z] [INFO] [cadence.virtuoso.ade.simulationMonitor] - Peak resident memory used = 179 Mbytes. {"history": "Interactive.8", "point": 20, "testname": "VGA_VGA_1_pss_tb_1", "cornername": "CMOS_CAP_VDD_TEMP_18"}
[2026-04-16 10:27:43.370 Z] [WARN] [cadence.virtuoso.ade.simulationMonitor] -     WARNING (VACOMP-2435): The environment variable CDS_AHDLCMI_ENABLE is no longer supported. Therefore, the simulator will use the default compiled C code flow. {"history": "Interactive.8", "point": 20, "testname": "VGA_VGA_1_pss_tb_1", "cornername": "CMOS_CAP_VDD_TEMP_18"}
[2026-04-16 10:27:43.371 Z] [WARN] [cadence.virtuoso.ade.simulationMonitor] -     WARNING (SFE-3016): The floating node net6 is removed. {"history": "Interactive.8", "point": 20, "testname": "VGA_VGA_1_pss_tb_1", "cornername": "CMOS_CAP_VDD_TEMP_18"}
[2026-04-16 10:27:43.371 Z] [INFO] [cadence.virtuoso.ade.simulationMonitor] - Peak resident memory used = 192 Mbytes. {"history": "Interactive.8", "point": 20, "testname": "VGA_VGA_1_pss_tb_1", "cornername": "CMOS_CAP_VDD_TEMP_18"}
[2026-04-16 10:27:43.371 Z] [INFO] [cadence.virtuoso.ade.simulationMonitor] - Notice from spectre during hierarchy flattening.
    The value 'psf' specified for the 'checklimitdest' option will no longer be supported in future releases. Use 'spectre -h' to see other recommended values for the 'checklimitdest' option. {"history": "Interactive.8", "point": 20, "testname": "VGA_VGA_1_pss_tb_1", "cornername": "CMOS_CAP_VDD_TEMP_18"}
[2026-04-16 10:27:43.371 Z] [INFO] [cadence.virtuoso.ade.simulationMonitor] - Peak resident memory used = 195 Mbytes. {"history": "Interactive.8", "point": 20, "testname": "VGA_VGA_1_pss_tb_1", "cornername": "CMOS_CAP_VDD_TEMP_18"}
[2026-04-16 10:27:43.371 Z] [WARN] [cadence.virtuoso.ade.simulationMonitor] -     WARNING (SPECTRE-17607): Assert `SOAC_rpolyh_vminuspsub' is ignored because it contains an expression which is invalid or not supported by native evaluator.  {"history": "Interactive.8", "point": 20, "testname": "VGA_VGA_1_pss_tb_1", "cornername": "CMOS_CAP_VDD_TEMP_18"}
[2026-04-16 10:27:43.371 Z] [WARN] [cadence.virtuoso.ade.simulationMonitor] -     WARNING (SPECTRE-17607): Assert `SOAC_rpolyh_vpluspsub' is ignored because it contains an expression which is invalid or not supported by native evaluator.  {"history": "Interactive.8", "point": 20, "testname": "VGA_VGA_1_pss_tb_1", "cornername": "CMOS_CAP_VDD_TEMP_18"}
[2026-04-16 10:27:43.371 Z] [WARN] [cadence.virtuoso.ade.simulationMonitor] -     WARNING (SPECTRE-16460): SOAC_cvarm_vspsub:Specified subcircuit master `cvarm' was not found. {"history": "Interactive.8", "point": 20, "testname": "VGA_VGA_1_pss_tb_1", "cornername": "CMOS_CAP_VDD_TEMP_18"}
[2026-04-16 10:27:43.371 Z] [WARN] [cadence.virtuoso.ade.simulationMonitor] -     WARNING (SPECTRE-16462): SOAC_cvarm_vspsub:Error in specification of subcircuit master. Assert is ignored. {"history": "Interactive.8", "point": 20, "testname": "VGA_VGA_1_pss_tb_1", "cornername": "CMOS_CAP_VDD_TEMP_18"}
[2026-04-16 10:27:43.372 Z] [WARN] [cadence.virtuoso.ade.simulationMonitor] -     WARNING (SPECTRE-16460): SOAC_cvarm_vbs:Specified subcircuit master `cvarm' was not found. {"history": "Interactive.8", "point": 20, "testname": "VGA_VGA_1_pss_tb_1", "cornername": "CMOS_CAP_VDD_TEMP_18"}
[2026-04-16 10:27:43.372 Z] [WARN] [cadence.virtuoso.ade.simulationMonitor] -     WARNING (SPECTRE-16462): SOAC_cvarm_vbs:Error in specification of subcircuit master. Assert is ignored. {"history": "Interactive.8", "point": 20, "testname": "VGA_VGA_1_pss_tb_1", "cornername": "CMOS_CAP_VDD_TEMP_18"}
[2026-04-16 10:27:43.372 Z] [WARN] [cadence.virtuoso.ade.simulationMonitor] -     WARNING (SPECTRE-16460): SOAC_cvarm_vgb:Specified subcircuit master `cvarm' was not found. {"history": "Interactive.8", "point": 20, "testname": "VGA_VGA_1_pss_tb_1", "cornername": "CMOS_CAP_VDD_TEMP_18"}
[2026-04-16 10:27:43.372 Z] [WARN] [cadence.virtuoso.ade.simulationMonitor] -     WARNING (SPECTRE-16462): SOAC_cvarm_vgb:Error in specification of subcircuit master. Assert is ignored. {"history": "Interactive.8", "point": 20, "testname": "VGA_VGA_1_pss_tb_1", "cornername": "CMOS_CAP_VDD_TEMP_18"}
[2026-04-16 10:27:43.372 Z] [WARN] [cadence.virtuoso.ade.simulationMonitor] -     WARNING (SPECTRE-16460): SOAC_cvart_vspsub:Specified subcircuit master `cvart' was not found. {"history": "Interactive.8", "point": 20, "testname": "VGA_VGA_1_pss_tb_1", "cornername": "CMOS_CAP_VDD_TEMP_18"}
[2026-04-16 10:27:43.372 Z] [WARN] [cadence.virtuoso.ade.simulationMonitor] -     WARNING (SPECTRE-16462): SOAC_cvart_vspsub:Error in specification of subcircuit master. Assert is ignored. {"history": "Interactive.8", "point": 20, "testname": "VGA_VGA_1_pss_tb_1", "cornername": "CMOS_CAP_VDD_TEMP_18"}
[2026-04-16 10:27:43.373 Z] [WARN] [cadence.virtuoso.ade.simulationMonitor] -     WARNING (SPECTRE-16460): SOAC_cvart_vbs:Specified subcircuit master `cvart' was not found.
        Further occurrences of this warning will be suppressed. {"history": "Interactive.8", "point": 20, "testname": "VGA_VGA_1_pss_tb_1", "cornername": "CMOS_CAP_VDD_TEMP_18"}
[2026-04-16 10:27:43.373 Z] [WARN] [cadence.virtuoso.ade.simulationMonitor] -     WARNING (SPECTRE-16462): SOAC_cvart_vbs:Error in specification of subcircuit master. Assert is ignored.
        Further occurrences of this warning will be suppressed. {"history": "Interactive.8", "point": 20, "testname": "VGA_VGA_1_pss_tb_1", "cornername": "CMOS_CAP_VDD_TEMP_18"}
[2026-04-16 10:27:43.373 Z] [WARN] [cadence.virtuoso.ade.simulationMonitor] -     WARNING (SPECTRE-17607): Assert `SOAC_cpoly_vminuspsub' is ignored because it contains an expression which is invalid or not supported by native evaluator.  {"history": "Interactive.8", "point": 20, "testname": "VGA_VGA_1_pss_tb_1", "cornername": "CMOS_CAP_VDD_TEMP_18"}
[2026-04-16 10:27:43.373 Z] [WARN] [cadence.virtuoso.ade.simulationMonitor] -     WARNING (SPECTRE-17607): Assert `SOAC_cpoly_vpluspsub' is ignored because it contains an expression which is invalid or not supported by native evaluator.  {"history": "Interactive.8", "point": 20, "testname": "VGA_VGA_1_pss_tb_1", "cornername": "CMOS_CAP_VDD_TEMP_18"}
[2026-04-16 10:27:43.373 Z] [WARN] [cadence.virtuoso.ade.simulationMonitor] -     WARNING (SPECTRE-17607): Assert `SOAC_modp_vbpsub' is ignored because it contains an expression which is invalid or not supported by native evaluator. 
        Further occurrences of this warning will be suppressed. {"history": "Interactive.8", "point": 20, "testname": "VGA_VGA_1_pss_tb_1", "cornername": "CMOS_CAP_VDD_TEMP_18"}
[2026-04-16 10:27:43.873 Z] [INFO] [cadence.virtuoso.ade.simulationMonitor] - Notice from spectre during initial setup.
    Multithreading is disabled due to the size of the design being too small. {"history": "Interactive.8", "point": 20, "testname": "VGA_VGA_1_pss_tb_1", "cornername": "CMOS_CAP_VDD_TEMP_18"}
[2026-04-16 10:27:43.874 Z] [WARN] [cadence.virtuoso.ade.simulationMonitor] -     WARNING (SPECTRE-592): Following parameters are disabled because they are ignored or redefined in Spectre X:
        
        
        PSS Parameters:
          errpreset {"history": "Interactive.8", "point": 20, "testname": "VGA_VGA_1_pss_tb_1", "cornername": "CMOS_CAP_VDD_TEMP_18"}
[2026-04-16 10:27:43.876 Z] [INFO] [cadence.virtuoso.ade.simulationMonitor] -               nodes 31 {"history": "Interactive.8", "point": 20, "testname": "VGA_VGA_1_pss_tb_1", "cornername": "CMOS_CAP_VDD_TEMP_18"}
[2026-04-16 10:27:43.876 Z] [INFO] [cadence.virtuoso.ade.simulationMonitor] - Notice from spectre during initial setup.
    Spectre X preset=cx enabled.
    73 warnings suppressed. {"history": "Interactive.8", "point": 20, "testname": "VGA_VGA_1_pss_tb_1", "cornername": "CMOS_CAP_VDD_TEMP_18"}
[2026-04-16 10:27:43.876 Z] [INFO] [cadence.virtuoso.ade.simulationMonitor] - Peak resident memory used = 201 Mbytes. {"history": "Interactive.8", "point": 20, "testname": "VGA_VGA_1_pss_tb_1", "cornername": "CMOS_CAP_VDD_TEMP_18"}
[2026-04-16 10:27:43.876 Z] [INFO] [cadence.virtuoso.ade.simulationMonitor] -    -   (Spectre X) Multi-threading. The recommended number of threads is 1, consider adding +mt=1 on command line. {"history": "Interactive.8", "point": 20, "testname": "VGA_VGA_1_pss_tb_1", "cornername": "CMOS_CAP_VDD_TEMP_18"}
[2026-04-16 10:27:43.876 Z] [INFO] [cadence.virtuoso.ade.simulationMonitor] - Notice from spectre during transient analysis `tran'.
    No checklimit analysis defined for asserts. A default checklimit analysis 'SpectreChecklimitAnal' has been created with all asserts enabled. {"history": "Interactive.8", "point": 20, "testname": "VGA_VGA_1_pss_tb_1", "cornername": "CMOS_CAP_VDD_TEMP_18"}
[2026-04-16 10:27:43.876 Z] [INFO] [cadence.virtuoso.ade.simulationMonitor] - Notice from spectre during IC analysis, during transient analysis `tran'.
    Bad pivoting is found during DC analysis. Option dc_pivot_check=yes is recommended for possible improvement of convergence. {"history": "Interactive.8", "point": 20, "testname": "VGA_VGA_1_pss_tb_1", "cornername": "CMOS_CAP_VDD_TEMP_18"}
[2026-04-16 10:27:43.877 Z] [WARN] [cadence.virtuoso.ade.simulationMonitor] -     WARNING (CMI-2943): Parameter checks have been ignored because the valid value for parameter 'trise' could not be found in 'C1'. {"history": "Interactive.8", "point": 20, "testname": "VGA_VGA_1_pss_tb_1", "cornername": "CMOS_CAP_VDD_TEMP_18"}
[2026-04-16 10:27:43.877 Z] [WARN] [cadence.virtuoso.ade.simulationMonitor] -     WARNING (CMI-2943): Parameter checks have been ignored because the valid value for parameter 'trise' could not be found in 'I0.C8<0>_turbo_m4.C1'. {"history": "Interactive.8", "point": 20, "testname": "VGA_VGA_1_pss_tb_1", "cornername": "CMOS_CAP_VDD_TEMP_18"}
[2026-04-16 10:27:43.877 Z] [WARN] [cadence.virtuoso.ade.simulationMonitor] -     WARNING (CMI-2943): Parameter checks have been ignored because the valid value for parameter 'trise' could not be found in 'I0.C9<0>_turbo_m8.C1'. {"history": "Interactive.8", "point": 20, "testname": "VGA_VGA_1_pss_tb_1", "cornername": "CMOS_CAP_VDD_TEMP_18"}
[2026-04-16 10:27:43.877 Z] [WARN] [cadence.virtuoso.ade.simulationMonitor] -     WARNING (CMI-2943): Parameter checks have been ignored because the valid value for parameter 'trise' could not be found in 'I0.C7<0>_turbo_m2.C1'. {"history": "Interactive.8", "point": 20, "testname": "VGA_VGA_1_pss_tb_1", "cornername": "CMOS_CAP_VDD_TEMP_18"}
[2026-04-16 10:27:43.877 Z] [WARN] [cadence.virtuoso.ade.simulationMonitor] -     WARNING (CMI-2943): Parameter checks have been ignored because the valid value for parameter 'trise' could not be found in 'I0.R2.CM'.
        Further occurrences of this warning will be suppressed. {"history": "Interactive.8", "point": 20, "testname": "VGA_VGA_1_pss_tb_1", "cornername": "CMOS_CAP_VDD_TEMP_18"}
[2026-04-16 10:27:43.877 Z] [INFO] [cadence.virtuoso.ade.simulationMonitor] - Notice from spectre during transient analysis `tran'.
    Multithreading is disabled due to the size of the design being too small. {"history": "Interactive.8", "point": 20, "testname": "VGA_VGA_1_pss_tb_1", "cornername": "CMOS_CAP_VDD_TEMP_18"}
[2026-04-16 10:27:43.877 Z] [INFO] [cadence.virtuoso.ade.simulationMonitor] - Total time required for tran analysis `tran': CPU = 100.464 ms, elapsed = 105.94 ms, util. = 94.8%. {"history": "Interactive.8", "point": 20, "testname": "VGA_VGA_1_pss_tb_1", "cornername": "CMOS_CAP_VDD_TEMP_18"}
[2026-04-16 10:27:43.877 Z] [INFO] [cadence.virtuoso.ade.simulationMonitor] - Peak resident memory used = 211 Mbytes. {"history": "Interactive.8", "point": 20, "testname": "VGA_VGA_1_pss_tb_1", "cornername": "CMOS_CAP_VDD_TEMP_18"}
[2026-04-16 10:27:43.878 Z] [INFO] [cadence.virtuoso.ade.simulationMonitor] - Notice from spectre.
    12 warnings suppressed. {"history": "Interactive.8", "point": 20, "testname": "VGA_VGA_1_pss_tb_1", "cornername": "CMOS_CAP_VDD_TEMP_18"}
[2026-04-16 10:27:43.878 Z] [WARN] [cadence.virtuoso.ade.simulationMonitor] -     WARNING (CMI-2943): Parameter checks have been ignored because the valid value for parameter 'trise' could not be found in 'C1'. {"history": "Interactive.8", "point": 20, "testname": "VGA_VGA_1_pss_tb_1", "cornername": "CMOS_CAP_VDD_TEMP_18"}
[2026-04-16 10:27:43.878 Z] [WARN] [cadence.virtuoso.ade.simulationMonitor] -     WARNING (CMI-2943): Parameter checks have been ignored because the valid value for parameter 'trise' could not be found in 'I0.C8<0>_turbo_m4.C1'. {"history": "Interactive.8", "point": 20, "testname": "VGA_VGA_1_pss_tb_1", "cornername": "CMOS_CAP_VDD_TEMP_18"}
[2026-04-16 10:27:43.878 Z] [WARN] [cadence.virtuoso.ade.simulationMonitor] -     WARNING (CMI-2943): Parameter checks have been ignored because the valid value for parameter 'trise' could not be found in 'I0.C9<0>_turbo_m8.C1'. {"history": "Interactive.8", "point": 20, "testname": "VGA_VGA_1_pss_tb_1", "cornername": "CMOS_CAP_VDD_TEMP_18"}
[2026-04-16 10:27:43.878 Z] [WARN] [cadence.virtuoso.ade.simulationMonitor] -     WARNING (CMI-2943): Parameter checks have been ignored because the valid value for parameter 'trise' could not be found in 'I0.C7<0>_turbo_m2.C1'. {"history": "Interactive.8", "point": 20, "testname": "VGA_VGA_1_pss_tb_1", "cornername": "CMOS_CAP_VDD_TEMP_18"}
[2026-04-16 10:27:43.878 Z] [WARN] [cadence.virtuoso.ade.simulationMonitor] -     WARNING (CMI-2943): Parameter checks have been ignored because the valid value for parameter 'trise' could not be found in 'I0.R2.CM'.
        Further occurrences of this warning will be suppressed. {"history": "Interactive.8", "point": 20, "testname": "VGA_VGA_1_pss_tb_1", "cornername": "CMOS_CAP_VDD_TEMP_18"}
[2026-04-16 10:27:43.878 Z] [INFO] [cadence.virtuoso.ade.simulationMonitor] - Total time required for tstab analysis `pss': CPU = 5.406 ms, elapsed = 5.40495 ms. {"history": "Interactive.8", "point": 20, "testname": "VGA_VGA_1_pss_tb_1", "cornername": "CMOS_CAP_VDD_TEMP_18"}
[2026-04-16 10:27:43.878 Z] [INFO] [cadence.virtuoso.ade.simulationMonitor] - Peak resident memory used = 212 Mbytes. {"history": "Interactive.8", "point": 20, "testname": "VGA_VGA_1_pss_tb_1", "cornername": "CMOS_CAP_VDD_TEMP_18"}
[2026-04-16 10:27:43.878 Z] [INFO] [cadence.virtuoso.ade.simulationMonitor] - Notice from spectre during periodic steady state analysis `pss'.
    12 warnings suppressed. {"history": "Interactive.8", "point": 20, "testname": "VGA_VGA_1_pss_tb_1", "cornername": "CMOS_CAP_VDD_TEMP_18"}
[2026-04-16 10:27:44.879 Z] [INFO] [cadence.virtuoso.ade.simulationMonitor] - Total time required for pss analysis `pss': CPU = 716.687 ms, elapsed = 736.095 ms, util. = 97.4%. {"history": "Interactive.8", "point": 20, "testname": "VGA_VGA_1_pss_tb_1", "cornername": "CMOS_CAP_VDD_TEMP_18"}
[2026-04-16 10:27:44.879 Z] [INFO] [cadence.virtuoso.ade.simulationMonitor] - Peak resident memory used = 218 Mbytes. {"history": "Interactive.8", "point": 20, "testname": "VGA_VGA_1_pss_tb_1", "cornername": "CMOS_CAP_VDD_TEMP_18"}
[2026-04-16 10:27:44.880 Z] [INFO] [cadence.virtuoso.ade.simulationMonitor] - Time used: CPU = 1.3 s, elapsed = 1.79 s, util. = 72.8%. {"history": "Interactive.8", "point": 20, "testname": "VGA_VGA_1_pss_tb_1", "cornername": "CMOS_CAP_VDD_TEMP_18"}
[2026-04-16 10:27:44.880 Z] [INFO] [cadence.virtuoso.ade.simulationMonitor] - Time spent in licensing: elapsed = 75.3 ms. {"history": "Interactive.8", "point": 20, "testname": "VGA_VGA_1_pss_tb_1", "cornername": "CMOS_CAP_VDD_TEMP_18"}
[2026-04-16 10:27:44.880 Z] [INFO] [cadence.virtuoso.ade.simulationMonitor] - Peak memory used = 218 Mbytes. {"history": "Interactive.8", "point": 20, "testname": "VGA_VGA_1_pss_tb_1", "cornername": "CMOS_CAP_VDD_TEMP_18"}
[2026-04-16 10:27:44.882 Z] [PROCESS] [cadence.virtuoso.ade.simulationMonitor] - Simulation started at: 10:27:42 AM, Thur Apr 16, 2026, ended at: 10:27:44 AM, Thur Apr 16, 2026, with elapsed time (wall clock): 1.79 s. {"history": "Interactive.8", "point": 20, "testname": "VGA_VGA_1_pss_tb_1", "cornername": "CMOS_CAP_VDD_TEMP_18"}
[2026-04-16 10:27:44.882 Z] [PROCESS] [cadence.virtuoso.ade.simulationMonitor] - spectre completes with 0 errors, 34 warnings, and 13 notices. {"history": "Interactive.8", "point": 20, "testname": "VGA_VGA_1_pss_tb_1", "cornername": "CMOS_CAP_VDD_TEMP_18"}
[2026-04-16 10:27:44.882 Z] [PROCESS] [cadence.virtuoso.ade.simulationMonitor] - Finished simulating for one point {"hostname": "il2244vt26_davidevi", "processid": 1096638, "history": "Interactive.8", "testname": "VGA_VGA_1_pss_tb_1", "cornername": "CMOS_CAP_VDD_TEMP_18", "point": 20, "logfile": "/home/davidevi/Desktop/myproject/logs_davidevi/logs0/Job518.log", "simid": "2"}
[2026-04-16 10:27:44.882 Z] [PROCESS] [cadence.virtuoso.ade.simulationMonitor] - Simulator exited {"hostname": "il2244vt26_davidevi", "processid": 1096638, "history": "Interactive.8", "testname": "VGA_VGA_1_pss_tb_1", "cornername": "CMOS_CAP_VDD_TEMP_18", "point": 20, "logfile": "/home/davidevi/Desktop/myproject/logs_davidevi/logs0/Job518.log", "exitStatus": "0"}
[2026-04-16 10:27:44.882 Z] [PROCESS] [cadence.virtuoso.ade.simulationMonitor] - Finished Simulation {"hostname": "il2244vt26_davidevi", "processid": 1096638, "history": "Interactive.8", "testname": "VGA_VGA_1_pss_tb_1", "cornername": "CMOS_CAP_VDD_TEMP_18", "point": 20, "logfile": "/home/davidevi/Desktop/myproject/logs_davidevi/logs0/Job518.log", "simid": "2"}
[2026-04-16 10:27:47.394 Z] [PROCESS] [cadence.virtuoso.ade.simulationMonitor] - Point Finished {"hostname": "il2244vt26_davidevi", "processid": 1096638, "history": "Interactive.8", "testname": "VGA_VGA_1_pss_tb_1", "cornername": "CMOS_CAP_VDD_TEMP_18", "point": 20, "logfile": "/home/davidevi/Desktop/myproject/logs_davidevi/logs0/Job518.log"}
[2026-04-16 10:27:47.396 Z] [PROCESS] [cadence.virtuoso.ade.simulationMonitor] - HostInfo:
Host name (type):	il2244vt26_davidevi (x86_64)
Operating system:	Linux 5.15.0-164-generic #174-Ubuntu SMP Fri Nov 14 20:25:16 UTC 2025 {"hostname": "il2244vt26_davidevi", "processid": 1096638, "history": "Interactive.8", "testname": "VGA_VGA_1_pss_tb_1", "cornername": "CMOS_CAP_VDD_TEMP_18", "point": 20, "logfile": "/home/davidevi/Desktop/myproject/logs_davidevi/logs0/Job518.log", "nodename": "il2244vt26_davidevi", "domainname": "(none)", "machine": "x86_64", "sysname": "Linux", "release": "5.15.0-164-generic", "version": "#174-Ubuntu SMP Fri Nov 14 20:25:16 UTC 2025"}
[2026-04-16 10:27:47.397 Z] [PROCESS] [cadence.virtuoso.ade.simulationMonitor] - UsageInfo:
pid=1096638
totalPhysicalMemory=3023.749672GB,Used=1573.777584GB,totalVirtualMemory=3031.749668GB,Used=1573.805172GB
Cpu: Cores=48, Load average:12.490000,8.680000,8.730000 {"hostname": "il2244vt26_davidevi", "processid": 1096638, "history": "Interactive.8", "testname": "VGA_VGA_1_pss_tb_1", "cornername": "CMOS_CAP_VDD_TEMP_18", "point": 20, "logfile": "/home/davidevi/Desktop/myproject/logs_davidevi/logs0/Job518.log", "pid": "1096638", "totalPhysicalMemory": "3023.749672", "physicalMemoryUsed": "1573.777584", "totalVirtualMemory": "3031.749668", "virtualMemoryUsed": "1573.805172", "cpuCores": "48", "processes": "29802", "loadAverage1": "12.490000", "loadAverage5": "8.680000", "loadAverage15": "8.730000", "loadAverage1Percent": "0.260208"}
[2026-04-16 10:27:47.398 Z] [EVENT] [cadence.virtuoso.ade.simulationMonitor] - NewPoint {"history": "Interactive.8", "point": 30, "testname": "VGA_VGA_1_pss_tb_1", "cornername": "CMOS_CAP_VDD_TEMP_28", "event": "NewPoint", "EventSource": "Simulation Monitor", "HistoryName": "Interactive.8", "logFile": "/home/davidevi/Desktop/myproject/logs_davidevi/logs0/Job518.log", "logFileSize": "48799"}
[2026-04-16 10:27:47.499 Z] [EVENT] [cadence.virtuoso.ade.simulationMonitor] - NewPoint {"history": "Interactive.8", "point": 30, "testname": "VGA_VGA_1_pss_tb_1", "cornername": "CMOS_CAP_VDD_TEMP_28", "event": "NewPoint", "EventSource": "spectre", "HistoryName": "Interactive.8", "logFile": "/home/davidevi/Desktop/myproject/Sim/VGA/VGA_1_pss_tb/maestro/results/maestro/Interactive.8/30/VGA_VGA_1_pss_tb_1/psf/spectre.out", "logFileSize": "-1"}
[2026-04-16 10:27:47.510 Z] [PROCESS] [cadence.virtuoso.ade.simulationMonitor] - Simulator launched {"hostname": "il2244vt26_davidevi", "processid": 1096638, "history": "Interactive.8", "testname": "VGA_VGA_1_pss_tb_1", "cornername": "CMOS_CAP_VDD_TEMP_28", "point": 30, "logfile": "/home/davidevi/Desktop/myproject/logs_davidevi/logs0/Job518.log", "simid": "3"}
[2026-04-16 10:27:47.552 Z] [PROCESS] [cadence.virtuoso.ade.simulationMonitor] - Started Simulation {"hostname": "il2244vt26_davidevi", "processid": 1096638, "history": "Interactive.8", "testname": "VGA_VGA_1_pss_tb_1", "cornername": "CMOS_CAP_VDD_TEMP_28", "point": 30, "logfile": "/home/davidevi/Desktop/myproject/logs_davidevi/logs0/Job518.log", "event": "started", "task": "simulation"}
[2026-04-16 10:27:48.553 Z] [WARN] [cadence.virtuoso.ade.simulationMonitor] -     WARNING (SPECTRE-691): This CPU processor does not support x86 advanced vector extensions instructions. This may affect math operations and slow down the simulation. {"history": "Interactive.8", "point": 30, "testname": "VGA_VGA_1_pss_tb_1", "cornername": "CMOS_CAP_VDD_TEMP_28"}
[2026-04-16 10:27:48.553 Z] [INFO] [cadence.virtuoso.ade.simulationMonitor] - Notice from spectre during circuit read-in.
    Pre_Configuration file used: /opt/tools/cadence/installs/SPECTRE241/tools.lnx86/spectre/etc/configs/preset.precfg
    Configuration file used: `/opt/tools/cadence/installs/SPECTRE241/tools.lnx86/spectre/etc/configs/preset.cfg'. {"history": "Interactive.8", "point": 30, "testname": "VGA_VGA_1_pss_tb_1", "cornername": "CMOS_CAP_VDD_TEMP_28"}
[2026-04-16 10:27:48.553 Z] [WARN] [cadence.virtuoso.ade.simulationMonitor] -     WARNING (SPECTRE-8360): line 1511: `ac' is an undefined primitive device. {"history": "Interactive.8", "point": 30, "testname": "VGA_VGA_1_pss_tb_1", "cornername": "CMOS_CAP_VDD_TEMP_28"}
[2026-04-16 10:27:48.553 Z] [WARN] [cadence.virtuoso.ade.simulationMonitor] -     WARNING (SPECTRE-8360): line 1512: `ac' is an undefined primitive device. {"history": "Interactive.8", "point": 30, "testname": "VGA_VGA_1_pss_tb_1", "cornername": "CMOS_CAP_VDD_TEMP_28"}
[2026-04-16 10:27:48.553 Z] [WARN] [cadence.virtuoso.ade.simulationMonitor] -     WARNING (SPECTRE-8360): line 1513: `ac' is an undefined primitive device. {"history": "Interactive.8", "point": 30, "testname": "VGA_VGA_1_pss_tb_1", "cornername": "CMOS_CAP_VDD_TEMP_28"}
[2026-04-16 10:27:48.553 Z] [WARN] [cadence.virtuoso.ade.simulationMonitor] -     WARNING (SPECTRE-8360): line 1514: `ac' is an undefined primitive device. {"history": "Interactive.8", "point": 30, "testname": "VGA_VGA_1_pss_tb_1", "cornername": "CMOS_CAP_VDD_TEMP_28"}
[2026-04-16 10:27:48.553 Z] [WARN] [cadence.virtuoso.ade.simulationMonitor] -     WARNING (SPECTRE-8360): line 1515: `ac' is an undefined primitive device.
        Further occurrences of this warning will be suppressed. {"history": "Interactive.8", "point": 30, "testname": "VGA_VGA_1_pss_tb_1", "cornername": "CMOS_CAP_VDD_TEMP_28"}
[2026-04-16 10:27:48.554 Z] [INFO] [cadence.virtuoso.ade.simulationMonitor] - Peak resident memory used = 179 Mbytes. {"history": "Interactive.8", "point": 30, "testname": "VGA_VGA_1_pss_tb_1", "cornername": "CMOS_CAP_VDD_TEMP_28"}
[2026-04-16 10:27:48.554 Z] [WARN] [cadence.virtuoso.ade.simulationMonitor] -     WARNING (VACOMP-2435): The environment variable CDS_AHDLCMI_ENABLE is no longer supported. Therefore, the simulator will use the default compiled C code flow. {"history": "Interactive.8", "point": 30, "testname": "VGA_VGA_1_pss_tb_1", "cornername": "CMOS_CAP_VDD_TEMP_28"}
[2026-04-16 10:27:48.554 Z] [WARN] [cadence.virtuoso.ade.simulationMonitor] -     WARNING (SFE-3016): The floating node net6 is removed. {"history": "Interactive.8", "point": 30, "testname": "VGA_VGA_1_pss_tb_1", "cornername": "CMOS_CAP_VDD_TEMP_28"}
[2026-04-16 10:27:48.554 Z] [INFO] [cadence.virtuoso.ade.simulationMonitor] - Peak resident memory used = 192 Mbytes. {"history": "Interactive.8", "point": 30, "testname": "VGA_VGA_1_pss_tb_1", "cornername": "CMOS_CAP_VDD_TEMP_28"}
[2026-04-16 10:27:48.554 Z] [INFO] [cadence.virtuoso.ade.simulationMonitor] - Notice from spectre during hierarchy flattening.
    The value 'psf' specified for the 'checklimitdest' option will no longer be supported in future releases. Use 'spectre -h' to see other recommended values for the 'checklimitdest' option. {"history": "Interactive.8", "point": 30, "testname": "VGA_VGA_1_pss_tb_1", "cornername": "CMOS_CAP_VDD_TEMP_28"}
[2026-04-16 10:27:48.554 Z] [INFO] [cadence.virtuoso.ade.simulationMonitor] - Peak resident memory used = 195 Mbytes. {"history": "Interactive.8", "point": 30, "testname": "VGA_VGA_1_pss_tb_1", "cornername": "CMOS_CAP_VDD_TEMP_28"}
[2026-04-16 10:27:48.554 Z] [WARN] [cadence.virtuoso.ade.simulationMonitor] -     WARNING (SPECTRE-17607): Assert `SOAC_rpolyh_vminuspsub' is ignored because it contains an expression which is invalid or not supported by native evaluator.  {"history": "Interactive.8", "point": 30, "testname": "VGA_VGA_1_pss_tb_1", "cornername": "CMOS_CAP_VDD_TEMP_28"}
[2026-04-16 10:27:48.554 Z] [WARN] [cadence.virtuoso.ade.simulationMonitor] -     WARNING (SPECTRE-17607): Assert `SOAC_rpolyh_vpluspsub' is ignored because it contains an expression which is invalid or not supported by native evaluator.  {"history": "Interactive.8", "point": 30, "testname": "VGA_VGA_1_pss_tb_1", "cornername": "CMOS_CAP_VDD_TEMP_28"}
[2026-04-16 10:27:48.554 Z] [WARN] [cadence.virtuoso.ade.simulationMonitor] -     WARNING (SPECTRE-16460): SOAC_cvarm_vspsub:Specified subcircuit master `cvarm' was not found. {"history": "Interactive.8", "point": 30, "testname": "VGA_VGA_1_pss_tb_1", "cornername": "CMOS_CAP_VDD_TEMP_28"}
[2026-04-16 10:27:48.555 Z] [WARN] [cadence.virtuoso.ade.simulationMonitor] -     WARNING (SPECTRE-16462): SOAC_cvarm_vspsub:Error in specification of subcircuit master. Assert is ignored. {"history": "Interactive.8", "point": 30, "testname": "VGA_VGA_1_pss_tb_1", "cornername": "CMOS_CAP_VDD_TEMP_28"}
[2026-04-16 10:27:48.555 Z] [WARN] [cadence.virtuoso.ade.simulationMonitor] -     WARNING (SPECTRE-16460): SOAC_cvarm_vbs:Specified subcircuit master `cvarm' was not found. {"history": "Interactive.8", "point": 30, "testname": "VGA_VGA_1_pss_tb_1", "cornername": "CMOS_CAP_VDD_TEMP_28"}
[2026-04-16 10:27:48.555 Z] [WARN] [cadence.virtuoso.ade.simulationMonitor] -     WARNING (SPECTRE-16462): SOAC_cvarm_vbs:Error in specification of subcircuit master. Assert is ignored. {"history": "Interactive.8", "point": 30, "testname": "VGA_VGA_1_pss_tb_1", "cornername": "CMOS_CAP_VDD_TEMP_28"}
[2026-04-16 10:27:48.555 Z] [WARN] [cadence.virtuoso.ade.simulationMonitor] -     WARNING (SPECTRE-16460): SOAC_cvarm_vgb:Specified subcircuit master `cvarm' was not found. {"history": "Interactive.8", "point": 30, "testname": "VGA_VGA_1_pss_tb_1", "cornername": "CMOS_CAP_VDD_TEMP_28"}
[2026-04-16 10:27:48.555 Z] [WARN] [cadence.virtuoso.ade.simulationMonitor] -     WARNING (SPECTRE-16462): SOAC_cvarm_vgb:Error in specification of subcircuit master. Assert is ignored. {"history": "Interactive.8", "point": 30, "testname": "VGA_VGA_1_pss_tb_1", "cornername": "CMOS_CAP_VDD_TEMP_28"}
[2026-04-16 10:27:48.555 Z] [WARN] [cadence.virtuoso.ade.simulationMonitor] -     WARNING (SPECTRE-16460): SOAC_cvart_vspsub:Specified subcircuit master `cvart' was not found. {"history": "Interactive.8", "point": 30, "testname": "VGA_VGA_1_pss_tb_1", "cornername": "CMOS_CAP_VDD_TEMP_28"}
[2026-04-16 10:27:48.555 Z] [WARN] [cadence.virtuoso.ade.simulationMonitor] -     WARNING (SPECTRE-16462): SOAC_cvart_vspsub:Error in specification of subcircuit master. Assert is ignored. {"history": "Interactive.8", "point": 30, "testname": "VGA_VGA_1_pss_tb_1", "cornername": "CMOS_CAP_VDD_TEMP_28"}
[2026-04-16 10:27:48.555 Z] [WARN] [cadence.virtuoso.ade.simulationMonitor] -     WARNING (SPECTRE-16460): SOAC_cvart_vbs:Specified subcircuit master `cvart' was not found.
        Further occurrences of this warning will be suppressed. {"history": "Interactive.8", "point": 30, "testname": "VGA_VGA_1_pss_tb_1", "cornername": "CMOS_CAP_VDD_TEMP_28"}
[2026-04-16 10:27:48.556 Z] [WARN] [cadence.virtuoso.ade.simulationMonitor] -     WARNING (SPECTRE-16462): SOAC_cvart_vbs:Error in specification of subcircuit master. Assert is ignored.
        Further occurrences of this warning will be suppressed. {"history": "Interactive.8", "point": 30, "testname": "VGA_VGA_1_pss_tb_1", "cornername": "CMOS_CAP_VDD_TEMP_28"}
[2026-04-16 10:27:48.556 Z] [WARN] [cadence.virtuoso.ade.simulationMonitor] -     WARNING (SPECTRE-17607): Assert `SOAC_cpoly_vminuspsub' is ignored because it contains an expression which is invalid or not supported by native evaluator.  {"history": "Interactive.8", "point": 30, "testname": "VGA_VGA_1_pss_tb_1", "cornername": "CMOS_CAP_VDD_TEMP_28"}
[2026-04-16 10:27:48.556 Z] [WARN] [cadence.virtuoso.ade.simulationMonitor] -     WARNING (SPECTRE-17607): Assert `SOAC_cpoly_vpluspsub' is ignored because it contains an expression which is invalid or not supported by native evaluator.  {"history": "Interactive.8", "point": 30, "testname": "VGA_VGA_1_pss_tb_1", "cornername": "CMOS_CAP_VDD_TEMP_28"}
[2026-04-16 10:27:48.556 Z] [WARN] [cadence.virtuoso.ade.simulationMonitor] -     WARNING (SPECTRE-17607): Assert `SOAC_modp_vbpsub' is ignored because it contains an expression which is invalid or not supported by native evaluator. 
        Further occurrences of this warning will be suppressed. {"history": "Interactive.8", "point": 30, "testname": "VGA_VGA_1_pss_tb_1", "cornername": "CMOS_CAP_VDD_TEMP_28"}
[2026-04-16 10:27:49.056 Z] [INFO] [cadence.virtuoso.ade.simulationMonitor] - Notice from spectre during initial setup.
    Multithreading is disabled due to the size of the design being too small. {"history": "Interactive.8", "point": 30, "testname": "VGA_VGA_1_pss_tb_1", "cornername": "CMOS_CAP_VDD_TEMP_28"}
[2026-04-16 10:27:49.057 Z] [WARN] [cadence.virtuoso.ade.simulationMonitor] -     WARNING (SPECTRE-592): Following parameters are disabled because they are ignored or redefined in Spectre X:
        
        
        PSS Parameters:
          errpreset {"history": "Interactive.8", "point": 30, "testname": "VGA_VGA_1_pss_tb_1", "cornername": "CMOS_CAP_VDD_TEMP_28"}
[2026-04-16 10:27:49.059 Z] [INFO] [cadence.virtuoso.ade.simulationMonitor] -               nodes 31 {"history": "Interactive.8", "point": 30, "testname": "VGA_VGA_1_pss_tb_1", "cornername": "CMOS_CAP_VDD_TEMP_28"}
[2026-04-16 10:27:49.059 Z] [INFO] [cadence.virtuoso.ade.simulationMonitor] - Notice from spectre during initial setup.
    Spectre X preset=cx enabled.
    73 warnings suppressed. {"history": "Interactive.8", "point": 30, "testname": "VGA_VGA_1_pss_tb_1", "cornername": "CMOS_CAP_VDD_TEMP_28"}
[2026-04-16 10:27:49.059 Z] [INFO] [cadence.virtuoso.ade.simulationMonitor] - Peak resident memory used = 201 Mbytes. {"history": "Interactive.8", "point": 30, "testname": "VGA_VGA_1_pss_tb_1", "cornername": "CMOS_CAP_VDD_TEMP_28"}
[2026-04-16 10:27:49.059 Z] [INFO] [cadence.virtuoso.ade.simulationMonitor] -    -   (Spectre X) Multi-threading. The recommended number of threads is 1, consider adding +mt=1 on command line. {"history": "Interactive.8", "point": 30, "testname": "VGA_VGA_1_pss_tb_1", "cornername": "CMOS_CAP_VDD_TEMP_28"}
[2026-04-16 10:27:49.059 Z] [INFO] [cadence.virtuoso.ade.simulationMonitor] - Notice from spectre during transient analysis `tran'.
    No checklimit analysis defined for asserts. A default checklimit analysis 'SpectreChecklimitAnal' has been created with all asserts enabled. {"history": "Interactive.8", "point": 30, "testname": "VGA_VGA_1_pss_tb_1", "cornername": "CMOS_CAP_VDD_TEMP_28"}
[2026-04-16 10:27:49.059 Z] [INFO] [cadence.virtuoso.ade.simulationMonitor] - Notice from spectre during IC analysis, during transient analysis `tran'.
    Bad pivoting is found during DC analysis. Option dc_pivot_check=yes is recommended for possible improvement of convergence. {"history": "Interactive.8", "point": 30, "testname": "VGA_VGA_1_pss_tb_1", "cornername": "CMOS_CAP_VDD_TEMP_28"}
[2026-04-16 10:27:49.060 Z] [WARN] [cadence.virtuoso.ade.simulationMonitor] -     WARNING (CMI-2943): Parameter checks have been ignored because the valid value for parameter 'trise' could not be found in 'C1'. {"history": "Interactive.8", "point": 30, "testname": "VGA_VGA_1_pss_tb_1", "cornername": "CMOS_CAP_VDD_TEMP_28"}
[2026-04-16 10:27:49.060 Z] [WARN] [cadence.virtuoso.ade.simulationMonitor] -     WARNING (CMI-2943): Parameter checks have been ignored because the valid value for parameter 'trise' could not be found in 'I0.C8<0>_turbo_m4.C1'. {"history": "Interactive.8", "point": 30, "testname": "VGA_VGA_1_pss_tb_1", "cornername": "CMOS_CAP_VDD_TEMP_28"}
[2026-04-16 10:27:49.060 Z] [WARN] [cadence.virtuoso.ade.simulationMonitor] -     WARNING (CMI-2943): Parameter checks have been ignored because the valid value for parameter 'trise' could not be found in 'I0.C9<0>_turbo_m8.C1'. {"history": "Interactive.8", "point": 30, "testname": "VGA_VGA_1_pss_tb_1", "cornername": "CMOS_CAP_VDD_TEMP_28"}
[2026-04-16 10:27:49.060 Z] [WARN] [cadence.virtuoso.ade.simulationMonitor] -     WARNING (CMI-2943): Parameter checks have been ignored because the valid value for parameter 'trise' could not be found in 'I0.C7<0>_turbo_m2.C1'. {"history": "Interactive.8", "point": 30, "testname": "VGA_VGA_1_pss_tb_1", "cornername": "CMOS_CAP_VDD_TEMP_28"}
[2026-04-16 10:27:49.060 Z] [WARN] [cadence.virtuoso.ade.simulationMonitor] -     WARNING (CMI-2943): Parameter checks have been ignored because the valid value for parameter 'trise' could not be found in 'I0.R2.CM'.
        Further occurrences of this warning will be suppressed. {"history": "Interactive.8", "point": 30, "testname": "VGA_VGA_1_pss_tb_1", "cornername": "CMOS_CAP_VDD_TEMP_28"}
[2026-04-16 10:27:49.060 Z] [INFO] [cadence.virtuoso.ade.simulationMonitor] - Notice from spectre during transient analysis `tran'.
    Multithreading is disabled due to the size of the design being too small. {"history": "Interactive.8", "point": 30, "testname": "VGA_VGA_1_pss_tb_1", "cornername": "CMOS_CAP_VDD_TEMP_28"}
[2026-04-16 10:27:49.060 Z] [INFO] [cadence.virtuoso.ade.simulationMonitor] - Total time required for tran analysis `tran': CPU = 99.069 ms, elapsed = 103.69 ms, util. = 95.5%. {"history": "Interactive.8", "point": 30, "testname": "VGA_VGA_1_pss_tb_1", "cornername": "CMOS_CAP_VDD_TEMP_28"}
[2026-04-16 10:27:49.060 Z] [INFO] [cadence.virtuoso.ade.simulationMonitor] - Peak resident memory used = 211 Mbytes. {"history": "Interactive.8", "point": 30, "testname": "VGA_VGA_1_pss_tb_1", "cornername": "CMOS_CAP_VDD_TEMP_28"}
[2026-04-16 10:27:49.060 Z] [INFO] [cadence.virtuoso.ade.simulationMonitor] - Notice from spectre.
    12 warnings suppressed. {"history": "Interactive.8", "point": 30, "testname": "VGA_VGA_1_pss_tb_1", "cornername": "CMOS_CAP_VDD_TEMP_28"}
[2026-04-16 10:27:49.061 Z] [INFO] [cadence.virtuoso.ade.simulationMonitor] - Notice from spectre during IC analysis, during periodic steady state analysis `pss'.
    Bad pivoting is found during DC analysis. Option dc_pivot_check=yes is recommended for possible improvement of convergence. {"history": "Interactive.8", "point": 30, "testname": "VGA_VGA_1_pss_tb_1", "cornername": "CMOS_CAP_VDD_TEMP_28"}
[2026-04-16 10:27:49.061 Z] [WARN] [cadence.virtuoso.ade.simulationMonitor] -     WARNING (CMI-2943): Parameter checks have been ignored because the valid value for parameter 'trise' could not be found in 'C1'. {"history": "Interactive.8", "point": 30, "testname": "VGA_VGA_1_pss_tb_1", "cornername": "CMOS_CAP_VDD_TEMP_28"}
[2026-04-16 10:27:49.061 Z] [WARN] [cadence.virtuoso.ade.simulationMonitor] -     WARNING (CMI-2943): Parameter checks have been ignored because the valid value for parameter 'trise' could not be found in 'I0.C8<0>_turbo_m4.C1'. {"history": "Interactive.8", "point": 30, "testname": "VGA_VGA_1_pss_tb_1", "cornername": "CMOS_CAP_VDD_TEMP_28"}
[2026-04-16 10:27:49.061 Z] [WARN] [cadence.virtuoso.ade.simulationMonitor] -     WARNING (CMI-2943): Parameter checks have been ignored because the valid value for parameter 'trise' could not be found in 'I0.C9<0>_turbo_m8.C1'. {"history": "Interactive.8", "point": 30, "testname": "VGA_VGA_1_pss_tb_1", "cornername": "CMOS_CAP_VDD_TEMP_28"}
[2026-04-16 10:27:49.061 Z] [WARN] [cadence.virtuoso.ade.simulationMonitor] -     WARNING (CMI-2943): Parameter checks have been ignored because the valid value for parameter 'trise' could not be found in 'I0.C7<0>_turbo_m2.C1'. {"history": "Interactive.8", "point": 30, "testname": "VGA_VGA_1_pss_tb_1", "cornername": "CMOS_CAP_VDD_TEMP_28"}
[2026-04-16 10:27:49.061 Z] [WARN] [cadence.virtuoso.ade.simulationMonitor] -     WARNING (CMI-2943): Parameter checks have been ignored because the valid value for parameter 'trise' could not be found in 'I0.R2.CM'.
        Further occurrences of this warning will be suppressed. {"history": "Interactive.8", "point": 30, "testname": "VGA_VGA_1_pss_tb_1", "cornername": "CMOS_CAP_VDD_TEMP_28"}
[2026-04-16 10:27:49.061 Z] [INFO] [cadence.virtuoso.ade.simulationMonitor] - Total time required for tstab analysis `pss': CPU = 5.615 ms, elapsed = 5.61404 ms. {"history": "Interactive.8", "point": 30, "testname": "VGA_VGA_1_pss_tb_1", "cornername": "CMOS_CAP_VDD_TEMP_28"}
[2026-04-16 10:27:49.062 Z] [INFO] [cadence.virtuoso.ade.simulationMonitor] - Peak resident memory used = 213 Mbytes. {"history": "Interactive.8", "point": 30, "testname": "VGA_VGA_1_pss_tb_1", "cornername": "CMOS_CAP_VDD_TEMP_28"}
[2026-04-16 10:27:49.062 Z] [INFO] [cadence.virtuoso.ade.simulationMonitor] - Notice from spectre during periodic steady state analysis `pss'.
    12 warnings suppressed. {"history": "Interactive.8", "point": 30, "testname": "VGA_VGA_1_pss_tb_1", "cornername": "CMOS_CAP_VDD_TEMP_28"}
[2026-04-16 10:27:50.062 Z] [INFO] [cadence.virtuoso.ade.simulationMonitor] - Total time required for pss analysis `pss': CPU = 729.89 ms, elapsed = 746.427 ms, util. = 97.8%. {"history": "Interactive.8", "point": 30, "testname": "VGA_VGA_1_pss_tb_1", "cornername": "CMOS_CAP_VDD_TEMP_28"}
[2026-04-16 10:27:50.063 Z] [INFO] [cadence.virtuoso.ade.simulationMonitor] - Peak resident memory used = 219 Mbytes. {"history": "Interactive.8", "point": 30, "testname": "VGA_VGA_1_pss_tb_1", "cornername": "CMOS_CAP_VDD_TEMP_28"}
[2026-04-16 10:27:50.063 Z] [INFO] [cadence.virtuoso.ade.simulationMonitor] - Time used: CPU = 1.31 s, elapsed = 1.82 s, util. = 72.1%. {"history": "Interactive.8", "point": 30, "testname": "VGA_VGA_1_pss_tb_1", "cornername": "CMOS_CAP_VDD_TEMP_28"}
[2026-04-16 10:27:50.063 Z] [INFO] [cadence.virtuoso.ade.simulationMonitor] - Time spent in licensing: elapsed = 73.7 ms. {"history": "Interactive.8", "point": 30, "testname": "VGA_VGA_1_pss_tb_1", "cornername": "CMOS_CAP_VDD_TEMP_28"}
[2026-04-16 10:27:50.064 Z] [INFO] [cadence.virtuoso.ade.simulationMonitor] - Peak memory used = 219 Mbytes. {"history": "Interactive.8", "point": 30, "testname": "VGA_VGA_1_pss_tb_1", "cornername": "CMOS_CAP_VDD_TEMP_28"}
[2026-04-16 10:27:50.065 Z] [PROCESS] [cadence.virtuoso.ade.simulationMonitor] - Simulation started at: 10:27:47 AM, Thur Apr 16, 2026, ended at: 10:27:49 AM, Thur Apr 16, 2026, with elapsed time (wall clock): 1.82 s. {"history": "Interactive.8", "point": 30, "testname": "VGA_VGA_1_pss_tb_1", "cornername": "CMOS_CAP_VDD_TEMP_28"}
[2026-04-16 10:27:50.065 Z] [PROCESS] [cadence.virtuoso.ade.simulationMonitor] - spectre completes with 0 errors, 34 warnings, and 14 notices. {"history": "Interactive.8", "point": 30, "testname": "VGA_VGA_1_pss_tb_1", "cornername": "CMOS_CAP_VDD_TEMP_28"}
[2026-04-16 10:27:50.065 Z] [PROCESS] [cadence.virtuoso.ade.simulationMonitor] - Finished simulating for one point {"hostname": "il2244vt26_davidevi", "processid": 1096638, "history": "Interactive.8", "testname": "VGA_VGA_1_pss_tb_1", "cornername": "CMOS_CAP_VDD_TEMP_28", "point": 30, "logfile": "/home/davidevi/Desktop/myproject/logs_davidevi/logs0/Job518.log", "simid": "3"}
[2026-04-16 10:27:50.065 Z] [PROCESS] [cadence.virtuoso.ade.simulationMonitor] - Simulator exited {"hostname": "il2244vt26_davidevi", "processid": 1096638, "history": "Interactive.8", "testname": "VGA_VGA_1_pss_tb_1", "cornername": "CMOS_CAP_VDD_TEMP_28", "point": 30, "logfile": "/home/davidevi/Desktop/myproject/logs_davidevi/logs0/Job518.log", "exitStatus": "0"}
[2026-04-16 10:27:50.065 Z] [PROCESS] [cadence.virtuoso.ade.simulationMonitor] - Finished Simulation {"hostname": "il2244vt26_davidevi", "processid": 1096638, "history": "Interactive.8", "testname": "VGA_VGA_1_pss_tb_1", "cornername": "CMOS_CAP_VDD_TEMP_28", "point": 30, "logfile": "/home/davidevi/Desktop/myproject/logs_davidevi/logs0/Job518.log", "simid": "3"}
[2026-04-16 10:27:52.578 Z] [PROCESS] [cadence.virtuoso.ade.simulationMonitor] - Point Finished {"hostname": "il2244vt26_davidevi", "processid": 1096638, "history": "Interactive.8", "testname": "VGA_VGA_1_pss_tb_1", "cornername": "CMOS_CAP_VDD_TEMP_28", "point": 30, "logfile": "/home/davidevi/Desktop/myproject/logs_davidevi/logs0/Job518.log"}
[2026-04-16 10:27:53.580 Z] [PROCESS] [cadence.virtuoso.ade.simulationMonitor] - Stay with the runId '0', Linger time '300', currentRunSyn '1', currentTestSyn '2' {"hostname": "il2244vt26_davidevi", "processid": 1096638, "history": "Interactive.8", "testname": "VGA_VGA_1_pss_tb_1", "cornername": "CMOS_CAP_VDD_TEMP_28", "point": 30, "logfile": "/home/davidevi/Desktop/myproject/logs_davidevi/logs0/Job518.log"}
[2026-04-16 10:27:54.581 Z] [PROCESS] [cadence.virtuoso.ade.simulationMonitor] - Stay with the runId '0', Linger time '300', currentRunSyn '1', currentTestSyn '2' {"hostname": "il2244vt26_davidevi", "processid": 1096638, "history": "Interactive.8", "testname": "VGA_VGA_1_pss_tb_1", "cornername": "CMOS_CAP_VDD_TEMP_28", "point": 30, "logfile": "/home/davidevi/Desktop/myproject/logs_davidevi/logs0/Job518.log"}
[2026-04-16 10:27:55.582 Z] [PROCESS] [cadence.virtuoso.ade.simulationMonitor] - Stay with the runId '0', Linger time '300', currentRunSyn '1', currentTestSyn '2' {"hostname": "il2244vt26_davidevi", "processid": 1096638, "history": "Interactive.8", "testname": "VGA_VGA_1_pss_tb_1", "cornername": "CMOS_CAP_VDD_TEMP_28", "point": 30, "logfile": "/home/davidevi/Desktop/myproject/logs_davidevi/logs0/Job518.log"}
[2026-04-16 10:27:56.582 Z] [PROCESS] [cadence.virtuoso.ade.simulationMonitor] - Stay with the runId '0', Linger time '300', currentRunSyn '1', currentTestSyn '2' {"hostname": "il2244vt26_davidevi", "processid": 1096638, "history": "Interactive.8", "testname": "VGA_VGA_1_pss_tb_1", "cornername": "CMOS_CAP_VDD_TEMP_28", "point": 30, "logfile": "/home/davidevi/Desktop/myproject/logs_davidevi/logs0/Job518.log"}
[2026-04-16 10:32:52.812 Z] [PROCESS] [cadence.virtuoso.ade.simulationMonitor] - Current memory used: 53.4531 MBytes, peak memory used: 53.4531 MBytes {"hostname": "il2244vt26_davidevi", "processid": 1096638, "history": "Interactive.8", "testname": "VGA_VGA_1_pss_tb_1", "cornername": "CMOS_CAP_VDD_TEMP_28", "point": 30, "logfile": "/home/davidevi/Desktop/myproject/logs_davidevi/logs0/Job518.log"}
[2026-04-16 10:32:52.812 Z] [PROCESS] [cadence.virtuoso.ade.simulationMonitor] - Simulation Monitor process exit. {"hostname": "il2244vt26_davidevi", "processid": 1096638, "history": "Interactive.8", "testname": "VGA_VGA_1_pss_tb_1", "cornername": "CMOS_CAP_VDD_TEMP_28", "point": 30, "logfile": "/home/davidevi/Desktop/myproject/logs_davidevi/logs0/Job518.log"}
