[Simulation Monitor: 511]
[2026-04-16 10:27:29.745 Z] [PROCESS] [cadence.virtuoso.ade.simulationMonitor] - Simulation Monitor has successfully started up. Trying to set up communication channels to other components ... {"hostname": "il2244vt26_davidevi", "processid": 1094760, "logfile": "/home/davidevi/Desktop/myproject/logs_davidevi/logs0/Job511.log"}
[2026-04-16 10:27:29.745 Z] [PROCESS] [cadence.virtuoso.ade.simulationMonitor] - Communication channels have been successfully set up. Start processing events ... {"hostname": "il2244vt26_davidevi", "processid": 1094760, "logfile": "/home/davidevi/Desktop/myproject/logs_davidevi/logs0/Job511.log"}
[2026-04-16 10:27:29.746 Z] [PROCESS] [cadence.virtuoso.ade.simulationMonitor] - Considering to start history {"hostname": "il2244vt26_davidevi", "processid": 1094760, "history": "Interactive.8", "logfile": "/home/davidevi/Desktop/myproject/logs_davidevi/logs0/Job511.log"}
[2026-04-16 10:27:29.751 Z] [PROCESS] [cadence.virtuoso.ade.simulationMonitor] - HostInfo:
Host name (type):	il2244vt26_davidevi (x86_64)
Operating system:	Linux 5.15.0-164-generic #174-Ubuntu SMP Fri Nov 14 20:25:16 UTC 2025 {"hostname": "il2244vt26_davidevi", "processid": 1094760, "history": "Interactive.8", "logfile": "/home/davidevi/Desktop/myproject/logs_davidevi/logs0/Job511.log", "nodename": "il2244vt26_davidevi", "domainname": "(none)", "machine": "x86_64", "sysname": "Linux", "release": "5.15.0-164-generic", "version": "#174-Ubuntu SMP Fri Nov 14 20:25:16 UTC 2025"}
[2026-04-16 10:27:29.752 Z] [PROCESS] [cadence.virtuoso.ade.simulationMonitor] - UsageInfo:
pid=1094760
totalPhysicalMemory=3023.749672GB,Used=1569.599209GB,totalVirtualMemory=3031.749668GB,Used=1569.626797GB
Cpu: Cores=48, Load average:9.200000,7.840000,8.460000 {"hostname": "il2244vt26_davidevi", "processid": 1094760, "history": "Interactive.8", "logfile": "/home/davidevi/Desktop/myproject/logs_davidevi/logs0/Job511.log", "pid": "1094760", "totalPhysicalMemory": "3023.749672", "physicalMemoryUsed": "1569.599209", "totalVirtualMemory": "3031.749668", "virtualMemoryUsed": "1569.626797", "cpuCores": "48", "processes": "29711", "loadAverage1": "9.200000", "loadAverage5": "7.840000", "loadAverage15": "8.460000", "loadAverage1Percent": "0.191667"}
[2026-04-16 10:27:29.753 Z] [EVENT] [cadence.virtuoso.ade.simulationMonitor] - NewPoint {"history": "Interactive.8", "point": 1, "testname": "VGA_VGA_1_pss_tb_1", "cornername": "Nominal", "event": "NewPoint", "EventSource": "Simulation Monitor", "HistoryName": "Interactive.8", "logFile": "/home/davidevi/Desktop/myproject/logs_davidevi/logs0/Job511.log", "logFileSize": "2264"}
[2026-04-16 10:27:29.856 Z] [EVENT] [cadence.virtuoso.ade.simulationMonitor] - NewPoint {"history": "Interactive.8", "point": 1, "testname": "VGA_VGA_1_pss_tb_1", "cornername": "Nominal", "event": "NewPoint", "EventSource": "spectre", "HistoryName": "Interactive.8", "logFile": "/home/davidevi/Desktop/myproject/Sim/VGA/VGA_1_pss_tb/maestro/results/maestro/Interactive.8/1/VGA_VGA_1_pss_tb_1/psf/spectre.out", "logFileSize": "-1"}
[2026-04-16 10:27:30.032 Z] [PROCESS] [cadence.virtuoso.ade.simulationMonitor] - Simulator launched {"hostname": "il2244vt26_davidevi", "processid": 1094760, "history": "Interactive.8", "testname": "VGA_VGA_1_pss_tb_1", "cornername": "Nominal", "point": 1, "logfile": "/home/davidevi/Desktop/myproject/logs_davidevi/logs0/Job511.log", "simid": "1"}
[2026-04-16 10:27:30.036 Z] [PROCESS] [cadence.virtuoso.ade.simulationMonitor] - Expression evaluator launched {"hostname": "il2244vt26_davidevi", "processid": 1094760, "history": "Interactive.8", "testname": "VGA_VGA_1_pss_tb_1", "cornername": "Nominal", "point": 1, "logfile": "/home/davidevi/Desktop/myproject/logs_davidevi/logs0/Job511.log"}
[2026-04-16 10:27:30.081 Z] [PROCESS] [cadence.virtuoso.ade.simulationMonitor] - Started Simulation {"hostname": "il2244vt26_davidevi", "processid": 1094760, "history": "Interactive.8", "testname": "VGA_VGA_1_pss_tb_1", "cornername": "Nominal", "point": 1, "logfile": "/home/davidevi/Desktop/myproject/logs_davidevi/logs0/Job511.log", "event": "started", "task": "simulation"}
[2026-04-16 10:27:31.082 Z] [WARN] [cadence.virtuoso.ade.simulationMonitor] -     WARNING (SPECTRE-691): This CPU processor does not support x86 advanced vector extensions instructions. This may affect math operations and slow down the simulation. {"history": "Interactive.8", "point": 1, "testname": "VGA_VGA_1_pss_tb_1", "cornername": "Nominal"}
[2026-04-16 10:27:31.082 Z] [INFO] [cadence.virtuoso.ade.simulationMonitor] - Notice from spectre during circuit read-in.
    Pre_Configuration file used: /opt/tools/cadence/installs/SPECTRE241/tools.lnx86/spectre/etc/configs/preset.precfg
    Configuration file used: `/opt/tools/cadence/installs/SPECTRE241/tools.lnx86/spectre/etc/configs/preset.cfg'. {"history": "Interactive.8", "point": 1, "testname": "VGA_VGA_1_pss_tb_1", "cornername": "Nominal"}
[2026-04-16 10:27:31.082 Z] [WARN] [cadence.virtuoso.ade.simulationMonitor] -     WARNING (SPECTRE-8360): line 1511: `ac' is an undefined primitive device. {"history": "Interactive.8", "point": 1, "testname": "VGA_VGA_1_pss_tb_1", "cornername": "Nominal"}
[2026-04-16 10:27:31.082 Z] [WARN] [cadence.virtuoso.ade.simulationMonitor] -     WARNING (SPECTRE-8360): line 1512: `ac' is an undefined primitive device. {"history": "Interactive.8", "point": 1, "testname": "VGA_VGA_1_pss_tb_1", "cornername": "Nominal"}
[2026-04-16 10:27:31.083 Z] [WARN] [cadence.virtuoso.ade.simulationMonitor] -     WARNING (SPECTRE-8360): line 1513: `ac' is an undefined primitive device. {"history": "Interactive.8", "point": 1, "testname": "VGA_VGA_1_pss_tb_1", "cornername": "Nominal"}
[2026-04-16 10:27:31.083 Z] [WARN] [cadence.virtuoso.ade.simulationMonitor] -     WARNING (SPECTRE-8360): line 1514: `ac' is an undefined primitive device. {"history": "Interactive.8", "point": 1, "testname": "VGA_VGA_1_pss_tb_1", "cornername": "Nominal"}
[2026-04-16 10:27:31.083 Z] [WARN] [cadence.virtuoso.ade.simulationMonitor] -     WARNING (SPECTRE-8360): line 1515: `ac' is an undefined primitive device.
        Further occurrences of this warning will be suppressed. {"history": "Interactive.8", "point": 1, "testname": "VGA_VGA_1_pss_tb_1", "cornername": "Nominal"}
[2026-04-16 10:27:31.083 Z] [INFO] [cadence.virtuoso.ade.simulationMonitor] - Peak resident memory used = 179 Mbytes. {"history": "Interactive.8", "point": 1, "testname": "VGA_VGA_1_pss_tb_1", "cornername": "Nominal"}
[2026-04-16 10:27:31.083 Z] [WARN] [cadence.virtuoso.ade.simulationMonitor] -     WARNING (VACOMP-2435): The environment variable CDS_AHDLCMI_ENABLE is no longer supported. Therefore, the simulator will use the default compiled C code flow. {"history": "Interactive.8", "point": 1, "testname": "VGA_VGA_1_pss_tb_1", "cornername": "Nominal"}
[2026-04-16 10:27:31.083 Z] [WARN] [cadence.virtuoso.ade.simulationMonitor] -     WARNING (SFE-3016): The floating node net6 is removed. {"history": "Interactive.8", "point": 1, "testname": "VGA_VGA_1_pss_tb_1", "cornername": "Nominal"}
[2026-04-16 10:27:31.084 Z] [INFO] [cadence.virtuoso.ade.simulationMonitor] - Peak resident memory used = 192 Mbytes. {"history": "Interactive.8", "point": 1, "testname": "VGA_VGA_1_pss_tb_1", "cornername": "Nominal"}
[2026-04-16 10:27:31.084 Z] [INFO] [cadence.virtuoso.ade.simulationMonitor] - Notice from spectre during hierarchy flattening.
    The value 'psf' specified for the 'checklimitdest' option will no longer be supported in future releases. Use 'spectre -h' to see other recommended values for the 'checklimitdest' option. {"history": "Interactive.8", "point": 1, "testname": "VGA_VGA_1_pss_tb_1", "cornername": "Nominal"}
[2026-04-16 10:27:31.084 Z] [INFO] [cadence.virtuoso.ade.simulationMonitor] - Peak resident memory used = 195 Mbytes. {"history": "Interactive.8", "point": 1, "testname": "VGA_VGA_1_pss_tb_1", "cornername": "Nominal"}
[2026-04-16 10:27:31.084 Z] [WARN] [cadence.virtuoso.ade.simulationMonitor] -     WARNING (SPECTRE-17607): Assert `SOAC_rpolyh_vminuspsub' is ignored because it contains an expression which is invalid or not supported by native evaluator.  {"history": "Interactive.8", "point": 1, "testname": "VGA_VGA_1_pss_tb_1", "cornername": "Nominal"}
[2026-04-16 10:27:31.084 Z] [WARN] [cadence.virtuoso.ade.simulationMonitor] -     WARNING (SPECTRE-17607): Assert `SOAC_rpolyh_vpluspsub' is ignored because it contains an expression which is invalid or not supported by native evaluator.  {"history": "Interactive.8", "point": 1, "testname": "VGA_VGA_1_pss_tb_1", "cornername": "Nominal"}
[2026-04-16 10:27:31.084 Z] [WARN] [cadence.virtuoso.ade.simulationMonitor] -     WARNING (SPECTRE-16460): SOAC_cvarm_vspsub:Specified subcircuit master `cvarm' was not found. {"history": "Interactive.8", "point": 1, "testname": "VGA_VGA_1_pss_tb_1", "cornername": "Nominal"}
[2026-04-16 10:27:31.085 Z] [WARN] [cadence.virtuoso.ade.simulationMonitor] -     WARNING (SPECTRE-16462): SOAC_cvarm_vspsub:Error in specification of subcircuit master. Assert is ignored. {"history": "Interactive.8", "point": 1, "testname": "VGA_VGA_1_pss_tb_1", "cornername": "Nominal"}
[2026-04-16 10:27:31.085 Z] [WARN] [cadence.virtuoso.ade.simulationMonitor] -     WARNING (SPECTRE-16460): SOAC_cvarm_vbs:Specified subcircuit master `cvarm' was not found. {"history": "Interactive.8", "point": 1, "testname": "VGA_VGA_1_pss_tb_1", "cornername": "Nominal"}
[2026-04-16 10:27:31.085 Z] [WARN] [cadence.virtuoso.ade.simulationMonitor] -     WARNING (SPECTRE-16462): SOAC_cvarm_vbs:Error in specification of subcircuit master. Assert is ignored. {"history": "Interactive.8", "point": 1, "testname": "VGA_VGA_1_pss_tb_1", "cornername": "Nominal"}
[2026-04-16 10:27:31.085 Z] [WARN] [cadence.virtuoso.ade.simulationMonitor] -     WARNING (SPECTRE-16460): SOAC_cvarm_vgb:Specified subcircuit master `cvarm' was not found. {"history": "Interactive.8", "point": 1, "testname": "VGA_VGA_1_pss_tb_1", "cornername": "Nominal"}
[2026-04-16 10:27:31.085 Z] [WARN] [cadence.virtuoso.ade.simulationMonitor] -     WARNING (SPECTRE-16462): SOAC_cvarm_vgb:Error in specification of subcircuit master. Assert is ignored. {"history": "Interactive.8", "point": 1, "testname": "VGA_VGA_1_pss_tb_1", "cornername": "Nominal"}
[2026-04-16 10:27:31.085 Z] [WARN] [cadence.virtuoso.ade.simulationMonitor] -     WARNING (SPECTRE-16460): SOAC_cvart_vspsub:Specified subcircuit master `cvart' was not found. {"history": "Interactive.8", "point": 1, "testname": "VGA_VGA_1_pss_tb_1", "cornername": "Nominal"}
[2026-04-16 10:27:31.085 Z] [WARN] [cadence.virtuoso.ade.simulationMonitor] -     WARNING (SPECTRE-16462): SOAC_cvart_vspsub:Error in specification of subcircuit master. Assert is ignored. {"history": "Interactive.8", "point": 1, "testname": "VGA_VGA_1_pss_tb_1", "cornername": "Nominal"}
[2026-04-16 10:27:31.085 Z] [WARN] [cadence.virtuoso.ade.simulationMonitor] -     WARNING (SPECTRE-16460): SOAC_cvart_vbs:Specified subcircuit master `cvart' was not found.
        Further occurrences of this warning will be suppressed. {"history": "Interactive.8", "point": 1, "testname": "VGA_VGA_1_pss_tb_1", "cornername": "Nominal"}
[2026-04-16 10:27:31.086 Z] [WARN] [cadence.virtuoso.ade.simulationMonitor] -     WARNING (SPECTRE-16462): SOAC_cvart_vbs:Error in specification of subcircuit master. Assert is ignored.
        Further occurrences of this warning will be suppressed. {"history": "Interactive.8", "point": 1, "testname": "VGA_VGA_1_pss_tb_1", "cornername": "Nominal"}
[2026-04-16 10:27:31.086 Z] [WARN] [cadence.virtuoso.ade.simulationMonitor] -     WARNING (SPECTRE-17607): Assert `SOAC_cpoly_vminuspsub' is ignored because it contains an expression which is invalid or not supported by native evaluator.  {"history": "Interactive.8", "point": 1, "testname": "VGA_VGA_1_pss_tb_1", "cornername": "Nominal"}
[2026-04-16 10:27:31.086 Z] [WARN] [cadence.virtuoso.ade.simulationMonitor] -     WARNING (SPECTRE-17607): Assert `SOAC_cpoly_vpluspsub' is ignored because it contains an expression which is invalid or not supported by native evaluator.  {"history": "Interactive.8", "point": 1, "testname": "VGA_VGA_1_pss_tb_1", "cornername": "Nominal"}
[2026-04-16 10:27:31.086 Z] [WARN] [cadence.virtuoso.ade.simulationMonitor] -     WARNING (SPECTRE-17607): Assert `SOAC_modp_vbpsub' is ignored because it contains an expression which is invalid or not supported by native evaluator. 
        Further occurrences of this warning will be suppressed. {"history": "Interactive.8", "point": 1, "testname": "VGA_VGA_1_pss_tb_1", "cornername": "Nominal"}
[2026-04-16 10:27:31.587 Z] [INFO] [cadence.virtuoso.ade.simulationMonitor] - Notice from spectre during initial setup.
    Multithreading is disabled due to the size of the design being too small. {"history": "Interactive.8", "point": 1, "testname": "VGA_VGA_1_pss_tb_1", "cornername": "Nominal"}
[2026-04-16 10:27:31.587 Z] [WARN] [cadence.virtuoso.ade.simulationMonitor] -     WARNING (SPECTRE-592): Following parameters are disabled because they are ignored or redefined in Spectre X:
        
        
        PSS Parameters:
          errpreset {"history": "Interactive.8", "point": 1, "testname": "VGA_VGA_1_pss_tb_1", "cornername": "Nominal"}
[2026-04-16 10:27:31.589 Z] [INFO] [cadence.virtuoso.ade.simulationMonitor] -               nodes 31 {"history": "Interactive.8", "point": 1, "testname": "VGA_VGA_1_pss_tb_1", "cornername": "Nominal"}
[2026-04-16 10:27:31.589 Z] [INFO] [cadence.virtuoso.ade.simulationMonitor] - Notice from spectre during initial setup.
    Spectre X preset=cx enabled.
    73 warnings suppressed. {"history": "Interactive.8", "point": 1, "testname": "VGA_VGA_1_pss_tb_1", "cornername": "Nominal"}
[2026-04-16 10:27:31.589 Z] [INFO] [cadence.virtuoso.ade.simulationMonitor] - Peak resident memory used = 201 Mbytes. {"history": "Interactive.8", "point": 1, "testname": "VGA_VGA_1_pss_tb_1", "cornername": "Nominal"}
[2026-04-16 10:27:31.590 Z] [INFO] [cadence.virtuoso.ade.simulationMonitor] -    -   (Spectre X) Multi-threading. The recommended number of threads is 1, consider adding +mt=1 on command line. {"history": "Interactive.8", "point": 1, "testname": "VGA_VGA_1_pss_tb_1", "cornername": "Nominal"}
[2026-04-16 10:27:31.590 Z] [INFO] [cadence.virtuoso.ade.simulationMonitor] - Notice from spectre during transient analysis `tran'.
    No checklimit analysis defined for asserts. A default checklimit analysis 'SpectreChecklimitAnal' has been created with all asserts enabled. {"history": "Interactive.8", "point": 1, "testname": "VGA_VGA_1_pss_tb_1", "cornername": "Nominal"}
[2026-04-16 10:27:31.590 Z] [INFO] [cadence.virtuoso.ade.simulationMonitor] - Notice from spectre during IC analysis, during transient analysis `tran'.
    Bad pivoting is found during DC analysis. Option dc_pivot_check=yes is recommended for possible improvement of convergence. {"history": "Interactive.8", "point": 1, "testname": "VGA_VGA_1_pss_tb_1", "cornername": "Nominal"}
[2026-04-16 10:27:31.590 Z] [WARN] [cadence.virtuoso.ade.simulationMonitor] -     WARNING (CMI-2943): Parameter checks have been ignored because the valid value for parameter 'trise' could not be found in 'C1'. {"history": "Interactive.8", "point": 1, "testname": "VGA_VGA_1_pss_tb_1", "cornername": "Nominal"}
[2026-04-16 10:27:31.590 Z] [WARN] [cadence.virtuoso.ade.simulationMonitor] -     WARNING (CMI-2943): Parameter checks have been ignored because the valid value for parameter 'trise' could not be found in 'I0.C8<0>_turbo_m4.C1'. {"history": "Interactive.8", "point": 1, "testname": "VGA_VGA_1_pss_tb_1", "cornername": "Nominal"}
[2026-04-16 10:27:31.590 Z] [WARN] [cadence.virtuoso.ade.simulationMonitor] -     WARNING (CMI-2943): Parameter checks have been ignored because the valid value for parameter 'trise' could not be found in 'I0.C9<0>_turbo_m8.C1'. {"history": "Interactive.8", "point": 1, "testname": "VGA_VGA_1_pss_tb_1", "cornername": "Nominal"}
[2026-04-16 10:27:31.591 Z] [WARN] [cadence.virtuoso.ade.simulationMonitor] -     WARNING (CMI-2943): Parameter checks have been ignored because the valid value for parameter 'trise' could not be found in 'I0.C7<0>_turbo_m2.C1'. {"history": "Interactive.8", "point": 1, "testname": "VGA_VGA_1_pss_tb_1", "cornername": "Nominal"}
[2026-04-16 10:27:31.591 Z] [WARN] [cadence.virtuoso.ade.simulationMonitor] -     WARNING (CMI-2943): Parameter checks have been ignored because the valid value for parameter 'trise' could not be found in 'I0.R2.CM'.
        Further occurrences of this warning will be suppressed. {"history": "Interactive.8", "point": 1, "testname": "VGA_VGA_1_pss_tb_1", "cornername": "Nominal"}
[2026-04-16 10:27:31.591 Z] [INFO] [cadence.virtuoso.ade.simulationMonitor] - Notice from spectre during transient analysis `tran'.
    Multithreading is disabled due to the size of the design being too small. {"history": "Interactive.8", "point": 1, "testname": "VGA_VGA_1_pss_tb_1", "cornername": "Nominal"}
[2026-04-16 10:27:32.092 Z] [INFO] [cadence.virtuoso.ade.simulationMonitor] - Total time required for tran analysis `tran': CPU = 107.959 ms, elapsed = 112.761 ms, util. = 95.7%. {"history": "Interactive.8", "point": 1, "testname": "VGA_VGA_1_pss_tb_1", "cornername": "Nominal"}
[2026-04-16 10:27:32.092 Z] [INFO] [cadence.virtuoso.ade.simulationMonitor] - Peak resident memory used = 211 Mbytes. {"history": "Interactive.8", "point": 1, "testname": "VGA_VGA_1_pss_tb_1", "cornername": "Nominal"}
[2026-04-16 10:27:32.092 Z] [INFO] [cadence.virtuoso.ade.simulationMonitor] - Notice from spectre.
    12 warnings suppressed. {"history": "Interactive.8", "point": 1, "testname": "VGA_VGA_1_pss_tb_1", "cornername": "Nominal"}
[2026-04-16 10:27:32.092 Z] [WARN] [cadence.virtuoso.ade.simulationMonitor] -     WARNING (CMI-2943): Parameter checks have been ignored because the valid value for parameter 'trise' could not be found in 'C1'. {"history": "Interactive.8", "point": 1, "testname": "VGA_VGA_1_pss_tb_1", "cornername": "Nominal"}
[2026-04-16 10:27:32.093 Z] [WARN] [cadence.virtuoso.ade.simulationMonitor] -     WARNING (CMI-2943): Parameter checks have been ignored because the valid value for parameter 'trise' could not be found in 'I0.C8<0>_turbo_m4.C1'. {"history": "Interactive.8", "point": 1, "testname": "VGA_VGA_1_pss_tb_1", "cornername": "Nominal"}
[2026-04-16 10:27:32.093 Z] [WARN] [cadence.virtuoso.ade.simulationMonitor] -     WARNING (CMI-2943): Parameter checks have been ignored because the valid value for parameter 'trise' could not be found in 'I0.C9<0>_turbo_m8.C1'. {"history": "Interactive.8", "point": 1, "testname": "VGA_VGA_1_pss_tb_1", "cornername": "Nominal"}
[2026-04-16 10:27:32.093 Z] [WARN] [cadence.virtuoso.ade.simulationMonitor] -     WARNING (CMI-2943): Parameter checks have been ignored because the valid value for parameter 'trise' could not be found in 'I0.C7<0>_turbo_m2.C1'. {"history": "Interactive.8", "point": 1, "testname": "VGA_VGA_1_pss_tb_1", "cornername": "Nominal"}
[2026-04-16 10:27:32.093 Z] [WARN] [cadence.virtuoso.ade.simulationMonitor] -     WARNING (CMI-2943): Parameter checks have been ignored because the valid value for parameter 'trise' could not be found in 'I0.R2.CM'.
        Further occurrences of this warning will be suppressed. {"history": "Interactive.8", "point": 1, "testname": "VGA_VGA_1_pss_tb_1", "cornername": "Nominal"}
[2026-04-16 10:27:32.093 Z] [INFO] [cadence.virtuoso.ade.simulationMonitor] - Total time required for tstab analysis `pss': CPU = 6.313 ms, elapsed = 6.31094 ms. {"history": "Interactive.8", "point": 1, "testname": "VGA_VGA_1_pss_tb_1", "cornername": "Nominal"}
[2026-04-16 10:27:32.093 Z] [INFO] [cadence.virtuoso.ade.simulationMonitor] - Peak resident memory used = 212 Mbytes. {"history": "Interactive.8", "point": 1, "testname": "VGA_VGA_1_pss_tb_1", "cornername": "Nominal"}
[2026-04-16 10:27:32.094 Z] [INFO] [cadence.virtuoso.ade.simulationMonitor] - Notice from spectre during periodic steady state analysis `pss'.
    12 warnings suppressed. {"history": "Interactive.8", "point": 1, "testname": "VGA_VGA_1_pss_tb_1", "cornername": "Nominal"}
[2026-04-16 10:27:32.594 Z] [INFO] [cadence.virtuoso.ade.simulationMonitor] - Total time required for pss analysis `pss': CPU = 803.918 ms, elapsed = 823.86 ms, util. = 97.6%. {"history": "Interactive.8", "point": 1, "testname": "VGA_VGA_1_pss_tb_1", "cornername": "Nominal"}
[2026-04-16 10:27:32.595 Z] [INFO] [cadence.virtuoso.ade.simulationMonitor] - Peak resident memory used = 218 Mbytes. {"history": "Interactive.8", "point": 1, "testname": "VGA_VGA_1_pss_tb_1", "cornername": "Nominal"}
[2026-04-16 10:27:32.595 Z] [INFO] [cadence.virtuoso.ade.simulationMonitor] - Time used: CPU = 1.43 s, elapsed = 2.06 s, util. = 69.3%. {"history": "Interactive.8", "point": 1, "testname": "VGA_VGA_1_pss_tb_1", "cornername": "Nominal"}
[2026-04-16 10:27:32.595 Z] [INFO] [cadence.virtuoso.ade.simulationMonitor] - Time spent in licensing: elapsed = 80.4 ms. {"history": "Interactive.8", "point": 1, "testname": "VGA_VGA_1_pss_tb_1", "cornername": "Nominal"}
[2026-04-16 10:27:32.596 Z] [INFO] [cadence.virtuoso.ade.simulationMonitor] - Peak memory used = 218 Mbytes. {"history": "Interactive.8", "point": 1, "testname": "VGA_VGA_1_pss_tb_1", "cornername": "Nominal"}
[2026-04-16 10:27:32.597 Z] [PROCESS] [cadence.virtuoso.ade.simulationMonitor] - Simulation started at: 10:27:30 AM, Thur Apr 16, 2026, ended at: 10:27:32 AM, Thur Apr 16, 2026, with elapsed time (wall clock): 2.06 s. {"history": "Interactive.8", "point": 1, "testname": "VGA_VGA_1_pss_tb_1", "cornername": "Nominal"}
[2026-04-16 10:27:32.597 Z] [PROCESS] [cadence.virtuoso.ade.simulationMonitor] - spectre completes with 0 errors, 34 warnings, and 13 notices. {"history": "Interactive.8", "point": 1, "testname": "VGA_VGA_1_pss_tb_1", "cornername": "Nominal"}
[2026-04-16 10:27:33.098 Z] [PROCESS] [cadence.virtuoso.ade.simulationMonitor] - Finished simulating for one point {"hostname": "il2244vt26_davidevi", "processid": 1094760, "history": "Interactive.8", "testname": "VGA_VGA_1_pss_tb_1", "cornername": "Nominal", "point": 1, "logfile": "/home/davidevi/Desktop/myproject/logs_davidevi/logs0/Job511.log", "simid": "1"}
[2026-04-16 10:27:33.099 Z] [PROCESS] [cadence.virtuoso.ade.simulationMonitor] - Simulator exited {"hostname": "il2244vt26_davidevi", "processid": 1094760, "history": "Interactive.8", "testname": "VGA_VGA_1_pss_tb_1", "cornername": "Nominal", "point": 1, "logfile": "/home/davidevi/Desktop/myproject/logs_davidevi/logs0/Job511.log", "exitStatus": "0"}
[2026-04-16 10:27:33.099 Z] [PROCESS] [cadence.virtuoso.ade.simulationMonitor] - Finished Simulation {"hostname": "il2244vt26_davidevi", "processid": 1094760, "history": "Interactive.8", "testname": "VGA_VGA_1_pss_tb_1", "cornername": "Nominal", "point": 1, "logfile": "/home/davidevi/Desktop/myproject/logs_davidevi/logs0/Job511.log", "simid": "1"}
[2026-04-16 10:27:37.112 Z] [PROCESS] [cadence.virtuoso.ade.simulationMonitor] - Point Finished {"hostname": "il2244vt26_davidevi", "processid": 1094760, "history": "Interactive.8", "testname": "VGA_VGA_1_pss_tb_1", "cornername": "Nominal", "point": 1, "logfile": "/home/davidevi/Desktop/myproject/logs_davidevi/logs0/Job511.log"}
[2026-04-16 10:27:37.240 Z] [PROCESS] [cadence.virtuoso.ade.simulationMonitor] - HostInfo:
Host name (type):	il2244vt26_davidevi (x86_64)
Operating system:	Linux 5.15.0-164-generic #174-Ubuntu SMP Fri Nov 14 20:25:16 UTC 2025 {"hostname": "il2244vt26_davidevi", "processid": 1094760, "history": "Interactive.8", "testname": "VGA_VGA_1_pss_tb_1", "cornername": "Nominal", "point": 1, "logfile": "/home/davidevi/Desktop/myproject/logs_davidevi/logs0/Job511.log", "nodename": "il2244vt26_davidevi", "domainname": "(none)", "machine": "x86_64", "sysname": "Linux", "release": "5.15.0-164-generic", "version": "#174-Ubuntu SMP Fri Nov 14 20:25:16 UTC 2025"}
[2026-04-16 10:27:37.241 Z] [PROCESS] [cadence.virtuoso.ade.simulationMonitor] - UsageInfo:
pid=1094760
totalPhysicalMemory=3023.749672GB,Used=1571.944386GB,totalVirtualMemory=3031.749668GB,Used=1571.971973GB
Cpu: Cores=48, Load average:11.120000,8.290000,8.600000 {"hostname": "il2244vt26_davidevi", "processid": 1094760, "history": "Interactive.8", "testname": "VGA_VGA_1_pss_tb_1", "cornername": "Nominal", "point": 1, "logfile": "/home/davidevi/Desktop/myproject/logs_davidevi/logs0/Job511.log", "pid": "1094760", "totalPhysicalMemory": "3023.749672", "physicalMemoryUsed": "1571.944386", "totalVirtualMemory": "3031.749668", "virtualMemoryUsed": "1571.971973", "cpuCores": "48", "processes": "29840", "loadAverage1": "11.120000", "loadAverage5": "8.290000", "loadAverage15": "8.600000", "loadAverage1Percent": "0.231667"}
[2026-04-16 10:27:37.242 Z] [EVENT] [cadence.virtuoso.ade.simulationMonitor] - NewPoint {"history": "Interactive.8", "point": 13, "testname": "VGA_VGA_1_pss_tb_1", "cornername": "CMOS_CAP_VDD_TEMP_11", "event": "NewPoint", "EventSource": "Simulation Monitor", "HistoryName": "Interactive.8", "logFile": "/home/davidevi/Desktop/myproject/logs_davidevi/logs0/Job511.log", "logFileSize": "24775"}
[2026-04-16 10:27:37.344 Z] [EVENT] [cadence.virtuoso.ade.simulationMonitor] - NewPoint {"history": "Interactive.8", "point": 13, "testname": "VGA_VGA_1_pss_tb_1", "cornername": "CMOS_CAP_VDD_TEMP_11", "event": "NewPoint", "EventSource": "spectre", "HistoryName": "Interactive.8", "logFile": "/home/davidevi/Desktop/myproject/Sim/VGA/VGA_1_pss_tb/maestro/results/maestro/Interactive.8/13/VGA_VGA_1_pss_tb_1/psf/spectre.out", "logFileSize": "-1"}
[2026-04-16 10:27:37.355 Z] [PROCESS] [cadence.virtuoso.ade.simulationMonitor] - Simulator launched {"hostname": "il2244vt26_davidevi", "processid": 1094760, "history": "Interactive.8", "testname": "VGA_VGA_1_pss_tb_1", "cornername": "CMOS_CAP_VDD_TEMP_11", "point": 13, "logfile": "/home/davidevi/Desktop/myproject/logs_davidevi/logs0/Job511.log", "simid": "2"}
[2026-04-16 10:27:37.404 Z] [PROCESS] [cadence.virtuoso.ade.simulationMonitor] - Started Simulation {"hostname": "il2244vt26_davidevi", "processid": 1094760, "history": "Interactive.8", "testname": "VGA_VGA_1_pss_tb_1", "cornername": "CMOS_CAP_VDD_TEMP_11", "point": 13, "logfile": "/home/davidevi/Desktop/myproject/logs_davidevi/logs0/Job511.log", "event": "started", "task": "simulation"}
[2026-04-16 10:27:38.405 Z] [WARN] [cadence.virtuoso.ade.simulationMonitor] -     WARNING (SPECTRE-691): This CPU processor does not support x86 advanced vector extensions instructions. This may affect math operations and slow down the simulation. {"history": "Interactive.8", "point": 13, "testname": "VGA_VGA_1_pss_tb_1", "cornername": "CMOS_CAP_VDD_TEMP_11"}
[2026-04-16 10:27:38.405 Z] [INFO] [cadence.virtuoso.ade.simulationMonitor] - Notice from spectre during circuit read-in.
    Pre_Configuration file used: /opt/tools/cadence/installs/SPECTRE241/tools.lnx86/spectre/etc/configs/preset.precfg
    Configuration file used: `/opt/tools/cadence/installs/SPECTRE241/tools.lnx86/spectre/etc/configs/preset.cfg'. {"history": "Interactive.8", "point": 13, "testname": "VGA_VGA_1_pss_tb_1", "cornername": "CMOS_CAP_VDD_TEMP_11"}
[2026-04-16 10:27:38.405 Z] [WARN] [cadence.virtuoso.ade.simulationMonitor] -     WARNING (SPECTRE-8360): line 1511: `ac' is an undefined primitive device. {"history": "Interactive.8", "point": 13, "testname": "VGA_VGA_1_pss_tb_1", "cornername": "CMOS_CAP_VDD_TEMP_11"}
[2026-04-16 10:27:38.405 Z] [WARN] [cadence.virtuoso.ade.simulationMonitor] -     WARNING (SPECTRE-8360): line 1512: `ac' is an undefined primitive device. {"history": "Interactive.8", "point": 13, "testname": "VGA_VGA_1_pss_tb_1", "cornername": "CMOS_CAP_VDD_TEMP_11"}
[2026-04-16 10:27:38.405 Z] [WARN] [cadence.virtuoso.ade.simulationMonitor] -     WARNING (SPECTRE-8360): line 1513: `ac' is an undefined primitive device. {"history": "Interactive.8", "point": 13, "testname": "VGA_VGA_1_pss_tb_1", "cornername": "CMOS_CAP_VDD_TEMP_11"}
[2026-04-16 10:27:38.406 Z] [WARN] [cadence.virtuoso.ade.simulationMonitor] -     WARNING (SPECTRE-8360): line 1514: `ac' is an undefined primitive device. {"history": "Interactive.8", "point": 13, "testname": "VGA_VGA_1_pss_tb_1", "cornername": "CMOS_CAP_VDD_TEMP_11"}
[2026-04-16 10:27:38.406 Z] [WARN] [cadence.virtuoso.ade.simulationMonitor] -     WARNING (SPECTRE-8360): line 1515: `ac' is an undefined primitive device.
        Further occurrences of this warning will be suppressed. {"history": "Interactive.8", "point": 13, "testname": "VGA_VGA_1_pss_tb_1", "cornername": "CMOS_CAP_VDD_TEMP_11"}
[2026-04-16 10:27:38.406 Z] [INFO] [cadence.virtuoso.ade.simulationMonitor] - Peak resident memory used = 179 Mbytes. {"history": "Interactive.8", "point": 13, "testname": "VGA_VGA_1_pss_tb_1", "cornername": "CMOS_CAP_VDD_TEMP_11"}
[2026-04-16 10:27:38.406 Z] [WARN] [cadence.virtuoso.ade.simulationMonitor] -     WARNING (VACOMP-2435): The environment variable CDS_AHDLCMI_ENABLE is no longer supported. Therefore, the simulator will use the default compiled C code flow. {"history": "Interactive.8", "point": 13, "testname": "VGA_VGA_1_pss_tb_1", "cornername": "CMOS_CAP_VDD_TEMP_11"}
[2026-04-16 10:27:38.406 Z] [WARN] [cadence.virtuoso.ade.simulationMonitor] -     WARNING (SFE-3016): The floating node net6 is removed. {"history": "Interactive.8", "point": 13, "testname": "VGA_VGA_1_pss_tb_1", "cornername": "CMOS_CAP_VDD_TEMP_11"}
[2026-04-16 10:27:38.406 Z] [INFO] [cadence.virtuoso.ade.simulationMonitor] - Peak resident memory used = 192 Mbytes. {"history": "Interactive.8", "point": 13, "testname": "VGA_VGA_1_pss_tb_1", "cornername": "CMOS_CAP_VDD_TEMP_11"}
[2026-04-16 10:27:38.406 Z] [INFO] [cadence.virtuoso.ade.simulationMonitor] - Notice from spectre during hierarchy flattening.
    The value 'psf' specified for the 'checklimitdest' option will no longer be supported in future releases. Use 'spectre -h' to see other recommended values for the 'checklimitdest' option. {"history": "Interactive.8", "point": 13, "testname": "VGA_VGA_1_pss_tb_1", "cornername": "CMOS_CAP_VDD_TEMP_11"}
[2026-04-16 10:27:38.407 Z] [INFO] [cadence.virtuoso.ade.simulationMonitor] - Peak resident memory used = 195 Mbytes. {"history": "Interactive.8", "point": 13, "testname": "VGA_VGA_1_pss_tb_1", "cornername": "CMOS_CAP_VDD_TEMP_11"}
[2026-04-16 10:27:38.407 Z] [WARN] [cadence.virtuoso.ade.simulationMonitor] -     WARNING (SPECTRE-17607): Assert `SOAC_rpolyh_vminuspsub' is ignored because it contains an expression which is invalid or not supported by native evaluator.  {"history": "Interactive.8", "point": 13, "testname": "VGA_VGA_1_pss_tb_1", "cornername": "CMOS_CAP_VDD_TEMP_11"}
[2026-04-16 10:27:38.407 Z] [WARN] [cadence.virtuoso.ade.simulationMonitor] -     WARNING (SPECTRE-17607): Assert `SOAC_rpolyh_vpluspsub' is ignored because it contains an expression which is invalid or not supported by native evaluator.  {"history": "Interactive.8", "point": 13, "testname": "VGA_VGA_1_pss_tb_1", "cornername": "CMOS_CAP_VDD_TEMP_11"}
[2026-04-16 10:27:38.407 Z] [WARN] [cadence.virtuoso.ade.simulationMonitor] -     WARNING (SPECTRE-16460): SOAC_cvarm_vspsub:Specified subcircuit master `cvarm' was not found. {"history": "Interactive.8", "point": 13, "testname": "VGA_VGA_1_pss_tb_1", "cornername": "CMOS_CAP_VDD_TEMP_11"}
[2026-04-16 10:27:38.407 Z] [WARN] [cadence.virtuoso.ade.simulationMonitor] -     WARNING (SPECTRE-16462): SOAC_cvarm_vspsub:Error in specification of subcircuit master. Assert is ignored. {"history": "Interactive.8", "point": 13, "testname": "VGA_VGA_1_pss_tb_1", "cornername": "CMOS_CAP_VDD_TEMP_11"}
[2026-04-16 10:27:38.407 Z] [WARN] [cadence.virtuoso.ade.simulationMonitor] -     WARNING (SPECTRE-16460): SOAC_cvarm_vbs:Specified subcircuit master `cvarm' was not found. {"history": "Interactive.8", "point": 13, "testname": "VGA_VGA_1_pss_tb_1", "cornername": "CMOS_CAP_VDD_TEMP_11"}
[2026-04-16 10:27:38.407 Z] [WARN] [cadence.virtuoso.ade.simulationMonitor] -     WARNING (SPECTRE-16462): SOAC_cvarm_vbs:Error in specification of subcircuit master. Assert is ignored. {"history": "Interactive.8", "point": 13, "testname": "VGA_VGA_1_pss_tb_1", "cornername": "CMOS_CAP_VDD_TEMP_11"}
[2026-04-16 10:27:38.407 Z] [WARN] [cadence.virtuoso.ade.simulationMonitor] -     WARNING (SPECTRE-16460): SOAC_cvarm_vgb:Specified subcircuit master `cvarm' was not found. {"history": "Interactive.8", "point": 13, "testname": "VGA_VGA_1_pss_tb_1", "cornername": "CMOS_CAP_VDD_TEMP_11"}
[2026-04-16 10:27:38.408 Z] [WARN] [cadence.virtuoso.ade.simulationMonitor] -     WARNING (SPECTRE-16462): SOAC_cvarm_vgb:Error in specification of subcircuit master. Assert is ignored. {"history": "Interactive.8", "point": 13, "testname": "VGA_VGA_1_pss_tb_1", "cornername": "CMOS_CAP_VDD_TEMP_11"}
[2026-04-16 10:27:38.408 Z] [WARN] [cadence.virtuoso.ade.simulationMonitor] -     WARNING (SPECTRE-16460): SOAC_cvart_vspsub:Specified subcircuit master `cvart' was not found. {"history": "Interactive.8", "point": 13, "testname": "VGA_VGA_1_pss_tb_1", "cornername": "CMOS_CAP_VDD_TEMP_11"}
[2026-04-16 10:27:38.408 Z] [WARN] [cadence.virtuoso.ade.simulationMonitor] -     WARNING (SPECTRE-16462): SOAC_cvart_vspsub:Error in specification of subcircuit master. Assert is ignored. {"history": "Interactive.8", "point": 13, "testname": "VGA_VGA_1_pss_tb_1", "cornername": "CMOS_CAP_VDD_TEMP_11"}
[2026-04-16 10:27:38.408 Z] [WARN] [cadence.virtuoso.ade.simulationMonitor] -     WARNING (SPECTRE-16460): SOAC_cvart_vbs:Specified subcircuit master `cvart' was not found.
        Further occurrences of this warning will be suppressed. {"history": "Interactive.8", "point": 13, "testname": "VGA_VGA_1_pss_tb_1", "cornername": "CMOS_CAP_VDD_TEMP_11"}
[2026-04-16 10:27:38.408 Z] [WARN] [cadence.virtuoso.ade.simulationMonitor] -     WARNING (SPECTRE-16462): SOAC_cvart_vbs:Error in specification of subcircuit master. Assert is ignored.
        Further occurrences of this warning will be suppressed. {"history": "Interactive.8", "point": 13, "testname": "VGA_VGA_1_pss_tb_1", "cornername": "CMOS_CAP_VDD_TEMP_11"}
[2026-04-16 10:27:38.408 Z] [WARN] [cadence.virtuoso.ade.simulationMonitor] -     WARNING (SPECTRE-17607): Assert `SOAC_cpoly_vminuspsub' is ignored because it contains an expression which is invalid or not supported by native evaluator.  {"history": "Interactive.8", "point": 13, "testname": "VGA_VGA_1_pss_tb_1", "cornername": "CMOS_CAP_VDD_TEMP_11"}
[2026-04-16 10:27:38.408 Z] [WARN] [cadence.virtuoso.ade.simulationMonitor] -     WARNING (SPECTRE-17607): Assert `SOAC_cpoly_vpluspsub' is ignored because it contains an expression which is invalid or not supported by native evaluator.  {"history": "Interactive.8", "point": 13, "testname": "VGA_VGA_1_pss_tb_1", "cornername": "CMOS_CAP_VDD_TEMP_11"}
[2026-04-16 10:27:38.408 Z] [WARN] [cadence.virtuoso.ade.simulationMonitor] -     WARNING (SPECTRE-17607): Assert `SOAC_modp_vbpsub' is ignored because it contains an expression which is invalid or not supported by native evaluator. 
        Further occurrences of this warning will be suppressed. {"history": "Interactive.8", "point": 13, "testname": "VGA_VGA_1_pss_tb_1", "cornername": "CMOS_CAP_VDD_TEMP_11"}
[2026-04-16 10:27:38.909 Z] [INFO] [cadence.virtuoso.ade.simulationMonitor] - Notice from spectre during initial setup.
    Multithreading is disabled due to the size of the design being too small. {"history": "Interactive.8", "point": 13, "testname": "VGA_VGA_1_pss_tb_1", "cornername": "CMOS_CAP_VDD_TEMP_11"}
[2026-04-16 10:27:38.909 Z] [WARN] [cadence.virtuoso.ade.simulationMonitor] -     WARNING (SPECTRE-592): Following parameters are disabled because they are ignored or redefined in Spectre X:
        
        
        PSS Parameters:
          errpreset {"history": "Interactive.8", "point": 13, "testname": "VGA_VGA_1_pss_tb_1", "cornername": "CMOS_CAP_VDD_TEMP_11"}
[2026-04-16 10:27:38.911 Z] [INFO] [cadence.virtuoso.ade.simulationMonitor] -               nodes 31 {"history": "Interactive.8", "point": 13, "testname": "VGA_VGA_1_pss_tb_1", "cornername": "CMOS_CAP_VDD_TEMP_11"}
[2026-04-16 10:27:38.911 Z] [INFO] [cadence.virtuoso.ade.simulationMonitor] - Notice from spectre during initial setup.
    Spectre X preset=cx enabled.
    73 warnings suppressed. {"history": "Interactive.8", "point": 13, "testname": "VGA_VGA_1_pss_tb_1", "cornername": "CMOS_CAP_VDD_TEMP_11"}
[2026-04-16 10:27:38.911 Z] [INFO] [cadence.virtuoso.ade.simulationMonitor] - Peak resident memory used = 201 Mbytes. {"history": "Interactive.8", "point": 13, "testname": "VGA_VGA_1_pss_tb_1", "cornername": "CMOS_CAP_VDD_TEMP_11"}
[2026-04-16 10:27:38.911 Z] [INFO] [cadence.virtuoso.ade.simulationMonitor] -    -   (Spectre X) Multi-threading. The recommended number of threads is 1, consider adding +mt=1 on command line. {"history": "Interactive.8", "point": 13, "testname": "VGA_VGA_1_pss_tb_1", "cornername": "CMOS_CAP_VDD_TEMP_11"}
[2026-04-16 10:27:38.912 Z] [INFO] [cadence.virtuoso.ade.simulationMonitor] - Notice from spectre during transient analysis `tran'.
    No checklimit analysis defined for asserts. A default checklimit analysis 'SpectreChecklimitAnal' has been created with all asserts enabled. {"history": "Interactive.8", "point": 13, "testname": "VGA_VGA_1_pss_tb_1", "cornername": "CMOS_CAP_VDD_TEMP_11"}
[2026-04-16 10:27:38.912 Z] [INFO] [cadence.virtuoso.ade.simulationMonitor] - Notice from spectre during IC analysis, during transient analysis `tran'.
    Bad pivoting is found during DC analysis. Option dc_pivot_check=yes is recommended for possible improvement of convergence. {"history": "Interactive.8", "point": 13, "testname": "VGA_VGA_1_pss_tb_1", "cornername": "CMOS_CAP_VDD_TEMP_11"}
[2026-04-16 10:27:38.912 Z] [WARN] [cadence.virtuoso.ade.simulationMonitor] -     WARNING (CMI-2943): Parameter checks have been ignored because the valid value for parameter 'trise' could not be found in 'C1'. {"history": "Interactive.8", "point": 13, "testname": "VGA_VGA_1_pss_tb_1", "cornername": "CMOS_CAP_VDD_TEMP_11"}
[2026-04-16 10:27:38.912 Z] [WARN] [cadence.virtuoso.ade.simulationMonitor] -     WARNING (CMI-2943): Parameter checks have been ignored because the valid value for parameter 'trise' could not be found in 'I0.C8<0>_turbo_m4.C1'. {"history": "Interactive.8", "point": 13, "testname": "VGA_VGA_1_pss_tb_1", "cornername": "CMOS_CAP_VDD_TEMP_11"}
[2026-04-16 10:27:38.912 Z] [WARN] [cadence.virtuoso.ade.simulationMonitor] -     WARNING (CMI-2943): Parameter checks have been ignored because the valid value for parameter 'trise' could not be found in 'I0.C9<0>_turbo_m8.C1'. {"history": "Interactive.8", "point": 13, "testname": "VGA_VGA_1_pss_tb_1", "cornername": "CMOS_CAP_VDD_TEMP_11"}
[2026-04-16 10:27:38.912 Z] [WARN] [cadence.virtuoso.ade.simulationMonitor] -     WARNING (CMI-2943): Parameter checks have been ignored because the valid value for parameter 'trise' could not be found in 'I0.C7<0>_turbo_m2.C1'. {"history": "Interactive.8", "point": 13, "testname": "VGA_VGA_1_pss_tb_1", "cornername": "CMOS_CAP_VDD_TEMP_11"}
[2026-04-16 10:27:38.912 Z] [WARN] [cadence.virtuoso.ade.simulationMonitor] -     WARNING (CMI-2943): Parameter checks have been ignored because the valid value for parameter 'trise' could not be found in 'I0.R2.CM'.
        Further occurrences of this warning will be suppressed. {"history": "Interactive.8", "point": 13, "testname": "VGA_VGA_1_pss_tb_1", "cornername": "CMOS_CAP_VDD_TEMP_11"}
[2026-04-16 10:27:38.913 Z] [INFO] [cadence.virtuoso.ade.simulationMonitor] - Notice from spectre during transient analysis `tran'.
    Multithreading is disabled due to the size of the design being too small. {"history": "Interactive.8", "point": 13, "testname": "VGA_VGA_1_pss_tb_1", "cornername": "CMOS_CAP_VDD_TEMP_11"}
[2026-04-16 10:27:38.913 Z] [INFO] [cadence.virtuoso.ade.simulationMonitor] - Total time required for tran analysis `tran': CPU = 101.903 ms, elapsed = 107.338 ms, util. = 94.9%. {"history": "Interactive.8", "point": 13, "testname": "VGA_VGA_1_pss_tb_1", "cornername": "CMOS_CAP_VDD_TEMP_11"}
[2026-04-16 10:27:38.913 Z] [INFO] [cadence.virtuoso.ade.simulationMonitor] - Peak resident memory used = 211 Mbytes. {"history": "Interactive.8", "point": 13, "testname": "VGA_VGA_1_pss_tb_1", "cornername": "CMOS_CAP_VDD_TEMP_11"}
[2026-04-16 10:27:38.913 Z] [INFO] [cadence.virtuoso.ade.simulationMonitor] - Notice from spectre.
    12 warnings suppressed. {"history": "Interactive.8", "point": 13, "testname": "VGA_VGA_1_pss_tb_1", "cornername": "CMOS_CAP_VDD_TEMP_11"}
[2026-04-16 10:27:38.913 Z] [INFO] [cadence.virtuoso.ade.simulationMonitor] - Notice from spectre during IC analysis, during periodic steady state analysis `pss'.
    Bad pivoting is found during DC analysis. Option dc_pivot_check=yes is recommended for possible improvement of convergence. {"history": "Interactive.8", "point": 13, "testname": "VGA_VGA_1_pss_tb_1", "cornername": "CMOS_CAP_VDD_TEMP_11"}
[2026-04-16 10:27:38.913 Z] [WARN] [cadence.virtuoso.ade.simulationMonitor] -     WARNING (CMI-2943): Parameter checks have been ignored because the valid value for parameter 'trise' could not be found in 'C1'. {"history": "Interactive.8", "point": 13, "testname": "VGA_VGA_1_pss_tb_1", "cornername": "CMOS_CAP_VDD_TEMP_11"}
[2026-04-16 10:27:38.913 Z] [WARN] [cadence.virtuoso.ade.simulationMonitor] -     WARNING (CMI-2943): Parameter checks have been ignored because the valid value for parameter 'trise' could not be found in 'I0.C8<0>_turbo_m4.C1'. {"history": "Interactive.8", "point": 13, "testname": "VGA_VGA_1_pss_tb_1", "cornername": "CMOS_CAP_VDD_TEMP_11"}
[2026-04-16 10:27:38.913 Z] [WARN] [cadence.virtuoso.ade.simulationMonitor] -     WARNING (CMI-2943): Parameter checks have been ignored because the valid value for parameter 'trise' could not be found in 'I0.C9<0>_turbo_m8.C1'. {"history": "Interactive.8", "point": 13, "testname": "VGA_VGA_1_pss_tb_1", "cornername": "CMOS_CAP_VDD_TEMP_11"}
[2026-04-16 10:27:38.913 Z] [WARN] [cadence.virtuoso.ade.simulationMonitor] -     WARNING (CMI-2943): Parameter checks have been ignored because the valid value for parameter 'trise' could not be found in 'I0.C7<0>_turbo_m2.C1'. {"history": "Interactive.8", "point": 13, "testname": "VGA_VGA_1_pss_tb_1", "cornername": "CMOS_CAP_VDD_TEMP_11"}
[2026-04-16 10:27:38.914 Z] [WARN] [cadence.virtuoso.ade.simulationMonitor] -     WARNING (CMI-2943): Parameter checks have been ignored because the valid value for parameter 'trise' could not be found in 'I0.R2.CM'.
        Further occurrences of this warning will be suppressed. {"history": "Interactive.8", "point": 13, "testname": "VGA_VGA_1_pss_tb_1", "cornername": "CMOS_CAP_VDD_TEMP_11"}
[2026-04-16 10:27:38.914 Z] [INFO] [cadence.virtuoso.ade.simulationMonitor] - Total time required for tstab analysis `pss': CPU = 5.61 ms, elapsed = 5.60999 ms. {"history": "Interactive.8", "point": 13, "testname": "VGA_VGA_1_pss_tb_1", "cornername": "CMOS_CAP_VDD_TEMP_11"}
[2026-04-16 10:27:38.914 Z] [INFO] [cadence.virtuoso.ade.simulationMonitor] - Peak resident memory used = 213 Mbytes. {"history": "Interactive.8", "point": 13, "testname": "VGA_VGA_1_pss_tb_1", "cornername": "CMOS_CAP_VDD_TEMP_11"}
[2026-04-16 10:27:38.914 Z] [INFO] [cadence.virtuoso.ade.simulationMonitor] - Notice from spectre during periodic steady state analysis `pss'.
    12 warnings suppressed. {"history": "Interactive.8", "point": 13, "testname": "VGA_VGA_1_pss_tb_1", "cornername": "CMOS_CAP_VDD_TEMP_11"}
[2026-04-16 10:27:39.915 Z] [INFO] [cadence.virtuoso.ade.simulationMonitor] - Total time required for pss analysis `pss': CPU = 725.923 ms, elapsed = 746.376 ms, util. = 97.3%. {"history": "Interactive.8", "point": 13, "testname": "VGA_VGA_1_pss_tb_1", "cornername": "CMOS_CAP_VDD_TEMP_11"}
[2026-04-16 10:27:39.915 Z] [INFO] [cadence.virtuoso.ade.simulationMonitor] - Peak resident memory used = 218 Mbytes. {"history": "Interactive.8", "point": 13, "testname": "VGA_VGA_1_pss_tb_1", "cornername": "CMOS_CAP_VDD_TEMP_11"}
[2026-04-16 10:27:39.915 Z] [INFO] [cadence.virtuoso.ade.simulationMonitor] - Time used: CPU = 1.3 s, elapsed = 1.83 s, util. = 71.1%. {"history": "Interactive.8", "point": 13, "testname": "VGA_VGA_1_pss_tb_1", "cornername": "CMOS_CAP_VDD_TEMP_11"}
[2026-04-16 10:27:39.915 Z] [INFO] [cadence.virtuoso.ade.simulationMonitor] - Time spent in licensing: elapsed = 47.7 ms. {"history": "Interactive.8", "point": 13, "testname": "VGA_VGA_1_pss_tb_1", "cornername": "CMOS_CAP_VDD_TEMP_11"}
[2026-04-16 10:27:39.916 Z] [INFO] [cadence.virtuoso.ade.simulationMonitor] - Peak memory used = 218 Mbytes. {"history": "Interactive.8", "point": 13, "testname": "VGA_VGA_1_pss_tb_1", "cornername": "CMOS_CAP_VDD_TEMP_11"}
[2026-04-16 10:27:39.917 Z] [PROCESS] [cadence.virtuoso.ade.simulationMonitor] - Simulation started at: 10:27:37 AM, Thur Apr 16, 2026, ended at: 10:27:39 AM, Thur Apr 16, 2026, with elapsed time (wall clock): 1.83 s. {"history": "Interactive.8", "point": 13, "testname": "VGA_VGA_1_pss_tb_1", "cornername": "CMOS_CAP_VDD_TEMP_11"}
[2026-04-16 10:27:39.917 Z] [PROCESS] [cadence.virtuoso.ade.simulationMonitor] - spectre completes with 0 errors, 34 warnings, and 14 notices. {"history": "Interactive.8", "point": 13, "testname": "VGA_VGA_1_pss_tb_1", "cornername": "CMOS_CAP_VDD_TEMP_11"}
[2026-04-16 10:27:39.917 Z] [PROCESS] [cadence.virtuoso.ade.simulationMonitor] - Finished simulating for one point {"hostname": "il2244vt26_davidevi", "processid": 1094760, "history": "Interactive.8", "testname": "VGA_VGA_1_pss_tb_1", "cornername": "CMOS_CAP_VDD_TEMP_11", "point": 13, "logfile": "/home/davidevi/Desktop/myproject/logs_davidevi/logs0/Job511.log", "simid": "2"}
[2026-04-16 10:27:39.917 Z] [PROCESS] [cadence.virtuoso.ade.simulationMonitor] - Simulator exited {"hostname": "il2244vt26_davidevi", "processid": 1094760, "history": "Interactive.8", "testname": "VGA_VGA_1_pss_tb_1", "cornername": "CMOS_CAP_VDD_TEMP_11", "point": 13, "logfile": "/home/davidevi/Desktop/myproject/logs_davidevi/logs0/Job511.log", "exitStatus": "0"}
[2026-04-16 10:27:39.917 Z] [PROCESS] [cadence.virtuoso.ade.simulationMonitor] - Finished Simulation {"hostname": "il2244vt26_davidevi", "processid": 1094760, "history": "Interactive.8", "testname": "VGA_VGA_1_pss_tb_1", "cornername": "CMOS_CAP_VDD_TEMP_11", "point": 13, "logfile": "/home/davidevi/Desktop/myproject/logs_davidevi/logs0/Job511.log", "simid": "2"}
[2026-04-16 10:27:42.428 Z] [PROCESS] [cadence.virtuoso.ade.simulationMonitor] - Point Finished {"hostname": "il2244vt26_davidevi", "processid": 1094760, "history": "Interactive.8", "testname": "VGA_VGA_1_pss_tb_1", "cornername": "CMOS_CAP_VDD_TEMP_11", "point": 13, "logfile": "/home/davidevi/Desktop/myproject/logs_davidevi/logs0/Job511.log"}
[2026-04-16 10:27:42.430 Z] [PROCESS] [cadence.virtuoso.ade.simulationMonitor] - HostInfo:
Host name (type):	il2244vt26_davidevi (x86_64)
Operating system:	Linux 5.15.0-164-generic #174-Ubuntu SMP Fri Nov 14 20:25:16 UTC 2025 {"hostname": "il2244vt26_davidevi", "processid": 1094760, "history": "Interactive.8", "testname": "VGA_VGA_1_pss_tb_1", "cornername": "CMOS_CAP_VDD_TEMP_11", "point": 13, "logfile": "/home/davidevi/Desktop/myproject/logs_davidevi/logs0/Job511.log", "nodename": "il2244vt26_davidevi", "domainname": "(none)", "machine": "x86_64", "sysname": "Linux", "release": "5.15.0-164-generic", "version": "#174-Ubuntu SMP Fri Nov 14 20:25:16 UTC 2025"}
[2026-04-16 10:27:42.430 Z] [PROCESS] [cadence.virtuoso.ade.simulationMonitor] - UsageInfo:
pid=1094760
totalPhysicalMemory=3023.749672GB,Used=1573.246010GB,totalVirtualMemory=3031.749668GB,Used=1573.273598GB
Cpu: Cores=48, Load average:11.750000,8.470000,8.660000 {"hostname": "il2244vt26_davidevi", "processid": 1094760, "history": "Interactive.8", "testname": "VGA_VGA_1_pss_tb_1", "cornername": "CMOS_CAP_VDD_TEMP_11", "point": 13, "logfile": "/home/davidevi/Desktop/myproject/logs_davidevi/logs0/Job511.log", "pid": "1094760", "totalPhysicalMemory": "3023.749672", "physicalMemoryUsed": "1573.246010", "totalVirtualMemory": "3031.749668", "virtualMemoryUsed": "1573.273598", "cpuCores": "48", "processes": "29850", "loadAverage1": "11.750000", "loadAverage5": "8.470000", "loadAverage15": "8.660000", "loadAverage1Percent": "0.244792"}
[2026-04-16 10:27:42.431 Z] [EVENT] [cadence.virtuoso.ade.simulationMonitor] - NewPoint {"history": "Interactive.8", "point": 23, "testname": "VGA_VGA_1_pss_tb_1", "cornername": "CMOS_CAP_VDD_TEMP_21", "event": "NewPoint", "EventSource": "Simulation Monitor", "HistoryName": "Interactive.8", "logFile": "/home/davidevi/Desktop/myproject/logs_davidevi/logs0/Job511.log", "logFileSize": "48326"}
[2026-04-16 10:27:42.533 Z] [EVENT] [cadence.virtuoso.ade.simulationMonitor] - NewPoint {"history": "Interactive.8", "point": 23, "testname": "VGA_VGA_1_pss_tb_1", "cornername": "CMOS_CAP_VDD_TEMP_21", "event": "NewPoint", "EventSource": "spectre", "HistoryName": "Interactive.8", "logFile": "/home/davidevi/Desktop/myproject/Sim/VGA/VGA_1_pss_tb/maestro/results/maestro/Interactive.8/23/VGA_VGA_1_pss_tb_1/psf/spectre.out", "logFileSize": "-1"}
[2026-04-16 10:27:42.544 Z] [PROCESS] [cadence.virtuoso.ade.simulationMonitor] - Simulator launched {"hostname": "il2244vt26_davidevi", "processid": 1094760, "history": "Interactive.8", "testname": "VGA_VGA_1_pss_tb_1", "cornername": "CMOS_CAP_VDD_TEMP_21", "point": 23, "logfile": "/home/davidevi/Desktop/myproject/logs_davidevi/logs0/Job511.log", "simid": "3"}
[2026-04-16 10:27:42.601 Z] [PROCESS] [cadence.virtuoso.ade.simulationMonitor] - Started Simulation {"hostname": "il2244vt26_davidevi", "processid": 1094760, "history": "Interactive.8", "testname": "VGA_VGA_1_pss_tb_1", "cornername": "CMOS_CAP_VDD_TEMP_21", "point": 23, "logfile": "/home/davidevi/Desktop/myproject/logs_davidevi/logs0/Job511.log", "event": "started", "task": "simulation"}
[2026-04-16 10:27:43.602 Z] [WARN] [cadence.virtuoso.ade.simulationMonitor] -     WARNING (SPECTRE-691): This CPU processor does not support x86 advanced vector extensions instructions. This may affect math operations and slow down the simulation. {"history": "Interactive.8", "point": 23, "testname": "VGA_VGA_1_pss_tb_1", "cornername": "CMOS_CAP_VDD_TEMP_21"}
[2026-04-16 10:27:43.602 Z] [INFO] [cadence.virtuoso.ade.simulationMonitor] - Notice from spectre during circuit read-in.
    Pre_Configuration file used: /opt/tools/cadence/installs/SPECTRE241/tools.lnx86/spectre/etc/configs/preset.precfg
    Configuration file used: `/opt/tools/cadence/installs/SPECTRE241/tools.lnx86/spectre/etc/configs/preset.cfg'. {"history": "Interactive.8", "point": 23, "testname": "VGA_VGA_1_pss_tb_1", "cornername": "CMOS_CAP_VDD_TEMP_21"}
[2026-04-16 10:27:43.602 Z] [WARN] [cadence.virtuoso.ade.simulationMonitor] -     WARNING (SPECTRE-8360): line 1511: `ac' is an undefined primitive device. {"history": "Interactive.8", "point": 23, "testname": "VGA_VGA_1_pss_tb_1", "cornername": "CMOS_CAP_VDD_TEMP_21"}
[2026-04-16 10:27:43.602 Z] [WARN] [cadence.virtuoso.ade.simulationMonitor] -     WARNING (SPECTRE-8360): line 1512: `ac' is an undefined primitive device. {"history": "Interactive.8", "point": 23, "testname": "VGA_VGA_1_pss_tb_1", "cornername": "CMOS_CAP_VDD_TEMP_21"}
[2026-04-16 10:27:43.603 Z] [WARN] [cadence.virtuoso.ade.simulationMonitor] -     WARNING (SPECTRE-8360): line 1513: `ac' is an undefined primitive device. {"history": "Interactive.8", "point": 23, "testname": "VGA_VGA_1_pss_tb_1", "cornername": "CMOS_CAP_VDD_TEMP_21"}
[2026-04-16 10:27:43.603 Z] [WARN] [cadence.virtuoso.ade.simulationMonitor] -     WARNING (SPECTRE-8360): line 1514: `ac' is an undefined primitive device. {"history": "Interactive.8", "point": 23, "testname": "VGA_VGA_1_pss_tb_1", "cornername": "CMOS_CAP_VDD_TEMP_21"}
[2026-04-16 10:27:43.603 Z] [WARN] [cadence.virtuoso.ade.simulationMonitor] -     WARNING (SPECTRE-8360): line 1515: `ac' is an undefined primitive device.
        Further occurrences of this warning will be suppressed. {"history": "Interactive.8", "point": 23, "testname": "VGA_VGA_1_pss_tb_1", "cornername": "CMOS_CAP_VDD_TEMP_21"}
[2026-04-16 10:27:43.603 Z] [INFO] [cadence.virtuoso.ade.simulationMonitor] - Peak resident memory used = 179 Mbytes. {"history": "Interactive.8", "point": 23, "testname": "VGA_VGA_1_pss_tb_1", "cornername": "CMOS_CAP_VDD_TEMP_21"}
[2026-04-16 10:27:43.603 Z] [WARN] [cadence.virtuoso.ade.simulationMonitor] -     WARNING (VACOMP-2435): The environment variable CDS_AHDLCMI_ENABLE is no longer supported. Therefore, the simulator will use the default compiled C code flow. {"history": "Interactive.8", "point": 23, "testname": "VGA_VGA_1_pss_tb_1", "cornername": "CMOS_CAP_VDD_TEMP_21"}
[2026-04-16 10:27:43.603 Z] [WARN] [cadence.virtuoso.ade.simulationMonitor] -     WARNING (SFE-3016): The floating node net6 is removed. {"history": "Interactive.8", "point": 23, "testname": "VGA_VGA_1_pss_tb_1", "cornername": "CMOS_CAP_VDD_TEMP_21"}
[2026-04-16 10:27:43.603 Z] [INFO] [cadence.virtuoso.ade.simulationMonitor] - Peak resident memory used = 192 Mbytes. {"history": "Interactive.8", "point": 23, "testname": "VGA_VGA_1_pss_tb_1", "cornername": "CMOS_CAP_VDD_TEMP_21"}
[2026-04-16 10:27:43.603 Z] [INFO] [cadence.virtuoso.ade.simulationMonitor] - Notice from spectre during hierarchy flattening.
    The value 'psf' specified for the 'checklimitdest' option will no longer be supported in future releases. Use 'spectre -h' to see other recommended values for the 'checklimitdest' option. {"history": "Interactive.8", "point": 23, "testname": "VGA_VGA_1_pss_tb_1", "cornername": "CMOS_CAP_VDD_TEMP_21"}
[2026-04-16 10:27:43.604 Z] [INFO] [cadence.virtuoso.ade.simulationMonitor] - Peak resident memory used = 194 Mbytes. {"history": "Interactive.8", "point": 23, "testname": "VGA_VGA_1_pss_tb_1", "cornername": "CMOS_CAP_VDD_TEMP_21"}
[2026-04-16 10:27:43.604 Z] [WARN] [cadence.virtuoso.ade.simulationMonitor] -     WARNING (SPECTRE-17607): Assert `SOAC_rpolyh_vminuspsub' is ignored because it contains an expression which is invalid or not supported by native evaluator.  {"history": "Interactive.8", "point": 23, "testname": "VGA_VGA_1_pss_tb_1", "cornername": "CMOS_CAP_VDD_TEMP_21"}
[2026-04-16 10:27:43.604 Z] [WARN] [cadence.virtuoso.ade.simulationMonitor] -     WARNING (SPECTRE-17607): Assert `SOAC_rpolyh_vpluspsub' is ignored because it contains an expression which is invalid or not supported by native evaluator.  {"history": "Interactive.8", "point": 23, "testname": "VGA_VGA_1_pss_tb_1", "cornername": "CMOS_CAP_VDD_TEMP_21"}
[2026-04-16 10:27:43.604 Z] [WARN] [cadence.virtuoso.ade.simulationMonitor] -     WARNING (SPECTRE-16460): SOAC_cvarm_vspsub:Specified subcircuit master `cvarm' was not found. {"history": "Interactive.8", "point": 23, "testname": "VGA_VGA_1_pss_tb_1", "cornername": "CMOS_CAP_VDD_TEMP_21"}
[2026-04-16 10:27:43.604 Z] [WARN] [cadence.virtuoso.ade.simulationMonitor] -     WARNING (SPECTRE-16462): SOAC_cvarm_vspsub:Error in specification of subcircuit master. Assert is ignored. {"history": "Interactive.8", "point": 23, "testname": "VGA_VGA_1_pss_tb_1", "cornername": "CMOS_CAP_VDD_TEMP_21"}
[2026-04-16 10:27:43.604 Z] [WARN] [cadence.virtuoso.ade.simulationMonitor] -     WARNING (SPECTRE-16460): SOAC_cvarm_vbs:Specified subcircuit master `cvarm' was not found. {"history": "Interactive.8", "point": 23, "testname": "VGA_VGA_1_pss_tb_1", "cornername": "CMOS_CAP_VDD_TEMP_21"}
[2026-04-16 10:27:43.604 Z] [WARN] [cadence.virtuoso.ade.simulationMonitor] -     WARNING (SPECTRE-16462): SOAC_cvarm_vbs:Error in specification of subcircuit master. Assert is ignored. {"history": "Interactive.8", "point": 23, "testname": "VGA_VGA_1_pss_tb_1", "cornername": "CMOS_CAP_VDD_TEMP_21"}
[2026-04-16 10:27:43.604 Z] [WARN] [cadence.virtuoso.ade.simulationMonitor] -     WARNING (SPECTRE-16460): SOAC_cvarm_vgb:Specified subcircuit master `cvarm' was not found. {"history": "Interactive.8", "point": 23, "testname": "VGA_VGA_1_pss_tb_1", "cornername": "CMOS_CAP_VDD_TEMP_21"}
[2026-04-16 10:27:43.605 Z] [WARN] [cadence.virtuoso.ade.simulationMonitor] -     WARNING (SPECTRE-16462): SOAC_cvarm_vgb:Error in specification of subcircuit master. Assert is ignored. {"history": "Interactive.8", "point": 23, "testname": "VGA_VGA_1_pss_tb_1", "cornername": "CMOS_CAP_VDD_TEMP_21"}
[2026-04-16 10:27:43.605 Z] [WARN] [cadence.virtuoso.ade.simulationMonitor] -     WARNING (SPECTRE-16460): SOAC_cvart_vspsub:Specified subcircuit master `cvart' was not found. {"history": "Interactive.8", "point": 23, "testname": "VGA_VGA_1_pss_tb_1", "cornername": "CMOS_CAP_VDD_TEMP_21"}
[2026-04-16 10:27:43.605 Z] [WARN] [cadence.virtuoso.ade.simulationMonitor] -     WARNING (SPECTRE-16462): SOAC_cvart_vspsub:Error in specification of subcircuit master. Assert is ignored. {"history": "Interactive.8", "point": 23, "testname": "VGA_VGA_1_pss_tb_1", "cornername": "CMOS_CAP_VDD_TEMP_21"}
[2026-04-16 10:27:43.605 Z] [WARN] [cadence.virtuoso.ade.simulationMonitor] -     WARNING (SPECTRE-16460): SOAC_cvart_vbs:Specified subcircuit master `cvart' was not found.
        Further occurrences of this warning will be suppressed. {"history": "Interactive.8", "point": 23, "testname": "VGA_VGA_1_pss_tb_1", "cornername": "CMOS_CAP_VDD_TEMP_21"}
[2026-04-16 10:27:43.605 Z] [WARN] [cadence.virtuoso.ade.simulationMonitor] -     WARNING (SPECTRE-16462): SOAC_cvart_vbs:Error in specification of subcircuit master. Assert is ignored.
        Further occurrences of this warning will be suppressed. {"history": "Interactive.8", "point": 23, "testname": "VGA_VGA_1_pss_tb_1", "cornername": "CMOS_CAP_VDD_TEMP_21"}
[2026-04-16 10:27:43.605 Z] [WARN] [cadence.virtuoso.ade.simulationMonitor] -     WARNING (SPECTRE-17607): Assert `SOAC_cpoly_vminuspsub' is ignored because it contains an expression which is invalid or not supported by native evaluator.  {"history": "Interactive.8", "point": 23, "testname": "VGA_VGA_1_pss_tb_1", "cornername": "CMOS_CAP_VDD_TEMP_21"}
[2026-04-16 10:27:43.605 Z] [WARN] [cadence.virtuoso.ade.simulationMonitor] -     WARNING (SPECTRE-17607): Assert `SOAC_cpoly_vpluspsub' is ignored because it contains an expression which is invalid or not supported by native evaluator.  {"history": "Interactive.8", "point": 23, "testname": "VGA_VGA_1_pss_tb_1", "cornername": "CMOS_CAP_VDD_TEMP_21"}
[2026-04-16 10:27:43.605 Z] [WARN] [cadence.virtuoso.ade.simulationMonitor] -     WARNING (SPECTRE-17607): Assert `SOAC_modp_vbpsub' is ignored because it contains an expression which is invalid or not supported by native evaluator. 
        Further occurrences of this warning will be suppressed. {"history": "Interactive.8", "point": 23, "testname": "VGA_VGA_1_pss_tb_1", "cornername": "CMOS_CAP_VDD_TEMP_21"}
[2026-04-16 10:27:44.106 Z] [INFO] [cadence.virtuoso.ade.simulationMonitor] - Notice from spectre during initial setup.
    Multithreading is disabled due to the size of the design being too small. {"history": "Interactive.8", "point": 23, "testname": "VGA_VGA_1_pss_tb_1", "cornername": "CMOS_CAP_VDD_TEMP_21"}
[2026-04-16 10:27:44.106 Z] [WARN] [cadence.virtuoso.ade.simulationMonitor] -     WARNING (SPECTRE-592): Following parameters are disabled because they are ignored or redefined in Spectre X:
        
        
        PSS Parameters:
          errpreset {"history": "Interactive.8", "point": 23, "testname": "VGA_VGA_1_pss_tb_1", "cornername": "CMOS_CAP_VDD_TEMP_21"}
[2026-04-16 10:27:44.108 Z] [INFO] [cadence.virtuoso.ade.simulationMonitor] -               nodes 31 {"history": "Interactive.8", "point": 23, "testname": "VGA_VGA_1_pss_tb_1", "cornername": "CMOS_CAP_VDD_TEMP_21"}
[2026-04-16 10:27:44.108 Z] [INFO] [cadence.virtuoso.ade.simulationMonitor] - Notice from spectre during initial setup.
    Spectre X preset=cx enabled.
    73 warnings suppressed. {"history": "Interactive.8", "point": 23, "testname": "VGA_VGA_1_pss_tb_1", "cornername": "CMOS_CAP_VDD_TEMP_21"}
[2026-04-16 10:27:44.108 Z] [INFO] [cadence.virtuoso.ade.simulationMonitor] - Peak resident memory used = 201 Mbytes. {"history": "Interactive.8", "point": 23, "testname": "VGA_VGA_1_pss_tb_1", "cornername": "CMOS_CAP_VDD_TEMP_21"}
[2026-04-16 10:27:44.108 Z] [INFO] [cadence.virtuoso.ade.simulationMonitor] -    -   (Spectre X) Multi-threading. The recommended number of threads is 1, consider adding +mt=1 on command line. {"history": "Interactive.8", "point": 23, "testname": "VGA_VGA_1_pss_tb_1", "cornername": "CMOS_CAP_VDD_TEMP_21"}
[2026-04-16 10:27:44.108 Z] [INFO] [cadence.virtuoso.ade.simulationMonitor] - Notice from spectre during transient analysis `tran'.
    No checklimit analysis defined for asserts. A default checklimit analysis 'SpectreChecklimitAnal' has been created with all asserts enabled. {"history": "Interactive.8", "point": 23, "testname": "VGA_VGA_1_pss_tb_1", "cornername": "CMOS_CAP_VDD_TEMP_21"}
[2026-04-16 10:27:44.109 Z] [INFO] [cadence.virtuoso.ade.simulationMonitor] - Notice from spectre during IC analysis, during transient analysis `tran'.
    Bad pivoting is found during DC analysis. Option dc_pivot_check=yes is recommended for possible improvement of convergence. {"history": "Interactive.8", "point": 23, "testname": "VGA_VGA_1_pss_tb_1", "cornername": "CMOS_CAP_VDD_TEMP_21"}
[2026-04-16 10:27:44.109 Z] [WARN] [cadence.virtuoso.ade.simulationMonitor] -     WARNING (CMI-2943): Parameter checks have been ignored because the valid value for parameter 'trise' could not be found in 'C1'. {"history": "Interactive.8", "point": 23, "testname": "VGA_VGA_1_pss_tb_1", "cornername": "CMOS_CAP_VDD_TEMP_21"}
[2026-04-16 10:27:44.109 Z] [WARN] [cadence.virtuoso.ade.simulationMonitor] -     WARNING (CMI-2943): Parameter checks have been ignored because the valid value for parameter 'trise' could not be found in 'I0.C8<0>_turbo_m4.C1'. {"history": "Interactive.8", "point": 23, "testname": "VGA_VGA_1_pss_tb_1", "cornername": "CMOS_CAP_VDD_TEMP_21"}
[2026-04-16 10:27:44.109 Z] [WARN] [cadence.virtuoso.ade.simulationMonitor] -     WARNING (CMI-2943): Parameter checks have been ignored because the valid value for parameter 'trise' could not be found in 'I0.C9<0>_turbo_m8.C1'. {"history": "Interactive.8", "point": 23, "testname": "VGA_VGA_1_pss_tb_1", "cornername": "CMOS_CAP_VDD_TEMP_21"}
[2026-04-16 10:27:44.109 Z] [WARN] [cadence.virtuoso.ade.simulationMonitor] -     WARNING (CMI-2943): Parameter checks have been ignored because the valid value for parameter 'trise' could not be found in 'I0.C7<0>_turbo_m2.C1'. {"history": "Interactive.8", "point": 23, "testname": "VGA_VGA_1_pss_tb_1", "cornername": "CMOS_CAP_VDD_TEMP_21"}
[2026-04-16 10:27:44.109 Z] [WARN] [cadence.virtuoso.ade.simulationMonitor] -     WARNING (CMI-2943): Parameter checks have been ignored because the valid value for parameter 'trise' could not be found in 'I0.R2.CM'.
        Further occurrences of this warning will be suppressed. {"history": "Interactive.8", "point": 23, "testname": "VGA_VGA_1_pss_tb_1", "cornername": "CMOS_CAP_VDD_TEMP_21"}
[2026-04-16 10:27:44.109 Z] [INFO] [cadence.virtuoso.ade.simulationMonitor] - Notice from spectre during transient analysis `tran'.
    Multithreading is disabled due to the size of the design being too small. {"history": "Interactive.8", "point": 23, "testname": "VGA_VGA_1_pss_tb_1", "cornername": "CMOS_CAP_VDD_TEMP_21"}
[2026-04-16 10:27:44.109 Z] [INFO] [cadence.virtuoso.ade.simulationMonitor] - Total time required for tran analysis `tran': CPU = 97.164 ms, elapsed = 101.253 ms, util. = 96%. {"history": "Interactive.8", "point": 23, "testname": "VGA_VGA_1_pss_tb_1", "cornername": "CMOS_CAP_VDD_TEMP_21"}
[2026-04-16 10:27:44.109 Z] [INFO] [cadence.virtuoso.ade.simulationMonitor] - Peak resident memory used = 211 Mbytes. {"history": "Interactive.8", "point": 23, "testname": "VGA_VGA_1_pss_tb_1", "cornername": "CMOS_CAP_VDD_TEMP_21"}
[2026-04-16 10:27:44.110 Z] [INFO] [cadence.virtuoso.ade.simulationMonitor] - Notice from spectre.
    12 warnings suppressed. {"history": "Interactive.8", "point": 23, "testname": "VGA_VGA_1_pss_tb_1", "cornername": "CMOS_CAP_VDD_TEMP_21"}
[2026-04-16 10:27:44.110 Z] [WARN] [cadence.virtuoso.ade.simulationMonitor] -     WARNING (CMI-2943): Parameter checks have been ignored because the valid value for parameter 'trise' could not be found in 'C1'. {"history": "Interactive.8", "point": 23, "testname": "VGA_VGA_1_pss_tb_1", "cornername": "CMOS_CAP_VDD_TEMP_21"}
[2026-04-16 10:27:44.110 Z] [WARN] [cadence.virtuoso.ade.simulationMonitor] -     WARNING (CMI-2943): Parameter checks have been ignored because the valid value for parameter 'trise' could not be found in 'I0.C8<0>_turbo_m4.C1'. {"history": "Interactive.8", "point": 23, "testname": "VGA_VGA_1_pss_tb_1", "cornername": "CMOS_CAP_VDD_TEMP_21"}
[2026-04-16 10:27:44.110 Z] [WARN] [cadence.virtuoso.ade.simulationMonitor] -     WARNING (CMI-2943): Parameter checks have been ignored because the valid value for parameter 'trise' could not be found in 'I0.C9<0>_turbo_m8.C1'. {"history": "Interactive.8", "point": 23, "testname": "VGA_VGA_1_pss_tb_1", "cornername": "CMOS_CAP_VDD_TEMP_21"}
[2026-04-16 10:27:44.110 Z] [WARN] [cadence.virtuoso.ade.simulationMonitor] -     WARNING (CMI-2943): Parameter checks have been ignored because the valid value for parameter 'trise' could not be found in 'I0.C7<0>_turbo_m2.C1'. {"history": "Interactive.8", "point": 23, "testname": "VGA_VGA_1_pss_tb_1", "cornername": "CMOS_CAP_VDD_TEMP_21"}
[2026-04-16 10:27:44.110 Z] [WARN] [cadence.virtuoso.ade.simulationMonitor] -     WARNING (CMI-2943): Parameter checks have been ignored because the valid value for parameter 'trise' could not be found in 'I0.R2.CM'.
        Further occurrences of this warning will be suppressed. {"history": "Interactive.8", "point": 23, "testname": "VGA_VGA_1_pss_tb_1", "cornername": "CMOS_CAP_VDD_TEMP_21"}
[2026-04-16 10:27:44.110 Z] [INFO] [cadence.virtuoso.ade.simulationMonitor] - Total time required for tstab analysis `pss': CPU = 5.863 ms, elapsed = 5.92494 ms. {"history": "Interactive.8", "point": 23, "testname": "VGA_VGA_1_pss_tb_1", "cornername": "CMOS_CAP_VDD_TEMP_21"}
[2026-04-16 10:27:44.110 Z] [INFO] [cadence.virtuoso.ade.simulationMonitor] - Peak resident memory used = 212 Mbytes. {"history": "Interactive.8", "point": 23, "testname": "VGA_VGA_1_pss_tb_1", "cornername": "CMOS_CAP_VDD_TEMP_21"}
[2026-04-16 10:27:44.111 Z] [INFO] [cadence.virtuoso.ade.simulationMonitor] - Notice from spectre during periodic steady state analysis `pss'.
    12 warnings suppressed. {"history": "Interactive.8", "point": 23, "testname": "VGA_VGA_1_pss_tb_1", "cornername": "CMOS_CAP_VDD_TEMP_21"}
[2026-04-16 10:27:45.611 Z] [INFO] [cadence.virtuoso.ade.simulationMonitor] - Total time required for pss analysis `pss': CPU = 1.43682 s, elapsed = 1.45997 s, util. = 98.4%. {"history": "Interactive.8", "point": 23, "testname": "VGA_VGA_1_pss_tb_1", "cornername": "CMOS_CAP_VDD_TEMP_21"}
[2026-04-16 10:27:45.612 Z] [INFO] [cadence.virtuoso.ade.simulationMonitor] - Peak resident memory used = 218 Mbytes. {"history": "Interactive.8", "point": 23, "testname": "VGA_VGA_1_pss_tb_1", "cornername": "CMOS_CAP_VDD_TEMP_21"}
[2026-04-16 10:27:45.612 Z] [INFO] [cadence.virtuoso.ade.simulationMonitor] - Time used: CPU = 2 s, elapsed = 2.56 s, util. = 78.2%. {"history": "Interactive.8", "point": 23, "testname": "VGA_VGA_1_pss_tb_1", "cornername": "CMOS_CAP_VDD_TEMP_21"}
[2026-04-16 10:27:45.612 Z] [INFO] [cadence.virtuoso.ade.simulationMonitor] - Time spent in licensing: elapsed = 73.1 ms. {"history": "Interactive.8", "point": 23, "testname": "VGA_VGA_1_pss_tb_1", "cornername": "CMOS_CAP_VDD_TEMP_21"}
[2026-04-16 10:27:45.612 Z] [INFO] [cadence.virtuoso.ade.simulationMonitor] - Peak memory used = 218 Mbytes. {"history": "Interactive.8", "point": 23, "testname": "VGA_VGA_1_pss_tb_1", "cornername": "CMOS_CAP_VDD_TEMP_21"}
[2026-04-16 10:27:45.614 Z] [PROCESS] [cadence.virtuoso.ade.simulationMonitor] - Simulation started at: 10:27:42 AM, Thur Apr 16, 2026, ended at: 10:27:45 AM, Thur Apr 16, 2026, with elapsed time (wall clock): 2.56 s. {"history": "Interactive.8", "point": 23, "testname": "VGA_VGA_1_pss_tb_1", "cornername": "CMOS_CAP_VDD_TEMP_21"}
[2026-04-16 10:27:45.614 Z] [PROCESS] [cadence.virtuoso.ade.simulationMonitor] - spectre completes with 0 errors, 34 warnings, and 13 notices. {"history": "Interactive.8", "point": 23, "testname": "VGA_VGA_1_pss_tb_1", "cornername": "CMOS_CAP_VDD_TEMP_21"}
[2026-04-16 10:27:45.614 Z] [PROCESS] [cadence.virtuoso.ade.simulationMonitor] - Finished simulating for one point {"hostname": "il2244vt26_davidevi", "processid": 1094760, "history": "Interactive.8", "testname": "VGA_VGA_1_pss_tb_1", "cornername": "CMOS_CAP_VDD_TEMP_21", "point": 23, "logfile": "/home/davidevi/Desktop/myproject/logs_davidevi/logs0/Job511.log", "simid": "3"}
[2026-04-16 10:27:45.614 Z] [PROCESS] [cadence.virtuoso.ade.simulationMonitor] - Simulator exited {"hostname": "il2244vt26_davidevi", "processid": 1094760, "history": "Interactive.8", "testname": "VGA_VGA_1_pss_tb_1", "cornername": "CMOS_CAP_VDD_TEMP_21", "point": 23, "logfile": "/home/davidevi/Desktop/myproject/logs_davidevi/logs0/Job511.log", "exitStatus": "0"}
[2026-04-16 10:27:45.615 Z] [PROCESS] [cadence.virtuoso.ade.simulationMonitor] - Finished Simulation {"hostname": "il2244vt26_davidevi", "processid": 1094760, "history": "Interactive.8", "testname": "VGA_VGA_1_pss_tb_1", "cornername": "CMOS_CAP_VDD_TEMP_21", "point": 23, "logfile": "/home/davidevi/Desktop/myproject/logs_davidevi/logs0/Job511.log", "simid": "3"}
[2026-04-16 10:27:48.126 Z] [PROCESS] [cadence.virtuoso.ade.simulationMonitor] - Point Finished {"hostname": "il2244vt26_davidevi", "processid": 1094760, "history": "Interactive.8", "testname": "VGA_VGA_1_pss_tb_1", "cornername": "CMOS_CAP_VDD_TEMP_21", "point": 23, "logfile": "/home/davidevi/Desktop/myproject/logs_davidevi/logs0/Job511.log"}
[2026-04-16 10:27:48.129 Z] [PROCESS] [cadence.virtuoso.ade.simulationMonitor] - HostInfo:
Host name (type):	il2244vt26_davidevi (x86_64)
Operating system:	Linux 5.15.0-164-generic #174-Ubuntu SMP Fri Nov 14 20:25:16 UTC 2025 {"hostname": "il2244vt26_davidevi", "processid": 1094760, "history": "Interactive.8", "testname": "VGA_VGA_1_pss_tb_1", "cornername": "CMOS_CAP_VDD_TEMP_21", "point": 23, "logfile": "/home/davidevi/Desktop/myproject/logs_davidevi/logs0/Job511.log", "nodename": "il2244vt26_davidevi", "domainname": "(none)", "machine": "x86_64", "sysname": "Linux", "release": "5.15.0-164-generic", "version": "#174-Ubuntu SMP Fri Nov 14 20:25:16 UTC 2025"}
[2026-04-16 10:27:48.130 Z] [PROCESS] [cadence.virtuoso.ade.simulationMonitor] - UsageInfo:
pid=1094760
totalPhysicalMemory=3023.749672GB,Used=1573.880421GB,totalVirtualMemory=3031.749668GB,Used=1573.908009GB
Cpu: Cores=48, Load average:12.490000,8.680000,8.730000 {"hostname": "il2244vt26_davidevi", "processid": 1094760, "history": "Interactive.8", "testname": "VGA_VGA_1_pss_tb_1", "cornername": "CMOS_CAP_VDD_TEMP_21", "point": 23, "logfile": "/home/davidevi/Desktop/myproject/logs_davidevi/logs0/Job511.log", "pid": "1094760", "totalPhysicalMemory": "3023.749672", "physicalMemoryUsed": "1573.880421", "totalVirtualMemory": "3031.749668", "virtualMemoryUsed": "1573.908009", "cpuCores": "48", "processes": "29820", "loadAverage1": "12.490000", "loadAverage5": "8.680000", "loadAverage15": "8.730000", "loadAverage1Percent": "0.260208"}
[2026-04-16 10:27:48.131 Z] [EVENT] [cadence.virtuoso.ade.simulationMonitor] - NewPoint {"history": "Interactive.8", "point": 31, "testname": "VGA_VGA_1_pss_tb_1", "cornername": "CMOS_CAP_VDD_TEMP_29", "event": "NewPoint", "EventSource": "Simulation Monitor", "HistoryName": "Interactive.8", "logFile": "/home/davidevi/Desktop/myproject/logs_davidevi/logs0/Job511.log", "logFileSize": "71466"}
[2026-04-16 10:27:48.233 Z] [EVENT] [cadence.virtuoso.ade.simulationMonitor] - NewPoint {"history": "Interactive.8", "point": 31, "testname": "VGA_VGA_1_pss_tb_1", "cornername": "CMOS_CAP_VDD_TEMP_29", "event": "NewPoint", "EventSource": "spectre", "HistoryName": "Interactive.8", "logFile": "/home/davidevi/Desktop/myproject/Sim/VGA/VGA_1_pss_tb/maestro/results/maestro/Interactive.8/31/VGA_VGA_1_pss_tb_1/psf/spectre.out", "logFileSize": "-1"}
[2026-04-16 10:27:48.244 Z] [PROCESS] [cadence.virtuoso.ade.simulationMonitor] - Simulator launched {"hostname": "il2244vt26_davidevi", "processid": 1094760, "history": "Interactive.8", "testname": "VGA_VGA_1_pss_tb_1", "cornername": "CMOS_CAP_VDD_TEMP_29", "point": 31, "logfile": "/home/davidevi/Desktop/myproject/logs_davidevi/logs0/Job511.log", "simid": "4"}
[2026-04-16 10:27:48.291 Z] [PROCESS] [cadence.virtuoso.ade.simulationMonitor] - Started Simulation {"hostname": "il2244vt26_davidevi", "processid": 1094760, "history": "Interactive.8", "testname": "VGA_VGA_1_pss_tb_1", "cornername": "CMOS_CAP_VDD_TEMP_29", "point": 31, "logfile": "/home/davidevi/Desktop/myproject/logs_davidevi/logs0/Job511.log", "event": "started", "task": "simulation"}
[2026-04-16 10:27:49.292 Z] [WARN] [cadence.virtuoso.ade.simulationMonitor] -     WARNING (SPECTRE-691): This CPU processor does not support x86 advanced vector extensions instructions. This may affect math operations and slow down the simulation. {"history": "Interactive.8", "point": 31, "testname": "VGA_VGA_1_pss_tb_1", "cornername": "CMOS_CAP_VDD_TEMP_29"}
[2026-04-16 10:27:49.293 Z] [INFO] [cadence.virtuoso.ade.simulationMonitor] - Notice from spectre during circuit read-in.
    Pre_Configuration file used: /opt/tools/cadence/installs/SPECTRE241/tools.lnx86/spectre/etc/configs/preset.precfg
    Configuration file used: `/opt/tools/cadence/installs/SPECTRE241/tools.lnx86/spectre/etc/configs/preset.cfg'. {"history": "Interactive.8", "point": 31, "testname": "VGA_VGA_1_pss_tb_1", "cornername": "CMOS_CAP_VDD_TEMP_29"}
[2026-04-16 10:27:49.293 Z] [WARN] [cadence.virtuoso.ade.simulationMonitor] -     WARNING (SPECTRE-8360): line 1511: `ac' is an undefined primitive device. {"history": "Interactive.8", "point": 31, "testname": "VGA_VGA_1_pss_tb_1", "cornername": "CMOS_CAP_VDD_TEMP_29"}
[2026-04-16 10:27:49.293 Z] [WARN] [cadence.virtuoso.ade.simulationMonitor] -     WARNING (SPECTRE-8360): line 1512: `ac' is an undefined primitive device. {"history": "Interactive.8", "point": 31, "testname": "VGA_VGA_1_pss_tb_1", "cornername": "CMOS_CAP_VDD_TEMP_29"}
[2026-04-16 10:27:49.293 Z] [WARN] [cadence.virtuoso.ade.simulationMonitor] -     WARNING (SPECTRE-8360): line 1513: `ac' is an undefined primitive device. {"history": "Interactive.8", "point": 31, "testname": "VGA_VGA_1_pss_tb_1", "cornername": "CMOS_CAP_VDD_TEMP_29"}
[2026-04-16 10:27:49.293 Z] [WARN] [cadence.virtuoso.ade.simulationMonitor] -     WARNING (SPECTRE-8360): line 1514: `ac' is an undefined primitive device. {"history": "Interactive.8", "point": 31, "testname": "VGA_VGA_1_pss_tb_1", "cornername": "CMOS_CAP_VDD_TEMP_29"}
[2026-04-16 10:27:49.293 Z] [WARN] [cadence.virtuoso.ade.simulationMonitor] -     WARNING (SPECTRE-8360): line 1515: `ac' is an undefined primitive device.
        Further occurrences of this warning will be suppressed. {"history": "Interactive.8", "point": 31, "testname": "VGA_VGA_1_pss_tb_1", "cornername": "CMOS_CAP_VDD_TEMP_29"}
[2026-04-16 10:27:49.293 Z] [INFO] [cadence.virtuoso.ade.simulationMonitor] - Peak resident memory used = 179 Mbytes. {"history": "Interactive.8", "point": 31, "testname": "VGA_VGA_1_pss_tb_1", "cornername": "CMOS_CAP_VDD_TEMP_29"}
[2026-04-16 10:27:49.293 Z] [WARN] [cadence.virtuoso.ade.simulationMonitor] -     WARNING (VACOMP-2435): The environment variable CDS_AHDLCMI_ENABLE is no longer supported. Therefore, the simulator will use the default compiled C code flow. {"history": "Interactive.8", "point": 31, "testname": "VGA_VGA_1_pss_tb_1", "cornername": "CMOS_CAP_VDD_TEMP_29"}
[2026-04-16 10:27:49.294 Z] [WARN] [cadence.virtuoso.ade.simulationMonitor] -     WARNING (SFE-3016): The floating node net6 is removed. {"history": "Interactive.8", "point": 31, "testname": "VGA_VGA_1_pss_tb_1", "cornername": "CMOS_CAP_VDD_TEMP_29"}
[2026-04-16 10:27:49.294 Z] [INFO] [cadence.virtuoso.ade.simulationMonitor] - Peak resident memory used = 192 Mbytes. {"history": "Interactive.8", "point": 31, "testname": "VGA_VGA_1_pss_tb_1", "cornername": "CMOS_CAP_VDD_TEMP_29"}
[2026-04-16 10:27:49.294 Z] [INFO] [cadence.virtuoso.ade.simulationMonitor] - Notice from spectre during hierarchy flattening.
    The value 'psf' specified for the 'checklimitdest' option will no longer be supported in future releases. Use 'spectre -h' to see other recommended values for the 'checklimitdest' option. {"history": "Interactive.8", "point": 31, "testname": "VGA_VGA_1_pss_tb_1", "cornername": "CMOS_CAP_VDD_TEMP_29"}
[2026-04-16 10:27:49.294 Z] [INFO] [cadence.virtuoso.ade.simulationMonitor] - Peak resident memory used = 194 Mbytes. {"history": "Interactive.8", "point": 31, "testname": "VGA_VGA_1_pss_tb_1", "cornername": "CMOS_CAP_VDD_TEMP_29"}
[2026-04-16 10:27:49.294 Z] [WARN] [cadence.virtuoso.ade.simulationMonitor] -     WARNING (SPECTRE-17607): Assert `SOAC_rpolyh_vminuspsub' is ignored because it contains an expression which is invalid or not supported by native evaluator.  {"history": "Interactive.8", "point": 31, "testname": "VGA_VGA_1_pss_tb_1", "cornername": "CMOS_CAP_VDD_TEMP_29"}
[2026-04-16 10:27:49.294 Z] [WARN] [cadence.virtuoso.ade.simulationMonitor] -     WARNING (SPECTRE-17607): Assert `SOAC_rpolyh_vpluspsub' is ignored because it contains an expression which is invalid or not supported by native evaluator.  {"history": "Interactive.8", "point": 31, "testname": "VGA_VGA_1_pss_tb_1", "cornername": "CMOS_CAP_VDD_TEMP_29"}
[2026-04-16 10:27:49.295 Z] [WARN] [cadence.virtuoso.ade.simulationMonitor] -     WARNING (SPECTRE-16460): SOAC_cvarm_vspsub:Specified subcircuit master `cvarm' was not found. {"history": "Interactive.8", "point": 31, "testname": "VGA_VGA_1_pss_tb_1", "cornername": "CMOS_CAP_VDD_TEMP_29"}
[2026-04-16 10:27:49.295 Z] [WARN] [cadence.virtuoso.ade.simulationMonitor] -     WARNING (SPECTRE-16462): SOAC_cvarm_vspsub:Error in specification of subcircuit master. Assert is ignored. {"history": "Interactive.8", "point": 31, "testname": "VGA_VGA_1_pss_tb_1", "cornername": "CMOS_CAP_VDD_TEMP_29"}
[2026-04-16 10:27:49.295 Z] [WARN] [cadence.virtuoso.ade.simulationMonitor] -     WARNING (SPECTRE-16460): SOAC_cvarm_vbs:Specified subcircuit master `cvarm' was not found. {"history": "Interactive.8", "point": 31, "testname": "VGA_VGA_1_pss_tb_1", "cornername": "CMOS_CAP_VDD_TEMP_29"}
[2026-04-16 10:27:49.295 Z] [WARN] [cadence.virtuoso.ade.simulationMonitor] -     WARNING (SPECTRE-16462): SOAC_cvarm_vbs:Error in specification of subcircuit master. Assert is ignored. {"history": "Interactive.8", "point": 31, "testname": "VGA_VGA_1_pss_tb_1", "cornername": "CMOS_CAP_VDD_TEMP_29"}
[2026-04-16 10:27:49.295 Z] [WARN] [cadence.virtuoso.ade.simulationMonitor] -     WARNING (SPECTRE-16460): SOAC_cvarm_vgb:Specified subcircuit master `cvarm' was not found. {"history": "Interactive.8", "point": 31, "testname": "VGA_VGA_1_pss_tb_1", "cornername": "CMOS_CAP_VDD_TEMP_29"}
[2026-04-16 10:27:49.295 Z] [WARN] [cadence.virtuoso.ade.simulationMonitor] -     WARNING (SPECTRE-16462): SOAC_cvarm_vgb:Error in specification of subcircuit master. Assert is ignored. {"history": "Interactive.8", "point": 31, "testname": "VGA_VGA_1_pss_tb_1", "cornername": "CMOS_CAP_VDD_TEMP_29"}
[2026-04-16 10:27:49.295 Z] [WARN] [cadence.virtuoso.ade.simulationMonitor] -     WARNING (SPECTRE-16460): SOAC_cvart_vspsub:Specified subcircuit master `cvart' was not found. {"history": "Interactive.8", "point": 31, "testname": "VGA_VGA_1_pss_tb_1", "cornername": "CMOS_CAP_VDD_TEMP_29"}
[2026-04-16 10:27:49.295 Z] [WARN] [cadence.virtuoso.ade.simulationMonitor] -     WARNING (SPECTRE-16462): SOAC_cvart_vspsub:Error in specification of subcircuit master. Assert is ignored. {"history": "Interactive.8", "point": 31, "testname": "VGA_VGA_1_pss_tb_1", "cornername": "CMOS_CAP_VDD_TEMP_29"}
[2026-04-16 10:27:49.296 Z] [WARN] [cadence.virtuoso.ade.simulationMonitor] -     WARNING (SPECTRE-16460): SOAC_cvart_vbs:Specified subcircuit master `cvart' was not found.
        Further occurrences of this warning will be suppressed. {"history": "Interactive.8", "point": 31, "testname": "VGA_VGA_1_pss_tb_1", "cornername": "CMOS_CAP_VDD_TEMP_29"}
[2026-04-16 10:27:49.296 Z] [WARN] [cadence.virtuoso.ade.simulationMonitor] -     WARNING (SPECTRE-16462): SOAC_cvart_vbs:Error in specification of subcircuit master. Assert is ignored.
        Further occurrences of this warning will be suppressed. {"history": "Interactive.8", "point": 31, "testname": "VGA_VGA_1_pss_tb_1", "cornername": "CMOS_CAP_VDD_TEMP_29"}
[2026-04-16 10:27:49.296 Z] [WARN] [cadence.virtuoso.ade.simulationMonitor] -     WARNING (SPECTRE-17607): Assert `SOAC_cpoly_vminuspsub' is ignored because it contains an expression which is invalid or not supported by native evaluator.  {"history": "Interactive.8", "point": 31, "testname": "VGA_VGA_1_pss_tb_1", "cornername": "CMOS_CAP_VDD_TEMP_29"}
[2026-04-16 10:27:49.296 Z] [WARN] [cadence.virtuoso.ade.simulationMonitor] -     WARNING (SPECTRE-17607): Assert `SOAC_cpoly_vpluspsub' is ignored because it contains an expression which is invalid or not supported by native evaluator.  {"history": "Interactive.8", "point": 31, "testname": "VGA_VGA_1_pss_tb_1", "cornername": "CMOS_CAP_VDD_TEMP_29"}
[2026-04-16 10:27:49.296 Z] [WARN] [cadence.virtuoso.ade.simulationMonitor] -     WARNING (SPECTRE-17607): Assert `SOAC_modp_vbpsub' is ignored because it contains an expression which is invalid or not supported by native evaluator. 
        Further occurrences of this warning will be suppressed. {"history": "Interactive.8", "point": 31, "testname": "VGA_VGA_1_pss_tb_1", "cornername": "CMOS_CAP_VDD_TEMP_29"}
[2026-04-16 10:27:49.796 Z] [INFO] [cadence.virtuoso.ade.simulationMonitor] - Notice from spectre during initial setup.
    Multithreading is disabled due to the size of the design being too small. {"history": "Interactive.8", "point": 31, "testname": "VGA_VGA_1_pss_tb_1", "cornername": "CMOS_CAP_VDD_TEMP_29"}
[2026-04-16 10:27:49.797 Z] [WARN] [cadence.virtuoso.ade.simulationMonitor] -     WARNING (SPECTRE-592): Following parameters are disabled because they are ignored or redefined in Spectre X:
        
        
        PSS Parameters:
          errpreset {"history": "Interactive.8", "point": 31, "testname": "VGA_VGA_1_pss_tb_1", "cornername": "CMOS_CAP_VDD_TEMP_29"}
[2026-04-16 10:27:49.798 Z] [INFO] [cadence.virtuoso.ade.simulationMonitor] -               nodes 31 {"history": "Interactive.8", "point": 31, "testname": "VGA_VGA_1_pss_tb_1", "cornername": "CMOS_CAP_VDD_TEMP_29"}
[2026-04-16 10:27:49.799 Z] [INFO] [cadence.virtuoso.ade.simulationMonitor] - Notice from spectre during initial setup.
    Spectre X preset=cx enabled.
    73 warnings suppressed. {"history": "Interactive.8", "point": 31, "testname": "VGA_VGA_1_pss_tb_1", "cornername": "CMOS_CAP_VDD_TEMP_29"}
[2026-04-16 10:27:49.799 Z] [INFO] [cadence.virtuoso.ade.simulationMonitor] - Peak resident memory used = 201 Mbytes. {"history": "Interactive.8", "point": 31, "testname": "VGA_VGA_1_pss_tb_1", "cornername": "CMOS_CAP_VDD_TEMP_29"}
[2026-04-16 10:27:49.799 Z] [INFO] [cadence.virtuoso.ade.simulationMonitor] -    -   (Spectre X) Multi-threading. The recommended number of threads is 1, consider adding +mt=1 on command line. {"history": "Interactive.8", "point": 31, "testname": "VGA_VGA_1_pss_tb_1", "cornername": "CMOS_CAP_VDD_TEMP_29"}
[2026-04-16 10:27:49.799 Z] [INFO] [cadence.virtuoso.ade.simulationMonitor] - Notice from spectre during transient analysis `tran'.
    No checklimit analysis defined for asserts. A default checklimit analysis 'SpectreChecklimitAnal' has been created with all asserts enabled. {"history": "Interactive.8", "point": 31, "testname": "VGA_VGA_1_pss_tb_1", "cornername": "CMOS_CAP_VDD_TEMP_29"}
[2026-04-16 10:27:49.799 Z] [INFO] [cadence.virtuoso.ade.simulationMonitor] - Notice from spectre during IC analysis, during transient analysis `tran'.
    Bad pivoting is found during DC analysis. Option dc_pivot_check=yes is recommended for possible improvement of convergence. {"history": "Interactive.8", "point": 31, "testname": "VGA_VGA_1_pss_tb_1", "cornername": "CMOS_CAP_VDD_TEMP_29"}
[2026-04-16 10:27:49.799 Z] [WARN] [cadence.virtuoso.ade.simulationMonitor] -     WARNING (CMI-2943): Parameter checks have been ignored because the valid value for parameter 'trise' could not be found in 'C1'. {"history": "Interactive.8", "point": 31, "testname": "VGA_VGA_1_pss_tb_1", "cornername": "CMOS_CAP_VDD_TEMP_29"}
[2026-04-16 10:27:49.799 Z] [WARN] [cadence.virtuoso.ade.simulationMonitor] -     WARNING (CMI-2943): Parameter checks have been ignored because the valid value for parameter 'trise' could not be found in 'I0.C8<0>_turbo_m4.C1'. {"history": "Interactive.8", "point": 31, "testname": "VGA_VGA_1_pss_tb_1", "cornername": "CMOS_CAP_VDD_TEMP_29"}
[2026-04-16 10:27:49.799 Z] [WARN] [cadence.virtuoso.ade.simulationMonitor] -     WARNING (CMI-2943): Parameter checks have been ignored because the valid value for parameter 'trise' could not be found in 'I0.C9<0>_turbo_m8.C1'. {"history": "Interactive.8", "point": 31, "testname": "VGA_VGA_1_pss_tb_1", "cornername": "CMOS_CAP_VDD_TEMP_29"}
[2026-04-16 10:27:49.800 Z] [WARN] [cadence.virtuoso.ade.simulationMonitor] -     WARNING (CMI-2943): Parameter checks have been ignored because the valid value for parameter 'trise' could not be found in 'I0.C7<0>_turbo_m2.C1'. {"history": "Interactive.8", "point": 31, "testname": "VGA_VGA_1_pss_tb_1", "cornername": "CMOS_CAP_VDD_TEMP_29"}
[2026-04-16 10:27:49.800 Z] [WARN] [cadence.virtuoso.ade.simulationMonitor] -     WARNING (CMI-2943): Parameter checks have been ignored because the valid value for parameter 'trise' could not be found in 'I0.R2.CM'.
        Further occurrences of this warning will be suppressed. {"history": "Interactive.8", "point": 31, "testname": "VGA_VGA_1_pss_tb_1", "cornername": "CMOS_CAP_VDD_TEMP_29"}
[2026-04-16 10:27:49.800 Z] [INFO] [cadence.virtuoso.ade.simulationMonitor] - Notice from spectre during transient analysis `tran'.
    Multithreading is disabled due to the size of the design being too small. {"history": "Interactive.8", "point": 31, "testname": "VGA_VGA_1_pss_tb_1", "cornername": "CMOS_CAP_VDD_TEMP_29"}
[2026-04-16 10:27:49.800 Z] [INFO] [cadence.virtuoso.ade.simulationMonitor] - Total time required for tran analysis `tran': CPU = 97.816 ms, elapsed = 102.579 ms, util. = 95.4%. {"history": "Interactive.8", "point": 31, "testname": "VGA_VGA_1_pss_tb_1", "cornername": "CMOS_CAP_VDD_TEMP_29"}
[2026-04-16 10:27:49.800 Z] [INFO] [cadence.virtuoso.ade.simulationMonitor] - Peak resident memory used = 211 Mbytes. {"history": "Interactive.8", "point": 31, "testname": "VGA_VGA_1_pss_tb_1", "cornername": "CMOS_CAP_VDD_TEMP_29"}
[2026-04-16 10:27:49.800 Z] [INFO] [cadence.virtuoso.ade.simulationMonitor] - Notice from spectre.
    12 warnings suppressed. {"history": "Interactive.8", "point": 31, "testname": "VGA_VGA_1_pss_tb_1", "cornername": "CMOS_CAP_VDD_TEMP_29"}
[2026-04-16 10:27:49.800 Z] [WARN] [cadence.virtuoso.ade.simulationMonitor] -     WARNING (CMI-2943): Parameter checks have been ignored because the valid value for parameter 'trise' could not be found in 'C1'. {"history": "Interactive.8", "point": 31, "testname": "VGA_VGA_1_pss_tb_1", "cornername": "CMOS_CAP_VDD_TEMP_29"}
[2026-04-16 10:27:49.800 Z] [WARN] [cadence.virtuoso.ade.simulationMonitor] -     WARNING (CMI-2943): Parameter checks have been ignored because the valid value for parameter 'trise' could not be found in 'I0.C8<0>_turbo_m4.C1'. {"history": "Interactive.8", "point": 31, "testname": "VGA_VGA_1_pss_tb_1", "cornername": "CMOS_CAP_VDD_TEMP_29"}
[2026-04-16 10:27:49.800 Z] [WARN] [cadence.virtuoso.ade.simulationMonitor] -     WARNING (CMI-2943): Parameter checks have been ignored because the valid value for parameter 'trise' could not be found in 'I0.C9<0>_turbo_m8.C1'. {"history": "Interactive.8", "point": 31, "testname": "VGA_VGA_1_pss_tb_1", "cornername": "CMOS_CAP_VDD_TEMP_29"}
[2026-04-16 10:27:49.801 Z] [WARN] [cadence.virtuoso.ade.simulationMonitor] -     WARNING (CMI-2943): Parameter checks have been ignored because the valid value for parameter 'trise' could not be found in 'I0.C7<0>_turbo_m2.C1'. {"history": "Interactive.8", "point": 31, "testname": "VGA_VGA_1_pss_tb_1", "cornername": "CMOS_CAP_VDD_TEMP_29"}
[2026-04-16 10:27:49.801 Z] [WARN] [cadence.virtuoso.ade.simulationMonitor] -     WARNING (CMI-2943): Parameter checks have been ignored because the valid value for parameter 'trise' could not be found in 'I0.R2.CM'.
        Further occurrences of this warning will be suppressed. {"history": "Interactive.8", "point": 31, "testname": "VGA_VGA_1_pss_tb_1", "cornername": "CMOS_CAP_VDD_TEMP_29"}
[2026-04-16 10:27:49.801 Z] [INFO] [cadence.virtuoso.ade.simulationMonitor] - Total time required for tstab analysis `pss': CPU = 5.64 ms, elapsed = 5.64003 ms. {"history": "Interactive.8", "point": 31, "testname": "VGA_VGA_1_pss_tb_1", "cornername": "CMOS_CAP_VDD_TEMP_29"}
[2026-04-16 10:27:49.801 Z] [INFO] [cadence.virtuoso.ade.simulationMonitor] - Peak resident memory used = 213 Mbytes. {"history": "Interactive.8", "point": 31, "testname": "VGA_VGA_1_pss_tb_1", "cornername": "CMOS_CAP_VDD_TEMP_29"}
[2026-04-16 10:27:49.801 Z] [INFO] [cadence.virtuoso.ade.simulationMonitor] - Notice from spectre during periodic steady state analysis `pss'.
    12 warnings suppressed. {"history": "Interactive.8", "point": 31, "testname": "VGA_VGA_1_pss_tb_1", "cornername": "CMOS_CAP_VDD_TEMP_29"}
[2026-04-16 10:27:51.302 Z] [INFO] [cadence.virtuoso.ade.simulationMonitor] - Total time required for pss analysis `pss': CPU = 1.39431 s, elapsed = 1.40969 s, util. = 98.9%. {"history": "Interactive.8", "point": 31, "testname": "VGA_VGA_1_pss_tb_1", "cornername": "CMOS_CAP_VDD_TEMP_29"}
[2026-04-16 10:27:51.302 Z] [INFO] [cadence.virtuoso.ade.simulationMonitor] - Peak resident memory used = 219 Mbytes. {"history": "Interactive.8", "point": 31, "testname": "VGA_VGA_1_pss_tb_1", "cornername": "CMOS_CAP_VDD_TEMP_29"}
[2026-04-16 10:27:51.302 Z] [INFO] [cadence.virtuoso.ade.simulationMonitor] - Time used: CPU = 1.97 s, elapsed = 2.48 s, util. = 79.5%. {"history": "Interactive.8", "point": 31, "testname": "VGA_VGA_1_pss_tb_1", "cornername": "CMOS_CAP_VDD_TEMP_29"}
[2026-04-16 10:27:51.303 Z] [INFO] [cadence.virtuoso.ade.simulationMonitor] - Time spent in licensing: elapsed = 71.1 ms. {"history": "Interactive.8", "point": 31, "testname": "VGA_VGA_1_pss_tb_1", "cornername": "CMOS_CAP_VDD_TEMP_29"}
[2026-04-16 10:27:51.303 Z] [INFO] [cadence.virtuoso.ade.simulationMonitor] - Peak memory used = 219 Mbytes. {"history": "Interactive.8", "point": 31, "testname": "VGA_VGA_1_pss_tb_1", "cornername": "CMOS_CAP_VDD_TEMP_29"}
[2026-04-16 10:27:51.304 Z] [PROCESS] [cadence.virtuoso.ade.simulationMonitor] - Simulation started at: 10:27:48 AM, Thur Apr 16, 2026, ended at: 10:27:51 AM, Thur Apr 16, 2026, with elapsed time (wall clock): 2.48 s. {"history": "Interactive.8", "point": 31, "testname": "VGA_VGA_1_pss_tb_1", "cornername": "CMOS_CAP_VDD_TEMP_29"}
[2026-04-16 10:27:51.304 Z] [PROCESS] [cadence.virtuoso.ade.simulationMonitor] - spectre completes with 0 errors, 34 warnings, and 13 notices. {"history": "Interactive.8", "point": 31, "testname": "VGA_VGA_1_pss_tb_1", "cornername": "CMOS_CAP_VDD_TEMP_29"}
[2026-04-16 10:27:51.305 Z] [PROCESS] [cadence.virtuoso.ade.simulationMonitor] - Finished simulating for one point {"hostname": "il2244vt26_davidevi", "processid": 1094760, "history": "Interactive.8", "testname": "VGA_VGA_1_pss_tb_1", "cornername": "CMOS_CAP_VDD_TEMP_29", "point": 31, "logfile": "/home/davidevi/Desktop/myproject/logs_davidevi/logs0/Job511.log", "simid": "4"}
[2026-04-16 10:27:51.305 Z] [PROCESS] [cadence.virtuoso.ade.simulationMonitor] - Simulator exited {"hostname": "il2244vt26_davidevi", "processid": 1094760, "history": "Interactive.8", "testname": "VGA_VGA_1_pss_tb_1", "cornername": "CMOS_CAP_VDD_TEMP_29", "point": 31, "logfile": "/home/davidevi/Desktop/myproject/logs_davidevi/logs0/Job511.log", "exitStatus": "0"}
[2026-04-16 10:27:51.305 Z] [PROCESS] [cadence.virtuoso.ade.simulationMonitor] - Finished Simulation {"hostname": "il2244vt26_davidevi", "processid": 1094760, "history": "Interactive.8", "testname": "VGA_VGA_1_pss_tb_1", "cornername": "CMOS_CAP_VDD_TEMP_29", "point": 31, "logfile": "/home/davidevi/Desktop/myproject/logs_davidevi/logs0/Job511.log", "simid": "4"}
[2026-04-16 10:27:53.817 Z] [PROCESS] [cadence.virtuoso.ade.simulationMonitor] - Point Finished {"hostname": "il2244vt26_davidevi", "processid": 1094760, "history": "Interactive.8", "testname": "VGA_VGA_1_pss_tb_1", "cornername": "CMOS_CAP_VDD_TEMP_29", "point": 31, "logfile": "/home/davidevi/Desktop/myproject/logs_davidevi/logs0/Job511.log"}
[2026-04-16 10:27:54.819 Z] [PROCESS] [cadence.virtuoso.ade.simulationMonitor] - Stay with the runId '0', Linger time '300', currentRunSyn '1', currentTestSyn '2' {"hostname": "il2244vt26_davidevi", "processid": 1094760, "history": "Interactive.8", "testname": "VGA_VGA_1_pss_tb_1", "cornername": "CMOS_CAP_VDD_TEMP_29", "point": 31, "logfile": "/home/davidevi/Desktop/myproject/logs_davidevi/logs0/Job511.log"}
[2026-04-16 10:27:55.821 Z] [PROCESS] [cadence.virtuoso.ade.simulationMonitor] - Stay with the runId '0', Linger time '300', currentRunSyn '1', currentTestSyn '2' {"hostname": "il2244vt26_davidevi", "processid": 1094760, "history": "Interactive.8", "testname": "VGA_VGA_1_pss_tb_1", "cornername": "CMOS_CAP_VDD_TEMP_29", "point": 31, "logfile": "/home/davidevi/Desktop/myproject/logs_davidevi/logs0/Job511.log"}
[2026-04-16 10:27:56.821 Z] [PROCESS] [cadence.virtuoso.ade.simulationMonitor] - Stay with the runId '0', Linger time '300', currentRunSyn '1', currentTestSyn '2' {"hostname": "il2244vt26_davidevi", "processid": 1094760, "history": "Interactive.8", "testname": "VGA_VGA_1_pss_tb_1", "cornername": "CMOS_CAP_VDD_TEMP_29", "point": 31, "logfile": "/home/davidevi/Desktop/myproject/logs_davidevi/logs0/Job511.log"}
[2026-04-16 10:32:54.560 Z] [PROCESS] [cadence.virtuoso.ade.simulationMonitor] - Current memory used: 53.1797 MBytes, peak memory used: 53.1797 MBytes {"hostname": "il2244vt26_davidevi", "processid": 1094760, "history": "Interactive.8", "testname": "VGA_VGA_1_pss_tb_1", "cornername": "CMOS_CAP_VDD_TEMP_29", "point": 31, "logfile": "/home/davidevi/Desktop/myproject/logs_davidevi/logs0/Job511.log"}
[2026-04-16 10:32:54.561 Z] [PROCESS] [cadence.virtuoso.ade.simulationMonitor] - Simulation Monitor process exit. {"hostname": "il2244vt26_davidevi", "processid": 1094760, "history": "Interactive.8", "testname": "VGA_VGA_1_pss_tb_1", "cornername": "CMOS_CAP_VDD_TEMP_29", "point": 31, "logfile": "/home/davidevi/Desktop/myproject/logs_davidevi/logs0/Job511.log"}
