[Simulation Monitor: 514]
[2026-04-16 10:27:34.859 Z] [PROCESS] [cadence.virtuoso.ade.simulationMonitor] - Simulation Monitor has successfully started up. Trying to set up communication channels to other components ... {"hostname": "il2244vt26_davidevi", "processid": 1096459, "logfile": "/home/davidevi/Desktop/myproject/logs_davidevi/logs0/Job514.log"}
[2026-04-16 10:27:34.860 Z] [PROCESS] [cadence.virtuoso.ade.simulationMonitor] - Communication channels have been successfully set up. Start processing events ... {"hostname": "il2244vt26_davidevi", "processid": 1096459, "logfile": "/home/davidevi/Desktop/myproject/logs_davidevi/logs0/Job514.log"}
[2026-04-16 10:27:34.860 Z] [PROCESS] [cadence.virtuoso.ade.simulationMonitor] - Considering to start history {"hostname": "il2244vt26_davidevi", "processid": 1096459, "history": "Interactive.8", "logfile": "/home/davidevi/Desktop/myproject/logs_davidevi/logs0/Job514.log"}
[2026-04-16 10:27:34.863 Z] [PROCESS] [cadence.virtuoso.ade.simulationMonitor] - HostInfo:
Host name (type):	il2244vt26_davidevi (x86_64)
Operating system:	Linux 5.15.0-164-generic #174-Ubuntu SMP Fri Nov 14 20:25:16 UTC 2025 {"hostname": "il2244vt26_davidevi", "processid": 1096459, "history": "Interactive.8", "logfile": "/home/davidevi/Desktop/myproject/logs_davidevi/logs0/Job514.log", "nodename": "il2244vt26_davidevi", "domainname": "(none)", "machine": "x86_64", "sysname": "Linux", "release": "5.15.0-164-generic", "version": "#174-Ubuntu SMP Fri Nov 14 20:25:16 UTC 2025"}
[2026-04-16 10:27:34.863 Z] [PROCESS] [cadence.virtuoso.ade.simulationMonitor] - UsageInfo:
pid=1096459
totalPhysicalMemory=3023.749672GB,Used=1570.466167GB,totalVirtualMemory=3031.749668GB,Used=1570.493755GB
Cpu: Cores=48, Load average:9.830000,7.990000,8.510000 {"hostname": "il2244vt26_davidevi", "processid": 1096459, "history": "Interactive.8", "logfile": "/home/davidevi/Desktop/myproject/logs_davidevi/logs0/Job514.log", "pid": "1096459", "totalPhysicalMemory": "3023.749672", "physicalMemoryUsed": "1570.466167", "totalVirtualMemory": "3031.749668", "virtualMemoryUsed": "1570.493755", "cpuCores": "48", "processes": "29733", "loadAverage1": "9.830000", "loadAverage5": "7.990000", "loadAverage15": "8.510000", "loadAverage1Percent": "0.204792"}
[2026-04-16 10:27:34.865 Z] [EVENT] [cadence.virtuoso.ade.simulationMonitor] - NewPoint {"history": "Interactive.8", "point": 4, "testname": "VGA_VGA_1_pss_tb_1", "cornername": "CMOS_CAP_VDD_TEMP_2", "event": "NewPoint", "EventSource": "Simulation Monitor", "HistoryName": "Interactive.8", "logFile": "/home/davidevi/Desktop/myproject/logs_davidevi/logs0/Job514.log", "logFileSize": "2264"}
[2026-04-16 10:27:34.967 Z] [EVENT] [cadence.virtuoso.ade.simulationMonitor] - NewPoint {"history": "Interactive.8", "point": 4, "testname": "VGA_VGA_1_pss_tb_1", "cornername": "CMOS_CAP_VDD_TEMP_2", "event": "NewPoint", "EventSource": "spectre", "HistoryName": "Interactive.8", "logFile": "/home/davidevi/Desktop/myproject/Sim/VGA/VGA_1_pss_tb/maestro/results/maestro/Interactive.8/4/VGA_VGA_1_pss_tb_1/psf/spectre.out", "logFileSize": "-1"}
[2026-04-16 10:27:35.126 Z] [PROCESS] [cadence.virtuoso.ade.simulationMonitor] - Simulator launched {"hostname": "il2244vt26_davidevi", "processid": 1096459, "history": "Interactive.8", "testname": "VGA_VGA_1_pss_tb_1", "cornername": "CMOS_CAP_VDD_TEMP_2", "point": 4, "logfile": "/home/davidevi/Desktop/myproject/logs_davidevi/logs0/Job514.log", "simid": "1"}
[2026-04-16 10:27:35.129 Z] [PROCESS] [cadence.virtuoso.ade.simulationMonitor] - Expression evaluator launched {"hostname": "il2244vt26_davidevi", "processid": 1096459, "history": "Interactive.8", "testname": "VGA_VGA_1_pss_tb_1", "cornername": "CMOS_CAP_VDD_TEMP_2", "point": 4, "logfile": "/home/davidevi/Desktop/myproject/logs_davidevi/logs0/Job514.log"}
[2026-04-16 10:27:35.175 Z] [PROCESS] [cadence.virtuoso.ade.simulationMonitor] - Started Simulation {"hostname": "il2244vt26_davidevi", "processid": 1096459, "history": "Interactive.8", "testname": "VGA_VGA_1_pss_tb_1", "cornername": "CMOS_CAP_VDD_TEMP_2", "point": 4, "logfile": "/home/davidevi/Desktop/myproject/logs_davidevi/logs0/Job514.log", "event": "started", "task": "simulation"}
[2026-04-16 10:27:36.176 Z] [WARN] [cadence.virtuoso.ade.simulationMonitor] -     WARNING (SPECTRE-691): This CPU processor does not support x86 advanced vector extensions instructions. This may affect math operations and slow down the simulation. {"history": "Interactive.8", "point": 4, "testname": "VGA_VGA_1_pss_tb_1", "cornername": "CMOS_CAP_VDD_TEMP_2"}
[2026-04-16 10:27:36.177 Z] [INFO] [cadence.virtuoso.ade.simulationMonitor] - Notice from spectre during circuit read-in.
    Pre_Configuration file used: /opt/tools/cadence/installs/SPECTRE241/tools.lnx86/spectre/etc/configs/preset.precfg
    Configuration file used: `/opt/tools/cadence/installs/SPECTRE241/tools.lnx86/spectre/etc/configs/preset.cfg'. {"history": "Interactive.8", "point": 4, "testname": "VGA_VGA_1_pss_tb_1", "cornername": "CMOS_CAP_VDD_TEMP_2"}
[2026-04-16 10:27:36.177 Z] [WARN] [cadence.virtuoso.ade.simulationMonitor] -     WARNING (SPECTRE-8360): line 1511: `ac' is an undefined primitive device. {"history": "Interactive.8", "point": 4, "testname": "VGA_VGA_1_pss_tb_1", "cornername": "CMOS_CAP_VDD_TEMP_2"}
[2026-04-16 10:27:36.177 Z] [WARN] [cadence.virtuoso.ade.simulationMonitor] -     WARNING (SPECTRE-8360): line 1512: `ac' is an undefined primitive device. {"history": "Interactive.8", "point": 4, "testname": "VGA_VGA_1_pss_tb_1", "cornername": "CMOS_CAP_VDD_TEMP_2"}
[2026-04-16 10:27:36.177 Z] [WARN] [cadence.virtuoso.ade.simulationMonitor] -     WARNING (SPECTRE-8360): line 1513: `ac' is an undefined primitive device. {"history": "Interactive.8", "point": 4, "testname": "VGA_VGA_1_pss_tb_1", "cornername": "CMOS_CAP_VDD_TEMP_2"}
[2026-04-16 10:27:36.177 Z] [WARN] [cadence.virtuoso.ade.simulationMonitor] -     WARNING (SPECTRE-8360): line 1514: `ac' is an undefined primitive device. {"history": "Interactive.8", "point": 4, "testname": "VGA_VGA_1_pss_tb_1", "cornername": "CMOS_CAP_VDD_TEMP_2"}
[2026-04-16 10:27:36.177 Z] [WARN] [cadence.virtuoso.ade.simulationMonitor] -     WARNING (SPECTRE-8360): line 1515: `ac' is an undefined primitive device.
        Further occurrences of this warning will be suppressed. {"history": "Interactive.8", "point": 4, "testname": "VGA_VGA_1_pss_tb_1", "cornername": "CMOS_CAP_VDD_TEMP_2"}
[2026-04-16 10:27:36.178 Z] [INFO] [cadence.virtuoso.ade.simulationMonitor] - Peak resident memory used = 179 Mbytes. {"history": "Interactive.8", "point": 4, "testname": "VGA_VGA_1_pss_tb_1", "cornername": "CMOS_CAP_VDD_TEMP_2"}
[2026-04-16 10:27:36.178 Z] [WARN] [cadence.virtuoso.ade.simulationMonitor] -     WARNING (VACOMP-2435): The environment variable CDS_AHDLCMI_ENABLE is no longer supported. Therefore, the simulator will use the default compiled C code flow. {"history": "Interactive.8", "point": 4, "testname": "VGA_VGA_1_pss_tb_1", "cornername": "CMOS_CAP_VDD_TEMP_2"}
[2026-04-16 10:27:36.178 Z] [WARN] [cadence.virtuoso.ade.simulationMonitor] -     WARNING (SFE-3016): The floating node net6 is removed. {"history": "Interactive.8", "point": 4, "testname": "VGA_VGA_1_pss_tb_1", "cornername": "CMOS_CAP_VDD_TEMP_2"}
[2026-04-16 10:27:36.178 Z] [INFO] [cadence.virtuoso.ade.simulationMonitor] - Peak resident memory used = 192 Mbytes. {"history": "Interactive.8", "point": 4, "testname": "VGA_VGA_1_pss_tb_1", "cornername": "CMOS_CAP_VDD_TEMP_2"}
[2026-04-16 10:27:36.178 Z] [INFO] [cadence.virtuoso.ade.simulationMonitor] - Notice from spectre during hierarchy flattening.
    The value 'psf' specified for the 'checklimitdest' option will no longer be supported in future releases. Use 'spectre -h' to see other recommended values for the 'checklimitdest' option. {"history": "Interactive.8", "point": 4, "testname": "VGA_VGA_1_pss_tb_1", "cornername": "CMOS_CAP_VDD_TEMP_2"}
[2026-04-16 10:27:36.178 Z] [INFO] [cadence.virtuoso.ade.simulationMonitor] - Peak resident memory used = 195 Mbytes. {"history": "Interactive.8", "point": 4, "testname": "VGA_VGA_1_pss_tb_1", "cornername": "CMOS_CAP_VDD_TEMP_2"}
[2026-04-16 10:27:36.178 Z] [WARN] [cadence.virtuoso.ade.simulationMonitor] -     WARNING (SPECTRE-17607): Assert `SOAC_rpolyh_vminuspsub' is ignored because it contains an expression which is invalid or not supported by native evaluator.  {"history": "Interactive.8", "point": 4, "testname": "VGA_VGA_1_pss_tb_1", "cornername": "CMOS_CAP_VDD_TEMP_2"}
[2026-04-16 10:27:36.178 Z] [WARN] [cadence.virtuoso.ade.simulationMonitor] -     WARNING (SPECTRE-17607): Assert `SOAC_rpolyh_vpluspsub' is ignored because it contains an expression which is invalid or not supported by native evaluator.  {"history": "Interactive.8", "point": 4, "testname": "VGA_VGA_1_pss_tb_1", "cornername": "CMOS_CAP_VDD_TEMP_2"}
[2026-04-16 10:27:36.179 Z] [WARN] [cadence.virtuoso.ade.simulationMonitor] -     WARNING (SPECTRE-16460): SOAC_cvarm_vspsub:Specified subcircuit master `cvarm' was not found. {"history": "Interactive.8", "point": 4, "testname": "VGA_VGA_1_pss_tb_1", "cornername": "CMOS_CAP_VDD_TEMP_2"}
[2026-04-16 10:27:36.179 Z] [WARN] [cadence.virtuoso.ade.simulationMonitor] -     WARNING (SPECTRE-16462): SOAC_cvarm_vspsub:Error in specification of subcircuit master. Assert is ignored. {"history": "Interactive.8", "point": 4, "testname": "VGA_VGA_1_pss_tb_1", "cornername": "CMOS_CAP_VDD_TEMP_2"}
[2026-04-16 10:27:36.179 Z] [WARN] [cadence.virtuoso.ade.simulationMonitor] -     WARNING (SPECTRE-16460): SOAC_cvarm_vbs:Specified subcircuit master `cvarm' was not found. {"history": "Interactive.8", "point": 4, "testname": "VGA_VGA_1_pss_tb_1", "cornername": "CMOS_CAP_VDD_TEMP_2"}
[2026-04-16 10:27:36.179 Z] [WARN] [cadence.virtuoso.ade.simulationMonitor] -     WARNING (SPECTRE-16462): SOAC_cvarm_vbs:Error in specification of subcircuit master. Assert is ignored. {"history": "Interactive.8", "point": 4, "testname": "VGA_VGA_1_pss_tb_1", "cornername": "CMOS_CAP_VDD_TEMP_2"}
[2026-04-16 10:27:36.179 Z] [WARN] [cadence.virtuoso.ade.simulationMonitor] -     WARNING (SPECTRE-16460): SOAC_cvarm_vgb:Specified subcircuit master `cvarm' was not found. {"history": "Interactive.8", "point": 4, "testname": "VGA_VGA_1_pss_tb_1", "cornername": "CMOS_CAP_VDD_TEMP_2"}
[2026-04-16 10:27:36.179 Z] [WARN] [cadence.virtuoso.ade.simulationMonitor] -     WARNING (SPECTRE-16462): SOAC_cvarm_vgb:Error in specification of subcircuit master. Assert is ignored. {"history": "Interactive.8", "point": 4, "testname": "VGA_VGA_1_pss_tb_1", "cornername": "CMOS_CAP_VDD_TEMP_2"}
[2026-04-16 10:27:36.179 Z] [WARN] [cadence.virtuoso.ade.simulationMonitor] -     WARNING (SPECTRE-16460): SOAC_cvart_vspsub:Specified subcircuit master `cvart' was not found. {"history": "Interactive.8", "point": 4, "testname": "VGA_VGA_1_pss_tb_1", "cornername": "CMOS_CAP_VDD_TEMP_2"}
[2026-04-16 10:27:36.180 Z] [WARN] [cadence.virtuoso.ade.simulationMonitor] -     WARNING (SPECTRE-16462): SOAC_cvart_vspsub:Error in specification of subcircuit master. Assert is ignored. {"history": "Interactive.8", "point": 4, "testname": "VGA_VGA_1_pss_tb_1", "cornername": "CMOS_CAP_VDD_TEMP_2"}
[2026-04-16 10:27:36.180 Z] [WARN] [cadence.virtuoso.ade.simulationMonitor] -     WARNING (SPECTRE-16460): SOAC_cvart_vbs:Specified subcircuit master `cvart' was not found.
        Further occurrences of this warning will be suppressed. {"history": "Interactive.8", "point": 4, "testname": "VGA_VGA_1_pss_tb_1", "cornername": "CMOS_CAP_VDD_TEMP_2"}
[2026-04-16 10:27:36.180 Z] [WARN] [cadence.virtuoso.ade.simulationMonitor] -     WARNING (SPECTRE-16462): SOAC_cvart_vbs:Error in specification of subcircuit master. Assert is ignored.
        Further occurrences of this warning will be suppressed. {"history": "Interactive.8", "point": 4, "testname": "VGA_VGA_1_pss_tb_1", "cornername": "CMOS_CAP_VDD_TEMP_2"}
[2026-04-16 10:27:36.180 Z] [WARN] [cadence.virtuoso.ade.simulationMonitor] -     WARNING (SPECTRE-17607): Assert `SOAC_cpoly_vminuspsub' is ignored because it contains an expression which is invalid or not supported by native evaluator.  {"history": "Interactive.8", "point": 4, "testname": "VGA_VGA_1_pss_tb_1", "cornername": "CMOS_CAP_VDD_TEMP_2"}
[2026-04-16 10:27:36.180 Z] [WARN] [cadence.virtuoso.ade.simulationMonitor] -     WARNING (SPECTRE-17607): Assert `SOAC_cpoly_vpluspsub' is ignored because it contains an expression which is invalid or not supported by native evaluator.  {"history": "Interactive.8", "point": 4, "testname": "VGA_VGA_1_pss_tb_1", "cornername": "CMOS_CAP_VDD_TEMP_2"}
[2026-04-16 10:27:36.180 Z] [WARN] [cadence.virtuoso.ade.simulationMonitor] -     WARNING (SPECTRE-17607): Assert `SOAC_modp_vbpsub' is ignored because it contains an expression which is invalid or not supported by native evaluator. 
        Further occurrences of this warning will be suppressed. {"history": "Interactive.8", "point": 4, "testname": "VGA_VGA_1_pss_tb_1", "cornername": "CMOS_CAP_VDD_TEMP_2"}
[2026-04-16 10:27:36.681 Z] [INFO] [cadence.virtuoso.ade.simulationMonitor] - Notice from spectre during initial setup.
    Multithreading is disabled due to the size of the design being too small. {"history": "Interactive.8", "point": 4, "testname": "VGA_VGA_1_pss_tb_1", "cornername": "CMOS_CAP_VDD_TEMP_2"}
[2026-04-16 10:27:36.681 Z] [WARN] [cadence.virtuoso.ade.simulationMonitor] -     WARNING (SPECTRE-592): Following parameters are disabled because they are ignored or redefined in Spectre X:
        
        
        PSS Parameters:
          errpreset {"history": "Interactive.8", "point": 4, "testname": "VGA_VGA_1_pss_tb_1", "cornername": "CMOS_CAP_VDD_TEMP_2"}
[2026-04-16 10:27:36.683 Z] [INFO] [cadence.virtuoso.ade.simulationMonitor] -               nodes 31 {"history": "Interactive.8", "point": 4, "testname": "VGA_VGA_1_pss_tb_1", "cornername": "CMOS_CAP_VDD_TEMP_2"}
[2026-04-16 10:27:36.683 Z] [INFO] [cadence.virtuoso.ade.simulationMonitor] - Notice from spectre during initial setup.
    Spectre X preset=cx enabled.
    73 warnings suppressed. {"history": "Interactive.8", "point": 4, "testname": "VGA_VGA_1_pss_tb_1", "cornername": "CMOS_CAP_VDD_TEMP_2"}
[2026-04-16 10:27:36.683 Z] [INFO] [cadence.virtuoso.ade.simulationMonitor] - Peak resident memory used = 201 Mbytes. {"history": "Interactive.8", "point": 4, "testname": "VGA_VGA_1_pss_tb_1", "cornername": "CMOS_CAP_VDD_TEMP_2"}
[2026-04-16 10:27:36.684 Z] [INFO] [cadence.virtuoso.ade.simulationMonitor] -    -   (Spectre X) Multi-threading. The recommended number of threads is 1, consider adding +mt=1 on command line. {"history": "Interactive.8", "point": 4, "testname": "VGA_VGA_1_pss_tb_1", "cornername": "CMOS_CAP_VDD_TEMP_2"}
[2026-04-16 10:27:36.684 Z] [INFO] [cadence.virtuoso.ade.simulationMonitor] - Notice from spectre during transient analysis `tran'.
    No checklimit analysis defined for asserts. A default checklimit analysis 'SpectreChecklimitAnal' has been created with all asserts enabled. {"history": "Interactive.8", "point": 4, "testname": "VGA_VGA_1_pss_tb_1", "cornername": "CMOS_CAP_VDD_TEMP_2"}
[2026-04-16 10:27:36.684 Z] [INFO] [cadence.virtuoso.ade.simulationMonitor] - Notice from spectre during IC analysis, during transient analysis `tran'.
    Bad pivoting is found during DC analysis. Option dc_pivot_check=yes is recommended for possible improvement of convergence. {"history": "Interactive.8", "point": 4, "testname": "VGA_VGA_1_pss_tb_1", "cornername": "CMOS_CAP_VDD_TEMP_2"}
[2026-04-16 10:27:36.684 Z] [WARN] [cadence.virtuoso.ade.simulationMonitor] -     WARNING (CMI-2943): Parameter checks have been ignored because the valid value for parameter 'trise' could not be found in 'C1'. {"history": "Interactive.8", "point": 4, "testname": "VGA_VGA_1_pss_tb_1", "cornername": "CMOS_CAP_VDD_TEMP_2"}
[2026-04-16 10:27:36.684 Z] [WARN] [cadence.virtuoso.ade.simulationMonitor] -     WARNING (CMI-2943): Parameter checks have been ignored because the valid value for parameter 'trise' could not be found in 'I0.C8<0>_turbo_m4.C1'. {"history": "Interactive.8", "point": 4, "testname": "VGA_VGA_1_pss_tb_1", "cornername": "CMOS_CAP_VDD_TEMP_2"}
[2026-04-16 10:27:36.684 Z] [WARN] [cadence.virtuoso.ade.simulationMonitor] -     WARNING (CMI-2943): Parameter checks have been ignored because the valid value for parameter 'trise' could not be found in 'I0.C9<0>_turbo_m8.C1'. {"history": "Interactive.8", "point": 4, "testname": "VGA_VGA_1_pss_tb_1", "cornername": "CMOS_CAP_VDD_TEMP_2"}
[2026-04-16 10:27:36.684 Z] [WARN] [cadence.virtuoso.ade.simulationMonitor] -     WARNING (CMI-2943): Parameter checks have been ignored because the valid value for parameter 'trise' could not be found in 'I0.C7<0>_turbo_m2.C1'. {"history": "Interactive.8", "point": 4, "testname": "VGA_VGA_1_pss_tb_1", "cornername": "CMOS_CAP_VDD_TEMP_2"}
[2026-04-16 10:27:36.685 Z] [WARN] [cadence.virtuoso.ade.simulationMonitor] -     WARNING (CMI-2943): Parameter checks have been ignored because the valid value for parameter 'trise' could not be found in 'I0.R2.CM'.
        Further occurrences of this warning will be suppressed. {"history": "Interactive.8", "point": 4, "testname": "VGA_VGA_1_pss_tb_1", "cornername": "CMOS_CAP_VDD_TEMP_2"}
[2026-04-16 10:27:36.685 Z] [INFO] [cadence.virtuoso.ade.simulationMonitor] - Notice from spectre during transient analysis `tran'.
    Multithreading is disabled due to the size of the design being too small. {"history": "Interactive.8", "point": 4, "testname": "VGA_VGA_1_pss_tb_1", "cornername": "CMOS_CAP_VDD_TEMP_2"}
[2026-04-16 10:27:37.185 Z] [INFO] [cadence.virtuoso.ade.simulationMonitor] - Total time required for tran analysis `tran': CPU = 104.382 ms, elapsed = 110.876 ms, util. = 94.1%. {"history": "Interactive.8", "point": 4, "testname": "VGA_VGA_1_pss_tb_1", "cornername": "CMOS_CAP_VDD_TEMP_2"}
[2026-04-16 10:27:37.185 Z] [INFO] [cadence.virtuoso.ade.simulationMonitor] - Peak resident memory used = 211 Mbytes. {"history": "Interactive.8", "point": 4, "testname": "VGA_VGA_1_pss_tb_1", "cornername": "CMOS_CAP_VDD_TEMP_2"}
[2026-04-16 10:27:37.185 Z] [INFO] [cadence.virtuoso.ade.simulationMonitor] - Notice from spectre.
    12 warnings suppressed. {"history": "Interactive.8", "point": 4, "testname": "VGA_VGA_1_pss_tb_1", "cornername": "CMOS_CAP_VDD_TEMP_2"}
[2026-04-16 10:27:37.186 Z] [WARN] [cadence.virtuoso.ade.simulationMonitor] -     WARNING (CMI-2943): Parameter checks have been ignored because the valid value for parameter 'trise' could not be found in 'C1'. {"history": "Interactive.8", "point": 4, "testname": "VGA_VGA_1_pss_tb_1", "cornername": "CMOS_CAP_VDD_TEMP_2"}
[2026-04-16 10:27:37.186 Z] [WARN] [cadence.virtuoso.ade.simulationMonitor] -     WARNING (CMI-2943): Parameter checks have been ignored because the valid value for parameter 'trise' could not be found in 'I0.C8<0>_turbo_m4.C1'. {"history": "Interactive.8", "point": 4, "testname": "VGA_VGA_1_pss_tb_1", "cornername": "CMOS_CAP_VDD_TEMP_2"}
[2026-04-16 10:27:37.186 Z] [WARN] [cadence.virtuoso.ade.simulationMonitor] -     WARNING (CMI-2943): Parameter checks have been ignored because the valid value for parameter 'trise' could not be found in 'I0.C9<0>_turbo_m8.C1'. {"history": "Interactive.8", "point": 4, "testname": "VGA_VGA_1_pss_tb_1", "cornername": "CMOS_CAP_VDD_TEMP_2"}
[2026-04-16 10:27:37.186 Z] [WARN] [cadence.virtuoso.ade.simulationMonitor] -     WARNING (CMI-2943): Parameter checks have been ignored because the valid value for parameter 'trise' could not be found in 'I0.C7<0>_turbo_m2.C1'. {"history": "Interactive.8", "point": 4, "testname": "VGA_VGA_1_pss_tb_1", "cornername": "CMOS_CAP_VDD_TEMP_2"}
[2026-04-16 10:27:37.186 Z] [WARN] [cadence.virtuoso.ade.simulationMonitor] -     WARNING (CMI-2943): Parameter checks have been ignored because the valid value for parameter 'trise' could not be found in 'I0.R2.CM'.
        Further occurrences of this warning will be suppressed. {"history": "Interactive.8", "point": 4, "testname": "VGA_VGA_1_pss_tb_1", "cornername": "CMOS_CAP_VDD_TEMP_2"}
[2026-04-16 10:27:37.186 Z] [INFO] [cadence.virtuoso.ade.simulationMonitor] - Total time required for tstab analysis `pss': CPU = 5.769 ms, elapsed = 5.76782 ms. {"history": "Interactive.8", "point": 4, "testname": "VGA_VGA_1_pss_tb_1", "cornername": "CMOS_CAP_VDD_TEMP_2"}
[2026-04-16 10:27:37.186 Z] [INFO] [cadence.virtuoso.ade.simulationMonitor] - Peak resident memory used = 213 Mbytes. {"history": "Interactive.8", "point": 4, "testname": "VGA_VGA_1_pss_tb_1", "cornername": "CMOS_CAP_VDD_TEMP_2"}
[2026-04-16 10:27:37.186 Z] [INFO] [cadence.virtuoso.ade.simulationMonitor] - Notice from spectre during periodic steady state analysis `pss'.
    12 warnings suppressed. {"history": "Interactive.8", "point": 4, "testname": "VGA_VGA_1_pss_tb_1", "cornername": "CMOS_CAP_VDD_TEMP_2"}
[2026-04-16 10:27:37.687 Z] [INFO] [cadence.virtuoso.ade.simulationMonitor] - Total time required for pss analysis `pss': CPU = 753.629 ms, elapsed = 773.685 ms, util. = 97.4%. {"history": "Interactive.8", "point": 4, "testname": "VGA_VGA_1_pss_tb_1", "cornername": "CMOS_CAP_VDD_TEMP_2"}
[2026-04-16 10:27:37.687 Z] [INFO] [cadence.virtuoso.ade.simulationMonitor] - Peak resident memory used = 219 Mbytes. {"history": "Interactive.8", "point": 4, "testname": "VGA_VGA_1_pss_tb_1", "cornername": "CMOS_CAP_VDD_TEMP_2"}
[2026-04-16 10:27:37.687 Z] [INFO] [cadence.virtuoso.ade.simulationMonitor] - Time used: CPU = 1.34 s, elapsed = 1.94 s, util. = 69.3%. {"history": "Interactive.8", "point": 4, "testname": "VGA_VGA_1_pss_tb_1", "cornername": "CMOS_CAP_VDD_TEMP_2"}
[2026-04-16 10:27:37.687 Z] [INFO] [cadence.virtuoso.ade.simulationMonitor] - Time spent in licensing: elapsed = 76.6 ms. {"history": "Interactive.8", "point": 4, "testname": "VGA_VGA_1_pss_tb_1", "cornername": "CMOS_CAP_VDD_TEMP_2"}
[2026-04-16 10:27:37.688 Z] [INFO] [cadence.virtuoso.ade.simulationMonitor] - Peak memory used = 219 Mbytes. {"history": "Interactive.8", "point": 4, "testname": "VGA_VGA_1_pss_tb_1", "cornername": "CMOS_CAP_VDD_TEMP_2"}
[2026-04-16 10:27:37.689 Z] [PROCESS] [cadence.virtuoso.ade.simulationMonitor] - Simulation started at: 10:27:35 AM, Thur Apr 16, 2026, ended at: 10:27:37 AM, Thur Apr 16, 2026, with elapsed time (wall clock): 1.94 s. {"history": "Interactive.8", "point": 4, "testname": "VGA_VGA_1_pss_tb_1", "cornername": "CMOS_CAP_VDD_TEMP_2"}
[2026-04-16 10:27:37.690 Z] [PROCESS] [cadence.virtuoso.ade.simulationMonitor] - spectre completes with 0 errors, 34 warnings, and 13 notices. {"history": "Interactive.8", "point": 4, "testname": "VGA_VGA_1_pss_tb_1", "cornername": "CMOS_CAP_VDD_TEMP_2"}
[2026-04-16 10:27:37.690 Z] [PROCESS] [cadence.virtuoso.ade.simulationMonitor] - Finished simulating for one point {"hostname": "il2244vt26_davidevi", "processid": 1096459, "history": "Interactive.8", "testname": "VGA_VGA_1_pss_tb_1", "cornername": "CMOS_CAP_VDD_TEMP_2", "point": 4, "logfile": "/home/davidevi/Desktop/myproject/logs_davidevi/logs0/Job514.log", "simid": "1"}
[2026-04-16 10:27:37.690 Z] [PROCESS] [cadence.virtuoso.ade.simulationMonitor] - Simulator exited {"hostname": "il2244vt26_davidevi", "processid": 1096459, "history": "Interactive.8", "testname": "VGA_VGA_1_pss_tb_1", "cornername": "CMOS_CAP_VDD_TEMP_2", "point": 4, "logfile": "/home/davidevi/Desktop/myproject/logs_davidevi/logs0/Job514.log", "exitStatus": "0"}
[2026-04-16 10:27:37.690 Z] [PROCESS] [cadence.virtuoso.ade.simulationMonitor] - Finished Simulation {"hostname": "il2244vt26_davidevi", "processid": 1096459, "history": "Interactive.8", "testname": "VGA_VGA_1_pss_tb_1", "cornername": "CMOS_CAP_VDD_TEMP_2", "point": 4, "logfile": "/home/davidevi/Desktop/myproject/logs_davidevi/logs0/Job514.log", "simid": "1"}
[2026-04-16 10:27:41.703 Z] [PROCESS] [cadence.virtuoso.ade.simulationMonitor] - Point Finished {"hostname": "il2244vt26_davidevi", "processid": 1096459, "history": "Interactive.8", "testname": "VGA_VGA_1_pss_tb_1", "cornername": "CMOS_CAP_VDD_TEMP_2", "point": 4, "logfile": "/home/davidevi/Desktop/myproject/logs_davidevi/logs0/Job514.log"}
[2026-04-16 10:27:41.705 Z] [PROCESS] [cadence.virtuoso.ade.simulationMonitor] - HostInfo:
Host name (type):	il2244vt26_davidevi (x86_64)
Operating system:	Linux 5.15.0-164-generic #174-Ubuntu SMP Fri Nov 14 20:25:16 UTC 2025 {"hostname": "il2244vt26_davidevi", "processid": 1096459, "history": "Interactive.8", "testname": "VGA_VGA_1_pss_tb_1", "cornername": "CMOS_CAP_VDD_TEMP_2", "point": 4, "logfile": "/home/davidevi/Desktop/myproject/logs_davidevi/logs0/Job514.log", "nodename": "il2244vt26_davidevi", "domainname": "(none)", "machine": "x86_64", "sysname": "Linux", "release": "5.15.0-164-generic", "version": "#174-Ubuntu SMP Fri Nov 14 20:25:16 UTC 2025"}
[2026-04-16 10:27:41.705 Z] [PROCESS] [cadence.virtuoso.ade.simulationMonitor] - UsageInfo:
pid=1096459
totalPhysicalMemory=3023.749672GB,Used=1573.101082GB,totalVirtualMemory=3031.749668GB,Used=1573.128670GB
Cpu: Cores=48, Load average:11.750000,8.470000,8.660000 {"hostname": "il2244vt26_davidevi", "processid": 1096459, "history": "Interactive.8", "testname": "VGA_VGA_1_pss_tb_1", "cornername": "CMOS_CAP_VDD_TEMP_2", "point": 4, "logfile": "/home/davidevi/Desktop/myproject/logs_davidevi/logs0/Job514.log", "pid": "1096459", "totalPhysicalMemory": "3023.749672", "physicalMemoryUsed": "1573.101082", "totalVirtualMemory": "3031.749668", "virtualMemoryUsed": "1573.128670", "cpuCores": "48", "processes": "29827", "loadAverage1": "11.750000", "loadAverage5": "8.470000", "loadAverage15": "8.660000", "loadAverage1Percent": "0.244792"}
[2026-04-16 10:27:41.706 Z] [EVENT] [cadence.virtuoso.ade.simulationMonitor] - NewPoint {"history": "Interactive.8", "point": 16, "testname": "VGA_VGA_1_pss_tb_1", "cornername": "CMOS_CAP_VDD_TEMP_14", "event": "NewPoint", "EventSource": "Simulation Monitor", "HistoryName": "Interactive.8", "logFile": "/home/davidevi/Desktop/myproject/logs_davidevi/logs0/Job514.log", "logFileSize": "25628"}
[2026-04-16 10:27:41.809 Z] [EVENT] [cadence.virtuoso.ade.simulationMonitor] - NewPoint {"history": "Interactive.8", "point": 16, "testname": "VGA_VGA_1_pss_tb_1", "cornername": "CMOS_CAP_VDD_TEMP_14", "event": "NewPoint", "EventSource": "spectre", "HistoryName": "Interactive.8", "logFile": "/home/davidevi/Desktop/myproject/Sim/VGA/VGA_1_pss_tb/maestro/results/maestro/Interactive.8/16/VGA_VGA_1_pss_tb_1/psf/spectre.out", "logFileSize": "-1"}
[2026-04-16 10:27:41.819 Z] [PROCESS] [cadence.virtuoso.ade.simulationMonitor] - Simulator launched {"hostname": "il2244vt26_davidevi", "processid": 1096459, "history": "Interactive.8", "testname": "VGA_VGA_1_pss_tb_1", "cornername": "CMOS_CAP_VDD_TEMP_14", "point": 16, "logfile": "/home/davidevi/Desktop/myproject/logs_davidevi/logs0/Job514.log", "simid": "2"}
[2026-04-16 10:27:41.865 Z] [PROCESS] [cadence.virtuoso.ade.simulationMonitor] - Started Simulation {"hostname": "il2244vt26_davidevi", "processid": 1096459, "history": "Interactive.8", "testname": "VGA_VGA_1_pss_tb_1", "cornername": "CMOS_CAP_VDD_TEMP_14", "point": 16, "logfile": "/home/davidevi/Desktop/myproject/logs_davidevi/logs0/Job514.log", "event": "started", "task": "simulation"}
[2026-04-16 10:27:42.865 Z] [WARN] [cadence.virtuoso.ade.simulationMonitor] -     WARNING (SPECTRE-691): This CPU processor does not support x86 advanced vector extensions instructions. This may affect math operations and slow down the simulation. {"history": "Interactive.8", "point": 16, "testname": "VGA_VGA_1_pss_tb_1", "cornername": "CMOS_CAP_VDD_TEMP_14"}
[2026-04-16 10:27:42.866 Z] [INFO] [cadence.virtuoso.ade.simulationMonitor] - Notice from spectre during circuit read-in.
    Pre_Configuration file used: /opt/tools/cadence/installs/SPECTRE241/tools.lnx86/spectre/etc/configs/preset.precfg
    Configuration file used: `/opt/tools/cadence/installs/SPECTRE241/tools.lnx86/spectre/etc/configs/preset.cfg'. {"history": "Interactive.8", "point": 16, "testname": "VGA_VGA_1_pss_tb_1", "cornername": "CMOS_CAP_VDD_TEMP_14"}
[2026-04-16 10:27:42.866 Z] [WARN] [cadence.virtuoso.ade.simulationMonitor] -     WARNING (SPECTRE-8360): line 1511: `ac' is an undefined primitive device. {"history": "Interactive.8", "point": 16, "testname": "VGA_VGA_1_pss_tb_1", "cornername": "CMOS_CAP_VDD_TEMP_14"}
[2026-04-16 10:27:42.866 Z] [WARN] [cadence.virtuoso.ade.simulationMonitor] -     WARNING (SPECTRE-8360): line 1512: `ac' is an undefined primitive device. {"history": "Interactive.8", "point": 16, "testname": "VGA_VGA_1_pss_tb_1", "cornername": "CMOS_CAP_VDD_TEMP_14"}
[2026-04-16 10:27:42.866 Z] [WARN] [cadence.virtuoso.ade.simulationMonitor] -     WARNING (SPECTRE-8360): line 1513: `ac' is an undefined primitive device. {"history": "Interactive.8", "point": 16, "testname": "VGA_VGA_1_pss_tb_1", "cornername": "CMOS_CAP_VDD_TEMP_14"}
[2026-04-16 10:27:42.866 Z] [WARN] [cadence.virtuoso.ade.simulationMonitor] -     WARNING (SPECTRE-8360): line 1514: `ac' is an undefined primitive device. {"history": "Interactive.8", "point": 16, "testname": "VGA_VGA_1_pss_tb_1", "cornername": "CMOS_CAP_VDD_TEMP_14"}
[2026-04-16 10:27:42.867 Z] [WARN] [cadence.virtuoso.ade.simulationMonitor] -     WARNING (SPECTRE-8360): line 1515: `ac' is an undefined primitive device.
        Further occurrences of this warning will be suppressed. {"history": "Interactive.8", "point": 16, "testname": "VGA_VGA_1_pss_tb_1", "cornername": "CMOS_CAP_VDD_TEMP_14"}
[2026-04-16 10:27:42.867 Z] [INFO] [cadence.virtuoso.ade.simulationMonitor] - Peak resident memory used = 179 Mbytes. {"history": "Interactive.8", "point": 16, "testname": "VGA_VGA_1_pss_tb_1", "cornername": "CMOS_CAP_VDD_TEMP_14"}
[2026-04-16 10:27:42.867 Z] [WARN] [cadence.virtuoso.ade.simulationMonitor] -     WARNING (VACOMP-2435): The environment variable CDS_AHDLCMI_ENABLE is no longer supported. Therefore, the simulator will use the default compiled C code flow. {"history": "Interactive.8", "point": 16, "testname": "VGA_VGA_1_pss_tb_1", "cornername": "CMOS_CAP_VDD_TEMP_14"}
[2026-04-16 10:27:42.867 Z] [WARN] [cadence.virtuoso.ade.simulationMonitor] -     WARNING (SFE-3016): The floating node net6 is removed. {"history": "Interactive.8", "point": 16, "testname": "VGA_VGA_1_pss_tb_1", "cornername": "CMOS_CAP_VDD_TEMP_14"}
[2026-04-16 10:27:42.867 Z] [INFO] [cadence.virtuoso.ade.simulationMonitor] - Peak resident memory used = 192 Mbytes. {"history": "Interactive.8", "point": 16, "testname": "VGA_VGA_1_pss_tb_1", "cornername": "CMOS_CAP_VDD_TEMP_14"}
[2026-04-16 10:27:42.867 Z] [INFO] [cadence.virtuoso.ade.simulationMonitor] - Notice from spectre during hierarchy flattening.
    The value 'psf' specified for the 'checklimitdest' option will no longer be supported in future releases. Use 'spectre -h' to see other recommended values for the 'checklimitdest' option. {"history": "Interactive.8", "point": 16, "testname": "VGA_VGA_1_pss_tb_1", "cornername": "CMOS_CAP_VDD_TEMP_14"}
[2026-04-16 10:27:42.867 Z] [INFO] [cadence.virtuoso.ade.simulationMonitor] - Peak resident memory used = 195 Mbytes. {"history": "Interactive.8", "point": 16, "testname": "VGA_VGA_1_pss_tb_1", "cornername": "CMOS_CAP_VDD_TEMP_14"}
[2026-04-16 10:27:42.867 Z] [WARN] [cadence.virtuoso.ade.simulationMonitor] -     WARNING (SPECTRE-17607): Assert `SOAC_rpolyh_vminuspsub' is ignored because it contains an expression which is invalid or not supported by native evaluator.  {"history": "Interactive.8", "point": 16, "testname": "VGA_VGA_1_pss_tb_1", "cornername": "CMOS_CAP_VDD_TEMP_14"}
[2026-04-16 10:27:42.867 Z] [WARN] [cadence.virtuoso.ade.simulationMonitor] -     WARNING (SPECTRE-17607): Assert `SOAC_rpolyh_vpluspsub' is ignored because it contains an expression which is invalid or not supported by native evaluator.  {"history": "Interactive.8", "point": 16, "testname": "VGA_VGA_1_pss_tb_1", "cornername": "CMOS_CAP_VDD_TEMP_14"}
[2026-04-16 10:27:42.868 Z] [WARN] [cadence.virtuoso.ade.simulationMonitor] -     WARNING (SPECTRE-16460): SOAC_cvarm_vspsub:Specified subcircuit master `cvarm' was not found. {"history": "Interactive.8", "point": 16, "testname": "VGA_VGA_1_pss_tb_1", "cornername": "CMOS_CAP_VDD_TEMP_14"}
[2026-04-16 10:27:42.868 Z] [WARN] [cadence.virtuoso.ade.simulationMonitor] -     WARNING (SPECTRE-16462): SOAC_cvarm_vspsub:Error in specification of subcircuit master. Assert is ignored. {"history": "Interactive.8", "point": 16, "testname": "VGA_VGA_1_pss_tb_1", "cornername": "CMOS_CAP_VDD_TEMP_14"}
[2026-04-16 10:27:42.868 Z] [WARN] [cadence.virtuoso.ade.simulationMonitor] -     WARNING (SPECTRE-16460): SOAC_cvarm_vbs:Specified subcircuit master `cvarm' was not found. {"history": "Interactive.8", "point": 16, "testname": "VGA_VGA_1_pss_tb_1", "cornername": "CMOS_CAP_VDD_TEMP_14"}
[2026-04-16 10:27:42.868 Z] [WARN] [cadence.virtuoso.ade.simulationMonitor] -     WARNING (SPECTRE-16462): SOAC_cvarm_vbs:Error in specification of subcircuit master. Assert is ignored. {"history": "Interactive.8", "point": 16, "testname": "VGA_VGA_1_pss_tb_1", "cornername": "CMOS_CAP_VDD_TEMP_14"}
[2026-04-16 10:27:42.868 Z] [WARN] [cadence.virtuoso.ade.simulationMonitor] -     WARNING (SPECTRE-16460): SOAC_cvarm_vgb:Specified subcircuit master `cvarm' was not found. {"history": "Interactive.8", "point": 16, "testname": "VGA_VGA_1_pss_tb_1", "cornername": "CMOS_CAP_VDD_TEMP_14"}
[2026-04-16 10:27:42.868 Z] [WARN] [cadence.virtuoso.ade.simulationMonitor] -     WARNING (SPECTRE-16462): SOAC_cvarm_vgb:Error in specification of subcircuit master. Assert is ignored. {"history": "Interactive.8", "point": 16, "testname": "VGA_VGA_1_pss_tb_1", "cornername": "CMOS_CAP_VDD_TEMP_14"}
[2026-04-16 10:27:42.868 Z] [WARN] [cadence.virtuoso.ade.simulationMonitor] -     WARNING (SPECTRE-16460): SOAC_cvart_vspsub:Specified subcircuit master `cvart' was not found. {"history": "Interactive.8", "point": 16, "testname": "VGA_VGA_1_pss_tb_1", "cornername": "CMOS_CAP_VDD_TEMP_14"}
[2026-04-16 10:27:42.868 Z] [WARN] [cadence.virtuoso.ade.simulationMonitor] -     WARNING (SPECTRE-16462): SOAC_cvart_vspsub:Error in specification of subcircuit master. Assert is ignored. {"history": "Interactive.8", "point": 16, "testname": "VGA_VGA_1_pss_tb_1", "cornername": "CMOS_CAP_VDD_TEMP_14"}
[2026-04-16 10:27:42.869 Z] [WARN] [cadence.virtuoso.ade.simulationMonitor] -     WARNING (SPECTRE-16460): SOAC_cvart_vbs:Specified subcircuit master `cvart' was not found.
        Further occurrences of this warning will be suppressed. {"history": "Interactive.8", "point": 16, "testname": "VGA_VGA_1_pss_tb_1", "cornername": "CMOS_CAP_VDD_TEMP_14"}
[2026-04-16 10:27:42.869 Z] [WARN] [cadence.virtuoso.ade.simulationMonitor] -     WARNING (SPECTRE-16462): SOAC_cvart_vbs:Error in specification of subcircuit master. Assert is ignored.
        Further occurrences of this warning will be suppressed. {"history": "Interactive.8", "point": 16, "testname": "VGA_VGA_1_pss_tb_1", "cornername": "CMOS_CAP_VDD_TEMP_14"}
[2026-04-16 10:27:42.869 Z] [WARN] [cadence.virtuoso.ade.simulationMonitor] -     WARNING (SPECTRE-17607): Assert `SOAC_cpoly_vminuspsub' is ignored because it contains an expression which is invalid or not supported by native evaluator.  {"history": "Interactive.8", "point": 16, "testname": "VGA_VGA_1_pss_tb_1", "cornername": "CMOS_CAP_VDD_TEMP_14"}
[2026-04-16 10:27:42.869 Z] [WARN] [cadence.virtuoso.ade.simulationMonitor] -     WARNING (SPECTRE-17607): Assert `SOAC_cpoly_vpluspsub' is ignored because it contains an expression which is invalid or not supported by native evaluator.  {"history": "Interactive.8", "point": 16, "testname": "VGA_VGA_1_pss_tb_1", "cornername": "CMOS_CAP_VDD_TEMP_14"}
[2026-04-16 10:27:42.869 Z] [WARN] [cadence.virtuoso.ade.simulationMonitor] -     WARNING (SPECTRE-17607): Assert `SOAC_modp_vbpsub' is ignored because it contains an expression which is invalid or not supported by native evaluator. 
        Further occurrences of this warning will be suppressed. {"history": "Interactive.8", "point": 16, "testname": "VGA_VGA_1_pss_tb_1", "cornername": "CMOS_CAP_VDD_TEMP_14"}
[2026-04-16 10:27:43.369 Z] [INFO] [cadence.virtuoso.ade.simulationMonitor] - Notice from spectre during initial setup.
    Multithreading is disabled due to the size of the design being too small. {"history": "Interactive.8", "point": 16, "testname": "VGA_VGA_1_pss_tb_1", "cornername": "CMOS_CAP_VDD_TEMP_14"}
[2026-04-16 10:27:43.370 Z] [WARN] [cadence.virtuoso.ade.simulationMonitor] -     WARNING (SPECTRE-592): Following parameters are disabled because they are ignored or redefined in Spectre X:
        
        
        PSS Parameters:
          errpreset {"history": "Interactive.8", "point": 16, "testname": "VGA_VGA_1_pss_tb_1", "cornername": "CMOS_CAP_VDD_TEMP_14"}
[2026-04-16 10:27:43.372 Z] [INFO] [cadence.virtuoso.ade.simulationMonitor] -               nodes 31 {"history": "Interactive.8", "point": 16, "testname": "VGA_VGA_1_pss_tb_1", "cornername": "CMOS_CAP_VDD_TEMP_14"}
[2026-04-16 10:27:43.372 Z] [INFO] [cadence.virtuoso.ade.simulationMonitor] - Notice from spectre during initial setup.
    Spectre X preset=cx enabled.
    73 warnings suppressed. {"history": "Interactive.8", "point": 16, "testname": "VGA_VGA_1_pss_tb_1", "cornername": "CMOS_CAP_VDD_TEMP_14"}
[2026-04-16 10:27:43.372 Z] [INFO] [cadence.virtuoso.ade.simulationMonitor] - Peak resident memory used = 201 Mbytes. {"history": "Interactive.8", "point": 16, "testname": "VGA_VGA_1_pss_tb_1", "cornername": "CMOS_CAP_VDD_TEMP_14"}
[2026-04-16 10:27:43.372 Z] [INFO] [cadence.virtuoso.ade.simulationMonitor] -    -   (Spectre X) Multi-threading. The recommended number of threads is 1, consider adding +mt=1 on command line. {"history": "Interactive.8", "point": 16, "testname": "VGA_VGA_1_pss_tb_1", "cornername": "CMOS_CAP_VDD_TEMP_14"}
[2026-04-16 10:27:43.372 Z] [INFO] [cadence.virtuoso.ade.simulationMonitor] - Notice from spectre during transient analysis `tran'.
    No checklimit analysis defined for asserts. A default checklimit analysis 'SpectreChecklimitAnal' has been created with all asserts enabled. {"history": "Interactive.8", "point": 16, "testname": "VGA_VGA_1_pss_tb_1", "cornername": "CMOS_CAP_VDD_TEMP_14"}
[2026-04-16 10:27:43.372 Z] [INFO] [cadence.virtuoso.ade.simulationMonitor] - Notice from spectre during IC analysis, during transient analysis `tran'.
    Bad pivoting is found during DC analysis. Option dc_pivot_check=yes is recommended for possible improvement of convergence. {"history": "Interactive.8", "point": 16, "testname": "VGA_VGA_1_pss_tb_1", "cornername": "CMOS_CAP_VDD_TEMP_14"}
[2026-04-16 10:27:43.372 Z] [WARN] [cadence.virtuoso.ade.simulationMonitor] -     WARNING (CMI-2943): Parameter checks have been ignored because the valid value for parameter 'trise' could not be found in 'C1'. {"history": "Interactive.8", "point": 16, "testname": "VGA_VGA_1_pss_tb_1", "cornername": "CMOS_CAP_VDD_TEMP_14"}
[2026-04-16 10:27:43.373 Z] [WARN] [cadence.virtuoso.ade.simulationMonitor] -     WARNING (CMI-2943): Parameter checks have been ignored because the valid value for parameter 'trise' could not be found in 'I0.C8<0>_turbo_m4.C1'. {"history": "Interactive.8", "point": 16, "testname": "VGA_VGA_1_pss_tb_1", "cornername": "CMOS_CAP_VDD_TEMP_14"}
[2026-04-16 10:27:43.373 Z] [WARN] [cadence.virtuoso.ade.simulationMonitor] -     WARNING (CMI-2943): Parameter checks have been ignored because the valid value for parameter 'trise' could not be found in 'I0.C9<0>_turbo_m8.C1'. {"history": "Interactive.8", "point": 16, "testname": "VGA_VGA_1_pss_tb_1", "cornername": "CMOS_CAP_VDD_TEMP_14"}
[2026-04-16 10:27:43.373 Z] [WARN] [cadence.virtuoso.ade.simulationMonitor] -     WARNING (CMI-2943): Parameter checks have been ignored because the valid value for parameter 'trise' could not be found in 'I0.C7<0>_turbo_m2.C1'. {"history": "Interactive.8", "point": 16, "testname": "VGA_VGA_1_pss_tb_1", "cornername": "CMOS_CAP_VDD_TEMP_14"}
[2026-04-16 10:27:43.373 Z] [WARN] [cadence.virtuoso.ade.simulationMonitor] -     WARNING (CMI-2943): Parameter checks have been ignored because the valid value for parameter 'trise' could not be found in 'I0.R2.CM'.
        Further occurrences of this warning will be suppressed. {"history": "Interactive.8", "point": 16, "testname": "VGA_VGA_1_pss_tb_1", "cornername": "CMOS_CAP_VDD_TEMP_14"}
[2026-04-16 10:27:43.373 Z] [INFO] [cadence.virtuoso.ade.simulationMonitor] - Notice from spectre during transient analysis `tran'.
    Multithreading is disabled due to the size of the design being too small. {"history": "Interactive.8", "point": 16, "testname": "VGA_VGA_1_pss_tb_1", "cornername": "CMOS_CAP_VDD_TEMP_14"}
[2026-04-16 10:27:43.373 Z] [INFO] [cadence.virtuoso.ade.simulationMonitor] - Total time required for tran analysis `tran': CPU = 99.548 ms, elapsed = 105.503 ms, util. = 94.4%. {"history": "Interactive.8", "point": 16, "testname": "VGA_VGA_1_pss_tb_1", "cornername": "CMOS_CAP_VDD_TEMP_14"}
[2026-04-16 10:27:43.373 Z] [INFO] [cadence.virtuoso.ade.simulationMonitor] - Peak resident memory used = 211 Mbytes. {"history": "Interactive.8", "point": 16, "testname": "VGA_VGA_1_pss_tb_1", "cornername": "CMOS_CAP_VDD_TEMP_14"}
[2026-04-16 10:27:43.373 Z] [INFO] [cadence.virtuoso.ade.simulationMonitor] - Notice from spectre.
    12 warnings suppressed. {"history": "Interactive.8", "point": 16, "testname": "VGA_VGA_1_pss_tb_1", "cornername": "CMOS_CAP_VDD_TEMP_14"}
[2026-04-16 10:27:43.374 Z] [INFO] [cadence.virtuoso.ade.simulationMonitor] - Notice from spectre during IC analysis, during periodic steady state analysis `pss'.
    Bad pivoting is found during DC analysis. Option dc_pivot_check=yes is recommended for possible improvement of convergence. {"history": "Interactive.8", "point": 16, "testname": "VGA_VGA_1_pss_tb_1", "cornername": "CMOS_CAP_VDD_TEMP_14"}
[2026-04-16 10:27:43.374 Z] [WARN] [cadence.virtuoso.ade.simulationMonitor] -     WARNING (CMI-2943): Parameter checks have been ignored because the valid value for parameter 'trise' could not be found in 'C1'. {"history": "Interactive.8", "point": 16, "testname": "VGA_VGA_1_pss_tb_1", "cornername": "CMOS_CAP_VDD_TEMP_14"}
[2026-04-16 10:27:43.374 Z] [WARN] [cadence.virtuoso.ade.simulationMonitor] -     WARNING (CMI-2943): Parameter checks have been ignored because the valid value for parameter 'trise' could not be found in 'I0.C8<0>_turbo_m4.C1'. {"history": "Interactive.8", "point": 16, "testname": "VGA_VGA_1_pss_tb_1", "cornername": "CMOS_CAP_VDD_TEMP_14"}
[2026-04-16 10:27:43.374 Z] [WARN] [cadence.virtuoso.ade.simulationMonitor] -     WARNING (CMI-2943): Parameter checks have been ignored because the valid value for parameter 'trise' could not be found in 'I0.C9<0>_turbo_m8.C1'. {"history": "Interactive.8", "point": 16, "testname": "VGA_VGA_1_pss_tb_1", "cornername": "CMOS_CAP_VDD_TEMP_14"}
[2026-04-16 10:27:43.374 Z] [WARN] [cadence.virtuoso.ade.simulationMonitor] -     WARNING (CMI-2943): Parameter checks have been ignored because the valid value for parameter 'trise' could not be found in 'I0.C7<0>_turbo_m2.C1'. {"history": "Interactive.8", "point": 16, "testname": "VGA_VGA_1_pss_tb_1", "cornername": "CMOS_CAP_VDD_TEMP_14"}
[2026-04-16 10:27:43.375 Z] [WARN] [cadence.virtuoso.ade.simulationMonitor] -     WARNING (CMI-2943): Parameter checks have been ignored because the valid value for parameter 'trise' could not be found in 'I0.R2.CM'.
        Further occurrences of this warning will be suppressed. {"history": "Interactive.8", "point": 16, "testname": "VGA_VGA_1_pss_tb_1", "cornername": "CMOS_CAP_VDD_TEMP_14"}
[2026-04-16 10:27:43.375 Z] [INFO] [cadence.virtuoso.ade.simulationMonitor] - Total time required for tstab analysis `pss': CPU = 5.771 ms, elapsed = 5.76997 ms. {"history": "Interactive.8", "point": 16, "testname": "VGA_VGA_1_pss_tb_1", "cornername": "CMOS_CAP_VDD_TEMP_14"}
[2026-04-16 10:27:43.375 Z] [INFO] [cadence.virtuoso.ade.simulationMonitor] - Peak resident memory used = 213 Mbytes. {"history": "Interactive.8", "point": 16, "testname": "VGA_VGA_1_pss_tb_1", "cornername": "CMOS_CAP_VDD_TEMP_14"}
[2026-04-16 10:27:43.375 Z] [INFO] [cadence.virtuoso.ade.simulationMonitor] - Notice from spectre during periodic steady state analysis `pss'.
    12 warnings suppressed. {"history": "Interactive.8", "point": 16, "testname": "VGA_VGA_1_pss_tb_1", "cornername": "CMOS_CAP_VDD_TEMP_14"}
[2026-04-16 10:27:44.376 Z] [INFO] [cadence.virtuoso.ade.simulationMonitor] - Total time required for pss analysis `pss': CPU = 730.842 ms, elapsed = 750.497 ms, util. = 97.4%. {"history": "Interactive.8", "point": 16, "testname": "VGA_VGA_1_pss_tb_1", "cornername": "CMOS_CAP_VDD_TEMP_14"}
[2026-04-16 10:27:44.376 Z] [INFO] [cadence.virtuoso.ade.simulationMonitor] - Peak resident memory used = 219 Mbytes. {"history": "Interactive.8", "point": 16, "testname": "VGA_VGA_1_pss_tb_1", "cornername": "CMOS_CAP_VDD_TEMP_14"}
[2026-04-16 10:27:44.376 Z] [INFO] [cadence.virtuoso.ade.simulationMonitor] - Time used: CPU = 1.33 s, elapsed = 1.85 s, util. = 71.5%. {"history": "Interactive.8", "point": 16, "testname": "VGA_VGA_1_pss_tb_1", "cornername": "CMOS_CAP_VDD_TEMP_14"}
[2026-04-16 10:27:44.376 Z] [INFO] [cadence.virtuoso.ade.simulationMonitor] - Time spent in licensing: elapsed = 73.2 ms. {"history": "Interactive.8", "point": 16, "testname": "VGA_VGA_1_pss_tb_1", "cornername": "CMOS_CAP_VDD_TEMP_14"}
[2026-04-16 10:27:44.377 Z] [INFO] [cadence.virtuoso.ade.simulationMonitor] - Peak memory used = 219 Mbytes. {"history": "Interactive.8", "point": 16, "testname": "VGA_VGA_1_pss_tb_1", "cornername": "CMOS_CAP_VDD_TEMP_14"}
[2026-04-16 10:27:44.378 Z] [PROCESS] [cadence.virtuoso.ade.simulationMonitor] - Simulation started at: 10:27:42 AM, Thur Apr 16, 2026, ended at: 10:27:43 AM, Thur Apr 16, 2026, with elapsed time (wall clock): 1.85 s. {"history": "Interactive.8", "point": 16, "testname": "VGA_VGA_1_pss_tb_1", "cornername": "CMOS_CAP_VDD_TEMP_14"}
[2026-04-16 10:27:44.378 Z] [PROCESS] [cadence.virtuoso.ade.simulationMonitor] - spectre completes with 0 errors, 34 warnings, and 14 notices. {"history": "Interactive.8", "point": 16, "testname": "VGA_VGA_1_pss_tb_1", "cornername": "CMOS_CAP_VDD_TEMP_14"}
[2026-04-16 10:27:44.378 Z] [PROCESS] [cadence.virtuoso.ade.simulationMonitor] - Finished simulating for one point {"hostname": "il2244vt26_davidevi", "processid": 1096459, "history": "Interactive.8", "testname": "VGA_VGA_1_pss_tb_1", "cornername": "CMOS_CAP_VDD_TEMP_14", "point": 16, "logfile": "/home/davidevi/Desktop/myproject/logs_davidevi/logs0/Job514.log", "simid": "2"}
[2026-04-16 10:27:44.379 Z] [PROCESS] [cadence.virtuoso.ade.simulationMonitor] - Simulator exited {"hostname": "il2244vt26_davidevi", "processid": 1096459, "history": "Interactive.8", "testname": "VGA_VGA_1_pss_tb_1", "cornername": "CMOS_CAP_VDD_TEMP_14", "point": 16, "logfile": "/home/davidevi/Desktop/myproject/logs_davidevi/logs0/Job514.log", "exitStatus": "0"}
[2026-04-16 10:27:44.379 Z] [PROCESS] [cadence.virtuoso.ade.simulationMonitor] - Finished Simulation {"hostname": "il2244vt26_davidevi", "processid": 1096459, "history": "Interactive.8", "testname": "VGA_VGA_1_pss_tb_1", "cornername": "CMOS_CAP_VDD_TEMP_14", "point": 16, "logfile": "/home/davidevi/Desktop/myproject/logs_davidevi/logs0/Job514.log", "simid": "2"}
[2026-04-16 10:27:46.890 Z] [PROCESS] [cadence.virtuoso.ade.simulationMonitor] - Point Finished {"hostname": "il2244vt26_davidevi", "processid": 1096459, "history": "Interactive.8", "testname": "VGA_VGA_1_pss_tb_1", "cornername": "CMOS_CAP_VDD_TEMP_14", "point": 16, "logfile": "/home/davidevi/Desktop/myproject/logs_davidevi/logs0/Job514.log"}
[2026-04-16 10:27:46.893 Z] [PROCESS] [cadence.virtuoso.ade.simulationMonitor] - HostInfo:
Host name (type):	il2244vt26_davidevi (x86_64)
Operating system:	Linux 5.15.0-164-generic #174-Ubuntu SMP Fri Nov 14 20:25:16 UTC 2025 {"hostname": "il2244vt26_davidevi", "processid": 1096459, "history": "Interactive.8", "testname": "VGA_VGA_1_pss_tb_1", "cornername": "CMOS_CAP_VDD_TEMP_14", "point": 16, "logfile": "/home/davidevi/Desktop/myproject/logs_davidevi/logs0/Job514.log", "nodename": "il2244vt26_davidevi", "domainname": "(none)", "machine": "x86_64", "sysname": "Linux", "release": "5.15.0-164-generic", "version": "#174-Ubuntu SMP Fri Nov 14 20:25:16 UTC 2025"}
[2026-04-16 10:27:46.893 Z] [PROCESS] [cadence.virtuoso.ade.simulationMonitor] - UsageInfo:
pid=1096459
totalPhysicalMemory=3023.749672GB,Used=1573.746826GB,totalVirtualMemory=3031.749668GB,Used=1573.774414GB
Cpu: Cores=48, Load average:12.490000,8.680000,8.730000 {"hostname": "il2244vt26_davidevi", "processid": 1096459, "history": "Interactive.8", "testname": "VGA_VGA_1_pss_tb_1", "cornername": "CMOS_CAP_VDD_TEMP_14", "point": 16, "logfile": "/home/davidevi/Desktop/myproject/logs_davidevi/logs0/Job514.log", "pid": "1096459", "totalPhysicalMemory": "3023.749672", "physicalMemoryUsed": "1573.746826", "totalVirtualMemory": "3031.749668", "virtualMemoryUsed": "1573.774414", "cpuCores": "48", "processes": "29801", "loadAverage1": "12.490000", "loadAverage5": "8.680000", "loadAverage15": "8.730000", "loadAverage1Percent": "0.260208"}
[2026-04-16 10:27:46.895 Z] [EVENT] [cadence.virtuoso.ade.simulationMonitor] - NewPoint {"history": "Interactive.8", "point": 27, "testname": "VGA_VGA_1_pss_tb_1", "cornername": "CMOS_CAP_VDD_TEMP_25", "event": "NewPoint", "EventSource": "Simulation Monitor", "HistoryName": "Interactive.8", "logFile": "/home/davidevi/Desktop/myproject/logs_davidevi/logs0/Job514.log", "logFileSize": "49180"}
[2026-04-16 10:27:46.996 Z] [EVENT] [cadence.virtuoso.ade.simulationMonitor] - NewPoint {"history": "Interactive.8", "point": 27, "testname": "VGA_VGA_1_pss_tb_1", "cornername": "CMOS_CAP_VDD_TEMP_25", "event": "NewPoint", "EventSource": "spectre", "HistoryName": "Interactive.8", "logFile": "/home/davidevi/Desktop/myproject/Sim/VGA/VGA_1_pss_tb/maestro/results/maestro/Interactive.8/27/VGA_VGA_1_pss_tb_1/psf/spectre.out", "logFileSize": "-1"}
[2026-04-16 10:27:47.005 Z] [PROCESS] [cadence.virtuoso.ade.simulationMonitor] - Simulator launched {"hostname": "il2244vt26_davidevi", "processid": 1096459, "history": "Interactive.8", "testname": "VGA_VGA_1_pss_tb_1", "cornername": "CMOS_CAP_VDD_TEMP_25", "point": 27, "logfile": "/home/davidevi/Desktop/myproject/logs_davidevi/logs0/Job514.log", "simid": "3"}
[2026-04-16 10:27:47.047 Z] [PROCESS] [cadence.virtuoso.ade.simulationMonitor] - Started Simulation {"hostname": "il2244vt26_davidevi", "processid": 1096459, "history": "Interactive.8", "testname": "VGA_VGA_1_pss_tb_1", "cornername": "CMOS_CAP_VDD_TEMP_25", "point": 27, "logfile": "/home/davidevi/Desktop/myproject/logs_davidevi/logs0/Job514.log", "event": "started", "task": "simulation"}
[2026-04-16 10:27:48.047 Z] [WARN] [cadence.virtuoso.ade.simulationMonitor] -     WARNING (SPECTRE-691): This CPU processor does not support x86 advanced vector extensions instructions. This may affect math operations and slow down the simulation. {"history": "Interactive.8", "point": 27, "testname": "VGA_VGA_1_pss_tb_1", "cornername": "CMOS_CAP_VDD_TEMP_25"}
[2026-04-16 10:27:48.048 Z] [INFO] [cadence.virtuoso.ade.simulationMonitor] - Notice from spectre during circuit read-in.
    Pre_Configuration file used: /opt/tools/cadence/installs/SPECTRE241/tools.lnx86/spectre/etc/configs/preset.precfg
    Configuration file used: `/opt/tools/cadence/installs/SPECTRE241/tools.lnx86/spectre/etc/configs/preset.cfg'. {"history": "Interactive.8", "point": 27, "testname": "VGA_VGA_1_pss_tb_1", "cornername": "CMOS_CAP_VDD_TEMP_25"}
[2026-04-16 10:27:48.048 Z] [WARN] [cadence.virtuoso.ade.simulationMonitor] -     WARNING (SPECTRE-8360): line 1511: `ac' is an undefined primitive device. {"history": "Interactive.8", "point": 27, "testname": "VGA_VGA_1_pss_tb_1", "cornername": "CMOS_CAP_VDD_TEMP_25"}
[2026-04-16 10:27:48.048 Z] [WARN] [cadence.virtuoso.ade.simulationMonitor] -     WARNING (SPECTRE-8360): line 1512: `ac' is an undefined primitive device. {"history": "Interactive.8", "point": 27, "testname": "VGA_VGA_1_pss_tb_1", "cornername": "CMOS_CAP_VDD_TEMP_25"}
[2026-04-16 10:27:48.048 Z] [WARN] [cadence.virtuoso.ade.simulationMonitor] -     WARNING (SPECTRE-8360): line 1513: `ac' is an undefined primitive device. {"history": "Interactive.8", "point": 27, "testname": "VGA_VGA_1_pss_tb_1", "cornername": "CMOS_CAP_VDD_TEMP_25"}
[2026-04-16 10:27:48.048 Z] [WARN] [cadence.virtuoso.ade.simulationMonitor] -     WARNING (SPECTRE-8360): line 1514: `ac' is an undefined primitive device. {"history": "Interactive.8", "point": 27, "testname": "VGA_VGA_1_pss_tb_1", "cornername": "CMOS_CAP_VDD_TEMP_25"}
[2026-04-16 10:27:48.049 Z] [WARN] [cadence.virtuoso.ade.simulationMonitor] -     WARNING (SPECTRE-8360): line 1515: `ac' is an undefined primitive device.
        Further occurrences of this warning will be suppressed. {"history": "Interactive.8", "point": 27, "testname": "VGA_VGA_1_pss_tb_1", "cornername": "CMOS_CAP_VDD_TEMP_25"}
[2026-04-16 10:27:48.049 Z] [INFO] [cadence.virtuoso.ade.simulationMonitor] - Peak resident memory used = 179 Mbytes. {"history": "Interactive.8", "point": 27, "testname": "VGA_VGA_1_pss_tb_1", "cornername": "CMOS_CAP_VDD_TEMP_25"}
[2026-04-16 10:27:48.049 Z] [WARN] [cadence.virtuoso.ade.simulationMonitor] -     WARNING (VACOMP-2435): The environment variable CDS_AHDLCMI_ENABLE is no longer supported. Therefore, the simulator will use the default compiled C code flow. {"history": "Interactive.8", "point": 27, "testname": "VGA_VGA_1_pss_tb_1", "cornername": "CMOS_CAP_VDD_TEMP_25"}
[2026-04-16 10:27:48.049 Z] [WARN] [cadence.virtuoso.ade.simulationMonitor] -     WARNING (SFE-3016): The floating node net6 is removed. {"history": "Interactive.8", "point": 27, "testname": "VGA_VGA_1_pss_tb_1", "cornername": "CMOS_CAP_VDD_TEMP_25"}
[2026-04-16 10:27:48.049 Z] [INFO] [cadence.virtuoso.ade.simulationMonitor] - Peak resident memory used = 192 Mbytes. {"history": "Interactive.8", "point": 27, "testname": "VGA_VGA_1_pss_tb_1", "cornername": "CMOS_CAP_VDD_TEMP_25"}
[2026-04-16 10:27:48.049 Z] [INFO] [cadence.virtuoso.ade.simulationMonitor] - Notice from spectre during hierarchy flattening.
    The value 'psf' specified for the 'checklimitdest' option will no longer be supported in future releases. Use 'spectre -h' to see other recommended values for the 'checklimitdest' option. {"history": "Interactive.8", "point": 27, "testname": "VGA_VGA_1_pss_tb_1", "cornername": "CMOS_CAP_VDD_TEMP_25"}
[2026-04-16 10:27:48.049 Z] [INFO] [cadence.virtuoso.ade.simulationMonitor] - Peak resident memory used = 195 Mbytes. {"history": "Interactive.8", "point": 27, "testname": "VGA_VGA_1_pss_tb_1", "cornername": "CMOS_CAP_VDD_TEMP_25"}
[2026-04-16 10:27:48.049 Z] [WARN] [cadence.virtuoso.ade.simulationMonitor] -     WARNING (SPECTRE-17607): Assert `SOAC_rpolyh_vminuspsub' is ignored because it contains an expression which is invalid or not supported by native evaluator.  {"history": "Interactive.8", "point": 27, "testname": "VGA_VGA_1_pss_tb_1", "cornername": "CMOS_CAP_VDD_TEMP_25"}
[2026-04-16 10:27:48.049 Z] [WARN] [cadence.virtuoso.ade.simulationMonitor] -     WARNING (SPECTRE-17607): Assert `SOAC_rpolyh_vpluspsub' is ignored because it contains an expression which is invalid or not supported by native evaluator.  {"history": "Interactive.8", "point": 27, "testname": "VGA_VGA_1_pss_tb_1", "cornername": "CMOS_CAP_VDD_TEMP_25"}
[2026-04-16 10:27:48.050 Z] [WARN] [cadence.virtuoso.ade.simulationMonitor] -     WARNING (SPECTRE-16460): SOAC_cvarm_vspsub:Specified subcircuit master `cvarm' was not found. {"history": "Interactive.8", "point": 27, "testname": "VGA_VGA_1_pss_tb_1", "cornername": "CMOS_CAP_VDD_TEMP_25"}
[2026-04-16 10:27:48.050 Z] [WARN] [cadence.virtuoso.ade.simulationMonitor] -     WARNING (SPECTRE-16462): SOAC_cvarm_vspsub:Error in specification of subcircuit master. Assert is ignored. {"history": "Interactive.8", "point": 27, "testname": "VGA_VGA_1_pss_tb_1", "cornername": "CMOS_CAP_VDD_TEMP_25"}
[2026-04-16 10:27:48.050 Z] [WARN] [cadence.virtuoso.ade.simulationMonitor] -     WARNING (SPECTRE-16460): SOAC_cvarm_vbs:Specified subcircuit master `cvarm' was not found. {"history": "Interactive.8", "point": 27, "testname": "VGA_VGA_1_pss_tb_1", "cornername": "CMOS_CAP_VDD_TEMP_25"}
[2026-04-16 10:27:48.050 Z] [WARN] [cadence.virtuoso.ade.simulationMonitor] -     WARNING (SPECTRE-16462): SOAC_cvarm_vbs:Error in specification of subcircuit master. Assert is ignored. {"history": "Interactive.8", "point": 27, "testname": "VGA_VGA_1_pss_tb_1", "cornername": "CMOS_CAP_VDD_TEMP_25"}
[2026-04-16 10:27:48.050 Z] [WARN] [cadence.virtuoso.ade.simulationMonitor] -     WARNING (SPECTRE-16460): SOAC_cvarm_vgb:Specified subcircuit master `cvarm' was not found. {"history": "Interactive.8", "point": 27, "testname": "VGA_VGA_1_pss_tb_1", "cornername": "CMOS_CAP_VDD_TEMP_25"}
[2026-04-16 10:27:48.050 Z] [WARN] [cadence.virtuoso.ade.simulationMonitor] -     WARNING (SPECTRE-16462): SOAC_cvarm_vgb:Error in specification of subcircuit master. Assert is ignored. {"history": "Interactive.8", "point": 27, "testname": "VGA_VGA_1_pss_tb_1", "cornername": "CMOS_CAP_VDD_TEMP_25"}
[2026-04-16 10:27:48.050 Z] [WARN] [cadence.virtuoso.ade.simulationMonitor] -     WARNING (SPECTRE-16460): SOAC_cvart_vspsub:Specified subcircuit master `cvart' was not found. {"history": "Interactive.8", "point": 27, "testname": "VGA_VGA_1_pss_tb_1", "cornername": "CMOS_CAP_VDD_TEMP_25"}
[2026-04-16 10:27:48.050 Z] [WARN] [cadence.virtuoso.ade.simulationMonitor] -     WARNING (SPECTRE-16462): SOAC_cvart_vspsub:Error in specification of subcircuit master. Assert is ignored. {"history": "Interactive.8", "point": 27, "testname": "VGA_VGA_1_pss_tb_1", "cornername": "CMOS_CAP_VDD_TEMP_25"}
[2026-04-16 10:27:48.051 Z] [WARN] [cadence.virtuoso.ade.simulationMonitor] -     WARNING (SPECTRE-16460): SOAC_cvart_vbs:Specified subcircuit master `cvart' was not found.
        Further occurrences of this warning will be suppressed. {"history": "Interactive.8", "point": 27, "testname": "VGA_VGA_1_pss_tb_1", "cornername": "CMOS_CAP_VDD_TEMP_25"}
[2026-04-16 10:27:48.051 Z] [WARN] [cadence.virtuoso.ade.simulationMonitor] -     WARNING (SPECTRE-16462): SOAC_cvart_vbs:Error in specification of subcircuit master. Assert is ignored.
        Further occurrences of this warning will be suppressed. {"history": "Interactive.8", "point": 27, "testname": "VGA_VGA_1_pss_tb_1", "cornername": "CMOS_CAP_VDD_TEMP_25"}
[2026-04-16 10:27:48.051 Z] [WARN] [cadence.virtuoso.ade.simulationMonitor] -     WARNING (SPECTRE-17607): Assert `SOAC_cpoly_vminuspsub' is ignored because it contains an expression which is invalid or not supported by native evaluator.  {"history": "Interactive.8", "point": 27, "testname": "VGA_VGA_1_pss_tb_1", "cornername": "CMOS_CAP_VDD_TEMP_25"}
[2026-04-16 10:27:48.051 Z] [WARN] [cadence.virtuoso.ade.simulationMonitor] -     WARNING (SPECTRE-17607): Assert `SOAC_cpoly_vpluspsub' is ignored because it contains an expression which is invalid or not supported by native evaluator.  {"history": "Interactive.8", "point": 27, "testname": "VGA_VGA_1_pss_tb_1", "cornername": "CMOS_CAP_VDD_TEMP_25"}
[2026-04-16 10:27:48.051 Z] [WARN] [cadence.virtuoso.ade.simulationMonitor] -     WARNING (SPECTRE-17607): Assert `SOAC_modp_vbpsub' is ignored because it contains an expression which is invalid or not supported by native evaluator. 
        Further occurrences of this warning will be suppressed. {"history": "Interactive.8", "point": 27, "testname": "VGA_VGA_1_pss_tb_1", "cornername": "CMOS_CAP_VDD_TEMP_25"}
[2026-04-16 10:27:48.551 Z] [INFO] [cadence.virtuoso.ade.simulationMonitor] - Notice from spectre during initial setup.
    Multithreading is disabled due to the size of the design being too small. {"history": "Interactive.8", "point": 27, "testname": "VGA_VGA_1_pss_tb_1", "cornername": "CMOS_CAP_VDD_TEMP_25"}
[2026-04-16 10:27:48.552 Z] [WARN] [cadence.virtuoso.ade.simulationMonitor] -     WARNING (SPECTRE-592): Following parameters are disabled because they are ignored or redefined in Spectre X:
        
        
        PSS Parameters:
          errpreset {"history": "Interactive.8", "point": 27, "testname": "VGA_VGA_1_pss_tb_1", "cornername": "CMOS_CAP_VDD_TEMP_25"}
[2026-04-16 10:27:48.554 Z] [INFO] [cadence.virtuoso.ade.simulationMonitor] -               nodes 31 {"history": "Interactive.8", "point": 27, "testname": "VGA_VGA_1_pss_tb_1", "cornername": "CMOS_CAP_VDD_TEMP_25"}
[2026-04-16 10:27:48.554 Z] [INFO] [cadence.virtuoso.ade.simulationMonitor] - Notice from spectre during initial setup.
    Spectre X preset=cx enabled.
    73 warnings suppressed. {"history": "Interactive.8", "point": 27, "testname": "VGA_VGA_1_pss_tb_1", "cornername": "CMOS_CAP_VDD_TEMP_25"}
[2026-04-16 10:27:48.554 Z] [INFO] [cadence.virtuoso.ade.simulationMonitor] - Peak resident memory used = 201 Mbytes. {"history": "Interactive.8", "point": 27, "testname": "VGA_VGA_1_pss_tb_1", "cornername": "CMOS_CAP_VDD_TEMP_25"}
[2026-04-16 10:27:48.554 Z] [INFO] [cadence.virtuoso.ade.simulationMonitor] -    -   (Spectre X) Multi-threading. The recommended number of threads is 1, consider adding +mt=1 on command line. {"history": "Interactive.8", "point": 27, "testname": "VGA_VGA_1_pss_tb_1", "cornername": "CMOS_CAP_VDD_TEMP_25"}
[2026-04-16 10:27:48.554 Z] [INFO] [cadence.virtuoso.ade.simulationMonitor] - Notice from spectre during transient analysis `tran'.
    No checklimit analysis defined for asserts. A default checklimit analysis 'SpectreChecklimitAnal' has been created with all asserts enabled. {"history": "Interactive.8", "point": 27, "testname": "VGA_VGA_1_pss_tb_1", "cornername": "CMOS_CAP_VDD_TEMP_25"}
[2026-04-16 10:27:48.554 Z] [INFO] [cadence.virtuoso.ade.simulationMonitor] - Notice from spectre during IC analysis, during transient analysis `tran'.
    Bad pivoting is found during DC analysis. Option dc_pivot_check=yes is recommended for possible improvement of convergence. {"history": "Interactive.8", "point": 27, "testname": "VGA_VGA_1_pss_tb_1", "cornername": "CMOS_CAP_VDD_TEMP_25"}
[2026-04-16 10:27:48.555 Z] [WARN] [cadence.virtuoso.ade.simulationMonitor] -     WARNING (CMI-2943): Parameter checks have been ignored because the valid value for parameter 'trise' could not be found in 'C1'. {"history": "Interactive.8", "point": 27, "testname": "VGA_VGA_1_pss_tb_1", "cornername": "CMOS_CAP_VDD_TEMP_25"}
[2026-04-16 10:27:48.555 Z] [WARN] [cadence.virtuoso.ade.simulationMonitor] -     WARNING (CMI-2943): Parameter checks have been ignored because the valid value for parameter 'trise' could not be found in 'I0.C8<0>_turbo_m4.C1'. {"history": "Interactive.8", "point": 27, "testname": "VGA_VGA_1_pss_tb_1", "cornername": "CMOS_CAP_VDD_TEMP_25"}
[2026-04-16 10:27:48.555 Z] [WARN] [cadence.virtuoso.ade.simulationMonitor] -     WARNING (CMI-2943): Parameter checks have been ignored because the valid value for parameter 'trise' could not be found in 'I0.C9<0>_turbo_m8.C1'. {"history": "Interactive.8", "point": 27, "testname": "VGA_VGA_1_pss_tb_1", "cornername": "CMOS_CAP_VDD_TEMP_25"}
[2026-04-16 10:27:48.555 Z] [WARN] [cadence.virtuoso.ade.simulationMonitor] -     WARNING (CMI-2943): Parameter checks have been ignored because the valid value for parameter 'trise' could not be found in 'I0.C7<0>_turbo_m2.C1'. {"history": "Interactive.8", "point": 27, "testname": "VGA_VGA_1_pss_tb_1", "cornername": "CMOS_CAP_VDD_TEMP_25"}
[2026-04-16 10:27:48.555 Z] [WARN] [cadence.virtuoso.ade.simulationMonitor] -     WARNING (CMI-2943): Parameter checks have been ignored because the valid value for parameter 'trise' could not be found in 'I0.R2.CM'.
        Further occurrences of this warning will be suppressed. {"history": "Interactive.8", "point": 27, "testname": "VGA_VGA_1_pss_tb_1", "cornername": "CMOS_CAP_VDD_TEMP_25"}
[2026-04-16 10:27:48.555 Z] [INFO] [cadence.virtuoso.ade.simulationMonitor] - Notice from spectre during transient analysis `tran'.
    Multithreading is disabled due to the size of the design being too small. {"history": "Interactive.8", "point": 27, "testname": "VGA_VGA_1_pss_tb_1", "cornername": "CMOS_CAP_VDD_TEMP_25"}
[2026-04-16 10:27:48.555 Z] [INFO] [cadence.virtuoso.ade.simulationMonitor] - Total time required for tran analysis `tran': CPU = 96.135 ms, elapsed = 100.806 ms, util. = 95.4%. {"history": "Interactive.8", "point": 27, "testname": "VGA_VGA_1_pss_tb_1", "cornername": "CMOS_CAP_VDD_TEMP_25"}
[2026-04-16 10:27:48.555 Z] [INFO] [cadence.virtuoso.ade.simulationMonitor] - Peak resident memory used = 211 Mbytes. {"history": "Interactive.8", "point": 27, "testname": "VGA_VGA_1_pss_tb_1", "cornername": "CMOS_CAP_VDD_TEMP_25"}
[2026-04-16 10:27:48.556 Z] [INFO] [cadence.virtuoso.ade.simulationMonitor] - Notice from spectre.
    12 warnings suppressed. {"history": "Interactive.8", "point": 27, "testname": "VGA_VGA_1_pss_tb_1", "cornername": "CMOS_CAP_VDD_TEMP_25"}
[2026-04-16 10:27:48.556 Z] [INFO] [cadence.virtuoso.ade.simulationMonitor] - Notice from spectre during IC analysis, during periodic steady state analysis `pss'.
    Bad pivoting is found during DC analysis. Option dc_pivot_check=yes is recommended for possible improvement of convergence. {"history": "Interactive.8", "point": 27, "testname": "VGA_VGA_1_pss_tb_1", "cornername": "CMOS_CAP_VDD_TEMP_25"}
[2026-04-16 10:27:48.556 Z] [WARN] [cadence.virtuoso.ade.simulationMonitor] -     WARNING (CMI-2943): Parameter checks have been ignored because the valid value for parameter 'trise' could not be found in 'C1'. {"history": "Interactive.8", "point": 27, "testname": "VGA_VGA_1_pss_tb_1", "cornername": "CMOS_CAP_VDD_TEMP_25"}
[2026-04-16 10:27:48.556 Z] [WARN] [cadence.virtuoso.ade.simulationMonitor] -     WARNING (CMI-2943): Parameter checks have been ignored because the valid value for parameter 'trise' could not be found in 'I0.C8<0>_turbo_m4.C1'. {"history": "Interactive.8", "point": 27, "testname": "VGA_VGA_1_pss_tb_1", "cornername": "CMOS_CAP_VDD_TEMP_25"}
[2026-04-16 10:27:48.556 Z] [WARN] [cadence.virtuoso.ade.simulationMonitor] -     WARNING (CMI-2943): Parameter checks have been ignored because the valid value for parameter 'trise' could not be found in 'I0.C9<0>_turbo_m8.C1'. {"history": "Interactive.8", "point": 27, "testname": "VGA_VGA_1_pss_tb_1", "cornername": "CMOS_CAP_VDD_TEMP_25"}
[2026-04-16 10:27:48.556 Z] [WARN] [cadence.virtuoso.ade.simulationMonitor] -     WARNING (CMI-2943): Parameter checks have been ignored because the valid value for parameter 'trise' could not be found in 'I0.C7<0>_turbo_m2.C1'. {"history": "Interactive.8", "point": 27, "testname": "VGA_VGA_1_pss_tb_1", "cornername": "CMOS_CAP_VDD_TEMP_25"}
[2026-04-16 10:27:48.556 Z] [WARN] [cadence.virtuoso.ade.simulationMonitor] -     WARNING (CMI-2943): Parameter checks have been ignored because the valid value for parameter 'trise' could not be found in 'I0.R2.CM'.
        Further occurrences of this warning will be suppressed. {"history": "Interactive.8", "point": 27, "testname": "VGA_VGA_1_pss_tb_1", "cornername": "CMOS_CAP_VDD_TEMP_25"}
[2026-04-16 10:27:48.556 Z] [INFO] [cadence.virtuoso.ade.simulationMonitor] - Total time required for tstab analysis `pss': CPU = 5.714 ms, elapsed = 5.71299 ms. {"history": "Interactive.8", "point": 27, "testname": "VGA_VGA_1_pss_tb_1", "cornername": "CMOS_CAP_VDD_TEMP_25"}
[2026-04-16 10:27:48.556 Z] [INFO] [cadence.virtuoso.ade.simulationMonitor] - Peak resident memory used = 213 Mbytes. {"history": "Interactive.8", "point": 27, "testname": "VGA_VGA_1_pss_tb_1", "cornername": "CMOS_CAP_VDD_TEMP_25"}
[2026-04-16 10:27:48.557 Z] [INFO] [cadence.virtuoso.ade.simulationMonitor] - Notice from spectre during periodic steady state analysis `pss'.
    12 warnings suppressed. {"history": "Interactive.8", "point": 27, "testname": "VGA_VGA_1_pss_tb_1", "cornername": "CMOS_CAP_VDD_TEMP_25"}
[2026-04-16 10:27:49.557 Z] [INFO] [cadence.virtuoso.ade.simulationMonitor] - Total time required for pss analysis `pss': CPU = 718.146 ms, elapsed = 736.038 ms, util. = 97.6%. {"history": "Interactive.8", "point": 27, "testname": "VGA_VGA_1_pss_tb_1", "cornername": "CMOS_CAP_VDD_TEMP_25"}
[2026-04-16 10:27:49.558 Z] [INFO] [cadence.virtuoso.ade.simulationMonitor] - Peak resident memory used = 219 Mbytes. {"history": "Interactive.8", "point": 27, "testname": "VGA_VGA_1_pss_tb_1", "cornername": "CMOS_CAP_VDD_TEMP_25"}
[2026-04-16 10:27:49.558 Z] [INFO] [cadence.virtuoso.ade.simulationMonitor] - Time used: CPU = 1.27 s, elapsed = 1.82 s, util. = 69.7%. {"history": "Interactive.8", "point": 27, "testname": "VGA_VGA_1_pss_tb_1", "cornername": "CMOS_CAP_VDD_TEMP_25"}
[2026-04-16 10:27:49.558 Z] [INFO] [cadence.virtuoso.ade.simulationMonitor] - Time spent in licensing: elapsed = 69.1 ms. {"history": "Interactive.8", "point": 27, "testname": "VGA_VGA_1_pss_tb_1", "cornername": "CMOS_CAP_VDD_TEMP_25"}
[2026-04-16 10:27:49.559 Z] [INFO] [cadence.virtuoso.ade.simulationMonitor] - Peak memory used = 219 Mbytes. {"history": "Interactive.8", "point": 27, "testname": "VGA_VGA_1_pss_tb_1", "cornername": "CMOS_CAP_VDD_TEMP_25"}
[2026-04-16 10:27:49.560 Z] [PROCESS] [cadence.virtuoso.ade.simulationMonitor] - Simulation started at: 10:27:47 AM, Thur Apr 16, 2026, ended at: 10:27:49 AM, Thur Apr 16, 2026, with elapsed time (wall clock): 1.82 s. {"history": "Interactive.8", "point": 27, "testname": "VGA_VGA_1_pss_tb_1", "cornername": "CMOS_CAP_VDD_TEMP_25"}
[2026-04-16 10:27:49.560 Z] [PROCESS] [cadence.virtuoso.ade.simulationMonitor] - spectre completes with 0 errors, 34 warnings, and 14 notices. {"history": "Interactive.8", "point": 27, "testname": "VGA_VGA_1_pss_tb_1", "cornername": "CMOS_CAP_VDD_TEMP_25"}
[2026-04-16 10:27:49.560 Z] [PROCESS] [cadence.virtuoso.ade.simulationMonitor] - Finished simulating for one point {"hostname": "il2244vt26_davidevi", "processid": 1096459, "history": "Interactive.8", "testname": "VGA_VGA_1_pss_tb_1", "cornername": "CMOS_CAP_VDD_TEMP_25", "point": 27, "logfile": "/home/davidevi/Desktop/myproject/logs_davidevi/logs0/Job514.log", "simid": "3"}
[2026-04-16 10:27:49.561 Z] [PROCESS] [cadence.virtuoso.ade.simulationMonitor] - Simulator exited {"hostname": "il2244vt26_davidevi", "processid": 1096459, "history": "Interactive.8", "testname": "VGA_VGA_1_pss_tb_1", "cornername": "CMOS_CAP_VDD_TEMP_25", "point": 27, "logfile": "/home/davidevi/Desktop/myproject/logs_davidevi/logs0/Job514.log", "exitStatus": "0"}
[2026-04-16 10:27:49.561 Z] [PROCESS] [cadence.virtuoso.ade.simulationMonitor] - Finished Simulation {"hostname": "il2244vt26_davidevi", "processid": 1096459, "history": "Interactive.8", "testname": "VGA_VGA_1_pss_tb_1", "cornername": "CMOS_CAP_VDD_TEMP_25", "point": 27, "logfile": "/home/davidevi/Desktop/myproject/logs_davidevi/logs0/Job514.log", "simid": "3"}
[2026-04-16 10:27:52.072 Z] [PROCESS] [cadence.virtuoso.ade.simulationMonitor] - Point Finished {"hostname": "il2244vt26_davidevi", "processid": 1096459, "history": "Interactive.8", "testname": "VGA_VGA_1_pss_tb_1", "cornername": "CMOS_CAP_VDD_TEMP_25", "point": 27, "logfile": "/home/davidevi/Desktop/myproject/logs_davidevi/logs0/Job514.log"}
[2026-04-16 10:27:53.075 Z] [PROCESS] [cadence.virtuoso.ade.simulationMonitor] - Stay with the runId '0', Linger time '300', currentRunSyn '1', currentTestSyn '2' {"hostname": "il2244vt26_davidevi", "processid": 1096459, "history": "Interactive.8", "testname": "VGA_VGA_1_pss_tb_1", "cornername": "CMOS_CAP_VDD_TEMP_25", "point": 27, "logfile": "/home/davidevi/Desktop/myproject/logs_davidevi/logs0/Job514.log"}
[2026-04-16 10:27:54.076 Z] [PROCESS] [cadence.virtuoso.ade.simulationMonitor] - Stay with the runId '0', Linger time '300', currentRunSyn '1', currentTestSyn '2' {"hostname": "il2244vt26_davidevi", "processid": 1096459, "history": "Interactive.8", "testname": "VGA_VGA_1_pss_tb_1", "cornername": "CMOS_CAP_VDD_TEMP_25", "point": 27, "logfile": "/home/davidevi/Desktop/myproject/logs_davidevi/logs0/Job514.log"}
[2026-04-16 10:27:55.079 Z] [PROCESS] [cadence.virtuoso.ade.simulationMonitor] - Stay with the runId '0', Linger time '300', currentRunSyn '1', currentTestSyn '2' {"hostname": "il2244vt26_davidevi", "processid": 1096459, "history": "Interactive.8", "testname": "VGA_VGA_1_pss_tb_1", "cornername": "CMOS_CAP_VDD_TEMP_25", "point": 27, "logfile": "/home/davidevi/Desktop/myproject/logs_davidevi/logs0/Job514.log"}
[2026-04-16 10:27:56.079 Z] [PROCESS] [cadence.virtuoso.ade.simulationMonitor] - Stay with the runId '0', Linger time '300', currentRunSyn '1', currentTestSyn '2' {"hostname": "il2244vt26_davidevi", "processid": 1096459, "history": "Interactive.8", "testname": "VGA_VGA_1_pss_tb_1", "cornername": "CMOS_CAP_VDD_TEMP_25", "point": 27, "logfile": "/home/davidevi/Desktop/myproject/logs_davidevi/logs0/Job514.log"}
[2026-04-16 10:27:57.078 Z] [PROCESS] [cadence.virtuoso.ade.simulationMonitor] - Stay with the runId '0', Linger time '300', currentRunSyn '1', currentTestSyn '2' {"hostname": "il2244vt26_davidevi", "processid": 1096459, "history": "Interactive.8", "testname": "VGA_VGA_1_pss_tb_1", "cornername": "CMOS_CAP_VDD_TEMP_25", "point": 27, "logfile": "/home/davidevi/Desktop/myproject/logs_davidevi/logs0/Job514.log"}
[2026-04-16 10:32:52.318 Z] [PROCESS] [cadence.virtuoso.ade.simulationMonitor] - Current memory used: 53.0078 MBytes, peak memory used: 53.0078 MBytes {"hostname": "il2244vt26_davidevi", "processid": 1096459, "history": "Interactive.8", "testname": "VGA_VGA_1_pss_tb_1", "cornername": "CMOS_CAP_VDD_TEMP_25", "point": 27, "logfile": "/home/davidevi/Desktop/myproject/logs_davidevi/logs0/Job514.log"}
[2026-04-16 10:32:52.318 Z] [PROCESS] [cadence.virtuoso.ade.simulationMonitor] - Simulation Monitor process exit. {"hostname": "il2244vt26_davidevi", "processid": 1096459, "history": "Interactive.8", "testname": "VGA_VGA_1_pss_tb_1", "cornername": "CMOS_CAP_VDD_TEMP_25", "point": 27, "logfile": "/home/davidevi/Desktop/myproject/logs_davidevi/logs0/Job514.log"}
