[Simulation Monitor: 513]
[2026-04-16 10:27:29.985 Z] [PROCESS] [cadence.virtuoso.ade.simulationMonitor] - Simulation Monitor has successfully started up. Trying to set up communication channels to other components ... {"hostname": "il2244vt26_davidevi", "processid": 1094835, "logfile": "/home/davidevi/Desktop/myproject/logs_davidevi/logs0/Job513.log"}
[2026-04-16 10:27:29.985 Z] [PROCESS] [cadence.virtuoso.ade.simulationMonitor] - Communication channels have been successfully set up. Start processing events ... {"hostname": "il2244vt26_davidevi", "processid": 1094835, "logfile": "/home/davidevi/Desktop/myproject/logs_davidevi/logs0/Job513.log"}
[2026-04-16 10:27:29.986 Z] [PROCESS] [cadence.virtuoso.ade.simulationMonitor] - Considering to start history {"hostname": "il2244vt26_davidevi", "processid": 1094835, "history": "Interactive.8", "logfile": "/home/davidevi/Desktop/myproject/logs_davidevi/logs0/Job513.log"}
[2026-04-16 10:27:29.989 Z] [PROCESS] [cadence.virtuoso.ade.simulationMonitor] - HostInfo:
Host name (type):	il2244vt26_davidevi (x86_64)
Operating system:	Linux 5.15.0-164-generic #174-Ubuntu SMP Fri Nov 14 20:25:16 UTC 2025 {"hostname": "il2244vt26_davidevi", "processid": 1094835, "history": "Interactive.8", "logfile": "/home/davidevi/Desktop/myproject/logs_davidevi/logs0/Job513.log", "nodename": "il2244vt26_davidevi", "domainname": "(none)", "machine": "x86_64", "sysname": "Linux", "release": "5.15.0-164-generic", "version": "#174-Ubuntu SMP Fri Nov 14 20:25:16 UTC 2025"}
[2026-04-16 10:27:29.989 Z] [PROCESS] [cadence.virtuoso.ade.simulationMonitor] - UsageInfo:
pid=1094835
totalPhysicalMemory=3023.749672GB,Used=1569.614349GB,totalVirtualMemory=3031.749668GB,Used=1569.641937GB
Cpu: Cores=48, Load average:9.200000,7.840000,8.460000 {"hostname": "il2244vt26_davidevi", "processid": 1094835, "history": "Interactive.8", "logfile": "/home/davidevi/Desktop/myproject/logs_davidevi/logs0/Job513.log", "pid": "1094835", "totalPhysicalMemory": "3023.749672", "physicalMemoryUsed": "1569.614349", "totalVirtualMemory": "3031.749668", "virtualMemoryUsed": "1569.641937", "cpuCores": "48", "processes": "29726", "loadAverage1": "9.200000", "loadAverage5": "7.840000", "loadAverage15": "8.460000", "loadAverage1Percent": "0.191667"}
[2026-04-16 10:27:29.990 Z] [EVENT] [cadence.virtuoso.ade.simulationMonitor] - NewPoint {"history": "Interactive.8", "point": 3, "testname": "VGA_VGA_1_pss_tb_1", "cornername": "CMOS_CAP_VDD_TEMP_1", "event": "NewPoint", "EventSource": "Simulation Monitor", "HistoryName": "Interactive.8", "logFile": "/home/davidevi/Desktop/myproject/logs_davidevi/logs0/Job513.log", "logFileSize": "2264"}
[2026-04-16 10:27:30.093 Z] [EVENT] [cadence.virtuoso.ade.simulationMonitor] - NewPoint {"history": "Interactive.8", "point": 3, "testname": "VGA_VGA_1_pss_tb_1", "cornername": "CMOS_CAP_VDD_TEMP_1", "event": "NewPoint", "EventSource": "spectre", "HistoryName": "Interactive.8", "logFile": "/home/davidevi/Desktop/myproject/Sim/VGA/VGA_1_pss_tb/maestro/results/maestro/Interactive.8/3/VGA_VGA_1_pss_tb_1/psf/spectre.out", "logFileSize": "-1"}
[2026-04-16 10:27:30.264 Z] [PROCESS] [cadence.virtuoso.ade.simulationMonitor] - Simulator launched {"hostname": "il2244vt26_davidevi", "processid": 1094835, "history": "Interactive.8", "testname": "VGA_VGA_1_pss_tb_1", "cornername": "CMOS_CAP_VDD_TEMP_1", "point": 3, "logfile": "/home/davidevi/Desktop/myproject/logs_davidevi/logs0/Job513.log", "simid": "1"}
[2026-04-16 10:27:30.268 Z] [PROCESS] [cadence.virtuoso.ade.simulationMonitor] - Expression evaluator launched {"hostname": "il2244vt26_davidevi", "processid": 1094835, "history": "Interactive.8", "testname": "VGA_VGA_1_pss_tb_1", "cornername": "CMOS_CAP_VDD_TEMP_1", "point": 3, "logfile": "/home/davidevi/Desktop/myproject/logs_davidevi/logs0/Job513.log"}
[2026-04-16 10:27:30.311 Z] [PROCESS] [cadence.virtuoso.ade.simulationMonitor] - Started Simulation {"hostname": "il2244vt26_davidevi", "processid": 1094835, "history": "Interactive.8", "testname": "VGA_VGA_1_pss_tb_1", "cornername": "CMOS_CAP_VDD_TEMP_1", "point": 3, "logfile": "/home/davidevi/Desktop/myproject/logs_davidevi/logs0/Job513.log", "event": "started", "task": "simulation"}
[2026-04-16 10:27:31.312 Z] [WARN] [cadence.virtuoso.ade.simulationMonitor] -     WARNING (SPECTRE-691): This CPU processor does not support x86 advanced vector extensions instructions. This may affect math operations and slow down the simulation. {"history": "Interactive.8", "point": 3, "testname": "VGA_VGA_1_pss_tb_1", "cornername": "CMOS_CAP_VDD_TEMP_1"}
[2026-04-16 10:27:31.312 Z] [INFO] [cadence.virtuoso.ade.simulationMonitor] - Notice from spectre during circuit read-in.
    Pre_Configuration file used: /opt/tools/cadence/installs/SPECTRE241/tools.lnx86/spectre/etc/configs/preset.precfg
    Configuration file used: `/opt/tools/cadence/installs/SPECTRE241/tools.lnx86/spectre/etc/configs/preset.cfg'. {"history": "Interactive.8", "point": 3, "testname": "VGA_VGA_1_pss_tb_1", "cornername": "CMOS_CAP_VDD_TEMP_1"}
[2026-04-16 10:27:31.312 Z] [WARN] [cadence.virtuoso.ade.simulationMonitor] -     WARNING (SPECTRE-8360): line 1511: `ac' is an undefined primitive device. {"history": "Interactive.8", "point": 3, "testname": "VGA_VGA_1_pss_tb_1", "cornername": "CMOS_CAP_VDD_TEMP_1"}
[2026-04-16 10:27:31.312 Z] [WARN] [cadence.virtuoso.ade.simulationMonitor] -     WARNING (SPECTRE-8360): line 1512: `ac' is an undefined primitive device. {"history": "Interactive.8", "point": 3, "testname": "VGA_VGA_1_pss_tb_1", "cornername": "CMOS_CAP_VDD_TEMP_1"}
[2026-04-16 10:27:31.313 Z] [WARN] [cadence.virtuoso.ade.simulationMonitor] -     WARNING (SPECTRE-8360): line 1513: `ac' is an undefined primitive device. {"history": "Interactive.8", "point": 3, "testname": "VGA_VGA_1_pss_tb_1", "cornername": "CMOS_CAP_VDD_TEMP_1"}
[2026-04-16 10:27:31.313 Z] [WARN] [cadence.virtuoso.ade.simulationMonitor] -     WARNING (SPECTRE-8360): line 1514: `ac' is an undefined primitive device. {"history": "Interactive.8", "point": 3, "testname": "VGA_VGA_1_pss_tb_1", "cornername": "CMOS_CAP_VDD_TEMP_1"}
[2026-04-16 10:27:31.313 Z] [WARN] [cadence.virtuoso.ade.simulationMonitor] -     WARNING (SPECTRE-8360): line 1515: `ac' is an undefined primitive device.
        Further occurrences of this warning will be suppressed. {"history": "Interactive.8", "point": 3, "testname": "VGA_VGA_1_pss_tb_1", "cornername": "CMOS_CAP_VDD_TEMP_1"}
[2026-04-16 10:27:31.313 Z] [INFO] [cadence.virtuoso.ade.simulationMonitor] - Peak resident memory used = 179 Mbytes. {"history": "Interactive.8", "point": 3, "testname": "VGA_VGA_1_pss_tb_1", "cornername": "CMOS_CAP_VDD_TEMP_1"}
[2026-04-16 10:27:31.313 Z] [WARN] [cadence.virtuoso.ade.simulationMonitor] -     WARNING (VACOMP-2435): The environment variable CDS_AHDLCMI_ENABLE is no longer supported. Therefore, the simulator will use the default compiled C code flow. {"history": "Interactive.8", "point": 3, "testname": "VGA_VGA_1_pss_tb_1", "cornername": "CMOS_CAP_VDD_TEMP_1"}
[2026-04-16 10:27:31.313 Z] [WARN] [cadence.virtuoso.ade.simulationMonitor] -     WARNING (SFE-3016): The floating node net6 is removed. {"history": "Interactive.8", "point": 3, "testname": "VGA_VGA_1_pss_tb_1", "cornername": "CMOS_CAP_VDD_TEMP_1"}
[2026-04-16 10:27:31.313 Z] [INFO] [cadence.virtuoso.ade.simulationMonitor] - Peak resident memory used = 192 Mbytes. {"history": "Interactive.8", "point": 3, "testname": "VGA_VGA_1_pss_tb_1", "cornername": "CMOS_CAP_VDD_TEMP_1"}
[2026-04-16 10:27:31.314 Z] [INFO] [cadence.virtuoso.ade.simulationMonitor] - Notice from spectre during hierarchy flattening.
    The value 'psf' specified for the 'checklimitdest' option will no longer be supported in future releases. Use 'spectre -h' to see other recommended values for the 'checklimitdest' option. {"history": "Interactive.8", "point": 3, "testname": "VGA_VGA_1_pss_tb_1", "cornername": "CMOS_CAP_VDD_TEMP_1"}
[2026-04-16 10:27:31.314 Z] [INFO] [cadence.virtuoso.ade.simulationMonitor] - Peak resident memory used = 194 Mbytes. {"history": "Interactive.8", "point": 3, "testname": "VGA_VGA_1_pss_tb_1", "cornername": "CMOS_CAP_VDD_TEMP_1"}
[2026-04-16 10:27:31.314 Z] [WARN] [cadence.virtuoso.ade.simulationMonitor] -     WARNING (SPECTRE-17607): Assert `SOAC_rpolyh_vminuspsub' is ignored because it contains an expression which is invalid or not supported by native evaluator.  {"history": "Interactive.8", "point": 3, "testname": "VGA_VGA_1_pss_tb_1", "cornername": "CMOS_CAP_VDD_TEMP_1"}
[2026-04-16 10:27:31.314 Z] [WARN] [cadence.virtuoso.ade.simulationMonitor] -     WARNING (SPECTRE-17607): Assert `SOAC_rpolyh_vpluspsub' is ignored because it contains an expression which is invalid or not supported by native evaluator.  {"history": "Interactive.8", "point": 3, "testname": "VGA_VGA_1_pss_tb_1", "cornername": "CMOS_CAP_VDD_TEMP_1"}
[2026-04-16 10:27:31.314 Z] [WARN] [cadence.virtuoso.ade.simulationMonitor] -     WARNING (SPECTRE-16460): SOAC_cvarm_vspsub:Specified subcircuit master `cvarm' was not found. {"history": "Interactive.8", "point": 3, "testname": "VGA_VGA_1_pss_tb_1", "cornername": "CMOS_CAP_VDD_TEMP_1"}
[2026-04-16 10:27:31.314 Z] [WARN] [cadence.virtuoso.ade.simulationMonitor] -     WARNING (SPECTRE-16462): SOAC_cvarm_vspsub:Error in specification of subcircuit master. Assert is ignored. {"history": "Interactive.8", "point": 3, "testname": "VGA_VGA_1_pss_tb_1", "cornername": "CMOS_CAP_VDD_TEMP_1"}
[2026-04-16 10:27:31.314 Z] [WARN] [cadence.virtuoso.ade.simulationMonitor] -     WARNING (SPECTRE-16460): SOAC_cvarm_vbs:Specified subcircuit master `cvarm' was not found. {"history": "Interactive.8", "point": 3, "testname": "VGA_VGA_1_pss_tb_1", "cornername": "CMOS_CAP_VDD_TEMP_1"}
[2026-04-16 10:27:31.315 Z] [WARN] [cadence.virtuoso.ade.simulationMonitor] -     WARNING (SPECTRE-16462): SOAC_cvarm_vbs:Error in specification of subcircuit master. Assert is ignored. {"history": "Interactive.8", "point": 3, "testname": "VGA_VGA_1_pss_tb_1", "cornername": "CMOS_CAP_VDD_TEMP_1"}
[2026-04-16 10:27:31.315 Z] [WARN] [cadence.virtuoso.ade.simulationMonitor] -     WARNING (SPECTRE-16460): SOAC_cvarm_vgb:Specified subcircuit master `cvarm' was not found. {"history": "Interactive.8", "point": 3, "testname": "VGA_VGA_1_pss_tb_1", "cornername": "CMOS_CAP_VDD_TEMP_1"}
[2026-04-16 10:27:31.315 Z] [WARN] [cadence.virtuoso.ade.simulationMonitor] -     WARNING (SPECTRE-16462): SOAC_cvarm_vgb:Error in specification of subcircuit master. Assert is ignored. {"history": "Interactive.8", "point": 3, "testname": "VGA_VGA_1_pss_tb_1", "cornername": "CMOS_CAP_VDD_TEMP_1"}
[2026-04-16 10:27:31.315 Z] [WARN] [cadence.virtuoso.ade.simulationMonitor] -     WARNING (SPECTRE-16460): SOAC_cvart_vspsub:Specified subcircuit master `cvart' was not found. {"history": "Interactive.8", "point": 3, "testname": "VGA_VGA_1_pss_tb_1", "cornername": "CMOS_CAP_VDD_TEMP_1"}
[2026-04-16 10:27:31.315 Z] [WARN] [cadence.virtuoso.ade.simulationMonitor] -     WARNING (SPECTRE-16462): SOAC_cvart_vspsub:Error in specification of subcircuit master. Assert is ignored. {"history": "Interactive.8", "point": 3, "testname": "VGA_VGA_1_pss_tb_1", "cornername": "CMOS_CAP_VDD_TEMP_1"}
[2026-04-16 10:27:31.315 Z] [WARN] [cadence.virtuoso.ade.simulationMonitor] -     WARNING (SPECTRE-16460): SOAC_cvart_vbs:Specified subcircuit master `cvart' was not found.
        Further occurrences of this warning will be suppressed. {"history": "Interactive.8", "point": 3, "testname": "VGA_VGA_1_pss_tb_1", "cornername": "CMOS_CAP_VDD_TEMP_1"}
[2026-04-16 10:27:31.315 Z] [WARN] [cadence.virtuoso.ade.simulationMonitor] -     WARNING (SPECTRE-16462): SOAC_cvart_vbs:Error in specification of subcircuit master. Assert is ignored.
        Further occurrences of this warning will be suppressed. {"history": "Interactive.8", "point": 3, "testname": "VGA_VGA_1_pss_tb_1", "cornername": "CMOS_CAP_VDD_TEMP_1"}
[2026-04-16 10:27:31.315 Z] [WARN] [cadence.virtuoso.ade.simulationMonitor] -     WARNING (SPECTRE-17607): Assert `SOAC_cpoly_vminuspsub' is ignored because it contains an expression which is invalid or not supported by native evaluator.  {"history": "Interactive.8", "point": 3, "testname": "VGA_VGA_1_pss_tb_1", "cornername": "CMOS_CAP_VDD_TEMP_1"}
[2026-04-16 10:27:31.316 Z] [WARN] [cadence.virtuoso.ade.simulationMonitor] -     WARNING (SPECTRE-17607): Assert `SOAC_cpoly_vpluspsub' is ignored because it contains an expression which is invalid or not supported by native evaluator.  {"history": "Interactive.8", "point": 3, "testname": "VGA_VGA_1_pss_tb_1", "cornername": "CMOS_CAP_VDD_TEMP_1"}
[2026-04-16 10:27:31.316 Z] [WARN] [cadence.virtuoso.ade.simulationMonitor] -     WARNING (SPECTRE-17607): Assert `SOAC_modp_vbpsub' is ignored because it contains an expression which is invalid or not supported by native evaluator. 
        Further occurrences of this warning will be suppressed. {"history": "Interactive.8", "point": 3, "testname": "VGA_VGA_1_pss_tb_1", "cornername": "CMOS_CAP_VDD_TEMP_1"}
[2026-04-16 10:27:31.816 Z] [INFO] [cadence.virtuoso.ade.simulationMonitor] - Notice from spectre during initial setup.
    Multithreading is disabled due to the size of the design being too small. {"history": "Interactive.8", "point": 3, "testname": "VGA_VGA_1_pss_tb_1", "cornername": "CMOS_CAP_VDD_TEMP_1"}
[2026-04-16 10:27:31.817 Z] [WARN] [cadence.virtuoso.ade.simulationMonitor] -     WARNING (SPECTRE-592): Following parameters are disabled because they are ignored or redefined in Spectre X:
        
        
        PSS Parameters:
          errpreset {"history": "Interactive.8", "point": 3, "testname": "VGA_VGA_1_pss_tb_1", "cornername": "CMOS_CAP_VDD_TEMP_1"}
[2026-04-16 10:27:31.819 Z] [INFO] [cadence.virtuoso.ade.simulationMonitor] -               nodes 31 {"history": "Interactive.8", "point": 3, "testname": "VGA_VGA_1_pss_tb_1", "cornername": "CMOS_CAP_VDD_TEMP_1"}
[2026-04-16 10:27:31.819 Z] [INFO] [cadence.virtuoso.ade.simulationMonitor] - Notice from spectre during initial setup.
    Spectre X preset=cx enabled.
    73 warnings suppressed. {"history": "Interactive.8", "point": 3, "testname": "VGA_VGA_1_pss_tb_1", "cornername": "CMOS_CAP_VDD_TEMP_1"}
[2026-04-16 10:27:31.819 Z] [INFO] [cadence.virtuoso.ade.simulationMonitor] - Peak resident memory used = 201 Mbytes. {"history": "Interactive.8", "point": 3, "testname": "VGA_VGA_1_pss_tb_1", "cornername": "CMOS_CAP_VDD_TEMP_1"}
[2026-04-16 10:27:31.819 Z] [INFO] [cadence.virtuoso.ade.simulationMonitor] -    -   (Spectre X) Multi-threading. The recommended number of threads is 1, consider adding +mt=1 on command line. {"history": "Interactive.8", "point": 3, "testname": "VGA_VGA_1_pss_tb_1", "cornername": "CMOS_CAP_VDD_TEMP_1"}
[2026-04-16 10:27:31.819 Z] [INFO] [cadence.virtuoso.ade.simulationMonitor] - Notice from spectre during transient analysis `tran'.
    No checklimit analysis defined for asserts. A default checklimit analysis 'SpectreChecklimitAnal' has been created with all asserts enabled. {"history": "Interactive.8", "point": 3, "testname": "VGA_VGA_1_pss_tb_1", "cornername": "CMOS_CAP_VDD_TEMP_1"}
[2026-04-16 10:27:31.819 Z] [INFO] [cadence.virtuoso.ade.simulationMonitor] - Notice from spectre during IC analysis, during transient analysis `tran'.
    Bad pivoting is found during DC analysis. Option dc_pivot_check=yes is recommended for possible improvement of convergence. {"history": "Interactive.8", "point": 3, "testname": "VGA_VGA_1_pss_tb_1", "cornername": "CMOS_CAP_VDD_TEMP_1"}
[2026-04-16 10:27:31.820 Z] [WARN] [cadence.virtuoso.ade.simulationMonitor] -     WARNING (CMI-2943): Parameter checks have been ignored because the valid value for parameter 'trise' could not be found in 'C1'. {"history": "Interactive.8", "point": 3, "testname": "VGA_VGA_1_pss_tb_1", "cornername": "CMOS_CAP_VDD_TEMP_1"}
[2026-04-16 10:27:31.820 Z] [WARN] [cadence.virtuoso.ade.simulationMonitor] -     WARNING (CMI-2943): Parameter checks have been ignored because the valid value for parameter 'trise' could not be found in 'I0.C8<0>_turbo_m4.C1'. {"history": "Interactive.8", "point": 3, "testname": "VGA_VGA_1_pss_tb_1", "cornername": "CMOS_CAP_VDD_TEMP_1"}
[2026-04-16 10:27:31.820 Z] [WARN] [cadence.virtuoso.ade.simulationMonitor] -     WARNING (CMI-2943): Parameter checks have been ignored because the valid value for parameter 'trise' could not be found in 'I0.C9<0>_turbo_m8.C1'. {"history": "Interactive.8", "point": 3, "testname": "VGA_VGA_1_pss_tb_1", "cornername": "CMOS_CAP_VDD_TEMP_1"}
[2026-04-16 10:27:31.820 Z] [WARN] [cadence.virtuoso.ade.simulationMonitor] -     WARNING (CMI-2943): Parameter checks have been ignored because the valid value for parameter 'trise' could not be found in 'I0.C7<0>_turbo_m2.C1'. {"history": "Interactive.8", "point": 3, "testname": "VGA_VGA_1_pss_tb_1", "cornername": "CMOS_CAP_VDD_TEMP_1"}
[2026-04-16 10:27:31.820 Z] [WARN] [cadence.virtuoso.ade.simulationMonitor] -     WARNING (CMI-2943): Parameter checks have been ignored because the valid value for parameter 'trise' could not be found in 'I0.R2.CM'.
        Further occurrences of this warning will be suppressed. {"history": "Interactive.8", "point": 3, "testname": "VGA_VGA_1_pss_tb_1", "cornername": "CMOS_CAP_VDD_TEMP_1"}
[2026-04-16 10:27:31.820 Z] [INFO] [cadence.virtuoso.ade.simulationMonitor] - Notice from spectre during transient analysis `tran'.
    Multithreading is disabled due to the size of the design being too small. {"history": "Interactive.8", "point": 3, "testname": "VGA_VGA_1_pss_tb_1", "cornername": "CMOS_CAP_VDD_TEMP_1"}
[2026-04-16 10:27:32.321 Z] [INFO] [cadence.virtuoso.ade.simulationMonitor] - Total time required for tran analysis `tran': CPU = 109.945 ms, elapsed = 115.608 ms, util. = 95.1%. {"history": "Interactive.8", "point": 3, "testname": "VGA_VGA_1_pss_tb_1", "cornername": "CMOS_CAP_VDD_TEMP_1"}
[2026-04-16 10:27:32.321 Z] [INFO] [cadence.virtuoso.ade.simulationMonitor] - Peak resident memory used = 211 Mbytes. {"history": "Interactive.8", "point": 3, "testname": "VGA_VGA_1_pss_tb_1", "cornername": "CMOS_CAP_VDD_TEMP_1"}
[2026-04-16 10:27:32.321 Z] [INFO] [cadence.virtuoso.ade.simulationMonitor] - Notice from spectre.
    12 warnings suppressed. {"history": "Interactive.8", "point": 3, "testname": "VGA_VGA_1_pss_tb_1", "cornername": "CMOS_CAP_VDD_TEMP_1"}
[2026-04-16 10:27:32.321 Z] [WARN] [cadence.virtuoso.ade.simulationMonitor] -     WARNING (CMI-2943): Parameter checks have been ignored because the valid value for parameter 'trise' could not be found in 'C1'. {"history": "Interactive.8", "point": 3, "testname": "VGA_VGA_1_pss_tb_1", "cornername": "CMOS_CAP_VDD_TEMP_1"}
[2026-04-16 10:27:32.321 Z] [WARN] [cadence.virtuoso.ade.simulationMonitor] -     WARNING (CMI-2943): Parameter checks have been ignored because the valid value for parameter 'trise' could not be found in 'I0.C8<0>_turbo_m4.C1'. {"history": "Interactive.8", "point": 3, "testname": "VGA_VGA_1_pss_tb_1", "cornername": "CMOS_CAP_VDD_TEMP_1"}
[2026-04-16 10:27:32.322 Z] [WARN] [cadence.virtuoso.ade.simulationMonitor] -     WARNING (CMI-2943): Parameter checks have been ignored because the valid value for parameter 'trise' could not be found in 'I0.C9<0>_turbo_m8.C1'. {"history": "Interactive.8", "point": 3, "testname": "VGA_VGA_1_pss_tb_1", "cornername": "CMOS_CAP_VDD_TEMP_1"}
[2026-04-16 10:27:32.322 Z] [WARN] [cadence.virtuoso.ade.simulationMonitor] -     WARNING (CMI-2943): Parameter checks have been ignored because the valid value for parameter 'trise' could not be found in 'I0.C7<0>_turbo_m2.C1'. {"history": "Interactive.8", "point": 3, "testname": "VGA_VGA_1_pss_tb_1", "cornername": "CMOS_CAP_VDD_TEMP_1"}
[2026-04-16 10:27:32.322 Z] [WARN] [cadence.virtuoso.ade.simulationMonitor] -     WARNING (CMI-2943): Parameter checks have been ignored because the valid value for parameter 'trise' could not be found in 'I0.R2.CM'.
        Further occurrences of this warning will be suppressed. {"history": "Interactive.8", "point": 3, "testname": "VGA_VGA_1_pss_tb_1", "cornername": "CMOS_CAP_VDD_TEMP_1"}
[2026-04-16 10:27:32.322 Z] [INFO] [cadence.virtuoso.ade.simulationMonitor] - Total time required for tstab analysis `pss': CPU = 6.531 ms, elapsed = 6.531 ms. {"history": "Interactive.8", "point": 3, "testname": "VGA_VGA_1_pss_tb_1", "cornername": "CMOS_CAP_VDD_TEMP_1"}
[2026-04-16 10:27:32.322 Z] [INFO] [cadence.virtuoso.ade.simulationMonitor] - Peak resident memory used = 213 Mbytes. {"history": "Interactive.8", "point": 3, "testname": "VGA_VGA_1_pss_tb_1", "cornername": "CMOS_CAP_VDD_TEMP_1"}
[2026-04-16 10:27:32.322 Z] [INFO] [cadence.virtuoso.ade.simulationMonitor] - Notice from spectre during periodic steady state analysis `pss'.
    12 warnings suppressed. {"history": "Interactive.8", "point": 3, "testname": "VGA_VGA_1_pss_tb_1", "cornername": "CMOS_CAP_VDD_TEMP_1"}
[2026-04-16 10:27:32.823 Z] [INFO] [cadence.virtuoso.ade.simulationMonitor] - Total time required for pss analysis `pss': CPU = 811.499 ms, elapsed = 829.452 ms, util. = 97.8%. {"history": "Interactive.8", "point": 3, "testname": "VGA_VGA_1_pss_tb_1", "cornername": "CMOS_CAP_VDD_TEMP_1"}
[2026-04-16 10:27:32.823 Z] [INFO] [cadence.virtuoso.ade.simulationMonitor] - Peak resident memory used = 218 Mbytes. {"history": "Interactive.8", "point": 3, "testname": "VGA_VGA_1_pss_tb_1", "cornername": "CMOS_CAP_VDD_TEMP_1"}
[2026-04-16 10:27:32.823 Z] [INFO] [cadence.virtuoso.ade.simulationMonitor] - Time used: CPU = 1.45 s, elapsed = 1.99 s, util. = 72.8%. {"history": "Interactive.8", "point": 3, "testname": "VGA_VGA_1_pss_tb_1", "cornername": "CMOS_CAP_VDD_TEMP_1"}
[2026-04-16 10:27:32.823 Z] [INFO] [cadence.virtuoso.ade.simulationMonitor] - Time spent in licensing: elapsed = 76.9 ms. {"history": "Interactive.8", "point": 3, "testname": "VGA_VGA_1_pss_tb_1", "cornername": "CMOS_CAP_VDD_TEMP_1"}
[2026-04-16 10:27:32.825 Z] [INFO] [cadence.virtuoso.ade.simulationMonitor] - Peak memory used = 218 Mbytes. {"history": "Interactive.8", "point": 3, "testname": "VGA_VGA_1_pss_tb_1", "cornername": "CMOS_CAP_VDD_TEMP_1"}
[2026-04-16 10:27:32.826 Z] [PROCESS] [cadence.virtuoso.ade.simulationMonitor] - Simulation started at: 10:27:30 AM, Thur Apr 16, 2026, ended at: 10:27:32 AM, Thur Apr 16, 2026, with elapsed time (wall clock): 1.99 s. {"history": "Interactive.8", "point": 3, "testname": "VGA_VGA_1_pss_tb_1", "cornername": "CMOS_CAP_VDD_TEMP_1"}
[2026-04-16 10:27:32.826 Z] [PROCESS] [cadence.virtuoso.ade.simulationMonitor] - spectre completes with 0 errors, 34 warnings, and 13 notices. {"history": "Interactive.8", "point": 3, "testname": "VGA_VGA_1_pss_tb_1", "cornername": "CMOS_CAP_VDD_TEMP_1"}
[2026-04-16 10:27:32.826 Z] [PROCESS] [cadence.virtuoso.ade.simulationMonitor] - Finished simulating for one point {"hostname": "il2244vt26_davidevi", "processid": 1094835, "history": "Interactive.8", "testname": "VGA_VGA_1_pss_tb_1", "cornername": "CMOS_CAP_VDD_TEMP_1", "point": 3, "logfile": "/home/davidevi/Desktop/myproject/logs_davidevi/logs0/Job513.log", "simid": "1"}
[2026-04-16 10:27:32.826 Z] [PROCESS] [cadence.virtuoso.ade.simulationMonitor] - Simulator exited {"hostname": "il2244vt26_davidevi", "processid": 1094835, "history": "Interactive.8", "testname": "VGA_VGA_1_pss_tb_1", "cornername": "CMOS_CAP_VDD_TEMP_1", "point": 3, "logfile": "/home/davidevi/Desktop/myproject/logs_davidevi/logs0/Job513.log", "exitStatus": "0"}
[2026-04-16 10:27:32.827 Z] [PROCESS] [cadence.virtuoso.ade.simulationMonitor] - Finished Simulation {"hostname": "il2244vt26_davidevi", "processid": 1094835, "history": "Interactive.8", "testname": "VGA_VGA_1_pss_tb_1", "cornername": "CMOS_CAP_VDD_TEMP_1", "point": 3, "logfile": "/home/davidevi/Desktop/myproject/logs_davidevi/logs0/Job513.log", "simid": "1"}
[2026-04-16 10:27:37.341 Z] [PROCESS] [cadence.virtuoso.ade.simulationMonitor] - Point Finished {"hostname": "il2244vt26_davidevi", "processid": 1094835, "history": "Interactive.8", "testname": "VGA_VGA_1_pss_tb_1", "cornername": "CMOS_CAP_VDD_TEMP_1", "point": 3, "logfile": "/home/davidevi/Desktop/myproject/logs_davidevi/logs0/Job513.log"}
[2026-04-16 10:27:37.344 Z] [PROCESS] [cadence.virtuoso.ade.simulationMonitor] - HostInfo:
Host name (type):	il2244vt26_davidevi (x86_64)
Operating system:	Linux 5.15.0-164-generic #174-Ubuntu SMP Fri Nov 14 20:25:16 UTC 2025 {"hostname": "il2244vt26_davidevi", "processid": 1094835, "history": "Interactive.8", "testname": "VGA_VGA_1_pss_tb_1", "cornername": "CMOS_CAP_VDD_TEMP_1", "point": 3, "logfile": "/home/davidevi/Desktop/myproject/logs_davidevi/logs0/Job513.log", "nodename": "il2244vt26_davidevi", "domainname": "(none)", "machine": "x86_64", "sysname": "Linux", "release": "5.15.0-164-generic", "version": "#174-Ubuntu SMP Fri Nov 14 20:25:16 UTC 2025"}
[2026-04-16 10:27:37.344 Z] [PROCESS] [cadence.virtuoso.ade.simulationMonitor] - UsageInfo:
pid=1094835
totalPhysicalMemory=3023.749672GB,Used=1571.815804GB,totalVirtualMemory=3031.749668GB,Used=1571.843391GB
Cpu: Cores=48, Load average:11.120000,8.290000,8.600000 {"hostname": "il2244vt26_davidevi", "processid": 1094835, "history": "Interactive.8", "testname": "VGA_VGA_1_pss_tb_1", "cornername": "CMOS_CAP_VDD_TEMP_1", "point": 3, "logfile": "/home/davidevi/Desktop/myproject/logs_davidevi/logs0/Job513.log", "pid": "1094835", "totalPhysicalMemory": "3023.749672", "physicalMemoryUsed": "1571.815804", "totalVirtualMemory": "3031.749668", "virtualMemoryUsed": "1571.843391", "cpuCores": "48", "processes": "29844", "loadAverage1": "11.120000", "loadAverage5": "8.290000", "loadAverage15": "8.600000", "loadAverage1Percent": "0.231667"}
[2026-04-16 10:27:37.346 Z] [EVENT] [cadence.virtuoso.ade.simulationMonitor] - NewPoint {"history": "Interactive.8", "point": 14, "testname": "VGA_VGA_1_pss_tb_1", "cornername": "CMOS_CAP_VDD_TEMP_12", "event": "NewPoint", "EventSource": "Simulation Monitor", "HistoryName": "Interactive.8", "logFile": "/home/davidevi/Desktop/myproject/logs_davidevi/logs0/Job513.log", "logFileSize": "25626"}
[2026-04-16 10:27:37.448 Z] [EVENT] [cadence.virtuoso.ade.simulationMonitor] - NewPoint {"history": "Interactive.8", "point": 14, "testname": "VGA_VGA_1_pss_tb_1", "cornername": "CMOS_CAP_VDD_TEMP_12", "event": "NewPoint", "EventSource": "spectre", "HistoryName": "Interactive.8", "logFile": "/home/davidevi/Desktop/myproject/Sim/VGA/VGA_1_pss_tb/maestro/results/maestro/Interactive.8/14/VGA_VGA_1_pss_tb_1/psf/spectre.out", "logFileSize": "-1"}
[2026-04-16 10:27:37.459 Z] [PROCESS] [cadence.virtuoso.ade.simulationMonitor] - Simulator launched {"hostname": "il2244vt26_davidevi", "processid": 1094835, "history": "Interactive.8", "testname": "VGA_VGA_1_pss_tb_1", "cornername": "CMOS_CAP_VDD_TEMP_12", "point": 14, "logfile": "/home/davidevi/Desktop/myproject/logs_davidevi/logs0/Job513.log", "simid": "2"}
[2026-04-16 10:27:37.506 Z] [PROCESS] [cadence.virtuoso.ade.simulationMonitor] - Started Simulation {"hostname": "il2244vt26_davidevi", "processid": 1094835, "history": "Interactive.8", "testname": "VGA_VGA_1_pss_tb_1", "cornername": "CMOS_CAP_VDD_TEMP_12", "point": 14, "logfile": "/home/davidevi/Desktop/myproject/logs_davidevi/logs0/Job513.log", "event": "started", "task": "simulation"}
[2026-04-16 10:27:38.507 Z] [WARN] [cadence.virtuoso.ade.simulationMonitor] -     WARNING (SPECTRE-691): This CPU processor does not support x86 advanced vector extensions instructions. This may affect math operations and slow down the simulation. {"history": "Interactive.8", "point": 14, "testname": "VGA_VGA_1_pss_tb_1", "cornername": "CMOS_CAP_VDD_TEMP_12"}
[2026-04-16 10:27:38.507 Z] [INFO] [cadence.virtuoso.ade.simulationMonitor] - Notice from spectre during circuit read-in.
    Pre_Configuration file used: /opt/tools/cadence/installs/SPECTRE241/tools.lnx86/spectre/etc/configs/preset.precfg
    Configuration file used: `/opt/tools/cadence/installs/SPECTRE241/tools.lnx86/spectre/etc/configs/preset.cfg'. {"history": "Interactive.8", "point": 14, "testname": "VGA_VGA_1_pss_tb_1", "cornername": "CMOS_CAP_VDD_TEMP_12"}
[2026-04-16 10:27:38.507 Z] [WARN] [cadence.virtuoso.ade.simulationMonitor] -     WARNING (SPECTRE-8360): line 1511: `ac' is an undefined primitive device. {"history": "Interactive.8", "point": 14, "testname": "VGA_VGA_1_pss_tb_1", "cornername": "CMOS_CAP_VDD_TEMP_12"}
[2026-04-16 10:27:38.507 Z] [WARN] [cadence.virtuoso.ade.simulationMonitor] -     WARNING (SPECTRE-8360): line 1512: `ac' is an undefined primitive device. {"history": "Interactive.8", "point": 14, "testname": "VGA_VGA_1_pss_tb_1", "cornername": "CMOS_CAP_VDD_TEMP_12"}
[2026-04-16 10:27:38.507 Z] [WARN] [cadence.virtuoso.ade.simulationMonitor] -     WARNING (SPECTRE-8360): line 1513: `ac' is an undefined primitive device. {"history": "Interactive.8", "point": 14, "testname": "VGA_VGA_1_pss_tb_1", "cornername": "CMOS_CAP_VDD_TEMP_12"}
[2026-04-16 10:27:38.508 Z] [WARN] [cadence.virtuoso.ade.simulationMonitor] -     WARNING (SPECTRE-8360): line 1514: `ac' is an undefined primitive device. {"history": "Interactive.8", "point": 14, "testname": "VGA_VGA_1_pss_tb_1", "cornername": "CMOS_CAP_VDD_TEMP_12"}
[2026-04-16 10:27:38.508 Z] [WARN] [cadence.virtuoso.ade.simulationMonitor] -     WARNING (SPECTRE-8360): line 1515: `ac' is an undefined primitive device.
        Further occurrences of this warning will be suppressed. {"history": "Interactive.8", "point": 14, "testname": "VGA_VGA_1_pss_tb_1", "cornername": "CMOS_CAP_VDD_TEMP_12"}
[2026-04-16 10:27:38.508 Z] [INFO] [cadence.virtuoso.ade.simulationMonitor] - Peak resident memory used = 179 Mbytes. {"history": "Interactive.8", "point": 14, "testname": "VGA_VGA_1_pss_tb_1", "cornername": "CMOS_CAP_VDD_TEMP_12"}
[2026-04-16 10:27:38.508 Z] [WARN] [cadence.virtuoso.ade.simulationMonitor] -     WARNING (VACOMP-2435): The environment variable CDS_AHDLCMI_ENABLE is no longer supported. Therefore, the simulator will use the default compiled C code flow. {"history": "Interactive.8", "point": 14, "testname": "VGA_VGA_1_pss_tb_1", "cornername": "CMOS_CAP_VDD_TEMP_12"}
[2026-04-16 10:27:38.508 Z] [WARN] [cadence.virtuoso.ade.simulationMonitor] -     WARNING (SFE-3016): The floating node net6 is removed. {"history": "Interactive.8", "point": 14, "testname": "VGA_VGA_1_pss_tb_1", "cornername": "CMOS_CAP_VDD_TEMP_12"}
[2026-04-16 10:27:38.508 Z] [INFO] [cadence.virtuoso.ade.simulationMonitor] - Peak resident memory used = 192 Mbytes. {"history": "Interactive.8", "point": 14, "testname": "VGA_VGA_1_pss_tb_1", "cornername": "CMOS_CAP_VDD_TEMP_12"}
[2026-04-16 10:27:38.508 Z] [INFO] [cadence.virtuoso.ade.simulationMonitor] - Notice from spectre during hierarchy flattening.
    The value 'psf' specified for the 'checklimitdest' option will no longer be supported in future releases. Use 'spectre -h' to see other recommended values for the 'checklimitdest' option. {"history": "Interactive.8", "point": 14, "testname": "VGA_VGA_1_pss_tb_1", "cornername": "CMOS_CAP_VDD_TEMP_12"}
[2026-04-16 10:27:38.509 Z] [INFO] [cadence.virtuoso.ade.simulationMonitor] - Peak resident memory used = 195 Mbytes. {"history": "Interactive.8", "point": 14, "testname": "VGA_VGA_1_pss_tb_1", "cornername": "CMOS_CAP_VDD_TEMP_12"}
[2026-04-16 10:27:38.509 Z] [WARN] [cadence.virtuoso.ade.simulationMonitor] -     WARNING (SPECTRE-17607): Assert `SOAC_rpolyh_vminuspsub' is ignored because it contains an expression which is invalid or not supported by native evaluator.  {"history": "Interactive.8", "point": 14, "testname": "VGA_VGA_1_pss_tb_1", "cornername": "CMOS_CAP_VDD_TEMP_12"}
[2026-04-16 10:27:38.509 Z] [WARN] [cadence.virtuoso.ade.simulationMonitor] -     WARNING (SPECTRE-17607): Assert `SOAC_rpolyh_vpluspsub' is ignored because it contains an expression which is invalid or not supported by native evaluator.  {"history": "Interactive.8", "point": 14, "testname": "VGA_VGA_1_pss_tb_1", "cornername": "CMOS_CAP_VDD_TEMP_12"}
[2026-04-16 10:27:38.509 Z] [WARN] [cadence.virtuoso.ade.simulationMonitor] -     WARNING (SPECTRE-16460): SOAC_cvarm_vspsub:Specified subcircuit master `cvarm' was not found. {"history": "Interactive.8", "point": 14, "testname": "VGA_VGA_1_pss_tb_1", "cornername": "CMOS_CAP_VDD_TEMP_12"}
[2026-04-16 10:27:38.509 Z] [WARN] [cadence.virtuoso.ade.simulationMonitor] -     WARNING (SPECTRE-16462): SOAC_cvarm_vspsub:Error in specification of subcircuit master. Assert is ignored. {"history": "Interactive.8", "point": 14, "testname": "VGA_VGA_1_pss_tb_1", "cornername": "CMOS_CAP_VDD_TEMP_12"}
[2026-04-16 10:27:38.509 Z] [WARN] [cadence.virtuoso.ade.simulationMonitor] -     WARNING (SPECTRE-16460): SOAC_cvarm_vbs:Specified subcircuit master `cvarm' was not found. {"history": "Interactive.8", "point": 14, "testname": "VGA_VGA_1_pss_tb_1", "cornername": "CMOS_CAP_VDD_TEMP_12"}
[2026-04-16 10:27:38.509 Z] [WARN] [cadence.virtuoso.ade.simulationMonitor] -     WARNING (SPECTRE-16462): SOAC_cvarm_vbs:Error in specification of subcircuit master. Assert is ignored. {"history": "Interactive.8", "point": 14, "testname": "VGA_VGA_1_pss_tb_1", "cornername": "CMOS_CAP_VDD_TEMP_12"}
[2026-04-16 10:27:38.510 Z] [WARN] [cadence.virtuoso.ade.simulationMonitor] -     WARNING (SPECTRE-16460): SOAC_cvarm_vgb:Specified subcircuit master `cvarm' was not found. {"history": "Interactive.8", "point": 14, "testname": "VGA_VGA_1_pss_tb_1", "cornername": "CMOS_CAP_VDD_TEMP_12"}
[2026-04-16 10:27:38.510 Z] [WARN] [cadence.virtuoso.ade.simulationMonitor] -     WARNING (SPECTRE-16462): SOAC_cvarm_vgb:Error in specification of subcircuit master. Assert is ignored. {"history": "Interactive.8", "point": 14, "testname": "VGA_VGA_1_pss_tb_1", "cornername": "CMOS_CAP_VDD_TEMP_12"}
[2026-04-16 10:27:38.510 Z] [WARN] [cadence.virtuoso.ade.simulationMonitor] -     WARNING (SPECTRE-16460): SOAC_cvart_vspsub:Specified subcircuit master `cvart' was not found. {"history": "Interactive.8", "point": 14, "testname": "VGA_VGA_1_pss_tb_1", "cornername": "CMOS_CAP_VDD_TEMP_12"}
[2026-04-16 10:27:38.510 Z] [WARN] [cadence.virtuoso.ade.simulationMonitor] -     WARNING (SPECTRE-16462): SOAC_cvart_vspsub:Error in specification of subcircuit master. Assert is ignored. {"history": "Interactive.8", "point": 14, "testname": "VGA_VGA_1_pss_tb_1", "cornername": "CMOS_CAP_VDD_TEMP_12"}
[2026-04-16 10:27:38.510 Z] [WARN] [cadence.virtuoso.ade.simulationMonitor] -     WARNING (SPECTRE-16460): SOAC_cvart_vbs:Specified subcircuit master `cvart' was not found.
        Further occurrences of this warning will be suppressed. {"history": "Interactive.8", "point": 14, "testname": "VGA_VGA_1_pss_tb_1", "cornername": "CMOS_CAP_VDD_TEMP_12"}
[2026-04-16 10:27:38.510 Z] [WARN] [cadence.virtuoso.ade.simulationMonitor] -     WARNING (SPECTRE-16462): SOAC_cvart_vbs:Error in specification of subcircuit master. Assert is ignored.
        Further occurrences of this warning will be suppressed. {"history": "Interactive.8", "point": 14, "testname": "VGA_VGA_1_pss_tb_1", "cornername": "CMOS_CAP_VDD_TEMP_12"}
[2026-04-16 10:27:38.510 Z] [WARN] [cadence.virtuoso.ade.simulationMonitor] -     WARNING (SPECTRE-17607): Assert `SOAC_cpoly_vminuspsub' is ignored because it contains an expression which is invalid or not supported by native evaluator.  {"history": "Interactive.8", "point": 14, "testname": "VGA_VGA_1_pss_tb_1", "cornername": "CMOS_CAP_VDD_TEMP_12"}
[2026-04-16 10:27:38.511 Z] [WARN] [cadence.virtuoso.ade.simulationMonitor] -     WARNING (SPECTRE-17607): Assert `SOAC_cpoly_vpluspsub' is ignored because it contains an expression which is invalid or not supported by native evaluator.  {"history": "Interactive.8", "point": 14, "testname": "VGA_VGA_1_pss_tb_1", "cornername": "CMOS_CAP_VDD_TEMP_12"}
[2026-04-16 10:27:38.511 Z] [WARN] [cadence.virtuoso.ade.simulationMonitor] -     WARNING (SPECTRE-17607): Assert `SOAC_modp_vbpsub' is ignored because it contains an expression which is invalid or not supported by native evaluator. 
        Further occurrences of this warning will be suppressed. {"history": "Interactive.8", "point": 14, "testname": "VGA_VGA_1_pss_tb_1", "cornername": "CMOS_CAP_VDD_TEMP_12"}
[2026-04-16 10:27:39.011 Z] [INFO] [cadence.virtuoso.ade.simulationMonitor] - Notice from spectre during initial setup.
    Multithreading is disabled due to the size of the design being too small. {"history": "Interactive.8", "point": 14, "testname": "VGA_VGA_1_pss_tb_1", "cornername": "CMOS_CAP_VDD_TEMP_12"}
[2026-04-16 10:27:39.011 Z] [WARN] [cadence.virtuoso.ade.simulationMonitor] -     WARNING (SPECTRE-592): Following parameters are disabled because they are ignored or redefined in Spectre X:
        
        
        PSS Parameters:
          errpreset {"history": "Interactive.8", "point": 14, "testname": "VGA_VGA_1_pss_tb_1", "cornername": "CMOS_CAP_VDD_TEMP_12"}
[2026-04-16 10:27:39.013 Z] [INFO] [cadence.virtuoso.ade.simulationMonitor] -               nodes 31 {"history": "Interactive.8", "point": 14, "testname": "VGA_VGA_1_pss_tb_1", "cornername": "CMOS_CAP_VDD_TEMP_12"}
[2026-04-16 10:27:39.013 Z] [INFO] [cadence.virtuoso.ade.simulationMonitor] - Notice from spectre during initial setup.
    Spectre X preset=cx enabled.
    73 warnings suppressed. {"history": "Interactive.8", "point": 14, "testname": "VGA_VGA_1_pss_tb_1", "cornername": "CMOS_CAP_VDD_TEMP_12"}
[2026-04-16 10:27:39.013 Z] [INFO] [cadence.virtuoso.ade.simulationMonitor] - Peak resident memory used = 201 Mbytes. {"history": "Interactive.8", "point": 14, "testname": "VGA_VGA_1_pss_tb_1", "cornername": "CMOS_CAP_VDD_TEMP_12"}
[2026-04-16 10:27:39.014 Z] [INFO] [cadence.virtuoso.ade.simulationMonitor] -    -   (Spectre X) Multi-threading. The recommended number of threads is 1, consider adding +mt=1 on command line. {"history": "Interactive.8", "point": 14, "testname": "VGA_VGA_1_pss_tb_1", "cornername": "CMOS_CAP_VDD_TEMP_12"}
[2026-04-16 10:27:39.014 Z] [INFO] [cadence.virtuoso.ade.simulationMonitor] - Notice from spectre during transient analysis `tran'.
    No checklimit analysis defined for asserts. A default checklimit analysis 'SpectreChecklimitAnal' has been created with all asserts enabled. {"history": "Interactive.8", "point": 14, "testname": "VGA_VGA_1_pss_tb_1", "cornername": "CMOS_CAP_VDD_TEMP_12"}
[2026-04-16 10:27:39.014 Z] [INFO] [cadence.virtuoso.ade.simulationMonitor] - Notice from spectre during IC analysis, during transient analysis `tran'.
    Bad pivoting is found during DC analysis. Option dc_pivot_check=yes is recommended for possible improvement of convergence. {"history": "Interactive.8", "point": 14, "testname": "VGA_VGA_1_pss_tb_1", "cornername": "CMOS_CAP_VDD_TEMP_12"}
[2026-04-16 10:27:39.014 Z] [WARN] [cadence.virtuoso.ade.simulationMonitor] -     WARNING (CMI-2943): Parameter checks have been ignored because the valid value for parameter 'trise' could not be found in 'C1'. {"history": "Interactive.8", "point": 14, "testname": "VGA_VGA_1_pss_tb_1", "cornername": "CMOS_CAP_VDD_TEMP_12"}
[2026-04-16 10:27:39.014 Z] [WARN] [cadence.virtuoso.ade.simulationMonitor] -     WARNING (CMI-2943): Parameter checks have been ignored because the valid value for parameter 'trise' could not be found in 'I0.C8<0>_turbo_m4.C1'. {"history": "Interactive.8", "point": 14, "testname": "VGA_VGA_1_pss_tb_1", "cornername": "CMOS_CAP_VDD_TEMP_12"}
[2026-04-16 10:27:39.014 Z] [WARN] [cadence.virtuoso.ade.simulationMonitor] -     WARNING (CMI-2943): Parameter checks have been ignored because the valid value for parameter 'trise' could not be found in 'I0.C9<0>_turbo_m8.C1'. {"history": "Interactive.8", "point": 14, "testname": "VGA_VGA_1_pss_tb_1", "cornername": "CMOS_CAP_VDD_TEMP_12"}
[2026-04-16 10:27:39.015 Z] [WARN] [cadence.virtuoso.ade.simulationMonitor] -     WARNING (CMI-2943): Parameter checks have been ignored because the valid value for parameter 'trise' could not be found in 'I0.C7<0>_turbo_m2.C1'. {"history": "Interactive.8", "point": 14, "testname": "VGA_VGA_1_pss_tb_1", "cornername": "CMOS_CAP_VDD_TEMP_12"}
[2026-04-16 10:27:39.015 Z] [WARN] [cadence.virtuoso.ade.simulationMonitor] -     WARNING (CMI-2943): Parameter checks have been ignored because the valid value for parameter 'trise' could not be found in 'I0.R2.CM'.
        Further occurrences of this warning will be suppressed. {"history": "Interactive.8", "point": 14, "testname": "VGA_VGA_1_pss_tb_1", "cornername": "CMOS_CAP_VDD_TEMP_12"}
[2026-04-16 10:27:39.015 Z] [INFO] [cadence.virtuoso.ade.simulationMonitor] - Notice from spectre during transient analysis `tran'.
    Multithreading is disabled due to the size of the design being too small. {"history": "Interactive.8", "point": 14, "testname": "VGA_VGA_1_pss_tb_1", "cornername": "CMOS_CAP_VDD_TEMP_12"}
[2026-04-16 10:27:39.015 Z] [INFO] [cadence.virtuoso.ade.simulationMonitor] - Total time required for tran analysis `tran': CPU = 97.844 ms, elapsed = 102.389 ms, util. = 95.6%. {"history": "Interactive.8", "point": 14, "testname": "VGA_VGA_1_pss_tb_1", "cornername": "CMOS_CAP_VDD_TEMP_12"}
[2026-04-16 10:27:39.015 Z] [INFO] [cadence.virtuoso.ade.simulationMonitor] - Peak resident memory used = 211 Mbytes. {"history": "Interactive.8", "point": 14, "testname": "VGA_VGA_1_pss_tb_1", "cornername": "CMOS_CAP_VDD_TEMP_12"}
[2026-04-16 10:27:39.015 Z] [INFO] [cadence.virtuoso.ade.simulationMonitor] - Notice from spectre.
    12 warnings suppressed. {"history": "Interactive.8", "point": 14, "testname": "VGA_VGA_1_pss_tb_1", "cornername": "CMOS_CAP_VDD_TEMP_12"}
[2026-04-16 10:27:39.015 Z] [INFO] [cadence.virtuoso.ade.simulationMonitor] - Notice from spectre during IC analysis, during periodic steady state analysis `pss'.
    Bad pivoting is found during DC analysis. Option dc_pivot_check=yes is recommended for possible improvement of convergence. {"history": "Interactive.8", "point": 14, "testname": "VGA_VGA_1_pss_tb_1", "cornername": "CMOS_CAP_VDD_TEMP_12"}
[2026-04-16 10:27:39.015 Z] [WARN] [cadence.virtuoso.ade.simulationMonitor] -     WARNING (CMI-2943): Parameter checks have been ignored because the valid value for parameter 'trise' could not be found in 'C1'. {"history": "Interactive.8", "point": 14, "testname": "VGA_VGA_1_pss_tb_1", "cornername": "CMOS_CAP_VDD_TEMP_12"}
[2026-04-16 10:27:39.016 Z] [WARN] [cadence.virtuoso.ade.simulationMonitor] -     WARNING (CMI-2943): Parameter checks have been ignored because the valid value for parameter 'trise' could not be found in 'I0.C8<0>_turbo_m4.C1'. {"history": "Interactive.8", "point": 14, "testname": "VGA_VGA_1_pss_tb_1", "cornername": "CMOS_CAP_VDD_TEMP_12"}
[2026-04-16 10:27:39.016 Z] [WARN] [cadence.virtuoso.ade.simulationMonitor] -     WARNING (CMI-2943): Parameter checks have been ignored because the valid value for parameter 'trise' could not be found in 'I0.C9<0>_turbo_m8.C1'. {"history": "Interactive.8", "point": 14, "testname": "VGA_VGA_1_pss_tb_1", "cornername": "CMOS_CAP_VDD_TEMP_12"}
[2026-04-16 10:27:39.016 Z] [WARN] [cadence.virtuoso.ade.simulationMonitor] -     WARNING (CMI-2943): Parameter checks have been ignored because the valid value for parameter 'trise' could not be found in 'I0.C7<0>_turbo_m2.C1'. {"history": "Interactive.8", "point": 14, "testname": "VGA_VGA_1_pss_tb_1", "cornername": "CMOS_CAP_VDD_TEMP_12"}
[2026-04-16 10:27:39.016 Z] [WARN] [cadence.virtuoso.ade.simulationMonitor] -     WARNING (CMI-2943): Parameter checks have been ignored because the valid value for parameter 'trise' could not be found in 'I0.R2.CM'.
        Further occurrences of this warning will be suppressed. {"history": "Interactive.8", "point": 14, "testname": "VGA_VGA_1_pss_tb_1", "cornername": "CMOS_CAP_VDD_TEMP_12"}
[2026-04-16 10:27:39.016 Z] [INFO] [cadence.virtuoso.ade.simulationMonitor] - Total time required for tstab analysis `pss': CPU = 5.625 ms, elapsed = 5.62406 ms. {"history": "Interactive.8", "point": 14, "testname": "VGA_VGA_1_pss_tb_1", "cornername": "CMOS_CAP_VDD_TEMP_12"}
[2026-04-16 10:27:39.016 Z] [INFO] [cadence.virtuoso.ade.simulationMonitor] - Peak resident memory used = 213 Mbytes. {"history": "Interactive.8", "point": 14, "testname": "VGA_VGA_1_pss_tb_1", "cornername": "CMOS_CAP_VDD_TEMP_12"}
[2026-04-16 10:27:39.016 Z] [INFO] [cadence.virtuoso.ade.simulationMonitor] - Notice from spectre during periodic steady state analysis `pss'.
    12 warnings suppressed. {"history": "Interactive.8", "point": 14, "testname": "VGA_VGA_1_pss_tb_1", "cornername": "CMOS_CAP_VDD_TEMP_12"}
[2026-04-16 10:27:40.017 Z] [INFO] [cadence.virtuoso.ade.simulationMonitor] - Total time required for pss analysis `pss': CPU = 716.717 ms, elapsed = 732.962 ms, util. = 97.8%. {"history": "Interactive.8", "point": 14, "testname": "VGA_VGA_1_pss_tb_1", "cornername": "CMOS_CAP_VDD_TEMP_12"}
[2026-04-16 10:27:40.017 Z] [INFO] [cadence.virtuoso.ade.simulationMonitor] - Peak resident memory used = 219 Mbytes. {"history": "Interactive.8", "point": 14, "testname": "VGA_VGA_1_pss_tb_1", "cornername": "CMOS_CAP_VDD_TEMP_12"}
[2026-04-16 10:27:40.017 Z] [INFO] [cadence.virtuoso.ade.simulationMonitor] - Time used: CPU = 1.3 s, elapsed = 1.82 s, util. = 71.6%. {"history": "Interactive.8", "point": 14, "testname": "VGA_VGA_1_pss_tb_1", "cornername": "CMOS_CAP_VDD_TEMP_12"}
[2026-04-16 10:27:40.017 Z] [INFO] [cadence.virtuoso.ade.simulationMonitor] - Time spent in licensing: elapsed = 67.9 ms. {"history": "Interactive.8", "point": 14, "testname": "VGA_VGA_1_pss_tb_1", "cornername": "CMOS_CAP_VDD_TEMP_12"}
[2026-04-16 10:27:40.018 Z] [INFO] [cadence.virtuoso.ade.simulationMonitor] - Peak memory used = 219 Mbytes. {"history": "Interactive.8", "point": 14, "testname": "VGA_VGA_1_pss_tb_1", "cornername": "CMOS_CAP_VDD_TEMP_12"}
[2026-04-16 10:27:40.019 Z] [PROCESS] [cadence.virtuoso.ade.simulationMonitor] - Simulation started at: 10:27:37 AM, Thur Apr 16, 2026, ended at: 10:27:39 AM, Thur Apr 16, 2026, with elapsed time (wall clock): 1.82 s. {"history": "Interactive.8", "point": 14, "testname": "VGA_VGA_1_pss_tb_1", "cornername": "CMOS_CAP_VDD_TEMP_12"}
[2026-04-16 10:27:40.019 Z] [PROCESS] [cadence.virtuoso.ade.simulationMonitor] - spectre completes with 0 errors, 34 warnings, and 14 notices. {"history": "Interactive.8", "point": 14, "testname": "VGA_VGA_1_pss_tb_1", "cornername": "CMOS_CAP_VDD_TEMP_12"}
[2026-04-16 10:27:40.020 Z] [PROCESS] [cadence.virtuoso.ade.simulationMonitor] - Finished simulating for one point {"hostname": "il2244vt26_davidevi", "processid": 1094835, "history": "Interactive.8", "testname": "VGA_VGA_1_pss_tb_1", "cornername": "CMOS_CAP_VDD_TEMP_12", "point": 14, "logfile": "/home/davidevi/Desktop/myproject/logs_davidevi/logs0/Job513.log", "simid": "2"}
[2026-04-16 10:27:40.020 Z] [PROCESS] [cadence.virtuoso.ade.simulationMonitor] - Simulator exited {"hostname": "il2244vt26_davidevi", "processid": 1094835, "history": "Interactive.8", "testname": "VGA_VGA_1_pss_tb_1", "cornername": "CMOS_CAP_VDD_TEMP_12", "point": 14, "logfile": "/home/davidevi/Desktop/myproject/logs_davidevi/logs0/Job513.log", "exitStatus": "0"}
[2026-04-16 10:27:40.020 Z] [PROCESS] [cadence.virtuoso.ade.simulationMonitor] - Finished Simulation {"hostname": "il2244vt26_davidevi", "processid": 1094835, "history": "Interactive.8", "testname": "VGA_VGA_1_pss_tb_1", "cornername": "CMOS_CAP_VDD_TEMP_12", "point": 14, "logfile": "/home/davidevi/Desktop/myproject/logs_davidevi/logs0/Job513.log", "simid": "2"}
[2026-04-16 10:27:42.530 Z] [PROCESS] [cadence.virtuoso.ade.simulationMonitor] - Point Finished {"hostname": "il2244vt26_davidevi", "processid": 1094835, "history": "Interactive.8", "testname": "VGA_VGA_1_pss_tb_1", "cornername": "CMOS_CAP_VDD_TEMP_12", "point": 14, "logfile": "/home/davidevi/Desktop/myproject/logs_davidevi/logs0/Job513.log"}
[2026-04-16 10:27:43.533 Z] [PROCESS] [cadence.virtuoso.ade.simulationMonitor] - Stay with the runId '0', Linger time '300', currentRunSyn '1', currentTestSyn '2' {"hostname": "il2244vt26_davidevi", "processid": 1094835, "history": "Interactive.8", "testname": "VGA_VGA_1_pss_tb_1", "cornername": "CMOS_CAP_VDD_TEMP_12", "point": 14, "logfile": "/home/davidevi/Desktop/myproject/logs_davidevi/logs0/Job513.log"}
[2026-04-16 10:27:44.533 Z] [PROCESS] [cadence.virtuoso.ade.simulationMonitor] - Stay with the runId '0', Linger time '300', currentRunSyn '1', currentTestSyn '2' {"hostname": "il2244vt26_davidevi", "processid": 1094835, "history": "Interactive.8", "testname": "VGA_VGA_1_pss_tb_1", "cornername": "CMOS_CAP_VDD_TEMP_12", "point": 14, "logfile": "/home/davidevi/Desktop/myproject/logs_davidevi/logs0/Job513.log"}
[2026-04-16 10:27:45.535 Z] [PROCESS] [cadence.virtuoso.ade.simulationMonitor] - HostInfo:
Host name (type):	il2244vt26_davidevi (x86_64)
Operating system:	Linux 5.15.0-164-generic #174-Ubuntu SMP Fri Nov 14 20:25:16 UTC 2025 {"hostname": "il2244vt26_davidevi", "processid": 1094835, "history": "Interactive.8", "testname": "VGA_VGA_1_pss_tb_1", "cornername": "CMOS_CAP_VDD_TEMP_12", "point": 14, "logfile": "/home/davidevi/Desktop/myproject/logs_davidevi/logs0/Job513.log", "nodename": "il2244vt26_davidevi", "domainname": "(none)", "machine": "x86_64", "sysname": "Linux", "release": "5.15.0-164-generic", "version": "#174-Ubuntu SMP Fri Nov 14 20:25:16 UTC 2025"}
[2026-04-16 10:27:45.535 Z] [PROCESS] [cadence.virtuoso.ade.simulationMonitor] - UsageInfo:
pid=1094835
totalPhysicalMemory=3023.749672GB,Used=1573.613110GB,totalVirtualMemory=3031.749668GB,Used=1573.640697GB
Cpu: Cores=48, Load average:11.750000,8.470000,8.660000 {"hostname": "il2244vt26_davidevi", "processid": 1094835, "history": "Interactive.8", "testname": "VGA_VGA_1_pss_tb_1", "cornername": "CMOS_CAP_VDD_TEMP_12", "point": 14, "logfile": "/home/davidevi/Desktop/myproject/logs_davidevi/logs0/Job513.log", "pid": "1094835", "totalPhysicalMemory": "3023.749672", "physicalMemoryUsed": "1573.613110", "totalVirtualMemory": "3031.749668", "virtualMemoryUsed": "1573.640697", "cpuCores": "48", "processes": "29794", "loadAverage1": "11.750000", "loadAverage5": "8.470000", "loadAverage15": "8.660000", "loadAverage1Percent": "0.244792"}
[2026-04-16 10:27:45.536 Z] [EVENT] [cadence.virtuoso.ade.simulationMonitor] - NewPoint {"history": "Interactive.8", "point": 26, "testname": "VGA_VGA_1_pss_tb_1", "cornername": "CMOS_CAP_VDD_TEMP_24", "event": "NewPoint", "EventSource": "Simulation Monitor", "HistoryName": "Interactive.8", "logFile": "/home/davidevi/Desktop/myproject/logs_davidevi/logs0/Job513.log", "logFileSize": "50001"}
[2026-04-16 10:27:45.638 Z] [EVENT] [cadence.virtuoso.ade.simulationMonitor] - NewPoint {"history": "Interactive.8", "point": 26, "testname": "VGA_VGA_1_pss_tb_1", "cornername": "CMOS_CAP_VDD_TEMP_24", "event": "NewPoint", "EventSource": "spectre", "HistoryName": "Interactive.8", "logFile": "/home/davidevi/Desktop/myproject/Sim/VGA/VGA_1_pss_tb/maestro/results/maestro/Interactive.8/26/VGA_VGA_1_pss_tb_1/psf/spectre.out", "logFileSize": "-1"}
[2026-04-16 10:27:45.648 Z] [PROCESS] [cadence.virtuoso.ade.simulationMonitor] - Simulator launched {"hostname": "il2244vt26_davidevi", "processid": 1094835, "history": "Interactive.8", "testname": "VGA_VGA_1_pss_tb_1", "cornername": "CMOS_CAP_VDD_TEMP_24", "point": 26, "logfile": "/home/davidevi/Desktop/myproject/logs_davidevi/logs0/Job513.log", "simid": "3"}
[2026-04-16 10:27:45.689 Z] [PROCESS] [cadence.virtuoso.ade.simulationMonitor] - Started Simulation {"hostname": "il2244vt26_davidevi", "processid": 1094835, "history": "Interactive.8", "testname": "VGA_VGA_1_pss_tb_1", "cornername": "CMOS_CAP_VDD_TEMP_24", "point": 26, "logfile": "/home/davidevi/Desktop/myproject/logs_davidevi/logs0/Job513.log", "event": "started", "task": "simulation"}
[2026-04-16 10:27:46.690 Z] [WARN] [cadence.virtuoso.ade.simulationMonitor] -     WARNING (SPECTRE-691): This CPU processor does not support x86 advanced vector extensions instructions. This may affect math operations and slow down the simulation. {"history": "Interactive.8", "point": 26, "testname": "VGA_VGA_1_pss_tb_1", "cornername": "CMOS_CAP_VDD_TEMP_24"}
[2026-04-16 10:27:46.691 Z] [INFO] [cadence.virtuoso.ade.simulationMonitor] - Notice from spectre during circuit read-in.
    Pre_Configuration file used: /opt/tools/cadence/installs/SPECTRE241/tools.lnx86/spectre/etc/configs/preset.precfg
    Configuration file used: `/opt/tools/cadence/installs/SPECTRE241/tools.lnx86/spectre/etc/configs/preset.cfg'. {"history": "Interactive.8", "point": 26, "testname": "VGA_VGA_1_pss_tb_1", "cornername": "CMOS_CAP_VDD_TEMP_24"}
[2026-04-16 10:27:46.691 Z] [WARN] [cadence.virtuoso.ade.simulationMonitor] -     WARNING (SPECTRE-8360): line 1511: `ac' is an undefined primitive device. {"history": "Interactive.8", "point": 26, "testname": "VGA_VGA_1_pss_tb_1", "cornername": "CMOS_CAP_VDD_TEMP_24"}
[2026-04-16 10:27:46.691 Z] [WARN] [cadence.virtuoso.ade.simulationMonitor] -     WARNING (SPECTRE-8360): line 1512: `ac' is an undefined primitive device. {"history": "Interactive.8", "point": 26, "testname": "VGA_VGA_1_pss_tb_1", "cornername": "CMOS_CAP_VDD_TEMP_24"}
[2026-04-16 10:27:46.691 Z] [WARN] [cadence.virtuoso.ade.simulationMonitor] -     WARNING (SPECTRE-8360): line 1513: `ac' is an undefined primitive device. {"history": "Interactive.8", "point": 26, "testname": "VGA_VGA_1_pss_tb_1", "cornername": "CMOS_CAP_VDD_TEMP_24"}
[2026-04-16 10:27:46.691 Z] [WARN] [cadence.virtuoso.ade.simulationMonitor] -     WARNING (SPECTRE-8360): line 1514: `ac' is an undefined primitive device. {"history": "Interactive.8", "point": 26, "testname": "VGA_VGA_1_pss_tb_1", "cornername": "CMOS_CAP_VDD_TEMP_24"}
[2026-04-16 10:27:46.692 Z] [WARN] [cadence.virtuoso.ade.simulationMonitor] -     WARNING (SPECTRE-8360): line 1515: `ac' is an undefined primitive device.
        Further occurrences of this warning will be suppressed. {"history": "Interactive.8", "point": 26, "testname": "VGA_VGA_1_pss_tb_1", "cornername": "CMOS_CAP_VDD_TEMP_24"}
[2026-04-16 10:27:46.692 Z] [INFO] [cadence.virtuoso.ade.simulationMonitor] - Peak resident memory used = 179 Mbytes. {"history": "Interactive.8", "point": 26, "testname": "VGA_VGA_1_pss_tb_1", "cornername": "CMOS_CAP_VDD_TEMP_24"}
[2026-04-16 10:27:46.692 Z] [WARN] [cadence.virtuoso.ade.simulationMonitor] -     WARNING (VACOMP-2435): The environment variable CDS_AHDLCMI_ENABLE is no longer supported. Therefore, the simulator will use the default compiled C code flow. {"history": "Interactive.8", "point": 26, "testname": "VGA_VGA_1_pss_tb_1", "cornername": "CMOS_CAP_VDD_TEMP_24"}
[2026-04-16 10:27:46.692 Z] [WARN] [cadence.virtuoso.ade.simulationMonitor] -     WARNING (SFE-3016): The floating node net6 is removed. {"history": "Interactive.8", "point": 26, "testname": "VGA_VGA_1_pss_tb_1", "cornername": "CMOS_CAP_VDD_TEMP_24"}
[2026-04-16 10:27:46.692 Z] [INFO] [cadence.virtuoso.ade.simulationMonitor] - Peak resident memory used = 192 Mbytes. {"history": "Interactive.8", "point": 26, "testname": "VGA_VGA_1_pss_tb_1", "cornername": "CMOS_CAP_VDD_TEMP_24"}
[2026-04-16 10:27:46.692 Z] [INFO] [cadence.virtuoso.ade.simulationMonitor] - Notice from spectre during hierarchy flattening.
    The value 'psf' specified for the 'checklimitdest' option will no longer be supported in future releases. Use 'spectre -h' to see other recommended values for the 'checklimitdest' option. {"history": "Interactive.8", "point": 26, "testname": "VGA_VGA_1_pss_tb_1", "cornername": "CMOS_CAP_VDD_TEMP_24"}
[2026-04-16 10:27:46.692 Z] [INFO] [cadence.virtuoso.ade.simulationMonitor] - Peak resident memory used = 195 Mbytes. {"history": "Interactive.8", "point": 26, "testname": "VGA_VGA_1_pss_tb_1", "cornername": "CMOS_CAP_VDD_TEMP_24"}
[2026-04-16 10:27:46.693 Z] [WARN] [cadence.virtuoso.ade.simulationMonitor] -     WARNING (SPECTRE-17607): Assert `SOAC_rpolyh_vminuspsub' is ignored because it contains an expression which is invalid or not supported by native evaluator.  {"history": "Interactive.8", "point": 26, "testname": "VGA_VGA_1_pss_tb_1", "cornername": "CMOS_CAP_VDD_TEMP_24"}
[2026-04-16 10:27:46.693 Z] [WARN] [cadence.virtuoso.ade.simulationMonitor] -     WARNING (SPECTRE-17607): Assert `SOAC_rpolyh_vpluspsub' is ignored because it contains an expression which is invalid or not supported by native evaluator.  {"history": "Interactive.8", "point": 26, "testname": "VGA_VGA_1_pss_tb_1", "cornername": "CMOS_CAP_VDD_TEMP_24"}
[2026-04-16 10:27:46.693 Z] [WARN] [cadence.virtuoso.ade.simulationMonitor] -     WARNING (SPECTRE-16460): SOAC_cvarm_vspsub:Specified subcircuit master `cvarm' was not found. {"history": "Interactive.8", "point": 26, "testname": "VGA_VGA_1_pss_tb_1", "cornername": "CMOS_CAP_VDD_TEMP_24"}
[2026-04-16 10:27:46.693 Z] [WARN] [cadence.virtuoso.ade.simulationMonitor] -     WARNING (SPECTRE-16462): SOAC_cvarm_vspsub:Error in specification of subcircuit master. Assert is ignored. {"history": "Interactive.8", "point": 26, "testname": "VGA_VGA_1_pss_tb_1", "cornername": "CMOS_CAP_VDD_TEMP_24"}
[2026-04-16 10:27:46.693 Z] [WARN] [cadence.virtuoso.ade.simulationMonitor] -     WARNING (SPECTRE-16460): SOAC_cvarm_vbs:Specified subcircuit master `cvarm' was not found. {"history": "Interactive.8", "point": 26, "testname": "VGA_VGA_1_pss_tb_1", "cornername": "CMOS_CAP_VDD_TEMP_24"}
[2026-04-16 10:27:46.693 Z] [WARN] [cadence.virtuoso.ade.simulationMonitor] -     WARNING (SPECTRE-16462): SOAC_cvarm_vbs:Error in specification of subcircuit master. Assert is ignored. {"history": "Interactive.8", "point": 26, "testname": "VGA_VGA_1_pss_tb_1", "cornername": "CMOS_CAP_VDD_TEMP_24"}
[2026-04-16 10:27:46.693 Z] [WARN] [cadence.virtuoso.ade.simulationMonitor] -     WARNING (SPECTRE-16460): SOAC_cvarm_vgb:Specified subcircuit master `cvarm' was not found. {"history": "Interactive.8", "point": 26, "testname": "VGA_VGA_1_pss_tb_1", "cornername": "CMOS_CAP_VDD_TEMP_24"}
[2026-04-16 10:27:46.693 Z] [WARN] [cadence.virtuoso.ade.simulationMonitor] -     WARNING (SPECTRE-16462): SOAC_cvarm_vgb:Error in specification of subcircuit master. Assert is ignored. {"history": "Interactive.8", "point": 26, "testname": "VGA_VGA_1_pss_tb_1", "cornername": "CMOS_CAP_VDD_TEMP_24"}
[2026-04-16 10:27:46.693 Z] [WARN] [cadence.virtuoso.ade.simulationMonitor] -     WARNING (SPECTRE-16460): SOAC_cvart_vspsub:Specified subcircuit master `cvart' was not found. {"history": "Interactive.8", "point": 26, "testname": "VGA_VGA_1_pss_tb_1", "cornername": "CMOS_CAP_VDD_TEMP_24"}
[2026-04-16 10:27:46.694 Z] [WARN] [cadence.virtuoso.ade.simulationMonitor] -     WARNING (SPECTRE-16462): SOAC_cvart_vspsub:Error in specification of subcircuit master. Assert is ignored. {"history": "Interactive.8", "point": 26, "testname": "VGA_VGA_1_pss_tb_1", "cornername": "CMOS_CAP_VDD_TEMP_24"}
[2026-04-16 10:27:46.694 Z] [WARN] [cadence.virtuoso.ade.simulationMonitor] -     WARNING (SPECTRE-16460): SOAC_cvart_vbs:Specified subcircuit master `cvart' was not found.
        Further occurrences of this warning will be suppressed. {"history": "Interactive.8", "point": 26, "testname": "VGA_VGA_1_pss_tb_1", "cornername": "CMOS_CAP_VDD_TEMP_24"}
[2026-04-16 10:27:46.694 Z] [WARN] [cadence.virtuoso.ade.simulationMonitor] -     WARNING (SPECTRE-16462): SOAC_cvart_vbs:Error in specification of subcircuit master. Assert is ignored.
        Further occurrences of this warning will be suppressed. {"history": "Interactive.8", "point": 26, "testname": "VGA_VGA_1_pss_tb_1", "cornername": "CMOS_CAP_VDD_TEMP_24"}
[2026-04-16 10:27:46.694 Z] [WARN] [cadence.virtuoso.ade.simulationMonitor] -     WARNING (SPECTRE-17607): Assert `SOAC_cpoly_vminuspsub' is ignored because it contains an expression which is invalid or not supported by native evaluator.  {"history": "Interactive.8", "point": 26, "testname": "VGA_VGA_1_pss_tb_1", "cornername": "CMOS_CAP_VDD_TEMP_24"}
[2026-04-16 10:27:46.694 Z] [WARN] [cadence.virtuoso.ade.simulationMonitor] -     WARNING (SPECTRE-17607): Assert `SOAC_cpoly_vpluspsub' is ignored because it contains an expression which is invalid or not supported by native evaluator.  {"history": "Interactive.8", "point": 26, "testname": "VGA_VGA_1_pss_tb_1", "cornername": "CMOS_CAP_VDD_TEMP_24"}
[2026-04-16 10:27:46.695 Z] [WARN] [cadence.virtuoso.ade.simulationMonitor] -     WARNING (SPECTRE-17607): Assert `SOAC_modp_vbpsub' is ignored because it contains an expression which is invalid or not supported by native evaluator. 
        Further occurrences of this warning will be suppressed. {"history": "Interactive.8", "point": 26, "testname": "VGA_VGA_1_pss_tb_1", "cornername": "CMOS_CAP_VDD_TEMP_24"}
[2026-04-16 10:27:47.195 Z] [INFO] [cadence.virtuoso.ade.simulationMonitor] - Notice from spectre during initial setup.
    Multithreading is disabled due to the size of the design being too small. {"history": "Interactive.8", "point": 26, "testname": "VGA_VGA_1_pss_tb_1", "cornername": "CMOS_CAP_VDD_TEMP_24"}
[2026-04-16 10:27:47.195 Z] [WARN] [cadence.virtuoso.ade.simulationMonitor] -     WARNING (SPECTRE-592): Following parameters are disabled because they are ignored or redefined in Spectre X:
        
        
        PSS Parameters:
          errpreset {"history": "Interactive.8", "point": 26, "testname": "VGA_VGA_1_pss_tb_1", "cornername": "CMOS_CAP_VDD_TEMP_24"}
[2026-04-16 10:27:47.197 Z] [INFO] [cadence.virtuoso.ade.simulationMonitor] -               nodes 31 {"history": "Interactive.8", "point": 26, "testname": "VGA_VGA_1_pss_tb_1", "cornername": "CMOS_CAP_VDD_TEMP_24"}
[2026-04-16 10:27:47.198 Z] [INFO] [cadence.virtuoso.ade.simulationMonitor] - Notice from spectre during initial setup.
    Spectre X preset=cx enabled.
    73 warnings suppressed. {"history": "Interactive.8", "point": 26, "testname": "VGA_VGA_1_pss_tb_1", "cornername": "CMOS_CAP_VDD_TEMP_24"}
[2026-04-16 10:27:47.198 Z] [INFO] [cadence.virtuoso.ade.simulationMonitor] - Peak resident memory used = 201 Mbytes. {"history": "Interactive.8", "point": 26, "testname": "VGA_VGA_1_pss_tb_1", "cornername": "CMOS_CAP_VDD_TEMP_24"}
[2026-04-16 10:27:47.198 Z] [INFO] [cadence.virtuoso.ade.simulationMonitor] -    -   (Spectre X) Multi-threading. The recommended number of threads is 1, consider adding +mt=1 on command line. {"history": "Interactive.8", "point": 26, "testname": "VGA_VGA_1_pss_tb_1", "cornername": "CMOS_CAP_VDD_TEMP_24"}
[2026-04-16 10:27:47.198 Z] [INFO] [cadence.virtuoso.ade.simulationMonitor] - Notice from spectre during transient analysis `tran'.
    No checklimit analysis defined for asserts. A default checklimit analysis 'SpectreChecklimitAnal' has been created with all asserts enabled. {"history": "Interactive.8", "point": 26, "testname": "VGA_VGA_1_pss_tb_1", "cornername": "CMOS_CAP_VDD_TEMP_24"}
[2026-04-16 10:27:47.198 Z] [INFO] [cadence.virtuoso.ade.simulationMonitor] - Notice from spectre during IC analysis, during transient analysis `tran'.
    Bad pivoting is found during DC analysis. Option dc_pivot_check=yes is recommended for possible improvement of convergence. {"history": "Interactive.8", "point": 26, "testname": "VGA_VGA_1_pss_tb_1", "cornername": "CMOS_CAP_VDD_TEMP_24"}
[2026-04-16 10:27:47.198 Z] [WARN] [cadence.virtuoso.ade.simulationMonitor] -     WARNING (CMI-2943): Parameter checks have been ignored because the valid value for parameter 'trise' could not be found in 'C1'. {"history": "Interactive.8", "point": 26, "testname": "VGA_VGA_1_pss_tb_1", "cornername": "CMOS_CAP_VDD_TEMP_24"}
[2026-04-16 10:27:47.198 Z] [WARN] [cadence.virtuoso.ade.simulationMonitor] -     WARNING (CMI-2943): Parameter checks have been ignored because the valid value for parameter 'trise' could not be found in 'I0.C8<0>_turbo_m4.C1'. {"history": "Interactive.8", "point": 26, "testname": "VGA_VGA_1_pss_tb_1", "cornername": "CMOS_CAP_VDD_TEMP_24"}
[2026-04-16 10:27:47.199 Z] [WARN] [cadence.virtuoso.ade.simulationMonitor] -     WARNING (CMI-2943): Parameter checks have been ignored because the valid value for parameter 'trise' could not be found in 'I0.C9<0>_turbo_m8.C1'. {"history": "Interactive.8", "point": 26, "testname": "VGA_VGA_1_pss_tb_1", "cornername": "CMOS_CAP_VDD_TEMP_24"}
[2026-04-16 10:27:47.199 Z] [WARN] [cadence.virtuoso.ade.simulationMonitor] -     WARNING (CMI-2943): Parameter checks have been ignored because the valid value for parameter 'trise' could not be found in 'I0.C7<0>_turbo_m2.C1'. {"history": "Interactive.8", "point": 26, "testname": "VGA_VGA_1_pss_tb_1", "cornername": "CMOS_CAP_VDD_TEMP_24"}
[2026-04-16 10:27:47.199 Z] [WARN] [cadence.virtuoso.ade.simulationMonitor] -     WARNING (CMI-2943): Parameter checks have been ignored because the valid value for parameter 'trise' could not be found in 'I0.R2.CM'.
        Further occurrences of this warning will be suppressed. {"history": "Interactive.8", "point": 26, "testname": "VGA_VGA_1_pss_tb_1", "cornername": "CMOS_CAP_VDD_TEMP_24"}
[2026-04-16 10:27:47.199 Z] [INFO] [cadence.virtuoso.ade.simulationMonitor] - Notice from spectre during transient analysis `tran'.
    Multithreading is disabled due to the size of the design being too small. {"history": "Interactive.8", "point": 26, "testname": "VGA_VGA_1_pss_tb_1", "cornername": "CMOS_CAP_VDD_TEMP_24"}
[2026-04-16 10:27:47.199 Z] [INFO] [cadence.virtuoso.ade.simulationMonitor] - Total time required for tran analysis `tran': CPU = 98.163 ms, elapsed = 102.387 ms, util. = 95.9%. {"history": "Interactive.8", "point": 26, "testname": "VGA_VGA_1_pss_tb_1", "cornername": "CMOS_CAP_VDD_TEMP_24"}
[2026-04-16 10:27:47.199 Z] [INFO] [cadence.virtuoso.ade.simulationMonitor] - Peak resident memory used = 211 Mbytes. {"history": "Interactive.8", "point": 26, "testname": "VGA_VGA_1_pss_tb_1", "cornername": "CMOS_CAP_VDD_TEMP_24"}
[2026-04-16 10:27:47.199 Z] [INFO] [cadence.virtuoso.ade.simulationMonitor] - Notice from spectre.
    12 warnings suppressed. {"history": "Interactive.8", "point": 26, "testname": "VGA_VGA_1_pss_tb_1", "cornername": "CMOS_CAP_VDD_TEMP_24"}
[2026-04-16 10:27:47.700 Z] [INFO] [cadence.virtuoso.ade.simulationMonitor] - Notice from spectre during IC analysis, during periodic steady state analysis `pss'.
    Bad pivoting is found during DC analysis. Option dc_pivot_check=yes is recommended for possible improvement of convergence. {"history": "Interactive.8", "point": 26, "testname": "VGA_VGA_1_pss_tb_1", "cornername": "CMOS_CAP_VDD_TEMP_24"}
[2026-04-16 10:27:47.700 Z] [WARN] [cadence.virtuoso.ade.simulationMonitor] -     WARNING (CMI-2943): Parameter checks have been ignored because the valid value for parameter 'trise' could not be found in 'C1'. {"history": "Interactive.8", "point": 26, "testname": "VGA_VGA_1_pss_tb_1", "cornername": "CMOS_CAP_VDD_TEMP_24"}
[2026-04-16 10:27:47.700 Z] [WARN] [cadence.virtuoso.ade.simulationMonitor] -     WARNING (CMI-2943): Parameter checks have been ignored because the valid value for parameter 'trise' could not be found in 'I0.C8<0>_turbo_m4.C1'. {"history": "Interactive.8", "point": 26, "testname": "VGA_VGA_1_pss_tb_1", "cornername": "CMOS_CAP_VDD_TEMP_24"}
[2026-04-16 10:27:47.700 Z] [WARN] [cadence.virtuoso.ade.simulationMonitor] -     WARNING (CMI-2943): Parameter checks have been ignored because the valid value for parameter 'trise' could not be found in 'I0.C9<0>_turbo_m8.C1'. {"history": "Interactive.8", "point": 26, "testname": "VGA_VGA_1_pss_tb_1", "cornername": "CMOS_CAP_VDD_TEMP_24"}
[2026-04-16 10:27:47.700 Z] [WARN] [cadence.virtuoso.ade.simulationMonitor] -     WARNING (CMI-2943): Parameter checks have been ignored because the valid value for parameter 'trise' could not be found in 'I0.C7<0>_turbo_m2.C1'. {"history": "Interactive.8", "point": 26, "testname": "VGA_VGA_1_pss_tb_1", "cornername": "CMOS_CAP_VDD_TEMP_24"}
[2026-04-16 10:27:47.701 Z] [WARN] [cadence.virtuoso.ade.simulationMonitor] -     WARNING (CMI-2943): Parameter checks have been ignored because the valid value for parameter 'trise' could not be found in 'I0.R2.CM'.
        Further occurrences of this warning will be suppressed. {"history": "Interactive.8", "point": 26, "testname": "VGA_VGA_1_pss_tb_1", "cornername": "CMOS_CAP_VDD_TEMP_24"}
[2026-04-16 10:27:47.701 Z] [INFO] [cadence.virtuoso.ade.simulationMonitor] - Total time required for tstab analysis `pss': CPU = 6.2 ms, elapsed = 6.20008 ms. {"history": "Interactive.8", "point": 26, "testname": "VGA_VGA_1_pss_tb_1", "cornername": "CMOS_CAP_VDD_TEMP_24"}
[2026-04-16 10:27:47.701 Z] [INFO] [cadence.virtuoso.ade.simulationMonitor] - Peak resident memory used = 213 Mbytes. {"history": "Interactive.8", "point": 26, "testname": "VGA_VGA_1_pss_tb_1", "cornername": "CMOS_CAP_VDD_TEMP_24"}
[2026-04-16 10:27:47.701 Z] [INFO] [cadence.virtuoso.ade.simulationMonitor] - Notice from spectre during periodic steady state analysis `pss'.
    12 warnings suppressed. {"history": "Interactive.8", "point": 26, "testname": "VGA_VGA_1_pss_tb_1", "cornername": "CMOS_CAP_VDD_TEMP_24"}
[2026-04-16 10:27:48.202 Z] [INFO] [cadence.virtuoso.ade.simulationMonitor] - Total time required for pss analysis `pss': CPU = 736.228 ms, elapsed = 754.128 ms, util. = 97.6%. {"history": "Interactive.8", "point": 26, "testname": "VGA_VGA_1_pss_tb_1", "cornername": "CMOS_CAP_VDD_TEMP_24"}
[2026-04-16 10:27:48.202 Z] [INFO] [cadence.virtuoso.ade.simulationMonitor] - Peak resident memory used = 219 Mbytes. {"history": "Interactive.8", "point": 26, "testname": "VGA_VGA_1_pss_tb_1", "cornername": "CMOS_CAP_VDD_TEMP_24"}
[2026-04-16 10:27:48.202 Z] [INFO] [cadence.virtuoso.ade.simulationMonitor] - Time used: CPU = 1.31 s, elapsed = 1.91 s, util. = 68.7%. {"history": "Interactive.8", "point": 26, "testname": "VGA_VGA_1_pss_tb_1", "cornername": "CMOS_CAP_VDD_TEMP_24"}
[2026-04-16 10:27:48.202 Z] [INFO] [cadence.virtuoso.ade.simulationMonitor] - Time spent in licensing: elapsed = 145 ms, percentage of total = 7.6%. {"history": "Interactive.8", "point": 26, "testname": "VGA_VGA_1_pss_tb_1", "cornername": "CMOS_CAP_VDD_TEMP_24"}
[2026-04-16 10:27:48.203 Z] [INFO] [cadence.virtuoso.ade.simulationMonitor] - Peak memory used = 219 Mbytes. {"history": "Interactive.8", "point": 26, "testname": "VGA_VGA_1_pss_tb_1", "cornername": "CMOS_CAP_VDD_TEMP_24"}
[2026-04-16 10:27:48.204 Z] [PROCESS] [cadence.virtuoso.ade.simulationMonitor] - Simulation started at: 10:27:45 AM, Thur Apr 16, 2026, ended at: 10:27:47 AM, Thur Apr 16, 2026, with elapsed time (wall clock): 1.91 s. {"history": "Interactive.8", "point": 26, "testname": "VGA_VGA_1_pss_tb_1", "cornername": "CMOS_CAP_VDD_TEMP_24"}
[2026-04-16 10:27:48.204 Z] [PROCESS] [cadence.virtuoso.ade.simulationMonitor] - spectre completes with 0 errors, 34 warnings, and 14 notices. {"history": "Interactive.8", "point": 26, "testname": "VGA_VGA_1_pss_tb_1", "cornername": "CMOS_CAP_VDD_TEMP_24"}
[2026-04-16 10:27:48.204 Z] [PROCESS] [cadence.virtuoso.ade.simulationMonitor] - Finished simulating for one point {"hostname": "il2244vt26_davidevi", "processid": 1094835, "history": "Interactive.8", "testname": "VGA_VGA_1_pss_tb_1", "cornername": "CMOS_CAP_VDD_TEMP_24", "point": 26, "logfile": "/home/davidevi/Desktop/myproject/logs_davidevi/logs0/Job513.log", "simid": "3"}
[2026-04-16 10:27:48.204 Z] [PROCESS] [cadence.virtuoso.ade.simulationMonitor] - Simulator exited {"hostname": "il2244vt26_davidevi", "processid": 1094835, "history": "Interactive.8", "testname": "VGA_VGA_1_pss_tb_1", "cornername": "CMOS_CAP_VDD_TEMP_24", "point": 26, "logfile": "/home/davidevi/Desktop/myproject/logs_davidevi/logs0/Job513.log", "exitStatus": "0"}
[2026-04-16 10:27:48.205 Z] [PROCESS] [cadence.virtuoso.ade.simulationMonitor] - Finished Simulation {"hostname": "il2244vt26_davidevi", "processid": 1094835, "history": "Interactive.8", "testname": "VGA_VGA_1_pss_tb_1", "cornername": "CMOS_CAP_VDD_TEMP_24", "point": 26, "logfile": "/home/davidevi/Desktop/myproject/logs_davidevi/logs0/Job513.log", "simid": "3"}
[2026-04-16 10:27:50.716 Z] [PROCESS] [cadence.virtuoso.ade.simulationMonitor] - Point Finished {"hostname": "il2244vt26_davidevi", "processid": 1094835, "history": "Interactive.8", "testname": "VGA_VGA_1_pss_tb_1", "cornername": "CMOS_CAP_VDD_TEMP_24", "point": 26, "logfile": "/home/davidevi/Desktop/myproject/logs_davidevi/logs0/Job513.log"}
[2026-04-16 10:27:50.718 Z] [PROCESS] [cadence.virtuoso.ade.simulationMonitor] - Stay with the runId '0', Linger time '300', currentRunSyn '1', currentTestSyn '2' {"hostname": "il2244vt26_davidevi", "processid": 1094835, "history": "Interactive.8", "testname": "VGA_VGA_1_pss_tb_1", "cornername": "CMOS_CAP_VDD_TEMP_24", "point": 26, "logfile": "/home/davidevi/Desktop/myproject/logs_davidevi/logs0/Job513.log"}
[2026-04-16 10:27:51.718 Z] [PROCESS] [cadence.virtuoso.ade.simulationMonitor] - Stay with the runId '0', Linger time '300', currentRunSyn '1', currentTestSyn '2' {"hostname": "il2244vt26_davidevi", "processid": 1094835, "history": "Interactive.8", "testname": "VGA_VGA_1_pss_tb_1", "cornername": "CMOS_CAP_VDD_TEMP_24", "point": 26, "logfile": "/home/davidevi/Desktop/myproject/logs_davidevi/logs0/Job513.log"}
[2026-04-16 10:27:52.719 Z] [PROCESS] [cadence.virtuoso.ade.simulationMonitor] - Stay with the runId '0', Linger time '300', currentRunSyn '1', currentTestSyn '2' {"hostname": "il2244vt26_davidevi", "processid": 1094835, "history": "Interactive.8", "testname": "VGA_VGA_1_pss_tb_1", "cornername": "CMOS_CAP_VDD_TEMP_24", "point": 26, "logfile": "/home/davidevi/Desktop/myproject/logs_davidevi/logs0/Job513.log"}
[2026-04-16 10:27:53.719 Z] [PROCESS] [cadence.virtuoso.ade.simulationMonitor] - Stay with the runId '0', Linger time '300', currentRunSyn '1', currentTestSyn '2' {"hostname": "il2244vt26_davidevi", "processid": 1094835, "history": "Interactive.8", "testname": "VGA_VGA_1_pss_tb_1", "cornername": "CMOS_CAP_VDD_TEMP_24", "point": 26, "logfile": "/home/davidevi/Desktop/myproject/logs_davidevi/logs0/Job513.log"}
[2026-04-16 10:27:54.720 Z] [PROCESS] [cadence.virtuoso.ade.simulationMonitor] - Stay with the runId '0', Linger time '300', currentRunSyn '1', currentTestSyn '2' {"hostname": "il2244vt26_davidevi", "processid": 1094835, "history": "Interactive.8", "testname": "VGA_VGA_1_pss_tb_1", "cornername": "CMOS_CAP_VDD_TEMP_24", "point": 26, "logfile": "/home/davidevi/Desktop/myproject/logs_davidevi/logs0/Job513.log"}
[2026-04-16 10:27:55.721 Z] [PROCESS] [cadence.virtuoso.ade.simulationMonitor] - Stay with the runId '0', Linger time '300', currentRunSyn '1', currentTestSyn '2' {"hostname": "il2244vt26_davidevi", "processid": 1094835, "history": "Interactive.8", "testname": "VGA_VGA_1_pss_tb_1", "cornername": "CMOS_CAP_VDD_TEMP_24", "point": 26, "logfile": "/home/davidevi/Desktop/myproject/logs_davidevi/logs0/Job513.log"}
[2026-04-16 10:27:56.721 Z] [PROCESS] [cadence.virtuoso.ade.simulationMonitor] - Stay with the runId '0', Linger time '300', currentRunSyn '1', currentTestSyn '2' {"hostname": "il2244vt26_davidevi", "processid": 1094835, "history": "Interactive.8", "testname": "VGA_VGA_1_pss_tb_1", "cornername": "CMOS_CAP_VDD_TEMP_24", "point": 26, "logfile": "/home/davidevi/Desktop/myproject/logs_davidevi/logs0/Job513.log"}
[2026-04-16 10:32:51.473 Z] [PROCESS] [cadence.virtuoso.ade.simulationMonitor] - Current memory used: 53.8047 MBytes, peak memory used: 53.8047 MBytes {"hostname": "il2244vt26_davidevi", "processid": 1094835, "history": "Interactive.8", "testname": "VGA_VGA_1_pss_tb_1", "cornername": "CMOS_CAP_VDD_TEMP_24", "point": 26, "logfile": "/home/davidevi/Desktop/myproject/logs_davidevi/logs0/Job513.log"}
[2026-04-16 10:32:51.473 Z] [PROCESS] [cadence.virtuoso.ade.simulationMonitor] - Simulation Monitor process exit. {"hostname": "il2244vt26_davidevi", "processid": 1094835, "history": "Interactive.8", "testname": "VGA_VGA_1_pss_tb_1", "cornername": "CMOS_CAP_VDD_TEMP_24", "point": 26, "logfile": "/home/davidevi/Desktop/myproject/logs_davidevi/logs0/Job513.log"}
