\# Program start time:     UTC 2026.03.16 17:43:10.463
\# Local time: UTC (UTC+00:00) 2026.03.16 17:43:10.463
\o Program:		@(#)$CDS: virtuoso version 6.1.8-64b 09/03/2024 19:11 (sjfhw316) $
\o Hierarchy:		/opt/tools/cadence/installs/IC618/tools.lnx86/dfII/
\o Sub version:		sub-version  IC6.1.8-64b.500.36  (64-bit addresses)
\# Command line:	/opt/tools/cadence/installs/IC618/tools.lnx86/dfII/bin/64bit/virtuoso -noautostart -mpssession virtuoso449490 -mpshost il2244vt26_davidevi -davinciService DaVinciService_449490_1773682716 -log /home/davidevi/Desktop/myproject/logs_davidevi/logs0/Job7.log -licenseLockFileName /home/davidevi/Desktop/myproject/.tmp_davidevi/.il2244vt26_davidevi_449490 -interactiveA -interactiveE -interactiveRTT -nostdin -nographE -axlChildIdFlag 7
\# Host name (type):	il2244vt26_davidevi (x86_64)
\# Operating system:	Linux 5.15.0-164-generic #174-Ubuntu SMP Fri Nov 14 20:25:16 UTC 2025
\# Linux /etc/issue:	\S
\# Linux /etc/issue:	Kernel \r on an \m
\# X display name (WxH):	:7801 (1024x868)
\# Available geometry:			TL(0:0) BR(1023:867)
\# X server:			The X.Org Foundation
\# Depth of Visual (Root):	24 (24)
\# Number of Planes Used:	24
\# X version:		11.0 (vendor release 12011000)
\# X resource pool:	base 0x400000, mask 0x1fffff (2097151), shift 0
\# 			current id 0x0, current max 0x1ffffa (2097146)
\# Max data seg size:	     unlimited
\# Max process size:	     unlimited
\# Initial sbrk value:	        751 MB
\# Available memory:	  2,827,867 MB
\# System memory:	  3,104,512 MB
\# Maximum memory size:	  3,103,881 MB
\# Max mem available:	  2,827,988 MB
\# Initial memory used:	        121 MB
\#        process size:	      1,677 MB
\# Thread usage limits (effective/default):	maxthreads 4294967295/4294967295 maxload 48.00/48.00
\# Qt version:		5.9.1
\# Window Manager:	other
\# User Name:		davidevi
\o Working Directory:	il2244vt26_davidevi:/home/davidevi/Desktop/myproject
\# Process Id:		452042
\o 
\o COPYRIGHT (C) 1992-2024  CADENCE DESIGN SYSTEMS INC.  ALL RIGHTS RESERVED.
\o           (C) 1992-2024  UNIX SYSTEMS Laboratories INC.,
\o                          Reproduced with permission.
\o 
\o This Cadence Design Systems program and online documentation are
\o proprietary/confidential information and may be disclosed/used only
\o as authorized in a license agreement controlling such use and disclosure.
\o 
\o           RESTRICTED RIGHTS NOTICE (SHORT FORM)
\o Use/reproduction/disclosure is subject to restriction
\o set forth at FAR 1252.227-19 or its equivalent.
\o Loading geView.cxt 
\o Loading menuBuilder.cxt 
\o Loading schView.cxt 
\o Loading selectSv.cxt 
\o Loading wireEdit.cxt 
\o Loading pte2.cxt 
\o Loading xlUI.cxt 
\o Loading auCore.cxt 
\o Loading vhdl.cxt 
\o Loading seismic.cxt 
\o Loading ci.cxt 
\o Loading ams.cxt 
\o Loading oasis.cxt 
\o Loading analog.cxt 
\o Loading asimenv.cxt 
\o Loading dal.cxt 
\o Loading awv.cxt 
\o Loading socket.cxt 
\o Loading par.cxt 
\o Loading alvs.cxt 
\o Loading caa.cxt 
\o Loading amps.cxt 
\o Loading adexlCore.cxt 
\# Available memory:      2,828,023 MB at UTC 2026.03.16 17:43:24.094
\# Memory report: Maximum memory size now 2,828,255 MB at UTC 2026.03.16 17:43:24.094
\# Thread usage report: 53 active threads, active load 1.40 at UTC 2026.03.16 17:43:24.094
\# Memory report: using         232 MB, process size 1,911 MB at UTC 2026.03.16 17:43:24.094
\o Loading adexl.cxt 
\o *Info*    Exporting services from client ... 
\o 
\o Loading adexlDM.cxt 
\o Loading cpf.cxt 
\o Loading cli.cxt 
\o Loading lp.cxt 
\o INFO (ELI-00302) Connecting to parent process (session=virtuoso449490, host=il2244vt26_davidevi). Connection mode is ICRP. Total timeout is 180 seconds. Connection timeout is 90 seconds.
\o INFO (ELI-00303) Step 1: Connecting to parent. Time spent is 0 seconds.
\o INFO (ELI-00304) The registration of the child 452042 within 90 seconds is being processed...
\o INFO (ELI-00305) The result of registration is true. Time spent is 1 seconds.
\o INFO (ELI-00308) The connection has ended. Result is true. Total time spent is 1 seconds.
\# [17:43:11.445322] Configured Lic search path (22.01-s002): 3000@lic08.ug.kth.se:29000@lic06.ug.kth.se
\o ......................................................................................
\o            ams AG HIT-Kit v.ams_4.10
\o ......................................................................................
\o COPYRIGHT (c) 2012 Full Service Foundry @ ams AG.  ALL RIGHTS RESERVED
\o This HIT-Kit and attached documentation are confidential information and may 
\o only be used as authorized by the HIT-Kit license agreement.
\o ......................................................................................
\# Current Window: window(2)
\o Loading simulator default settings.
\o Loading simulator default settings.
\o *Info*    Client has finished starting ... 
\o 
\o Loading vdsil.cxt 
\p hitkit: ams_4.10  Tech: c35b4c3  User: davidevi 
\w *WARNING* could not load font "-*-courier-medium-r-*-*-12-*", using font "fixed"
\# Loading perfDiag...
\# (PerfDiag): Set GDB path to environment variable 'gdbPath' (gdb).
\# Performance Diagnostic tool is installed. You can access PerfDiag from CIW Tools or use the shell command 'cdsPerfDiag -p 452042' to open it when Virtuoso freezes.
\# (PerfDiag): Use backtrace from GLIBC.
\w *WARNING* _perfPstackCheck: Cannot find pstack/gstack. Please setup PATH environment variable to pstack/gstack executable.
\o Loading vqp.cxt 
\o Loading hdlPkg.cxt 
\o Loading simui.cxt 
\o 
\o 
\o *Info*    Configuring the session ...
\o 
\o 	Library      = CHARACTERIZATION
\o 	Cell         = GM_ID_PMOS
\o 	View         = schematic
\o 	Netlist  	  = nil
\o 	Simulator    = spectre
\o 	State Path   = $AXL_SETUPDB_DIR/test_states
\o 	State Name   = CHARACTERIZATION:GM_ID_PMOS:1_CHARACTERIZATION:GM_ID_PMOS:1_Mar_16_17_43_03_2026_Ocean.3
\o 	Results DB   = /home/davidevi/Desktop/myproject/CHARACTERIZATION/GM_ID_PMOS/adexl/results/data/Ocean.3.rdb
\o 	Setup DB loc = /home/davidevi/Desktop/myproject/CHARACTERIZATION/GM_ID_PMOS/adexl
\o 
\o 
\o Loading spectrei.cxt 
\o Loading devCheck.cxt 
\o Loading relXpert.cxt 
\# Memory report: using         360 MB, process size 2,055 MB at UTC 2026.03.16 17:43:28.093
\o 
\o *Info*    The auto suspension is disabled.
\o 
\o Loading hspiceD.cxt 
\o Loading spectreinl.cxt 
\o Loading msgHandler.cxt 
\o Loading UltraSim.cxt 
\o Loading AMSOSS.cxt 
\o Loading AMS.cxt 
\o Loading monte.cxt 
\o 
\o 
\o 
\o 
\o 
\o *Info*    Run start for Point ID (0 3) on testbench [
\o           CHARACTERIZATION:GM_ID_PMOS:1 ].
\o 
\o Resetting statistical vars
\o 
\o *Info*    Setting parameter values ...
\o 
\o Setting var IDS = "1.359356391n"
\o Setting var L = "4e-6"
\o Setting var NF = "10"
\o Setting var VDS = "1.5"
\o Setting var W = "10e-6"
\o Setting var temperature = "27"
\o Setting temp(T) = 27
\o 
\o *Info*    Netlist Directory =
\o           /home/davidevi/Desktop/myproject/Sim/CHARACTERIZATION/GM_ID_PMOS/adexl/results/data/Ocean.3/3/CHARACTERIZATION:GM_ID_PMOS:1/netlist
\o 
\o 
\o *Info*    Data Directory    =
\o           /home/davidevi/Desktop/myproject/Sim/CHARACTERIZATION/GM_ID_PMOS/adexl/results/data/Ocean.3/3/CHARACTERIZATION:GM_ID_PMOS:1
\o 
\o 
\o *Info*    Creating Netlist for Point ID (0 3)
\o 
\o generate netlist...
\o Loading hnlInit.cxt 
\o Loading seCore.cxt 
\o function ansCdlCompPrim redefined
\o function ansCdlCompPrim redefined
\# [17:43:28.300641] Periodic Lic check successful
\# [17:43:28.300659] Feature usage summary:
\o Begin Incremental Netlisting Mar 16 17:43:28 2026
\o End netlisting Mar 16 17:43:28 2026
\o 
\o 	The netlist is up to date.
\o 	Time taken to compare the design with netlist:   0.0s
\o       ...successful.
\o compose simulator input file...
\o       ...successful.
\o 
\o *Info*    Running simulation on testbench [
\o           CHARACTERIZATION:GM_ID_PMOS:1 ] for Point ID (0 3).
\o 
\o Delete psf data in /home/davidevi/Desktop/myproject/Sim/CHARACTERIZATION/GM_ID_PMOS/adexl/results/data/Ocean.3/3/CHARACTERIZATION:GM_ID_PMOS:1/psf.
\o simulate...
\o WARNING (ADE-3080): Fast viewing extensions for PSF XL format (also known as RTSF) will be discontinued  
\o        and Virtuoso Visualization and Analysis XL will not use RTSF data to plot waveforms from IC6.1.8 ISR7 onward. 
\o        There will be no performance impact on data visualization due to this change.
\o Loading viva.cxt 
\o INFO (ADE-3071): Simulation completed successfully.
\o reading simulation data...
\o       ...successful.
\o *Info*    Client has finished evaluating ... 
\o 
\o 
\o *Info*    Run complete for Point ID (0 3) on testbench [
\o           CHARACTERIZATION:GM_ID_PMOS:1 ].
\o 
\o 
\o 
\o 
\o 
\o 
\o 
\o 
\o 
\o 
\o *Info*    Run start for Point ID (0 9) on testbench [
\o           CHARACTERIZATION:GM_ID_PMOS:1 ].
\o 
\o Resetting statistical vars
\o 
\o *Info*    Setting parameter values ...
\o 
\o Setting var IDS = "3.414548874n"
\o 
\o *Info*    Netlist Directory =
\o           /home/davidevi/Desktop/myproject/Sim/CHARACTERIZATION/GM_ID_PMOS/adexl/results/data/Ocean.3/9/CHARACTERIZATION:GM_ID_PMOS:1/netlist
\o 
\o 
\o *Info*    Data Directory    =
\o           /home/davidevi/Desktop/myproject/Sim/CHARACTERIZATION/GM_ID_PMOS/adexl/results/data/Ocean.3/9/CHARACTERIZATION:GM_ID_PMOS:1
\o 
\o 
\o *Info*    Creating Netlist for Point ID (0 9)
\o 
\o generate netlist...
\o function ansCdlCompPrim redefined
\o function ansCdlCompPrim redefined
\o Begin Incremental Netlisting Mar 16 17:43:32 2026
\o End netlisting Mar 16 17:43:32 2026
\o 
\o 	The netlist is up to date.
\o 	Time taken to compare the design with netlist:   0.0s
\o       ...successful.
\o compose simulator input file...
\o       ...successful.
\o 
\o *Info*    Running simulation on testbench [
\o           CHARACTERIZATION:GM_ID_PMOS:1 ] for Point ID (0 9).
\o 
\o Delete psf data in /home/davidevi/Desktop/myproject/Sim/CHARACTERIZATION/GM_ID_PMOS/adexl/results/data/Ocean.3/9/CHARACTERIZATION:GM_ID_PMOS:1/psf.
\o simulate...
\o WARNING (ADE-3080): Fast viewing extensions for PSF XL format (also known as RTSF) will be discontinued  
\o        and Virtuoso Visualization and Analysis XL will not use RTSF data to plot waveforms from IC6.1.8 ISR7 onward. 
\o        There will be no performance impact on data visualization due to this change.
\# Thread usage report: 54 active threads, active load 1.40 at UTC 2026.03.16 17:43:34.038
\o INFO (ADE-3071): Simulation completed successfully.
\o reading simulation data...
\o       ...successful.
\o *Info*    Client has finished evaluating ... 
\o 
\o 
\o *Info*    Run complete for Point ID (0 9) on testbench [
\o           CHARACTERIZATION:GM_ID_PMOS:1 ].
\o 
\o 
\o 
\o 
\o 
\o 
\o 
\o 
\o 
\o 
\o *Info*    Run start for Point ID (0 14) on testbench [
\o           CHARACTERIZATION:GM_ID_PMOS:1 ].
\o 
\o Resetting statistical vars
\o 
\o *Info*    Setting parameter values ...
\o 
\o Setting var IDS = "7.356422545n"
\o 
\o *Info*    Netlist Directory =
\o           /home/davidevi/Desktop/myproject/Sim/CHARACTERIZATION/GM_ID_PMOS/adexl/results/data/Ocean.3/14/CHARACTERIZATION:GM_ID_PMOS:1/netlist
\o 
\o 
\o *Info*    Data Directory    =
\o           /home/davidevi/Desktop/myproject/Sim/CHARACTERIZATION/GM_ID_PMOS/adexl/results/data/Ocean.3/14/CHARACTERIZATION:GM_ID_PMOS:1
\o 
\o 
\o *Info*    Creating Netlist for Point ID (0 14)
\o 
\o generate netlist...
\o function ansCdlCompPrim redefined
\o function ansCdlCompPrim redefined
\o Begin Incremental Netlisting Mar 16 17:43:35 2026
\o End netlisting Mar 16 17:43:35 2026
\o 
\o 	The netlist is up to date.
\o 	Time taken to compare the design with netlist:   0.0s
\o       ...successful.
\o compose simulator input file...
\o       ...successful.
\o 
\o *Info*    Running simulation on testbench [
\o           CHARACTERIZATION:GM_ID_PMOS:1 ] for Point ID (0 14).
\o 
\o Delete psf data in /home/davidevi/Desktop/myproject/Sim/CHARACTERIZATION/GM_ID_PMOS/adexl/results/data/Ocean.3/14/CHARACTERIZATION:GM_ID_PMOS:1/psf.
\o simulate...
\o WARNING (ADE-3080): Fast viewing extensions for PSF XL format (also known as RTSF) will be discontinued  
\o        and Virtuoso Visualization and Analysis XL will not use RTSF data to plot waveforms from IC6.1.8 ISR7 onward. 
\o        There will be no performance impact on data visualization due to this change.
\o INFO (ADE-3071): Simulation completed successfully.
\o reading simulation data...
\o       ...successful.
\o *Info*    Client has finished evaluating ... 
\o 
\o 
\o *Info*    Run complete for Point ID (0 14) on testbench [
\o           CHARACTERIZATION:GM_ID_PMOS:1 ].
\o 
\o 
\o 
\o 
\o 
\o 
\o 
\o 
\o 
\o 
\o *Info*    Run start for Point ID (0 19) on testbench [
\o           CHARACTERIZATION:GM_ID_PMOS:1 ].
\o 
\o Resetting statistical vars
\o 
\o *Info*    Setting parameter values ...
\o 
\o Setting var IDS = "15.84893192n"
\o 
\o *Info*    Netlist Directory =
\o           /home/davidevi/Desktop/myproject/Sim/CHARACTERIZATION/GM_ID_PMOS/adexl/results/data/Ocean.3/19/CHARACTERIZATION:GM_ID_PMOS:1/netlist
\o 
\o 
\o *Info*    Data Directory    =
\o           /home/davidevi/Desktop/myproject/Sim/CHARACTERIZATION/GM_ID_PMOS/adexl/results/data/Ocean.3/19/CHARACTERIZATION:GM_ID_PMOS:1
\o 
\o 
\o *Info*    Creating Netlist for Point ID (0 19)
\o 
\o generate netlist...
\o function ansCdlCompPrim redefined
\o function ansCdlCompPrim redefined
\o Begin Incremental Netlisting Mar 16 17:43:38 2026
\o End netlisting Mar 16 17:43:38 2026
\o 
\o 	The netlist is up to date.
\o 	Time taken to compare the design with netlist:   0.0s
\o       ...successful.
\o compose simulator input file...
\o       ...successful.
\o 
\o *Info*    Running simulation on testbench [
\o           CHARACTERIZATION:GM_ID_PMOS:1 ] for Point ID (0 19).
\o 
\o Delete psf data in /home/davidevi/Desktop/myproject/Sim/CHARACTERIZATION/GM_ID_PMOS/adexl/results/data/Ocean.3/19/CHARACTERIZATION:GM_ID_PMOS:1/psf.
\o simulate...
\o WARNING (ADE-3080): Fast viewing extensions for PSF XL format (also known as RTSF) will be discontinued  
\o        and Virtuoso Visualization and Analysis XL will not use RTSF data to plot waveforms from IC6.1.8 ISR7 onward. 
\o        There will be no performance impact on data visualization due to this change.
\o INFO (ADE-3071): Simulation completed successfully.
\o reading simulation data...
\o       ...successful.
\o *Info*    Client has finished evaluating ... 
\o 
\o 
\o *Info*    Run complete for Point ID (0 19) on testbench [
\o           CHARACTERIZATION:GM_ID_PMOS:1 ].
\o 
\o 
\o 
\o 
\o 
\o 
\o 
\o 
\o 
\o 
\o *Info*    Run start for Point ID (0 24) on testbench [
\o           CHARACTERIZATION:GM_ID_PMOS:1 ].
\o 
\o Resetting statistical vars
\o 
\o *Info*    Setting parameter values ...
\o 
\o Setting var IDS = "34.14548874n"
\o 
\o *Info*    Netlist Directory =
\o           /home/davidevi/Desktop/myproject/Sim/CHARACTERIZATION/GM_ID_PMOS/adexl/results/data/Ocean.3/24/CHARACTERIZATION:GM_ID_PMOS:1/netlist
\o 
\o 
\o *Info*    Data Directory    =
\o           /home/davidevi/Desktop/myproject/Sim/CHARACTERIZATION/GM_ID_PMOS/adexl/results/data/Ocean.3/24/CHARACTERIZATION:GM_ID_PMOS:1
\o 
\o 
\o *Info*    Creating Netlist for Point ID (0 24)
\o 
\o generate netlist...
\o function ansCdlCompPrim redefined
\o function ansCdlCompPrim redefined
\o Begin Incremental Netlisting Mar 16 17:43:41 2026
\o End netlisting Mar 16 17:43:41 2026
\o 
\o 	The netlist is up to date.
\o 	Time taken to compare the design with netlist:   0.0s
\o       ...successful.
\o compose simulator input file...
\o       ...successful.
\o 
\o *Info*    Running simulation on testbench [
\o           CHARACTERIZATION:GM_ID_PMOS:1 ] for Point ID (0 24).
\o 
\o Delete psf data in /home/davidevi/Desktop/myproject/Sim/CHARACTERIZATION/GM_ID_PMOS/adexl/results/data/Ocean.3/24/CHARACTERIZATION:GM_ID_PMOS:1/psf.
\o simulate...
\o WARNING (ADE-3080): Fast viewing extensions for PSF XL format (also known as RTSF) will be discontinued  
\o        and Virtuoso Visualization and Analysis XL will not use RTSF data to plot waveforms from IC6.1.8 ISR7 onward. 
\o        There will be no performance impact on data visualization due to this change.
\o INFO (ADE-3071): Simulation completed successfully.
\o reading simulation data...
\o       ...successful.
\o *Info*    Client has finished evaluating ... 
\o 
\o 
\o *Info*    Run complete for Point ID (0 24) on testbench [
\o           CHARACTERIZATION:GM_ID_PMOS:1 ].
\o 
\o 
\o 
\o 
\o 
\o 
\o 
\o 
\o 
\o 
\o *Info*    Run start for Point ID (0 29) on testbench [
\o           CHARACTERIZATION:GM_ID_PMOS:1 ].
\o 
\o Resetting statistical vars
\o 
\o *Info*    Setting parameter values ...
\o 
\o Setting var IDS = "73.56422545n"
\o 
\o *Info*    Netlist Directory =
\o           /home/davidevi/Desktop/myproject/Sim/CHARACTERIZATION/GM_ID_PMOS/adexl/results/data/Ocean.3/29/CHARACTERIZATION:GM_ID_PMOS:1/netlist
\o 
\o 
\o *Info*    Data Directory    =
\o           /home/davidevi/Desktop/myproject/Sim/CHARACTERIZATION/GM_ID_PMOS/adexl/results/data/Ocean.3/29/CHARACTERIZATION:GM_ID_PMOS:1
\o 
\o 
\o *Info*    Creating Netlist for Point ID (0 29)
\o 
\o generate netlist...
\o function ansCdlCompPrim redefined
\o function ansCdlCompPrim redefined
\o Begin Incremental Netlisting Mar 16 17:43:43 2026
\o End netlisting Mar 16 17:43:44 2026
\o 
\o 	The netlist is up to date.
\o 	Time taken to compare the design with netlist:   1.0s
\o       ...successful.
\o compose simulator input file...
\o       ...successful.
\o 
\o *Info*    Running simulation on testbench [
\o           CHARACTERIZATION:GM_ID_PMOS:1 ] for Point ID (0 29).
\o 
\o Delete psf data in /home/davidevi/Desktop/myproject/Sim/CHARACTERIZATION/GM_ID_PMOS/adexl/results/data/Ocean.3/29/CHARACTERIZATION:GM_ID_PMOS:1/psf.
\o simulate...
\o WARNING (ADE-3080): Fast viewing extensions for PSF XL format (also known as RTSF) will be discontinued  
\o        and Virtuoso Visualization and Analysis XL will not use RTSF data to plot waveforms from IC6.1.8 ISR7 onward. 
\o        There will be no performance impact on data visualization due to this change.
\o INFO (ADE-3071): Simulation completed successfully.
\o reading simulation data...
\o       ...successful.
\o *Info*    Client has finished evaluating ... 
\o 
\o 
\o *Info*    Run complete for Point ID (0 29) on testbench [
\o           CHARACTERIZATION:GM_ID_PMOS:1 ].
\o 
\o 
\o 
\o 
\o 
\o 
\o 
\o 
\o 
\o 
\o *Info*    Run start for Point ID (0 33) on testbench [
\o           CHARACTERIZATION:GM_ID_PMOS:1 ].
\o 
\o Resetting statistical vars
\o 
\o *Info*    Setting parameter values ...
\o 
\o Setting var IDS = "135.9356391n"
\o 
\o *Info*    Netlist Directory =
\o           /home/davidevi/Desktop/myproject/Sim/CHARACTERIZATION/GM_ID_PMOS/adexl/results/data/Ocean.3/33/CHARACTERIZATION:GM_ID_PMOS:1/netlist
\o 
\o 
\o *Info*    Data Directory    =
\o           /home/davidevi/Desktop/myproject/Sim/CHARACTERIZATION/GM_ID_PMOS/adexl/results/data/Ocean.3/33/CHARACTERIZATION:GM_ID_PMOS:1
\o 
\o 
\o *Info*    Creating Netlist for Point ID (0 33)
\o 
\o generate netlist...
\o function ansCdlCompPrim redefined
\o function ansCdlCompPrim redefined
\o Begin Incremental Netlisting Mar 16 17:43:47 2026
\o End netlisting Mar 16 17:43:47 2026
\o 
\o 	The netlist is up to date.
\o 	Time taken to compare the design with netlist:   0.0s
\o       ...successful.
\o compose simulator input file...
\o       ...successful.
\o 
\o *Info*    Running simulation on testbench [
\o           CHARACTERIZATION:GM_ID_PMOS:1 ] for Point ID (0 33).
\o 
\o Delete psf data in /home/davidevi/Desktop/myproject/Sim/CHARACTERIZATION/GM_ID_PMOS/adexl/results/data/Ocean.3/33/CHARACTERIZATION:GM_ID_PMOS:1/psf.
\o simulate...
\o WARNING (ADE-3080): Fast viewing extensions for PSF XL format (also known as RTSF) will be discontinued  
\o        and Virtuoso Visualization and Analysis XL will not use RTSF data to plot waveforms from IC6.1.8 ISR7 onward. 
\o        There will be no performance impact on data visualization due to this change.
\o INFO (ADE-3071): Simulation completed successfully.
\o reading simulation data...
\o       ...successful.
\o *Info*    Client has finished evaluating ... 
\o 
\o 
\o *Info*    Run complete for Point ID (0 33) on testbench [
\o           CHARACTERIZATION:GM_ID_PMOS:1 ].
\o 
\o 
\o 
\o 
\o 
\o 
\o 
\o 
\o 
\o 
\o *Info*    Run start for Point ID (0 38) on testbench [
\o           CHARACTERIZATION:GM_ID_PMOS:1 ].
\o 
\o Resetting statistical vars
\o 
\o *Info*    Setting parameter values ...
\o 
\o Setting var IDS = "292.8644565n"
\o 
\o *Info*    Netlist Directory =
\o           /home/davidevi/Desktop/myproject/Sim/CHARACTERIZATION/GM_ID_PMOS/adexl/results/data/Ocean.3/38/CHARACTERIZATION:GM_ID_PMOS:1/netlist
\o 
\o 
\o *Info*    Data Directory    =
\o           /home/davidevi/Desktop/myproject/Sim/CHARACTERIZATION/GM_ID_PMOS/adexl/results/data/Ocean.3/38/CHARACTERIZATION:GM_ID_PMOS:1
\o 
\o 
\o *Info*    Creating Netlist for Point ID (0 38)
\o 
\o generate netlist...
\o function ansCdlCompPrim redefined
\o function ansCdlCompPrim redefined
\o Begin Incremental Netlisting Mar 16 17:43:50 2026
\o End netlisting Mar 16 17:43:50 2026
\o 
\o 	The netlist is up to date.
\o 	Time taken to compare the design with netlist:   0.0s
\o       ...successful.
\o compose simulator input file...
\o       ...successful.
\o 
\o *Info*    Running simulation on testbench [
\o           CHARACTERIZATION:GM_ID_PMOS:1 ] for Point ID (0 38).
\o 
\o Delete psf data in /home/davidevi/Desktop/myproject/Sim/CHARACTERIZATION/GM_ID_PMOS/adexl/results/data/Ocean.3/38/CHARACTERIZATION:GM_ID_PMOS:1/psf.
\o simulate...
\o WARNING (ADE-3080): Fast viewing extensions for PSF XL format (also known as RTSF) will be discontinued  
\o        and Virtuoso Visualization and Analysis XL will not use RTSF data to plot waveforms from IC6.1.8 ISR7 onward. 
\o        There will be no performance impact on data visualization due to this change.
\o INFO (ADE-3071): Simulation completed successfully.
\o reading simulation data...
\o       ...successful.
\o *Info*    Client has finished evaluating ... 
\o 
\o 
\o *Info*    Run complete for Point ID (0 38) on testbench [
\o           CHARACTERIZATION:GM_ID_PMOS:1 ].
\o 
\o 
\o 
\o 
\o 
\o 
\o 
\o 
\o 
\o 
\o *Info*    Run start for Point ID (0 43) on testbench [
\o           CHARACTERIZATION:GM_ID_PMOS:1 ].
\o 
\o Resetting statistical vars
\o 
\o *Info*    Setting parameter values ...
\o 
\o Setting var IDS = "630.9573445n"
\o 
\o *Info*    Netlist Directory =
\o           /home/davidevi/Desktop/myproject/Sim/CHARACTERIZATION/GM_ID_PMOS/adexl/results/data/Ocean.3/43/CHARACTERIZATION:GM_ID_PMOS:1/netlist
\o 
\o 
\o *Info*    Data Directory    =
\o           /home/davidevi/Desktop/myproject/Sim/CHARACTERIZATION/GM_ID_PMOS/adexl/results/data/Ocean.3/43/CHARACTERIZATION:GM_ID_PMOS:1
\o 
\o 
\o *Info*    Creating Netlist for Point ID (0 43)
\o 
\o generate netlist...
\o function ansCdlCompPrim redefined
\o function ansCdlCompPrim redefined
\o Begin Incremental Netlisting Mar 16 17:43:53 2026
\o End netlisting Mar 16 17:43:53 2026
\o 
\o 	The netlist is up to date.
\o 	Time taken to compare the design with netlist:   0.0s
\o       ...successful.
\o compose simulator input file...
\o       ...successful.
\o 
\o *Info*    Running simulation on testbench [
\o           CHARACTERIZATION:GM_ID_PMOS:1 ] for Point ID (0 43).
\o 
\o Delete psf data in /home/davidevi/Desktop/myproject/Sim/CHARACTERIZATION/GM_ID_PMOS/adexl/results/data/Ocean.3/43/CHARACTERIZATION:GM_ID_PMOS:1/psf.
\o simulate...
\o WARNING (ADE-3080): Fast viewing extensions for PSF XL format (also known as RTSF) will be discontinued  
\o        and Virtuoso Visualization and Analysis XL will not use RTSF data to plot waveforms from IC6.1.8 ISR7 onward. 
\o        There will be no performance impact on data visualization due to this change.
\o INFO (ADE-3071): Simulation completed successfully.
\o reading simulation data...
\o       ...successful.
\o *Info*    Client has finished evaluating ... 
\o 
\o 
\o *Info*    Run complete for Point ID (0 43) on testbench [
\o           CHARACTERIZATION:GM_ID_PMOS:1 ].
\o 
\o 
\o 
\o 
\o 
\o 
\o 
\o 
\o 
\o 
\o *Info*    Run start for Point ID (0 48) on testbench [
\o           CHARACTERIZATION:GM_ID_PMOS:1 ].
\o 
\o Resetting statistical vars
\o 
\o *Info*    Setting parameter values ...
\o 
\o Setting var IDS = "1.359356391u"
\o 
\o *Info*    Netlist Directory =
\o           /home/davidevi/Desktop/myproject/Sim/CHARACTERIZATION/GM_ID_PMOS/adexl/results/data/Ocean.3/48/CHARACTERIZATION:GM_ID_PMOS:1/netlist
\o 
\o 
\o *Info*    Data Directory    =
\o           /home/davidevi/Desktop/myproject/Sim/CHARACTERIZATION/GM_ID_PMOS/adexl/results/data/Ocean.3/48/CHARACTERIZATION:GM_ID_PMOS:1
\o 
\o 
\o *Info*    Creating Netlist for Point ID (0 48)
\o 
\o generate netlist...
\o function ansCdlCompPrim redefined
\o function ansCdlCompPrim redefined
\o Begin Incremental Netlisting Mar 16 17:43:56 2026
\o End netlisting Mar 16 17:43:56 2026
\o 
\o 	The netlist is up to date.
\o 	Time taken to compare the design with netlist:   0.0s
\o       ...successful.
\o compose simulator input file...
\o       ...successful.
\o 
\o *Info*    Running simulation on testbench [
\o           CHARACTERIZATION:GM_ID_PMOS:1 ] for Point ID (0 48).
\o 
\o Delete psf data in /home/davidevi/Desktop/myproject/Sim/CHARACTERIZATION/GM_ID_PMOS/adexl/results/data/Ocean.3/48/CHARACTERIZATION:GM_ID_PMOS:1/psf.
\o simulate...
\o WARNING (ADE-3080): Fast viewing extensions for PSF XL format (also known as RTSF) will be discontinued  
\o        and Virtuoso Visualization and Analysis XL will not use RTSF data to plot waveforms from IC6.1.8 ISR7 onward. 
\o        There will be no performance impact on data visualization due to this change.
\o INFO (ADE-3071): Simulation completed successfully.
\o reading simulation data...
\o       ...successful.
\o *Info*    Client has finished evaluating ... 
\o 
\o 
\o *Info*    Run complete for Point ID (0 48) on testbench [
\o           CHARACTERIZATION:GM_ID_PMOS:1 ].
\o 
\o 
\o 
\o 
\o 
\o 
\o 
\o 
\o 
\o 
\o *Info*    Run start for Point ID (0 53) on testbench [
\o           CHARACTERIZATION:GM_ID_PMOS:1 ].
\o 
\o Resetting statistical vars
\o 
\o *Info*    Setting parameter values ...
\o 
\o Setting var IDS = "2.928644565u"
\o 
\o *Info*    Netlist Directory =
\o           /home/davidevi/Desktop/myproject/Sim/CHARACTERIZATION/GM_ID_PMOS/adexl/results/data/Ocean.3/53/CHARACTERIZATION:GM_ID_PMOS:1/netlist
\o 
\o 
\o *Info*    Data Directory    =
\o           /home/davidevi/Desktop/myproject/Sim/CHARACTERIZATION/GM_ID_PMOS/adexl/results/data/Ocean.3/53/CHARACTERIZATION:GM_ID_PMOS:1
\o 
\o 
\o *Info*    Creating Netlist for Point ID (0 53)
\o 
\o generate netlist...
\o function ansCdlCompPrim redefined
\o function ansCdlCompPrim redefined
\o Begin Incremental Netlisting Mar 16 17:43:58 2026
\o End netlisting Mar 16 17:43:58 2026
\o 
\o 	The netlist is up to date.
\o 	Time taken to compare the design with netlist:   0.0s
\o       ...successful.
\o compose simulator input file...
\o       ...successful.
\o 
\o *Info*    Running simulation on testbench [
\o           CHARACTERIZATION:GM_ID_PMOS:1 ] for Point ID (0 53).
\o 
\o Delete psf data in /home/davidevi/Desktop/myproject/Sim/CHARACTERIZATION/GM_ID_PMOS/adexl/results/data/Ocean.3/53/CHARACTERIZATION:GM_ID_PMOS:1/psf.
\o simulate...
\o WARNING (ADE-3080): Fast viewing extensions for PSF XL format (also known as RTSF) will be discontinued  
\o        and Virtuoso Visualization and Analysis XL will not use RTSF data to plot waveforms from IC6.1.8 ISR7 onward. 
\o        There will be no performance impact on data visualization due to this change.
\o INFO (ADE-3071): Simulation completed successfully.
\o reading simulation data...
\o       ...successful.
\o *Info*    Client has finished evaluating ... 
\o 
\o 
\o *Info*    Run complete for Point ID (0 53) on testbench [
\o           CHARACTERIZATION:GM_ID_PMOS:1 ].
\o 
\o 
\o 
\o 
\o 
\o 
\o 
\o 
\o 
\o 
\o *Info*    Run start for Point ID (0 58) on testbench [
\o           CHARACTERIZATION:GM_ID_PMOS:1 ].
\o 
\o Resetting statistical vars
\o 
\o *Info*    Setting parameter values ...
\o 
\o Setting var IDS = "6.309573445u"
\o 
\o *Info*    Netlist Directory =
\o           /home/davidevi/Desktop/myproject/Sim/CHARACTERIZATION/GM_ID_PMOS/adexl/results/data/Ocean.3/58/CHARACTERIZATION:GM_ID_PMOS:1/netlist
\o 
\o 
\o *Info*    Data Directory    =
\o           /home/davidevi/Desktop/myproject/Sim/CHARACTERIZATION/GM_ID_PMOS/adexl/results/data/Ocean.3/58/CHARACTERIZATION:GM_ID_PMOS:1
\o 
\o 
\o *Info*    Creating Netlist for Point ID (0 58)
\o 
\o generate netlist...
\o function ansCdlCompPrim redefined
\o function ansCdlCompPrim redefined
\o Begin Incremental Netlisting Mar 16 17:44:01 2026
\o End netlisting Mar 16 17:44:01 2026
\o 
\o 	The netlist is up to date.
\o 	Time taken to compare the design with netlist:   0.0s
\o       ...successful.
\o compose simulator input file...
\o       ...successful.
\o 
\o *Info*    Running simulation on testbench [
\o           CHARACTERIZATION:GM_ID_PMOS:1 ] for Point ID (0 58).
\o 
\o Delete psf data in /home/davidevi/Desktop/myproject/Sim/CHARACTERIZATION/GM_ID_PMOS/adexl/results/data/Ocean.3/58/CHARACTERIZATION:GM_ID_PMOS:1/psf.
\o simulate...
\o WARNING (ADE-3080): Fast viewing extensions for PSF XL format (also known as RTSF) will be discontinued  
\o        and Virtuoso Visualization and Analysis XL will not use RTSF data to plot waveforms from IC6.1.8 ISR7 onward. 
\o        There will be no performance impact on data visualization due to this change.
\o INFO (ADE-3071): Simulation completed successfully.
\o reading simulation data...
\o       ...successful.
\o *Info*    Client has finished evaluating ... 
\o 
\o 
\o *Info*    Run complete for Point ID (0 58) on testbench [
\o           CHARACTERIZATION:GM_ID_PMOS:1 ].
\o 
\o 
\o 
\o 
\o 
\o 
\o 
\o 
\o 
\o 
\o *Info*    Run start for Point ID (0 63) on testbench [
\o           CHARACTERIZATION:GM_ID_PMOS:1 ].
\o 
\o Resetting statistical vars
\o 
\o *Info*    Setting parameter values ...
\o 
\o Setting var IDS = "13.59356391u"
\o 
\o *Info*    Netlist Directory =
\o           /home/davidevi/Desktop/myproject/Sim/CHARACTERIZATION/GM_ID_PMOS/adexl/results/data/Ocean.3/63/CHARACTERIZATION:GM_ID_PMOS:1/netlist
\o 
\o 
\o *Info*    Data Directory    =
\o           /home/davidevi/Desktop/myproject/Sim/CHARACTERIZATION/GM_ID_PMOS/adexl/results/data/Ocean.3/63/CHARACTERIZATION:GM_ID_PMOS:1
\o 
\o 
\o *Info*    Creating Netlist for Point ID (0 63)
\o 
\o generate netlist...
\o function ansCdlCompPrim redefined
\o function ansCdlCompPrim redefined
\o Begin Incremental Netlisting Mar 16 17:44:04 2026
\o End netlisting Mar 16 17:44:04 2026
\o 
\o 	The netlist is up to date.
\o 	Time taken to compare the design with netlist:   0.0s
\o       ...successful.
\o compose simulator input file...
\o       ...successful.
\o 
\o *Info*    Running simulation on testbench [
\o           CHARACTERIZATION:GM_ID_PMOS:1 ] for Point ID (0 63).
\o 
\o Delete psf data in /home/davidevi/Desktop/myproject/Sim/CHARACTERIZATION/GM_ID_PMOS/adexl/results/data/Ocean.3/63/CHARACTERIZATION:GM_ID_PMOS:1/psf.
\o simulate...
\o WARNING (ADE-3080): Fast viewing extensions for PSF XL format (also known as RTSF) will be discontinued  
\o        and Virtuoso Visualization and Analysis XL will not use RTSF data to plot waveforms from IC6.1.8 ISR7 onward. 
\o        There will be no performance impact on data visualization due to this change.
\o INFO (ADE-3071): Simulation completed successfully.
\o reading simulation data...
\o       ...successful.
\o *Info*    Client has finished evaluating ... 
\o 
\o 
\o *Info*    Run complete for Point ID (0 63) on testbench [
\o           CHARACTERIZATION:GM_ID_PMOS:1 ].
\o 
\o 
\o 
\o 
\o 
\o 
\o 
\o 
\o 
\o 
\o *Info*    Run start for Point ID (0 69) on testbench [
\o           CHARACTERIZATION:GM_ID_PMOS:1 ].
\o 
\o Resetting statistical vars
\o 
\o *Info*    Setting parameter values ...
\o 
\o Setting var IDS = "34.14548874u"
\o 
\o *Info*    Netlist Directory =
\o           /home/davidevi/Desktop/myproject/Sim/CHARACTERIZATION/GM_ID_PMOS/adexl/results/data/Ocean.3/69/CHARACTERIZATION:GM_ID_PMOS:1/netlist
\o 
\o 
\o *Info*    Data Directory    =
\o           /home/davidevi/Desktop/myproject/Sim/CHARACTERIZATION/GM_ID_PMOS/adexl/results/data/Ocean.3/69/CHARACTERIZATION:GM_ID_PMOS:1
\o 
\o 
\o *Info*    Creating Netlist for Point ID (0 69)
\o 
\o generate netlist...
\o function ansCdlCompPrim redefined
\o function ansCdlCompPrim redefined
\o Begin Incremental Netlisting Mar 16 17:44:07 2026
\o End netlisting Mar 16 17:44:07 2026
\o 
\o 	The netlist is up to date.
\o 	Time taken to compare the design with netlist:   0.0s
\o       ...successful.
\o compose simulator input file...
\o       ...successful.
\o 
\o *Info*    Running simulation on testbench [
\o           CHARACTERIZATION:GM_ID_PMOS:1 ] for Point ID (0 69).
\o 
\o Delete psf data in /home/davidevi/Desktop/myproject/Sim/CHARACTERIZATION/GM_ID_PMOS/adexl/results/data/Ocean.3/69/CHARACTERIZATION:GM_ID_PMOS:1/psf.
\o simulate...
\o WARNING (ADE-3080): Fast viewing extensions for PSF XL format (also known as RTSF) will be discontinued  
\o        and Virtuoso Visualization and Analysis XL will not use RTSF data to plot waveforms from IC6.1.8 ISR7 onward. 
\o        There will be no performance impact on data visualization due to this change.
\o INFO (ADE-3071): Simulation completed successfully.
\o reading simulation data...
\o       ...successful.
\o *Info*    Client has finished evaluating ... 
\o 
\o 
\o *Info*    Run complete for Point ID (0 69) on testbench [
\o           CHARACTERIZATION:GM_ID_PMOS:1 ].
\o 
\o 
\o 
\o 
\o 
\o 
\o 
\o 
\o 
\o 
\o *Info*    Run start for Point ID (0 74) on testbench [
\o           CHARACTERIZATION:GM_ID_PMOS:1 ].
\o 
\o Resetting statistical vars
\o 
\o *Info*    Setting parameter values ...
\o 
\o Setting var IDS = "73.56422545u"
\o 
\o *Info*    Netlist Directory =
\o           /home/davidevi/Desktop/myproject/Sim/CHARACTERIZATION/GM_ID_PMOS/adexl/results/data/Ocean.3/74/CHARACTERIZATION:GM_ID_PMOS:1/netlist
\o 
\o 
\o *Info*    Data Directory    =
\o           /home/davidevi/Desktop/myproject/Sim/CHARACTERIZATION/GM_ID_PMOS/adexl/results/data/Ocean.3/74/CHARACTERIZATION:GM_ID_PMOS:1
\o 
\o 
\o *Info*    Creating Netlist for Point ID (0 74)
\o 
\o generate netlist...
\o function ansCdlCompPrim redefined
\o function ansCdlCompPrim redefined
\o Begin Incremental Netlisting Mar 16 17:44:10 2026
\o End netlisting Mar 16 17:44:10 2026
\o 
\o 	The netlist is up to date.
\o 	Time taken to compare the design with netlist:   0.0s
\o       ...successful.
\o compose simulator input file...
\o       ...successful.
\o 
\o *Info*    Running simulation on testbench [
\o           CHARACTERIZATION:GM_ID_PMOS:1 ] for Point ID (0 74).
\o 
\o Delete psf data in /home/davidevi/Desktop/myproject/Sim/CHARACTERIZATION/GM_ID_PMOS/adexl/results/data/Ocean.3/74/CHARACTERIZATION:GM_ID_PMOS:1/psf.
\o simulate...
\o WARNING (ADE-3080): Fast viewing extensions for PSF XL format (also known as RTSF) will be discontinued  
\o        and Virtuoso Visualization and Analysis XL will not use RTSF data to plot waveforms from IC6.1.8 ISR7 onward. 
\o        There will be no performance impact on data visualization due to this change.
\o INFO (ADE-3071): Simulation completed successfully.
\o reading simulation data...
\o       ...successful.
\o *Info*    Client has finished evaluating ... 
\o 
\o 
\o *Info*    Run complete for Point ID (0 74) on testbench [
\o           CHARACTERIZATION:GM_ID_PMOS:1 ].
\o 
\o 
\o 
\o 
\o 
\# Lic Summary:
\# [17:44:18.396712] Cdslmd servers:3000@lic08.ug.kth.se:29000@lic06.ug.kth.se
\# [17:44:18.396728] Feature usage summary:
\# Memory report: on exit            429 MB, process size 2,236 MB at UTC 2026.03.16 17:44:18.921
\# Memory report: peak usage         429 MB, process size 2,239 MB
