\# Program start time:     UTC 2026.04.09 12:24:20.617
\# Local time: UTC (UTC+00:00) 2026.04.09 12:24:20.617
\o Program:		@(#)$CDS: virtuoso version 6.1.8-64b 09/03/2024 19:11 (sjfhw316) $
\o Hierarchy:		/opt/tools/cadence/installs/IC618/tools.lnx86/dfII/
\o Sub version:		sub-version  IC6.1.8-64b.500.36  (64-bit addresses)
\# Command line:	/opt/tools/cadence/installs/IC618/tools.lnx86/dfII/bin/64bit/virtuoso -beanhost il2244vt26_davidevi -beanport 11300 -beanbinlog  -beanLogFile /home/davidevi/Desktop/myproject/logs_davidevi/logs0/amps_Service314.log -mpssession virtuoso483270 -mpshost il2244vt26_davidevi -davinciService DaVinciService_483270_1773683810 -scopedPid 483270 -axlSession fnxSession17 -axlServiceIdFlag 314 -uuid cf646d37-1007-46d1-9e13-f64560350934 -heartbeat /dev/shm/swift-heartbeat.ErHNPgeTDu -log /home/davidevi/Desktop/myproject/logs_davidevi/logs0/Service314.log -noautostart -nographE -lscs 000175E1894CBE06FF0966E38F1FFC06BC4D74EF9D178A6FD82860E590078A72887903B69319D236867C66E38F1FFC06BC4D66E38F1FFC06BC4D0F34156D6674D59A00001DE3 -interactive -offlineExprEval -fenixMode assembler -heartbeatTimeout  -lingerTimeout 300 -pointlifetime -1
\# Host name (type):	il2244vt26_davidevi (x86_64)
\# Operating system:	Linux 5.15.0-164-generic #174-Ubuntu SMP Fri Nov 14 20:25:16 UTC 2025
\# Linux /etc/issue:	\S
\# Linux /etc/issue:	Kernel \r on an \m
\# X display name (WxH):	:5163 (1024x868)
\# Available geometry:			TL(0:0) BR(1023:867)
\# X server:			The X.Org Foundation
\# Depth of Visual (Root):	24 (24)
\# Number of Planes Used:	24
\# X version:		11.0 (vendor release 12011000)
\# X resource pool:	base 0x400000, mask 0x1fffff (2097151), shift 0
\# 			current id 0x0, current max 0x1ffffa (2097146)
\# Max data seg size:	     unlimited
\# Max process size:	     unlimited
\# Initial sbrk value:	      1,510 MB
\# Available memory:	  2,374,441 MB
\# System memory:	  3,104,512 MB
\# Maximum memory size:	  3,103,123 MB
\# Max mem available:	  2,374,562 MB
\# Initial memory used:	        121 MB
\#        process size:	      1,677 MB
\# Thread usage limits (effective/default):	maxthreads 4294967295/4294967295 maxload 48.00/48.00
\# Qt version:		5.9.1
\# Window Manager:	other
\# User Name:		davidevi
\o Working Directory:	il2244vt26_davidevi:/home/davidevi/Desktop/myproject
\# Process Id:		826312
\o 
\o COPYRIGHT (C) 1992-2024  CADENCE DESIGN SYSTEMS INC.  ALL RIGHTS RESERVED.
\o           (C) 1992-2024  UNIX SYSTEMS Laboratories INC.,
\o                          Reproduced with permission.
\o 
\o This Cadence Design Systems program and online documentation are
\o proprietary/confidential information and may be disclosed/used only
\o as authorized in a license agreement controlling such use and disclosure.
\o 
\o           RESTRICTED RIGHTS NOTICE (SHORT FORM)
\o Use/reproduction/disclosure is subject to restriction
\o set forth at FAR 1252.227-19 or its equivalent.
\o Loading geView.cxt 
\o Loading menuBuilder.cxt 
\o Loading schView.cxt 
\o Loading selectSv.cxt 
\o Loading wireEdit.cxt 
\o Loading pte2.cxt 
\w Qt Warning: setNativeLocks failed: "Resource temporarily unavailable"
\o Loading xlUI.cxt 
\o Loading auCore.cxt 
\o Loading vhdl.cxt 
\o Loading seismic.cxt 
\o Loading ci.cxt 
\o Loading ams.cxt 
\o Loading oasis.cxt 
\o Loading analog.cxt 
\o Loading asimenv.cxt 
\o Loading dal.cxt 
\o Loading awv.cxt 
\o Loading socket.cxt 
\o Loading par.cxt 
\o Loading alvs.cxt 
\o Loading caa.cxt 
\o Loading amps.cxt 
\o Loading adexlCore.cxt 
\# Memory report: using         231 MB, process size 1,873 MB at UTC 2026.04.09 12:24:22.412
\o Loading adexl.cxt 
\o *Info*    Exporting services from client ... 
\o 
\o Loading adexlDM.cxt 
\o Loading cpf.cxt 
\o Loading cli.cxt 
\o Loading lp.cxt 
\o INFO (ELI-00302) Connecting to parent process (session=virtuoso483270, host=il2244vt26_davidevi). Connection mode is LSCS. Total timeout is 180 seconds. Connection timeout is 90 seconds.
\o INFO (ELI-00303) Step 1: Connecting to parent. Time spent is 0 seconds.
\o INFO (ELI-00304) The registration of the child 826312 within 90 seconds is being processed...
\o INFO (ELI-00305) The result of registration is true. Time spent is 0 seconds.
\o INFO (ELI-00308) The connection has ended. Result is true. Total time spent is 0 seconds.
\# [12:24:20.445274] Configured Lic search path (22.01-s002): 3000@lic08.ug.kth.se:29000@lic06.ug.kth.se
\o ......................................................................................
\o            ams AG HIT-Kit v.ams_4.10
\o ......................................................................................
\o COPYRIGHT (c) 2012 Full Service Foundry @ ams AG.  ALL RIGHTS RESERVED
\o This HIT-Kit and attached documentation are confidential information and may 
\o only be used as authorized by the HIT-Kit license agreement.
\o ......................................................................................
\# Current Window: window(2)
\o Loading simulator default settings.
\o Loading simulator default settings.
\p hitkit: ams_4.10  Tech: c35b4c3  User: davidevi 
\w *WARNING* could not load font "-*-courier-medium-r-*-*-12-*", using font "fixed"
\# Loading perfDiag...
\# (PerfDiag): Set GDB path to environment variable 'gdbPath' (gdb).
\# Performance Diagnostic tool is installed. You can access PerfDiag from CIW Tools or use the shell command 'cdsPerfDiag -p 826312' to open it when Virtuoso freezes.
\# (PerfDiag): Use backtrace from GLIBC.
\w *WARNING* _perfPstackCheck: Cannot find pstack/gstack. Please setup PATH environment variable to pstack/gstack executable.
\i _axlRunServices()
\o Loading simui.cxt 
\o [2026-04-09 12:24:24.671 Z] [PROCESS] [cadence.virtuoso.ade.services] - Netlist Service has successfully started. Waiting for incoming messages ... {"hostname": "il2244vt26_davidevi", "processid": 826312, "logfile": "/home/davidevi/Desktop/myproject/logs_davidevi/logs0/Service314.log"}
\o [2026-04-09 12:24:24.717 Z] [EVENT] [cadence.virtuoso.ade.services.netlister] - NewPoint {"point": 0, "testname": "MC", "event": "NewPoint", "EventSource": "Netlist Service", "HistoryName": "MonteCarlo.0", "logFile": "/home/davidevi/Desktop/myproject/logs_davidevi/logs0/Service314.log", "logFileSize": "5460"}
\o [2026-04-09 12:24:24.718 Z] [INFO] [cadence.virtuoso.ade.services.netlister] - Started preparing netlist {"point": 0, "testname": "MC", "testnameKey": "MC"}
\o Loading vqp.cxt 
\o Loading vdsil.cxt 
\o *Warning* AXL Context Manager : job 314 is already registered. 
\o 
\o Loading hdlPkg.cxt 
\o 
\o 
\o *Info*    Configuring the session ...
\o 
\o 	Library      = VGA
\o 	Cell         = VGA_1_pss_tb
\o 	View         = schematic
\o 	Simulator    = spectre
\o 	State Path   = $AXL_SETUPDB_DIR/test_states
\o 	State Name   = MonteCarlo.0
\o 	Results DB   = /home/davidevi/Desktop/myproject/VGA/VGA_1_pss_tb/maestro/results/maestro/MonteCarlo.0.rdb
\o 	Results Dir  = /home/davidevi/Desktop/myproject/Sim/VGA/VGA_1_pss_tb/maestro/results/maestro/MonteCarlo.0/1/MC
\o 	Results Loc  = /home/davidevi/Desktop/myproject/Sim/VGA/VGA_1_pss_tb/maestro/results/maestro
\o 	Project Dir  = /home/davidevi/Desktop/myproject/Sim
\o 	Setup DB loc = /home/davidevi/Desktop/myproject/VGA/VGA_1_pss_tb/maestro
\o 	File Encoding = 0
\o 
\o 
\o Loading viva.cxt 
\o Loading spectrei.cxt 
\# Memory report: using         368 MB, process size 2,128 MB at UTC 2026.04.09 12:24:26.344
\o Loading devCheck.cxt 
\o Loading relXpert.cxt 
\o Loading hspiceD.cxt 
\o Loading spectreinl.cxt 
\o Loading msgHandler.cxt 
\o Loading UltraSim.cxt 
\o Loading AMSOSS.cxt 
\o Loading AMS.cxt 
\o 
\o *Info*    The auto suspension is disabled.
\o 
\o Loading elec.cxt 
\o Resetting statistical vars
\o 
\o *Info*    Setting parameter values ...
\o 
\o Setting var S0 = "3.3"
\o Setting var S1 = "3.3"
\o Setting var S2 = "3.3"
\o Setting var S3 = "3.3"
\o Setting var VDD = "3.3"
\o Setting var V_AMP = "20m"
\o Setting var V_FREQ = "50"
\o Loading monte.cxt 
\o Reusing AHDL Data dir
\o 
\o *Info*    Data Directory    =
\o           /home/davidevi/Desktop/myproject/Sim/VGA/VGA_1_pss_tb/maestro/results/maestro/MonteCarlo.0/psf/MC
\o 
\o generate netlist...
\o Loading hnlInit.cxt 
\o Loading seCore.cxt 
\o function ansCdlCompPrim redefined
\o function ansCdlCompPrim redefined
\# [12:24:27.424777] Periodic Lic check successful
\# [12:24:27.424779] Feature usage summary:
\o Initializing the control file using cp:
\o     cp /opt/tools/cadence/installs/IC618/tools.lnx86/dfII/etc/si/control.spectre /home/davidevi/Desktop/myproject/Sim/VGA/VGA_1_pss_tb/maestro/results/maestro/MonteCarlo.0/psf/MC/netlist/control
\o Copying Spectre source file 'spectre.inp'
\o Copying Spectre command file 'spectre.sim'
\o Begin Incremental Netlisting Apr  9 12:24:27 2026
\o Loading json.cxt 
\o End netlisting Apr  9 12:24:28 2026
\o 
\o Netlisting Statistics:
\o 	Number of components:   63
\o 
\o 	Elapsed time:          1.0s (63.00/s)
\o Errors: 0	Warnings: 0
\o       ...successful.
\o compose simulator input file...
\o       ...successful.
\o [2026-04-09 12:24:28.401 Z] [INFO] [cadence.virtuoso.ade.services.netlister] - Finished preparing netlist {"point": 0, "testname": "MC", "testnameKey": "MC"}
\o [2026-04-09 12:24:29.405 Z] [EVENT] [cadence.virtuoso.ade.services.netlister] - GroupPoints {"point": 1, "testname": "MC", "event": "GroupPoints", "EventSource": "Netlist Service", "Points": "1:1:9", "HistoryName": "MonteCarlo.0", "logFile": "/home/davidevi/Desktop/myproject/logs_davidevi/logs0/Service314.log", "logFileSize": "8781"}
\o [2026-04-09 12:24:29.405 Z] [INFO] [cadence.virtuoso.ade.services.netlister] - Started netlisting {"point": 1, "testname": "MC"}
\o Simulation design variables differ from those on the cellView,
\o they have been saved in the file "/tmp/saved-design-variables".
\o To save future changes, copy variables to cellView before exiting.
\o *Warning* AXL Context Manager : job 314 is already registered. 
\o 
\o 
\o 
\o *Info*    Configuring the session ...
\o 
\o 	Library      = VGA
\o 	Cell         = VGA_1_pss_tb
\o 	View         = schematic
\o 	Simulator    = spectre
\o 	State Path   = $AXL_SETUPDB_DIR/test_states
\o 	State Name   = MonteCarlo.0
\o 	Results DB   = /home/davidevi/Desktop/myproject/VGA/VGA_1_pss_tb/maestro/results/maestro/MonteCarlo.0.rdb
\o 	Results Dir  = /home/davidevi/Desktop/myproject/Sim/VGA/VGA_1_pss_tb/maestro/results/maestro/MonteCarlo.0/1/MC
\o 	Results Loc  = /home/davidevi/Desktop/myproject/Sim/VGA/VGA_1_pss_tb/maestro/results/maestro
\o 	Project Dir  = /home/davidevi/Desktop/myproject/Sim
\o 	Setup DB loc = /home/davidevi/Desktop/myproject/VGA/VGA_1_pss_tb/maestro
\o 	File Encoding = 0
\o 
\o 
\o 
\o *Info*    The auto suspension is disabled.
\o 
\o Resetting statistical vars
\o 
\o *Info*    Setting parameter values ...
\o 
\o Setting var S0 = "3.3"
\o Setting var S1 = "3.3"
\o Setting var S2 = "3.3"
\o Setting var S3 = "3.3"
\o Setting var VDD = "3.3"
\o Setting var V_AMP = "20m"
\o Setting var V_FREQ = "50"
\o Setting var temperature = "27"
\o Setting temp(T) = 27
\o 
\o *Info*    Netlist Directory =
\o           /home/davidevi/Desktop/myproject/Sim/VGA/VGA_1_pss_tb/maestro/results/maestro/MonteCarlo.0/1/MC/groupRunDataDir/netlist
\o 
\o 
\o *Info*    Data Directory    =
\o           /home/davidevi/Desktop/myproject/Sim/VGA/VGA_1_pss_tb/maestro/results/maestro/MonteCarlo.0/1/MC/groupRunDataDir
\o 
\o Reusing AHDL Data dir
\o generate netlist...
\o function ansCdlCompPrim redefined
\o Ignoring netlist creation since ignoreDesignChangesDuringRun is set to true
\o       ...successful.
\o compose simulator input file...
\o       ...successful.
\# Available memory:      2,374,412 MB at UTC 2026.04.09 12:24:31.440
\# Memory report: Maximum memory size now 2,374,824 MB at UTC 2026.04.09 12:24:31.440
\# Thread usage report: 54 active threads, active load 1.40 at UTC 2026.04.09 12:24:31.440
\o WARNING (ADE-3080): Fast viewing extensions for PSF XL format (also known as RTSF) will be discontinued  
\o        and Virtuoso Visualization and Analysis XL will not use RTSF data to plot waveforms from IC6.1.8 ISR7 onward. 
\o        There will be no performance impact on data visualization due to this change.
\o [2026-04-09 12:24:31.547 Z] [PROCESS] [cadence.virtuoso.ade.services.netlister] - Current memory used: 714.7656 MBytes, peak memory used: 714.7656 MBytes {"hostname": "il2244vt26_davidevi", "processid": 826312, "testname": "MC", "point": 1, "logfile": "/home/davidevi/Desktop/myproject/logs_davidevi/logs0/Service314.log"}
\o [2026-04-09 12:24:31.548 Z] [INFO] [cadence.virtuoso.ade.services.netlister] - Finished netlisting {"point": 1, "testname": "MC"}
\o [2026-04-09 12:24:31.551 Z] [EVENT] [cadence.virtuoso.ade.services.netlister] - GroupPoints {"point": 10, "testname": "MC", "event": "GroupPoints", "EventSource": "Netlist Service", "Points": "10:1:18", "HistoryName": "MonteCarlo.0", "logFile": "/home/davidevi/Desktop/myproject/logs_davidevi/logs0/Service314.log", "logFileSize": "12662"}
\o [2026-04-09 12:24:31.552 Z] [INFO] [cadence.virtuoso.ade.services.netlister] - Started netlisting {"point": 10, "testname": "MC"}
\o Resetting statistical vars
\o 
\o *Info*    Setting parameter values ...
\o 
\o 
\o *Info*    Netlist Directory =
\o           /home/davidevi/Desktop/myproject/Sim/VGA/VGA_1_pss_tb/maestro/results/maestro/MonteCarlo.0/10/MC/groupRunDataDir/netlist
\o 
\o 
\o *Info*    Data Directory    =
\o           /home/davidevi/Desktop/myproject/Sim/VGA/VGA_1_pss_tb/maestro/results/maestro/MonteCarlo.0/10/MC/groupRunDataDir
\o 
\o Reusing AHDL Data dir
\o generate netlist...
\o function ansCdlCompPrim redefined
\o Ignoring netlist creation since ignoreDesignChangesDuringRun is set to true
\o       ...successful.
\o compose simulator input file...
\o       ...successful.
\o WARNING (ADE-3080): Fast viewing extensions for PSF XL format (also known as RTSF) will be discontinued  
\o        and Virtuoso Visualization and Analysis XL will not use RTSF data to plot waveforms from IC6.1.8 ISR7 onward. 
\o        There will be no performance impact on data visualization due to this change.
\o [2026-04-09 12:24:32.094 Z] [PROCESS] [cadence.virtuoso.ade.services.netlister] - Current memory used: 714.8281 MBytes, peak memory used: 714.8281 MBytes {"hostname": "il2244vt26_davidevi", "processid": 826312, "testname": "MC", "point": 10, "logfile": "/home/davidevi/Desktop/myproject/logs_davidevi/logs0/Service314.log"}
\o [2026-04-09 12:24:32.094 Z] [INFO] [cadence.virtuoso.ade.services.netlister] - Finished netlisting {"point": 10, "testname": "MC"}
\o [2026-04-09 12:24:32.096 Z] [EVENT] [cadence.virtuoso.ade.services.netlister] - GroupPoints {"point": 19, "testname": "MC", "event": "GroupPoints", "EventSource": "Netlist Service", "Points": "19:1:27", "HistoryName": "MonteCarlo.0", "logFile": "/home/davidevi/Desktop/myproject/logs_davidevi/logs0/Service314.log", "logFileSize": "14586"}
\o [2026-04-09 12:24:32.096 Z] [INFO] [cadence.virtuoso.ade.services.netlister] - Started netlisting {"point": 19, "testname": "MC"}
\o Resetting statistical vars
\o 
\o *Info*    Setting parameter values ...
\o 
\o 
\o *Info*    Netlist Directory =
\o           /home/davidevi/Desktop/myproject/Sim/VGA/VGA_1_pss_tb/maestro/results/maestro/MonteCarlo.0/19/MC/groupRunDataDir/netlist
\o 
\o 
\o *Info*    Data Directory    =
\o           /home/davidevi/Desktop/myproject/Sim/VGA/VGA_1_pss_tb/maestro/results/maestro/MonteCarlo.0/19/MC/groupRunDataDir
\o 
\o Reusing AHDL Data dir
\o generate netlist...
\o function ansCdlCompPrim redefined
\o Ignoring netlist creation since ignoreDesignChangesDuringRun is set to true
\o       ...successful.
\o compose simulator input file...
\o       ...successful.
\o WARNING (ADE-3080): Fast viewing extensions for PSF XL format (also known as RTSF) will be discontinued  
\o        and Virtuoso Visualization and Analysis XL will not use RTSF data to plot waveforms from IC6.1.8 ISR7 onward. 
\o        There will be no performance impact on data visualization due to this change.
\o [2026-04-09 12:24:32.843 Z] [PROCESS] [cadence.virtuoso.ade.services.netlister] - Current memory used: 714.8281 MBytes, peak memory used: 714.8281 MBytes {"hostname": "il2244vt26_davidevi", "processid": 826312, "testname": "MC", "point": 19, "logfile": "/home/davidevi/Desktop/myproject/logs_davidevi/logs0/Service314.log"}
\o [2026-04-09 12:24:32.843 Z] [INFO] [cadence.virtuoso.ade.services.netlister] - Finished netlisting {"point": 19, "testname": "MC"}
\o [2026-04-09 12:24:32.845 Z] [EVENT] [cadence.virtuoso.ade.services.netlister] - GroupPoints {"point": 28, "testname": "MC", "event": "GroupPoints", "EventSource": "Netlist Service", "Points": "28:1:36", "HistoryName": "MonteCarlo.0", "logFile": "/home/davidevi/Desktop/myproject/logs_davidevi/logs0/Service314.log", "logFileSize": "16510"}
\o [2026-04-09 12:24:32.845 Z] [INFO] [cadence.virtuoso.ade.services.netlister] - Started netlisting {"point": 28, "testname": "MC"}
\o Resetting statistical vars
\o 
\o *Info*    Setting parameter values ...
\o 
\o 
\o *Info*    Netlist Directory =
\o           /home/davidevi/Desktop/myproject/Sim/VGA/VGA_1_pss_tb/maestro/results/maestro/MonteCarlo.0/28/MC/groupRunDataDir/netlist
\o 
\o 
\o *Info*    Data Directory    =
\o           /home/davidevi/Desktop/myproject/Sim/VGA/VGA_1_pss_tb/maestro/results/maestro/MonteCarlo.0/28/MC/groupRunDataDir
\o 
\o Reusing AHDL Data dir
\o generate netlist...
\o function ansCdlCompPrim redefined
\o Ignoring netlist creation since ignoreDesignChangesDuringRun is set to true
\o       ...successful.
\o compose simulator input file...
\o       ...successful.
\o WARNING (ADE-3080): Fast viewing extensions for PSF XL format (also known as RTSF) will be discontinued  
\o        and Virtuoso Visualization and Analysis XL will not use RTSF data to plot waveforms from IC6.1.8 ISR7 onward. 
\o        There will be no performance impact on data visualization due to this change.
\o [2026-04-09 12:24:33.475 Z] [PROCESS] [cadence.virtuoso.ade.services.netlister] - Current memory used: 714.8281 MBytes, peak memory used: 714.8281 MBytes {"hostname": "il2244vt26_davidevi", "processid": 826312, "testname": "MC", "point": 28, "logfile": "/home/davidevi/Desktop/myproject/logs_davidevi/logs0/Service314.log"}
\o [2026-04-09 12:24:33.476 Z] [INFO] [cadence.virtuoso.ade.services.netlister] - Finished netlisting {"point": 28, "testname": "MC"}
\o [2026-04-09 12:24:33.478 Z] [EVENT] [cadence.virtuoso.ade.services.netlister] - GroupPoints {"point": 37, "testname": "MC", "event": "GroupPoints", "EventSource": "Netlist Service", "Points": "37:1:45", "HistoryName": "MonteCarlo.0", "logFile": "/home/davidevi/Desktop/myproject/logs_davidevi/logs0/Service314.log", "logFileSize": "18434"}
\o [2026-04-09 12:24:33.478 Z] [INFO] [cadence.virtuoso.ade.services.netlister] - Started netlisting {"point": 37, "testname": "MC"}
\o Resetting statistical vars
\o 
\o *Info*    Setting parameter values ...
\o 
\o 
\o *Info*    Netlist Directory =
\o           /home/davidevi/Desktop/myproject/Sim/VGA/VGA_1_pss_tb/maestro/results/maestro/MonteCarlo.0/37/MC/groupRunDataDir/netlist
\o 
\o 
\o *Info*    Data Directory    =
\o           /home/davidevi/Desktop/myproject/Sim/VGA/VGA_1_pss_tb/maestro/results/maestro/MonteCarlo.0/37/MC/groupRunDataDir
\o 
\o Reusing AHDL Data dir
\o generate netlist...
\o function ansCdlCompPrim redefined
\o Ignoring netlist creation since ignoreDesignChangesDuringRun is set to true
\o       ...successful.
\o compose simulator input file...
\o       ...successful.
\o WARNING (ADE-3080): Fast viewing extensions for PSF XL format (also known as RTSF) will be discontinued  
\o        and Virtuoso Visualization and Analysis XL will not use RTSF data to plot waveforms from IC6.1.8 ISR7 onward. 
\o        There will be no performance impact on data visualization due to this change.
\o [2026-04-09 12:24:34.587 Z] [PROCESS] [cadence.virtuoso.ade.services.netlister] - Current memory used: 714.8281 MBytes, peak memory used: 714.8281 MBytes {"hostname": "il2244vt26_davidevi", "processid": 826312, "testname": "MC", "point": 37, "logfile": "/home/davidevi/Desktop/myproject/logs_davidevi/logs0/Service314.log"}
\o [2026-04-09 12:24:34.587 Z] [INFO] [cadence.virtuoso.ade.services.netlister] - Finished netlisting {"point": 37, "testname": "MC"}
\o [2026-04-09 12:24:34.589 Z] [EVENT] [cadence.virtuoso.ade.services.netlister] - GroupPoints {"point": 46, "testname": "MC", "event": "GroupPoints", "EventSource": "Netlist Service", "Points": "46:1:54", "HistoryName": "MonteCarlo.0", "logFile": "/home/davidevi/Desktop/myproject/logs_davidevi/logs0/Service314.log", "logFileSize": "20358"}
\o [2026-04-09 12:24:34.589 Z] [INFO] [cadence.virtuoso.ade.services.netlister] - Started netlisting {"point": 46, "testname": "MC"}
\o Resetting statistical vars
\o 
\o *Info*    Setting parameter values ...
\o 
\o 
\o *Info*    Netlist Directory =
\o           /home/davidevi/Desktop/myproject/Sim/VGA/VGA_1_pss_tb/maestro/results/maestro/MonteCarlo.0/46/MC/groupRunDataDir/netlist
\o 
\o 
\o *Info*    Data Directory    =
\o           /home/davidevi/Desktop/myproject/Sim/VGA/VGA_1_pss_tb/maestro/results/maestro/MonteCarlo.0/46/MC/groupRunDataDir
\o 
\o Reusing AHDL Data dir
\o generate netlist...
\o function ansCdlCompPrim redefined
\o Ignoring netlist creation since ignoreDesignChangesDuringRun is set to true
\o       ...successful.
\o compose simulator input file...
\o       ...successful.
\o WARNING (ADE-3080): Fast viewing extensions for PSF XL format (also known as RTSF) will be discontinued  
\o        and Virtuoso Visualization and Analysis XL will not use RTSF data to plot waveforms from IC6.1.8 ISR7 onward. 
\o        There will be no performance impact on data visualization due to this change.
\o [2026-04-09 12:24:35.111 Z] [PROCESS] [cadence.virtuoso.ade.services.netlister] - Current memory used: 714.8281 MBytes, peak memory used: 714.8281 MBytes {"hostname": "il2244vt26_davidevi", "processid": 826312, "testname": "MC", "point": 46, "logfile": "/home/davidevi/Desktop/myproject/logs_davidevi/logs0/Service314.log"}
\o [2026-04-09 12:24:35.112 Z] [INFO] [cadence.virtuoso.ade.services.netlister] - Finished netlisting {"point": 46, "testname": "MC"}
\o [2026-04-09 12:24:35.113 Z] [EVENT] [cadence.virtuoso.ade.services.netlister] - GroupPoints {"point": 55, "testname": "MC", "event": "GroupPoints", "EventSource": "Netlist Service", "Points": "55:1:63", "HistoryName": "MonteCarlo.0", "logFile": "/home/davidevi/Desktop/myproject/logs_davidevi/logs0/Service314.log", "logFileSize": "22282"}
\o [2026-04-09 12:24:35.114 Z] [INFO] [cadence.virtuoso.ade.services.netlister] - Started netlisting {"point": 55, "testname": "MC"}
\o Resetting statistical vars
\o 
\o *Info*    Setting parameter values ...
\o 
\o 
\o *Info*    Netlist Directory =
\o           /home/davidevi/Desktop/myproject/Sim/VGA/VGA_1_pss_tb/maestro/results/maestro/MonteCarlo.0/55/MC/groupRunDataDir/netlist
\o 
\o 
\o *Info*    Data Directory    =
\o           /home/davidevi/Desktop/myproject/Sim/VGA/VGA_1_pss_tb/maestro/results/maestro/MonteCarlo.0/55/MC/groupRunDataDir
\o 
\o Reusing AHDL Data dir
\o generate netlist...
\o function ansCdlCompPrim redefined
\o Ignoring netlist creation since ignoreDesignChangesDuringRun is set to true
\o       ...successful.
\o compose simulator input file...
\o       ...successful.
\o WARNING (ADE-3080): Fast viewing extensions for PSF XL format (also known as RTSF) will be discontinued  
\o        and Virtuoso Visualization and Analysis XL will not use RTSF data to plot waveforms from IC6.1.8 ISR7 onward. 
\o        There will be no performance impact on data visualization due to this change.
\o [2026-04-09 12:24:35.649 Z] [PROCESS] [cadence.virtuoso.ade.services.netlister] - Current memory used: 715.6055 MBytes, peak memory used: 715.6055 MBytes {"hostname": "il2244vt26_davidevi", "processid": 826312, "testname": "MC", "point": 55, "logfile": "/home/davidevi/Desktop/myproject/logs_davidevi/logs0/Service314.log"}
\o [2026-04-09 12:24:35.650 Z] [INFO] [cadence.virtuoso.ade.services.netlister] - Finished netlisting {"point": 55, "testname": "MC"}
\o [2026-04-09 12:24:35.651 Z] [EVENT] [cadence.virtuoso.ade.services.netlister] - GroupPoints {"point": 64, "testname": "MC", "event": "GroupPoints", "EventSource": "Netlist Service", "Points": "64:1:72", "HistoryName": "MonteCarlo.0", "logFile": "/home/davidevi/Desktop/myproject/logs_davidevi/logs0/Service314.log", "logFileSize": "24206"}
\o [2026-04-09 12:24:35.652 Z] [INFO] [cadence.virtuoso.ade.services.netlister] - Started netlisting {"point": 64, "testname": "MC"}
\o Resetting statistical vars
\o 
\o *Info*    Setting parameter values ...
\o 
\o 
\o *Info*    Netlist Directory =
\o           /home/davidevi/Desktop/myproject/Sim/VGA/VGA_1_pss_tb/maestro/results/maestro/MonteCarlo.0/64/MC/groupRunDataDir/netlist
\o 
\o 
\o *Info*    Data Directory    =
\o           /home/davidevi/Desktop/myproject/Sim/VGA/VGA_1_pss_tb/maestro/results/maestro/MonteCarlo.0/64/MC/groupRunDataDir
\o 
\o Reusing AHDL Data dir
\o generate netlist...
\o function ansCdlCompPrim redefined
\o Ignoring netlist creation since ignoreDesignChangesDuringRun is set to true
\o       ...successful.
\o compose simulator input file...
\o       ...successful.
\o WARNING (ADE-3080): Fast viewing extensions for PSF XL format (also known as RTSF) will be discontinued  
\o        and Virtuoso Visualization and Analysis XL will not use RTSF data to plot waveforms from IC6.1.8 ISR7 onward. 
\o        There will be no performance impact on data visualization due to this change.
\o [2026-04-09 12:24:36.181 Z] [PROCESS] [cadence.virtuoso.ade.services.netlister] - Current memory used: 718.1758 MBytes, peak memory used: 718.1758 MBytes {"hostname": "il2244vt26_davidevi", "processid": 826312, "testname": "MC", "point": 64, "logfile": "/home/davidevi/Desktop/myproject/logs_davidevi/logs0/Service314.log"}
\o [2026-04-09 12:24:36.182 Z] [INFO] [cadence.virtuoso.ade.services.netlister] - Finished netlisting {"point": 64, "testname": "MC"}
\o [2026-04-09 12:24:36.185 Z] [EVENT] [cadence.virtuoso.ade.services.netlister] - GroupPoints {"point": 73, "testname": "MC", "event": "GroupPoints", "EventSource": "Netlist Service", "Points": "73:1:81", "HistoryName": "MonteCarlo.0", "logFile": "/home/davidevi/Desktop/myproject/logs_davidevi/logs0/Service314.log", "logFileSize": "26130"}
\o [2026-04-09 12:24:36.185 Z] [INFO] [cadence.virtuoso.ade.services.netlister] - Started netlisting {"point": 73, "testname": "MC"}
\o Resetting statistical vars
\o 
\o *Info*    Setting parameter values ...
\o 
\o 
\o *Info*    Netlist Directory =
\o           /home/davidevi/Desktop/myproject/Sim/VGA/VGA_1_pss_tb/maestro/results/maestro/MonteCarlo.0/73/MC/groupRunDataDir/netlist
\o 
\o 
\o *Info*    Data Directory    =
\o           /home/davidevi/Desktop/myproject/Sim/VGA/VGA_1_pss_tb/maestro/results/maestro/MonteCarlo.0/73/MC/groupRunDataDir
\o 
\o Reusing AHDL Data dir
\o generate netlist...
\o function ansCdlCompPrim redefined
\o Ignoring netlist creation since ignoreDesignChangesDuringRun is set to true
\o       ...successful.
\o compose simulator input file...
\o       ...successful.
\o WARNING (ADE-3080): Fast viewing extensions for PSF XL format (also known as RTSF) will be discontinued  
\o        and Virtuoso Visualization and Analysis XL will not use RTSF data to plot waveforms from IC6.1.8 ISR7 onward. 
\o        There will be no performance impact on data visualization due to this change.
\o [2026-04-09 12:24:36.706 Z] [PROCESS] [cadence.virtuoso.ade.services.netlister] - Current memory used: 721.3047 MBytes, peak memory used: 721.3047 MBytes {"hostname": "il2244vt26_davidevi", "processid": 826312, "testname": "MC", "point": 73, "logfile": "/home/davidevi/Desktop/myproject/logs_davidevi/logs0/Service314.log"}
\o [2026-04-09 12:24:36.707 Z] [INFO] [cadence.virtuoso.ade.services.netlister] - Finished netlisting {"point": 73, "testname": "MC"}
\o [2026-04-09 12:24:36.708 Z] [EVENT] [cadence.virtuoso.ade.services.netlister] - GroupPoints {"point": 82, "testname": "MC", "event": "GroupPoints", "EventSource": "Netlist Service", "Points": "82:1:90", "HistoryName": "MonteCarlo.0", "logFile": "/home/davidevi/Desktop/myproject/logs_davidevi/logs0/Service314.log", "logFileSize": "28054"}
\o [2026-04-09 12:24:36.709 Z] [INFO] [cadence.virtuoso.ade.services.netlister] - Started netlisting {"point": 82, "testname": "MC"}
\o Resetting statistical vars
\o 
\o *Info*    Setting parameter values ...
\o 
\o 
\o *Info*    Netlist Directory =
\o           /home/davidevi/Desktop/myproject/Sim/VGA/VGA_1_pss_tb/maestro/results/maestro/MonteCarlo.0/82/MC/groupRunDataDir/netlist
\o 
\o 
\o *Info*    Data Directory    =
\o           /home/davidevi/Desktop/myproject/Sim/VGA/VGA_1_pss_tb/maestro/results/maestro/MonteCarlo.0/82/MC/groupRunDataDir
\o 
\o Reusing AHDL Data dir
\o generate netlist...
\o function ansCdlCompPrim redefined
\o Ignoring netlist creation since ignoreDesignChangesDuringRun is set to true
\o       ...successful.
\o compose simulator input file...
\o       ...successful.
\o WARNING (ADE-3080): Fast viewing extensions for PSF XL format (also known as RTSF) will be discontinued  
\o        and Virtuoso Visualization and Analysis XL will not use RTSF data to plot waveforms from IC6.1.8 ISR7 onward. 
\o        There will be no performance impact on data visualization due to this change.
\o [2026-04-09 12:24:37.230 Z] [PROCESS] [cadence.virtuoso.ade.services.netlister] - Current memory used: 723.8711 MBytes, peak memory used: 723.8711 MBytes {"hostname": "il2244vt26_davidevi", "processid": 826312, "testname": "MC", "point": 82, "logfile": "/home/davidevi/Desktop/myproject/logs_davidevi/logs0/Service314.log"}
\o [2026-04-09 12:24:37.231 Z] [INFO] [cadence.virtuoso.ade.services.netlister] - Finished netlisting {"point": 82, "testname": "MC"}
\o [2026-04-09 12:24:37.232 Z] [EVENT] [cadence.virtuoso.ade.services.netlister] - GroupPoints {"point": 91, "testname": "MC", "event": "GroupPoints", "EventSource": "Netlist Service", "Points": "91:1:99", "HistoryName": "MonteCarlo.0", "logFile": "/home/davidevi/Desktop/myproject/logs_davidevi/logs0/Service314.log", "logFileSize": "29978"}
\o [2026-04-09 12:24:37.233 Z] [INFO] [cadence.virtuoso.ade.services.netlister] - Started netlisting {"point": 91, "testname": "MC"}
\o Resetting statistical vars
\o 
\o *Info*    Setting parameter values ...
\o 
\o 
\o *Info*    Netlist Directory =
\o           /home/davidevi/Desktop/myproject/Sim/VGA/VGA_1_pss_tb/maestro/results/maestro/MonteCarlo.0/91/MC/groupRunDataDir/netlist
\o 
\o 
\o *Info*    Data Directory    =
\o           /home/davidevi/Desktop/myproject/Sim/VGA/VGA_1_pss_tb/maestro/results/maestro/MonteCarlo.0/91/MC/groupRunDataDir
\o 
\o Reusing AHDL Data dir
\o generate netlist...
\o function ansCdlCompPrim redefined
\o Ignoring netlist creation since ignoreDesignChangesDuringRun is set to true
\o       ...successful.
\o compose simulator input file...
\o       ...successful.
\o WARNING (ADE-3080): Fast viewing extensions for PSF XL format (also known as RTSF) will be discontinued  
\o        and Virtuoso Visualization and Analysis XL will not use RTSF data to plot waveforms from IC6.1.8 ISR7 onward. 
\o        There will be no performance impact on data visualization due to this change.
\o [2026-04-09 12:24:37.894 Z] [PROCESS] [cadence.virtuoso.ade.services.netlister] - Current memory used: 725.3477 MBytes, peak memory used: 725.3477 MBytes {"hostname": "il2244vt26_davidevi", "processid": 826312, "testname": "MC", "point": 91, "logfile": "/home/davidevi/Desktop/myproject/logs_davidevi/logs0/Service314.log"}
\o [2026-04-09 12:24:37.895 Z] [INFO] [cadence.virtuoso.ade.services.netlister] - Finished netlisting {"point": 91, "testname": "MC"}
\o [2026-04-09 12:24:37.897 Z] [EVENT] [cadence.virtuoso.ade.services.netlister] - NewPoint {"point": 100, "testname": "MC", "event": "NewPoint", "EventSource": "Netlist Service", "HistoryName": "MonteCarlo.0", "logFile": "/home/davidevi/Desktop/myproject/logs_davidevi/logs0/Service314.log", "logFileSize": "31902"}
\o [2026-04-09 12:24:37.897 Z] [INFO] [cadence.virtuoso.ade.services.netlister] - Started netlisting {"point": 100, "testname": "MC"}
\o Resetting statistical vars
\o 
\o *Info*    Setting parameter values ...
\o 
\o 
\o *Info*    Netlist Directory =
\o           /home/davidevi/Desktop/myproject/Sim/VGA/VGA_1_pss_tb/maestro/results/maestro/MonteCarlo.0/100/MC/groupRunDataDir/netlist
\o 
\o 
\o *Info*    Data Directory    =
\o           /home/davidevi/Desktop/myproject/Sim/VGA/VGA_1_pss_tb/maestro/results/maestro/MonteCarlo.0/100/MC/groupRunDataDir
\o 
\o Reusing AHDL Data dir
\o generate netlist...
\o function ansCdlCompPrim redefined
\o Ignoring netlist creation since ignoreDesignChangesDuringRun is set to true
\o       ...successful.
\o compose simulator input file...
\o       ...successful.
\o WARNING (ADE-3080): Fast viewing extensions for PSF XL format (also known as RTSF) will be discontinued  
\o        and Virtuoso Visualization and Analysis XL will not use RTSF data to plot waveforms from IC6.1.8 ISR7 onward. 
\o        There will be no performance impact on data visualization due to this change.
\o [2026-04-09 12:24:38.441 Z] [PROCESS] [cadence.virtuoso.ade.services.netlister] - Current memory used: 725.3477 MBytes, peak memory used: 725.3477 MBytes {"hostname": "il2244vt26_davidevi", "processid": 826312, "testname": "MC", "point": 100, "logfile": "/home/davidevi/Desktop/myproject/logs_davidevi/logs0/Service314.log"}
\o [2026-04-09 12:24:38.442 Z] [INFO] [cadence.virtuoso.ade.services.netlister] - Finished netlisting {"point": 100, "testname": "MC"}
\o Simulation design variables differ from those on the cellView,
\o they have been saved in the file "/tmp/saved-design-variables".
\o To save future changes, copy variables to cellView before exiting.
\# Lic Summary:
\# [12:29:41.248819] Cdslmd servers:3000@lic08.ug.kth.se:29000@lic06.ug.kth.se
\# [12:29:41.248835] Feature usage summary:
\# Memory report: on exit            423 MB, process size 2,185 MB at UTC 2026.04.09 12:29:41.773
\# Memory report: peak usage         423 MB, process size 2,187 MB
