\# Program start time:     UTC 2026.04.08 16:37:05.921
\# Local time: UTC (UTC+00:00) 2026.04.08 16:37:05.921
\o Program:		@(#)$CDS: virtuoso version 6.1.8-64b 09/03/2024 19:11 (sjfhw316) $
\o Hierarchy:		/opt/tools/cadence/installs/IC618/tools.lnx86/dfII/
\o Sub version:		sub-version  IC6.1.8-64b.500.36  (64-bit addresses)
\# Command line:	/opt/tools/cadence/installs/IC618/tools.lnx86/dfII/bin/64bit/virtuoso -beanhost il2244vt26_davidevi -beanport 11300 -beanbinlog  -beanLogFile /home/davidevi/Desktop/myproject/logs_davidevi/logs0/amps_Service312.log -mpssession virtuoso483270 -mpshost il2244vt26_davidevi -davinciService DaVinciService_483270_1773683810 -scopedPid 483270 -axlSession fnxSession17 -axlServiceIdFlag 312 -uuid 235ebf38-239a-4fc9-847c-d6deb8e67043 -heartbeat /dev/shm/swift-heartbeat.tIJ8evIr6f -log /home/davidevi/Desktop/myproject/logs_davidevi/logs0/Service312.log -noautostart -nographE -lscs 000175E1894CBE06FF0966E38F1FFC06BC4D74EF9D178A6FD82860E590078A72887903B69319D236867C66E38F1FFC06BC4D66E38F1FFC06BC4D0F350B307829D59B00001DDD -interactive -offlineExprEval -fenixMode assembler -heartbeatTimeout  -lingerTimeout 300 -pointlifetime -1
\# Host name (type):	il2244vt26_davidevi (x86_64)
\# Operating system:	Linux 5.15.0-164-generic #174-Ubuntu SMP Fri Nov 14 20:25:16 UTC 2025
\# Linux /etc/issue:	\S
\# Linux /etc/issue:	Kernel \r on an \m
\# X display name (WxH):	:6312 (1024x868)
\# Available geometry:			TL(0:0) BR(1023:867)
\# X server:			The X.Org Foundation
\# Depth of Visual (Root):	24 (24)
\# Number of Planes Used:	24
\# X version:		11.0 (vendor release 12011000)
\# X resource pool:	base 0x400000, mask 0x1fffff (2097151), shift 0
\# 			current id 0x0, current max 0x1ffffa (2097146)
\# Max data seg size:	     unlimited
\# Max process size:	     unlimited
\# Initial sbrk value:	        731 MB
\# Available memory:	  2,377,662 MB
\# System memory:	  3,104,512 MB
\# Maximum memory size:	  3,103,901 MB
\# Max mem available:	  2,377,783 MB
\# Initial memory used:	        121 MB
\#        process size:	      1,677 MB
\# Thread usage limits (effective/default):	maxthreads 4294967295/4294967295 maxload 48.00/48.00
\# Qt version:		5.9.1
\# Window Manager:	other
\# User Name:		davidevi
\o Working Directory:	il2244vt26_davidevi:/home/davidevi/Desktop/myproject
\# Process Id:		821735
\o 
\o COPYRIGHT (C) 1992-2024  CADENCE DESIGN SYSTEMS INC.  ALL RIGHTS RESERVED.
\o           (C) 1992-2024  UNIX SYSTEMS Laboratories INC.,
\o                          Reproduced with permission.
\o 
\o This Cadence Design Systems program and online documentation are
\o proprietary/confidential information and may be disclosed/used only
\o as authorized in a license agreement controlling such use and disclosure.
\o 
\o           RESTRICTED RIGHTS NOTICE (SHORT FORM)
\o Use/reproduction/disclosure is subject to restriction
\o set forth at FAR 1252.227-19 or its equivalent.
\o Loading geView.cxt 
\o Loading menuBuilder.cxt 
\o Loading schView.cxt 
\o Loading selectSv.cxt 
\o Loading wireEdit.cxt 
\o Loading pte2.cxt 
\o Loading xlUI.cxt 
\o Loading auCore.cxt 
\o Loading vhdl.cxt 
\o Loading seismic.cxt 
\o Loading ci.cxt 
\o Loading ams.cxt 
\o Loading oasis.cxt 
\o Loading analog.cxt 
\o Loading asimenv.cxt 
\o Loading dal.cxt 
\o Loading awv.cxt 
\o Loading socket.cxt 
\o Loading par.cxt 
\o Loading alvs.cxt 
\o Loading caa.cxt 
\o Loading amps.cxt 
\o Loading adexlCore.cxt 
\o Loading adexl.cxt 
\# Memory report: using         247 MB, process size 1,927 MB at UTC 2026.04.08 16:37:08.023
\o *Info*    Exporting services from client ... 
\o 
\o Loading adexlDM.cxt 
\o Loading cpf.cxt 
\o Loading cli.cxt 
\o Loading lp.cxt 
\o INFO (ELI-00302) Connecting to parent process (session=virtuoso483270, host=il2244vt26_davidevi). Connection mode is LSCS. Total timeout is 180 seconds. Connection timeout is 90 seconds.
\o INFO (ELI-00303) Step 1: Connecting to parent. Time spent is 0 seconds.
\o INFO (ELI-00304) The registration of the child 821735 within 90 seconds is being processed...
\o INFO (ELI-00305) The result of registration is true. Time spent is 0 seconds.
\o INFO (ELI-00308) The connection has ended. Result is true. Total time spent is 0 seconds.
\# [16:37:05.445362] Configured Lic search path (22.01-s002): 3000@lic08.ug.kth.se:29000@lic06.ug.kth.se
\o ......................................................................................
\o            ams AG HIT-Kit v.ams_4.10
\o ......................................................................................
\o COPYRIGHT (c) 2012 Full Service Foundry @ ams AG.  ALL RIGHTS RESERVED
\o This HIT-Kit and attached documentation are confidential information and may 
\o only be used as authorized by the HIT-Kit license agreement.
\o ......................................................................................
\# Current Window: window(2)
\o Loading simulator default settings.
\o Loading simulator default settings.
\p hitkit: ams_4.10  Tech: c35b4c3  User: davidevi 
\w *WARNING* could not load font "-*-courier-medium-r-*-*-12-*", using font "fixed"
\# Loading perfDiag...
\# (PerfDiag): Set GDB path to environment variable 'gdbPath' (gdb).
\# Performance Diagnostic tool is installed. You can access PerfDiag from CIW Tools or use the shell command 'cdsPerfDiag -p 821735' to open it when Virtuoso freezes.
\# (PerfDiag): Use backtrace from GLIBC.
\w *WARNING* _perfPstackCheck: Cannot find pstack/gstack. Please setup PATH environment variable to pstack/gstack executable.
\i _axlRunServices()
\o Loading simui.cxt 
\o [2026-04-08 16:37:10.347 Z] [PROCESS] [cadence.virtuoso.ade.services] - Netlist Service has successfully started. Waiting for incoming messages ... {"hostname": "il2244vt26_davidevi", "processid": 821735, "logfile": "/home/davidevi/Desktop/myproject/logs_davidevi/logs0/Service312.log"}
\# Available memory:      2,377,260 MB at UTC 2026.04.08 16:37:18.411
\# Memory report: Maximum memory size now 2,377,571 MB at UTC 2026.04.08 16:37:18.411
\# Thread usage report: 54 active threads, active load 1.40 at UTC 2026.04.08 16:37:18.411
\o Loading vdsil.cxt 
\# Lic Summary:
\# [16:42:13.325699] Cdslmd servers:3000@lic08.ug.kth.se:29000@lic06.ug.kth.se
\# [16:42:13.325722] Feature usage summary:
\# Memory report: on exit            311 MB, process size 2,068 MB at UTC 2026.04.08 16:42:13.850
\# Memory report: peak usage         311 MB, process size 2,071 MB
