\# Program start time:     UTC 2026.04.16 09:31:05.944
\# Local time: UTC (UTC+00:00) 2026.04.16 09:31:05.944
\o Program:		@(#)$CDS: virtuoso version 6.1.8-64b 09/03/2024 19:11 (sjfhw316) $
\o Hierarchy:		/opt/tools/cadence/installs/IC618/tools.lnx86/dfII/
\o Sub version:		sub-version  IC6.1.8-64b.500.36  (64-bit addresses)
\# Command line:	/opt/tools/cadence/installs/IC618/tools.lnx86/dfII/bin/64bit/virtuoso -beanhost il2244vt26_davidevi -beanport 11300 -beanbinlog  -beanLogFile /home/davidevi/Desktop/myproject/logs_davidevi/logs0/amps_Service476.log -mpssession virtuoso483270 -mpshost il2244vt26_davidevi -davinciService DaVinciService_483270_1773683810 -scopedPid 483270 -axlSession fnxSession17 -axlServiceIdFlag 476 -uuid e3b3b864-4e8e-470d-91da-44df872185dd -heartbeat /dev/shm/swift-heartbeat.2e7DzHPg90 -log /home/davidevi/Desktop/myproject/logs_davidevi/logs0/Service476.log -noautostart -nographE -lscs 000175E1894CBE06FF0966E38F1FFC06BC4D74EF9D178A6FD82860E590078A72887903B69319D236867C66E38F1FFC06BC4D66E38F1FFC06BC4D0F0323485051D5AD00001DCF -interactive -offlineExprEval -fenixMode assembler -heartbeatTimeout  -lingerTimeout 300 -pointlifetime -1
\# Host name (type):	il2244vt26_davidevi (x86_64)
\# Operating system:	Linux 5.15.0-164-generic #174-Ubuntu SMP Fri Nov 14 20:25:16 UTC 2025
\# Linux /etc/issue:	\S
\# Linux /etc/issue:	Kernel \r on an \m
\# X display name (WxH):	:2393 (1024x868)
\# Available geometry:			TL(0:0) BR(1023:867)
\# X server:			The X.Org Foundation
\# Depth of Visual (Root):	24 (24)
\# Number of Planes Used:	24
\# X version:		11.0 (vendor release 12011000)
\# X resource pool:	base 0x400000, mask 0x1fffff (2097151), shift 0
\# 			current id 0x0, current max 0x1ffffa (2097146)
\# Max data seg size:	     unlimited
\# Max process size:	     unlimited
\# Initial sbrk value:	      1,101 MB
\# Available memory:	  2,387,113 MB
\# System memory:	  3,104,512 MB
\# Maximum memory size:	  3,103,531 MB
\# Max mem available:	  2,387,234 MB
\# Initial memory used:	        121 MB
\#        process size:	      1,677 MB
\# Thread usage limits (effective/default):	maxthreads 4294967295/4294967295 maxload 48.00/48.00
\# Qt version:		5.9.1
\# Window Manager:	other
\# User Name:		davidevi
\o Working Directory:	il2244vt26_davidevi:/home/davidevi/Desktop/myproject
\# Process Id:		1060494
\o 
\o COPYRIGHT (C) 1992-2024  CADENCE DESIGN SYSTEMS INC.  ALL RIGHTS RESERVED.
\o           (C) 1992-2024  UNIX SYSTEMS Laboratories INC.,
\o                          Reproduced with permission.
\o 
\o This Cadence Design Systems program and online documentation are
\o proprietary/confidential information and may be disclosed/used only
\o as authorized in a license agreement controlling such use and disclosure.
\o 
\o           RESTRICTED RIGHTS NOTICE (SHORT FORM)
\o Use/reproduction/disclosure is subject to restriction
\o set forth at FAR 1252.227-19 or its equivalent.
\o Loading geView.cxt 
\o Loading menuBuilder.cxt 
\o Loading schView.cxt 
\o Loading selectSv.cxt 
\o Loading wireEdit.cxt 
\o Loading pte2.cxt 
\w Qt Warning: setNativeLocks failed: "Resource temporarily unavailable"
\o Loading xlUI.cxt 
\o Loading auCore.cxt 
\o Loading vhdl.cxt 
\o Loading seismic.cxt 
\o Loading ci.cxt 
\o Loading ams.cxt 
\o Loading oasis.cxt 
\o Loading analog.cxt 
\o Loading asimenv.cxt 
\o Loading dal.cxt 
\o Loading awv.cxt 
\o Loading socket.cxt 
\o Loading par.cxt 
\o Loading alvs.cxt 
\o Loading caa.cxt 
\o Loading amps.cxt 
\o Loading adexlCore.cxt 
\o Loading adexl.cxt 
\# Memory report: using         248 MB, process size 1,928 MB at UTC 2026.04.16 09:31:08.271
\o *Info*    Exporting services from client ... 
\o 
\o Loading adexlDM.cxt 
\o Loading cpf.cxt 
\o Loading cli.cxt 
\o Loading lp.cxt 
\o INFO (ELI-00302) Connecting to parent process (session=virtuoso483270, host=il2244vt26_davidevi). Connection mode is LSCS. Total timeout is 180 seconds. Connection timeout is 90 seconds.
\o INFO (ELI-00303) Step 1: Connecting to parent. Time spent is 0 seconds.
\o INFO (ELI-00304) The registration of the child 1060494 within 90 seconds is being processed...
\o INFO (ELI-00305) The result of registration is true. Time spent is 0 seconds.
\o INFO (ELI-00308) The connection has ended. Result is true. Total time spent is 0 seconds.
\# [09:31:05.445330] Configured Lic search path (22.01-s002): 3000@lic08.ug.kth.se:29000@lic06.ug.kth.se
\o ......................................................................................
\o            ams AG HIT-Kit v.ams_4.10
\o ......................................................................................
\o COPYRIGHT (c) 2012 Full Service Foundry @ ams AG.  ALL RIGHTS RESERVED
\o This HIT-Kit and attached documentation are confidential information and may 
\o only be used as authorized by the HIT-Kit license agreement.
\o ......................................................................................
\# Current Window: window(2)
\o Loading simulator default settings.
\o Loading simulator default settings.
\p hitkit: ams_4.10  Tech: c35b4c3  User: davidevi 
\w *WARNING* could not load font "-*-courier-medium-r-*-*-12-*", using font "fixed"
\# Loading perfDiag...
\# (PerfDiag): Set GDB path to environment variable 'gdbPath' (gdb).
\# Performance Diagnostic tool is installed. You can access PerfDiag from CIW Tools or use the shell command 'cdsPerfDiag -p 1060494' to open it when Virtuoso freezes.
\# (PerfDiag): Use backtrace from GLIBC.
\w *WARNING* _perfPstackCheck: Cannot find pstack/gstack. Please setup PATH environment variable to pstack/gstack executable.
\i _axlRunServices()
\# [09:31:10.242008] Periodic Lic check successful
\# [09:31:10.242009] Feature usage summary:
\o Loading simui.cxt 
\o [2026-04-16 09:31:10.276 Z] [PROCESS] [cadence.virtuoso.ade.services] - Netlist Service has successfully started. Waiting for incoming messages ... {"hostname": "il2244vt26_davidevi", "processid": 1060494, "logfile": "/home/davidevi/Desktop/myproject/logs_davidevi/logs0/Service476.log"}
\o [2026-04-16 09:31:10.321 Z] [EVENT] [cadence.virtuoso.ade.services.netlister] - NewPoint {"point": 0, "testname": "MC", "event": "NewPoint", "EventSource": "Netlist Service", "HistoryName": "MonteCarlo.8", "logFile": "/home/davidevi/Desktop/myproject/logs_davidevi/logs0/Service476.log", "logFileSize": "5463"}
\o [2026-04-16 09:31:10.322 Z] [INFO] [cadence.virtuoso.ade.services.netlister] - Started preparing netlist {"point": 0, "testname": "MC", "testnameKey": "MC"}
\o Loading vqp.cxt 
\o Loading vdsil.cxt 
\o *Warning* AXL Context Manager : job 476 is already registered. 
\o 
\o Loading hdlPkg.cxt 
\o 
\o 
\o *Info*    Configuring the session ...
\o 
\o 	Library      = VGA
\o 	Cell         = VGA_1_pss_tb
\o 	View         = schematic
\o 	Simulator    = spectre
\o 	State Path   = $AXL_SETUPDB_DIR/test_states
\o 	State Name   = MonteCarlo.8
\o 	Results DB   = /home/davidevi/Desktop/myproject/VGA/VGA_1_pss_tb/maestro/results/maestro/MonteCarlo.8.rdb
\o 	Results Dir  = /home/davidevi/Desktop/myproject/Sim/VGA/VGA_1_pss_tb/maestro/results/maestro/MonteCarlo.8/1/MC
\o 	Results Loc  = /home/davidevi/Desktop/myproject/Sim/VGA/VGA_1_pss_tb/maestro/results/maestro
\o 	Project Dir  = /home/davidevi/Desktop/myproject/Sim
\o 	Setup DB loc = /home/davidevi/Desktop/myproject/VGA/VGA_1_pss_tb/maestro
\o 	File Encoding = 0
\o 
\o 
\o Loading viva.cxt 
\o Loading spectrei.cxt 
\# Memory report: using         354 MB, process size 2,113 MB at UTC 2026.04.16 09:31:12.034
\o Loading devCheck.cxt 
\o Loading relXpert.cxt 
\o Loading hspiceD.cxt 
\o Loading spectreinl.cxt 
\o Loading msgHandler.cxt 
\o Loading UltraSim.cxt 
\o Loading AMSOSS.cxt 
\o Loading AMS.cxt 
\o 
\o *Info*    The auto suspension is disabled.
\o 
\o Loading elec.cxt 
\o Resetting statistical vars
\o 
\o *Info*    Setting parameter values ...
\o 
\o Setting var S0 = "3.3"
\o Setting var S1 = "3.3"
\o Setting var S2 = "3.3"
\o Setting var S3 = "3.3"
\o Setting var VDD = "3.3"
\o Setting var V_AMP = "20m"
\o Setting var V_FREQ = "50"
\o Loading monte.cxt 
\o Reusing AHDL Data dir
\o 
\o *Info*    Data Directory    =
\o           /home/davidevi/Desktop/myproject/Sim/VGA/VGA_1_pss_tb/maestro/results/maestro/MonteCarlo.8/psf/MC
\o 
\o generate netlist...
\o Loading hnlInit.cxt 
\o Loading seCore.cxt 
\o function ansCdlCompPrim redefined
\o function ansCdlCompPrim redefined
\o Begin Incremental Netlisting Apr 16 09:31:13 2026
\o End netlisting Apr 16 09:31:13 2026
\o 
\o 	The netlist is up to date.
\o 	Time taken to compare the design with netlist:   0.0s
\o       ...successful.
\o compose simulator input file...
\o       ...successful.
\o [2026-04-16 09:31:14.270 Z] [INFO] [cadence.virtuoso.ade.services.netlister] - Finished preparing netlist {"point": 0, "testname": "MC", "testnameKey": "MC"}
\o [2026-04-16 09:31:15.274 Z] [EVENT] [cadence.virtuoso.ade.services.netlister] - GroupPoints {"point": 1, "testname": "MC", "event": "GroupPoints", "EventSource": "Netlist Service", "Points": "1:1:5", "HistoryName": "MonteCarlo.8", "logFile": "/home/davidevi/Desktop/myproject/logs_davidevi/logs0/Service476.log", "logFileSize": "8808"}
\o [2026-04-16 09:31:15.275 Z] [INFO] [cadence.virtuoso.ade.services.netlister] - Started netlisting {"point": 1, "testname": "MC"}
\o Simulation design variables differ from those on the cellView,
\o they have been saved in the file "/tmp/saved-design-variables".
\o To save future changes, copy variables to cellView before exiting.
\o *Warning* AXL Context Manager : job 476 is already registered. 
\o 
\o 
\o 
\o *Info*    Configuring the session ...
\o 
\o 	Library      = VGA
\o 	Cell         = VGA_1_pss_tb
\o 	View         = schematic
\o 	Simulator    = spectre
\o 	State Path   = $AXL_SETUPDB_DIR/test_states
\o 	State Name   = MonteCarlo.8
\o 	Results DB   = /home/davidevi/Desktop/myproject/VGA/VGA_1_pss_tb/maestro/results/maestro/MonteCarlo.8.rdb
\o 	Results Dir  = /home/davidevi/Desktop/myproject/Sim/VGA/VGA_1_pss_tb/maestro/results/maestro/MonteCarlo.8/1/MC
\o 	Results Loc  = /home/davidevi/Desktop/myproject/Sim/VGA/VGA_1_pss_tb/maestro/results/maestro
\o 	Project Dir  = /home/davidevi/Desktop/myproject/Sim
\o 	Setup DB loc = /home/davidevi/Desktop/myproject/VGA/VGA_1_pss_tb/maestro
\o 	File Encoding = 0
\o 
\o 
\# Available memory:      2,386,855 MB at UTC 2026.04.16 09:31:16.240
\# Memory report: Maximum memory size now 2,387,270 MB at UTC 2026.04.16 09:31:16.240
\# Thread usage report: 54 active threads, active load 1.40 at UTC 2026.04.16 09:31:16.240
\o 
\o *Info*    The auto suspension is disabled.
\o 
\o Resetting statistical vars
\o 
\o *Info*    Setting parameter values ...
\o 
\o Setting var S0 = "3.3"
\o Setting var S1 = "3.3"
\o Setting var S2 = "3.3"
\o Setting var S3 = "3.3"
\o Setting var VDD = "3.3"
\o Setting var V_AMP = "20m"
\o Setting var V_FREQ = "50"
\o Setting var temperature = "27"
\o Setting temp(T) = 27
\o 
\o *Info*    Netlist Directory =
\o           /home/davidevi/Desktop/myproject/Sim/VGA/VGA_1_pss_tb/maestro/results/maestro/MonteCarlo.8/1/MC/groupRunDataDir/netlist
\o 
\o 
\o *Info*    Data Directory    =
\o           /home/davidevi/Desktop/myproject/Sim/VGA/VGA_1_pss_tb/maestro/results/maestro/MonteCarlo.8/1/MC/groupRunDataDir
\o 
\o Reusing AHDL Data dir
\o generate netlist...
\o function ansCdlCompPrim redefined
\o Ignoring netlist creation since ignoreDesignChangesDuringRun is set to true
\o       ...successful.
\o compose simulator input file...
\o       ...successful.
\o WARNING (ADE-3080): Fast viewing extensions for PSF XL format (also known as RTSF) will be discontinued  
\o        and Virtuoso Visualization and Analysis XL will not use RTSF data to plot waveforms from IC6.1.8 ISR7 onward. 
\o        There will be no performance impact on data visualization due to this change.
\o [2026-04-16 09:31:17.515 Z] [PROCESS] [cadence.virtuoso.ade.services.netlister] - Current memory used: 717.4258 MBytes, peak memory used: 717.4258 MBytes {"hostname": "il2244vt26_davidevi", "processid": 1060494, "testname": "MC", "point": 1, "logfile": "/home/davidevi/Desktop/myproject/logs_davidevi/logs0/Service476.log"}
\o [2026-04-16 09:31:17.516 Z] [INFO] [cadence.virtuoso.ade.services.netlister] - Finished netlisting {"point": 1, "testname": "MC"}
\o [2026-04-16 09:31:17.518 Z] [EVENT] [cadence.virtuoso.ade.services.netlister] - GroupPoints {"point": 6, "testname": "MC", "event": "GroupPoints", "EventSource": "Netlist Service", "Points": "6:1:10", "HistoryName": "MonteCarlo.8", "logFile": "/home/davidevi/Desktop/myproject/logs_davidevi/logs0/Service476.log", "logFileSize": "12275"}
\o [2026-04-16 09:31:17.518 Z] [INFO] [cadence.virtuoso.ade.services.netlister] - Started netlisting {"point": 6, "testname": "MC"}
\o Resetting statistical vars
\o 
\o *Info*    Setting parameter values ...
\o 
\o 
\o *Info*    Netlist Directory =
\o           /home/davidevi/Desktop/myproject/Sim/VGA/VGA_1_pss_tb/maestro/results/maestro/MonteCarlo.8/6/MC/groupRunDataDir/netlist
\o 
\o 
\o *Info*    Data Directory    =
\o           /home/davidevi/Desktop/myproject/Sim/VGA/VGA_1_pss_tb/maestro/results/maestro/MonteCarlo.8/6/MC/groupRunDataDir
\o 
\o Reusing AHDL Data dir
\o generate netlist...
\o function ansCdlCompPrim redefined
\o Ignoring netlist creation since ignoreDesignChangesDuringRun is set to true
\o       ...successful.
\o compose simulator input file...
\o       ...successful.
\o WARNING (ADE-3080): Fast viewing extensions for PSF XL format (also known as RTSF) will be discontinued  
\o        and Virtuoso Visualization and Analysis XL will not use RTSF data to plot waveforms from IC6.1.8 ISR7 onward. 
\o        There will be no performance impact on data visualization due to this change.
\o [2026-04-16 09:31:18.109 Z] [PROCESS] [cadence.virtuoso.ade.services.netlister] - Current memory used: 717.4922 MBytes, peak memory used: 717.4922 MBytes {"hostname": "il2244vt26_davidevi", "processid": 1060494, "testname": "MC", "point": 6, "logfile": "/home/davidevi/Desktop/myproject/logs_davidevi/logs0/Service476.log"}
\o [2026-04-16 09:31:18.111 Z] [INFO] [cadence.virtuoso.ade.services.netlister] - Finished netlisting {"point": 6, "testname": "MC"}
\o [2026-04-16 09:31:18.113 Z] [EVENT] [cadence.virtuoso.ade.services.netlister] - GroupPoints {"point": 11, "testname": "MC", "event": "GroupPoints", "EventSource": "Netlist Service", "Points": "11:1:15", "HistoryName": "MonteCarlo.8", "logFile": "/home/davidevi/Desktop/myproject/logs_davidevi/logs0/Service476.log", "logFileSize": "14193"}
\o [2026-04-16 09:31:18.113 Z] [INFO] [cadence.virtuoso.ade.services.netlister] - Started netlisting {"point": 11, "testname": "MC"}
\o Resetting statistical vars
\o 
\o *Info*    Setting parameter values ...
\o 
\o 
\o *Info*    Netlist Directory =
\o           /home/davidevi/Desktop/myproject/Sim/VGA/VGA_1_pss_tb/maestro/results/maestro/MonteCarlo.8/11/MC/groupRunDataDir/netlist
\o 
\o 
\o *Info*    Data Directory    =
\o           /home/davidevi/Desktop/myproject/Sim/VGA/VGA_1_pss_tb/maestro/results/maestro/MonteCarlo.8/11/MC/groupRunDataDir
\o 
\o Reusing AHDL Data dir
\o generate netlist...
\o function ansCdlCompPrim redefined
\o Ignoring netlist creation since ignoreDesignChangesDuringRun is set to true
\o       ...successful.
\o compose simulator input file...
\o       ...successful.
\o WARNING (ADE-3080): Fast viewing extensions for PSF XL format (also known as RTSF) will be discontinued  
\o        and Virtuoso Visualization and Analysis XL will not use RTSF data to plot waveforms from IC6.1.8 ISR7 onward. 
\o        There will be no performance impact on data visualization due to this change.
\o [2026-04-16 09:31:18.727 Z] [PROCESS] [cadence.virtuoso.ade.services.netlister] - Current memory used: 717.4922 MBytes, peak memory used: 717.4922 MBytes {"hostname": "il2244vt26_davidevi", "processid": 1060494, "testname": "MC", "point": 11, "logfile": "/home/davidevi/Desktop/myproject/logs_davidevi/logs0/Service476.log"}
\o [2026-04-16 09:31:18.728 Z] [INFO] [cadence.virtuoso.ade.services.netlister] - Finished netlisting {"point": 11, "testname": "MC"}
\o [2026-04-16 09:31:18.730 Z] [EVENT] [cadence.virtuoso.ade.services.netlister] - GroupPoints {"point": 16, "testname": "MC", "event": "GroupPoints", "EventSource": "Netlist Service", "Points": "16:1:20", "HistoryName": "MonteCarlo.8", "logFile": "/home/davidevi/Desktop/myproject/logs_davidevi/logs0/Service476.log", "logFileSize": "16118"}
\o [2026-04-16 09:31:18.730 Z] [INFO] [cadence.virtuoso.ade.services.netlister] - Started netlisting {"point": 16, "testname": "MC"}
\o Resetting statistical vars
\o 
\o *Info*    Setting parameter values ...
\o 
\o 
\o *Info*    Netlist Directory =
\o           /home/davidevi/Desktop/myproject/Sim/VGA/VGA_1_pss_tb/maestro/results/maestro/MonteCarlo.8/16/MC/groupRunDataDir/netlist
\o 
\o 
\o *Info*    Data Directory    =
\o           /home/davidevi/Desktop/myproject/Sim/VGA/VGA_1_pss_tb/maestro/results/maestro/MonteCarlo.8/16/MC/groupRunDataDir
\o 
\o Reusing AHDL Data dir
\o generate netlist...
\o function ansCdlCompPrim redefined
\o Ignoring netlist creation since ignoreDesignChangesDuringRun is set to true
\o       ...successful.
\o compose simulator input file...
\o       ...successful.
\o WARNING (ADE-3080): Fast viewing extensions for PSF XL format (also known as RTSF) will be discontinued  
\o        and Virtuoso Visualization and Analysis XL will not use RTSF data to plot waveforms from IC6.1.8 ISR7 onward. 
\o        There will be no performance impact on data visualization due to this change.
\o [2026-04-16 09:31:19.461 Z] [PROCESS] [cadence.virtuoso.ade.services.netlister] - Current memory used: 717.4922 MBytes, peak memory used: 717.4922 MBytes {"hostname": "il2244vt26_davidevi", "processid": 1060494, "testname": "MC", "point": 16, "logfile": "/home/davidevi/Desktop/myproject/logs_davidevi/logs0/Service476.log"}
\o [2026-04-16 09:31:19.462 Z] [INFO] [cadence.virtuoso.ade.services.netlister] - Finished netlisting {"point": 16, "testname": "MC"}
\o [2026-04-16 09:31:19.464 Z] [EVENT] [cadence.virtuoso.ade.services.netlister] - GroupPoints {"point": 21, "testname": "MC", "event": "GroupPoints", "EventSource": "Netlist Service", "Points": "21:1:25", "HistoryName": "MonteCarlo.8", "logFile": "/home/davidevi/Desktop/myproject/logs_davidevi/logs0/Service476.log", "logFileSize": "18043"}
\o [2026-04-16 09:31:19.464 Z] [INFO] [cadence.virtuoso.ade.services.netlister] - Started netlisting {"point": 21, "testname": "MC"}
\o Resetting statistical vars
\o 
\o *Info*    Setting parameter values ...
\o 
\o 
\o *Info*    Netlist Directory =
\o           /home/davidevi/Desktop/myproject/Sim/VGA/VGA_1_pss_tb/maestro/results/maestro/MonteCarlo.8/21/MC/groupRunDataDir/netlist
\o 
\o 
\o *Info*    Data Directory    =
\o           /home/davidevi/Desktop/myproject/Sim/VGA/VGA_1_pss_tb/maestro/results/maestro/MonteCarlo.8/21/MC/groupRunDataDir
\o 
\o Reusing AHDL Data dir
\o generate netlist...
\o function ansCdlCompPrim redefined
\o Ignoring netlist creation since ignoreDesignChangesDuringRun is set to true
\o       ...successful.
\o compose simulator input file...
\o       ...successful.
\o WARNING (ADE-3080): Fast viewing extensions for PSF XL format (also known as RTSF) will be discontinued  
\o        and Virtuoso Visualization and Analysis XL will not use RTSF data to plot waveforms from IC6.1.8 ISR7 onward. 
\o        There will be no performance impact on data visualization due to this change.
\o [2026-04-16 09:31:20.061 Z] [PROCESS] [cadence.virtuoso.ade.services.netlister] - Current memory used: 717.4922 MBytes, peak memory used: 717.4922 MBytes {"hostname": "il2244vt26_davidevi", "processid": 1060494, "testname": "MC", "point": 21, "logfile": "/home/davidevi/Desktop/myproject/logs_davidevi/logs0/Service476.log"}
\o [2026-04-16 09:31:20.062 Z] [INFO] [cadence.virtuoso.ade.services.netlister] - Finished netlisting {"point": 21, "testname": "MC"}
\o [2026-04-16 09:31:20.064 Z] [EVENT] [cadence.virtuoso.ade.services.netlister] - GroupPoints {"point": 26, "testname": "MC", "event": "GroupPoints", "EventSource": "Netlist Service", "Points": "26:1:30", "HistoryName": "MonteCarlo.8", "logFile": "/home/davidevi/Desktop/myproject/logs_davidevi/logs0/Service476.log", "logFileSize": "19968"}
\o [2026-04-16 09:31:20.064 Z] [INFO] [cadence.virtuoso.ade.services.netlister] - Started netlisting {"point": 26, "testname": "MC"}
\o Resetting statistical vars
\o 
\o *Info*    Setting parameter values ...
\o 
\o 
\o *Info*    Netlist Directory =
\o           /home/davidevi/Desktop/myproject/Sim/VGA/VGA_1_pss_tb/maestro/results/maestro/MonteCarlo.8/26/MC/groupRunDataDir/netlist
\o 
\o 
\o *Info*    Data Directory    =
\o           /home/davidevi/Desktop/myproject/Sim/VGA/VGA_1_pss_tb/maestro/results/maestro/MonteCarlo.8/26/MC/groupRunDataDir
\o 
\o Reusing AHDL Data dir
\o generate netlist...
\o function ansCdlCompPrim redefined
\o Ignoring netlist creation since ignoreDesignChangesDuringRun is set to true
\o       ...successful.
\o compose simulator input file...
\o       ...successful.
\o WARNING (ADE-3080): Fast viewing extensions for PSF XL format (also known as RTSF) will be discontinued  
\o        and Virtuoso Visualization and Analysis XL will not use RTSF data to plot waveforms from IC6.1.8 ISR7 onward. 
\o        There will be no performance impact on data visualization due to this change.
\o [2026-04-16 09:31:20.642 Z] [PROCESS] [cadence.virtuoso.ade.services.netlister] - Current memory used: 717.4922 MBytes, peak memory used: 717.4922 MBytes {"hostname": "il2244vt26_davidevi", "processid": 1060494, "testname": "MC", "point": 26, "logfile": "/home/davidevi/Desktop/myproject/logs_davidevi/logs0/Service476.log"}
\o [2026-04-16 09:31:20.643 Z] [INFO] [cadence.virtuoso.ade.services.netlister] - Finished netlisting {"point": 26, "testname": "MC"}
\o [2026-04-16 09:31:20.644 Z] [EVENT] [cadence.virtuoso.ade.services.netlister] - GroupPoints {"point": 31, "testname": "MC", "event": "GroupPoints", "EventSource": "Netlist Service", "Points": "31:1:35", "HistoryName": "MonteCarlo.8", "logFile": "/home/davidevi/Desktop/myproject/logs_davidevi/logs0/Service476.log", "logFileSize": "21893"}
\o [2026-04-16 09:31:20.645 Z] [INFO] [cadence.virtuoso.ade.services.netlister] - Started netlisting {"point": 31, "testname": "MC"}
\o Resetting statistical vars
\o 
\o *Info*    Setting parameter values ...
\o 
\o 
\o *Info*    Netlist Directory =
\o           /home/davidevi/Desktop/myproject/Sim/VGA/VGA_1_pss_tb/maestro/results/maestro/MonteCarlo.8/31/MC/groupRunDataDir/netlist
\o 
\o 
\o *Info*    Data Directory    =
\o           /home/davidevi/Desktop/myproject/Sim/VGA/VGA_1_pss_tb/maestro/results/maestro/MonteCarlo.8/31/MC/groupRunDataDir
\o 
\o Reusing AHDL Data dir
\o generate netlist...
\o function ansCdlCompPrim redefined
\o Ignoring netlist creation since ignoreDesignChangesDuringRun is set to true
\o       ...successful.
\o compose simulator input file...
\o       ...successful.
\o WARNING (ADE-3080): Fast viewing extensions for PSF XL format (also known as RTSF) will be discontinued  
\o        and Virtuoso Visualization and Analysis XL will not use RTSF data to plot waveforms from IC6.1.8 ISR7 onward. 
\o        There will be no performance impact on data visualization due to this change.
\o [2026-04-16 09:31:21.227 Z] [PROCESS] [cadence.virtuoso.ade.services.netlister] - Current memory used: 718.3594 MBytes, peak memory used: 718.3594 MBytes {"hostname": "il2244vt26_davidevi", "processid": 1060494, "testname": "MC", "point": 31, "logfile": "/home/davidevi/Desktop/myproject/logs_davidevi/logs0/Service476.log"}
\o [2026-04-16 09:31:21.227 Z] [INFO] [cadence.virtuoso.ade.services.netlister] - Finished netlisting {"point": 31, "testname": "MC"}
\o [2026-04-16 09:31:21.230 Z] [EVENT] [cadence.virtuoso.ade.services.netlister] - GroupPoints {"point": 36, "testname": "MC", "event": "GroupPoints", "EventSource": "Netlist Service", "Points": "36:1:40", "HistoryName": "MonteCarlo.8", "logFile": "/home/davidevi/Desktop/myproject/logs_davidevi/logs0/Service476.log", "logFileSize": "23818"}
\o [2026-04-16 09:31:21.230 Z] [INFO] [cadence.virtuoso.ade.services.netlister] - Started netlisting {"point": 36, "testname": "MC"}
\o Resetting statistical vars
\o 
\o *Info*    Setting parameter values ...
\o 
\o 
\o *Info*    Netlist Directory =
\o           /home/davidevi/Desktop/myproject/Sim/VGA/VGA_1_pss_tb/maestro/results/maestro/MonteCarlo.8/36/MC/groupRunDataDir/netlist
\o 
\o 
\o *Info*    Data Directory    =
\o           /home/davidevi/Desktop/myproject/Sim/VGA/VGA_1_pss_tb/maestro/results/maestro/MonteCarlo.8/36/MC/groupRunDataDir
\o 
\o Reusing AHDL Data dir
\o generate netlist...
\o function ansCdlCompPrim redefined
\o Ignoring netlist creation since ignoreDesignChangesDuringRun is set to true
\o       ...successful.
\o compose simulator input file...
\o       ...successful.
\o WARNING (ADE-3080): Fast viewing extensions for PSF XL format (also known as RTSF) will be discontinued  
\o        and Virtuoso Visualization and Analysis XL will not use RTSF data to plot waveforms from IC6.1.8 ISR7 onward. 
\o        There will be no performance impact on data visualization due to this change.
\o [2026-04-16 09:31:21.817 Z] [PROCESS] [cadence.virtuoso.ade.services.netlister] - Current memory used: 720.9258 MBytes, peak memory used: 720.9258 MBytes {"hostname": "il2244vt26_davidevi", "processid": 1060494, "testname": "MC", "point": 36, "logfile": "/home/davidevi/Desktop/myproject/logs_davidevi/logs0/Service476.log"}
\o [2026-04-16 09:31:21.818 Z] [INFO] [cadence.virtuoso.ade.services.netlister] - Finished netlisting {"point": 36, "testname": "MC"}
\o [2026-04-16 09:31:21.820 Z] [EVENT] [cadence.virtuoso.ade.services.netlister] - GroupPoints {"point": 41, "testname": "MC", "event": "GroupPoints", "EventSource": "Netlist Service", "Points": "41:1:45", "HistoryName": "MonteCarlo.8", "logFile": "/home/davidevi/Desktop/myproject/logs_davidevi/logs0/Service476.log", "logFileSize": "25743"}
\o [2026-04-16 09:31:21.820 Z] [INFO] [cadence.virtuoso.ade.services.netlister] - Started netlisting {"point": 41, "testname": "MC"}
\o Resetting statistical vars
\o 
\o *Info*    Setting parameter values ...
\o 
\o 
\o *Info*    Netlist Directory =
\o           /home/davidevi/Desktop/myproject/Sim/VGA/VGA_1_pss_tb/maestro/results/maestro/MonteCarlo.8/41/MC/groupRunDataDir/netlist
\o 
\o 
\o *Info*    Data Directory    =
\o           /home/davidevi/Desktop/myproject/Sim/VGA/VGA_1_pss_tb/maestro/results/maestro/MonteCarlo.8/41/MC/groupRunDataDir
\o 
\o Reusing AHDL Data dir
\o generate netlist...
\o function ansCdlCompPrim redefined
\o Ignoring netlist creation since ignoreDesignChangesDuringRun is set to true
\o       ...successful.
\o compose simulator input file...
\o       ...successful.
\o WARNING (ADE-3080): Fast viewing extensions for PSF XL format (also known as RTSF) will be discontinued  
\o        and Virtuoso Visualization and Analysis XL will not use RTSF data to plot waveforms from IC6.1.8 ISR7 onward. 
\o        There will be no performance impact on data visualization due to this change.
\o [2026-04-16 09:31:22.385 Z] [PROCESS] [cadence.virtuoso.ade.services.netlister] - Current memory used: 724.0547 MBytes, peak memory used: 724.0547 MBytes {"hostname": "il2244vt26_davidevi", "processid": 1060494, "testname": "MC", "point": 41, "logfile": "/home/davidevi/Desktop/myproject/logs_davidevi/logs0/Service476.log"}
\o [2026-04-16 09:31:22.386 Z] [INFO] [cadence.virtuoso.ade.services.netlister] - Finished netlisting {"point": 41, "testname": "MC"}
\o [2026-04-16 09:31:22.388 Z] [EVENT] [cadence.virtuoso.ade.services.netlister] - GroupPoints {"point": 46, "testname": "MC", "event": "GroupPoints", "EventSource": "Netlist Service", "Points": "46:1:50", "HistoryName": "MonteCarlo.8", "logFile": "/home/davidevi/Desktop/myproject/logs_davidevi/logs0/Service476.log", "logFileSize": "27668"}
\o [2026-04-16 09:31:22.388 Z] [INFO] [cadence.virtuoso.ade.services.netlister] - Started netlisting {"point": 46, "testname": "MC"}
\o Resetting statistical vars
\o 
\o *Info*    Setting parameter values ...
\o 
\o 
\o *Info*    Netlist Directory =
\o           /home/davidevi/Desktop/myproject/Sim/VGA/VGA_1_pss_tb/maestro/results/maestro/MonteCarlo.8/46/MC/groupRunDataDir/netlist
\o 
\o 
\o *Info*    Data Directory    =
\o           /home/davidevi/Desktop/myproject/Sim/VGA/VGA_1_pss_tb/maestro/results/maestro/MonteCarlo.8/46/MC/groupRunDataDir
\o 
\o Reusing AHDL Data dir
\o generate netlist...
\o function ansCdlCompPrim redefined
\o Ignoring netlist creation since ignoreDesignChangesDuringRun is set to true
\o       ...successful.
\o compose simulator input file...
\o       ...successful.
\o WARNING (ADE-3080): Fast viewing extensions for PSF XL format (also known as RTSF) will be discontinued  
\o        and Virtuoso Visualization and Analysis XL will not use RTSF data to plot waveforms from IC6.1.8 ISR7 onward. 
\o        There will be no performance impact on data visualization due to this change.
\o [2026-04-16 09:31:22.975 Z] [PROCESS] [cadence.virtuoso.ade.services.netlister] - Current memory used: 726.6250 MBytes, peak memory used: 726.6250 MBytes {"hostname": "il2244vt26_davidevi", "processid": 1060494, "testname": "MC", "point": 46, "logfile": "/home/davidevi/Desktop/myproject/logs_davidevi/logs0/Service476.log"}
\o [2026-04-16 09:31:22.976 Z] [INFO] [cadence.virtuoso.ade.services.netlister] - Finished netlisting {"point": 46, "testname": "MC"}
\o Simulation design variables differ from those on the cellView,
\o they have been saved in the file "/tmp/saved-design-variables".
\o To save future changes, copy variables to cellView before exiting.
\# Lic Summary:
\# [09:36:24.273209] Cdslmd servers:3000@lic08.ug.kth.se:29000@lic06.ug.kth.se
\# [09:36:24.273224] Feature usage summary:
\# Memory report: on exit            424 MB, process size 2,186 MB at UTC 2026.04.16 09:36:24.273
\# Memory report: peak usage         424 MB, process size 2,189 MB
